<?xml version="1.0" encoding="utf-8"?>
<TestRun id="c448b2b0-b830-4362-b74c-0046e950e814" name="@Rony 2026-05-03 22:44:38" xmlns="http://microsoft.com/schemas/VisualStudio/TeamTest/2010">
  <Times creation="2026-05-03T22:44:38.9322313-03:00" queuing="2026-05-03T22:44:38.9322314-03:00" start="2026-05-03T22:44:32.3492302-03:00" finish="2026-05-03T22:44:41.8576225-03:00" />
  <TestSettings name="default" id="7ad5fe62-d7bb-489c-861a-3dfb7b8ec2e5">
    <Deployment runDeploymentRoot="_Rony_2026-05-03_22_44_38" />
  </TestSettings>
  <Results>
    <UnitTestResult executionId="331f9ccf-88c4-4d72-8baa-ec0ea4d3d7fb" testId="835154cc-436c-5e94-f546-0a47d238b658" testName="BabaPlay.Tests.Unit.Application.Auth.RefreshTokenCommandHandlerTests.Handle_TokenNotFound_ShouldReturnInvalidToken" computerName="Rony" duration="00:00:00.0730481" startTime="2026-05-03T22:44:38.9402280-03:00" endTime="2026-05-03T22:44:38.9402281-03:00" testType="13cdc9d9-ddb5-4fa4-a97d-d965ccfc6d4b" outcome="Passed" testListId="8c84fa94-04c1-424b-9868-57a2d4851a1d" relativeResultsDirectory="331f9ccf-88c4-4d72-8baa-ec0ea4d3d7fb" />
    <UnitTestResult executionId="1db700d5-c4ab-4712-8ac5-5e0cf8610fd3" testId="d01f3353-61c6-96a4-6e14-bc9414508826" testName="BabaPlay.Tests.Integration.PlayerIntegrationTests.GetAll_ShouldReturn200WithList" computerName="Rony" duration="00:00:00.0301511" startTime="2026-05-03T22:44:41.4455554-03:00" endTime="2026-05-03T22:44:41.4455554-03:00" testType="13cdc9d9-ddb5-4fa4-a97d-d965ccfc6d4b" outcome="Passed" testListId="8c84fa94-04c1-424b-9868-57a2d4851a1d" relativeResultsDirectory="1db700d5-c4ab-4712-8ac5-5e0cf8610fd3" />
    <UnitTestResult executionId="90b53984-e918-4ea5-a55f-892672b20ca0" testId="5680d4c6-6a55-5dd2-e959-4e1bc1ecc7ed" testName="BabaPlay.Tests.Unit.Domain.GameDayTests.Create_ValidData_ReturnsPendingActiveGameDay" computerName="Rony" duration="00:00:00.0045478" startTime="2026-05-03T22:44:38.9089773-03:00" endTime="2026-05-03T22:44:38.9089773-03:00" testType="13cdc9d9-ddb5-4fa4-a97d-d965ccfc6d4b" outcome="Passed" testListId="8c84fa94-04c1-424b-9868-57a2d4851a1d" relativeResultsDirectory="90b53984-e918-4ea5-a55f-892672b20ca0" />
    <UnitTestResult executionId="d1ea39a5-9a66-4f62-921c-b6175f0794a4" testId="f7e5fab7-7d9f-1d36-9ee3-38e5c9a968fe" testName="BabaPlay.Tests.Unit.Application.GameDays.DeleteGameDayCommandHandlerTests.Handle_GameDayNotFound_ShouldReturnGameDayNotFound" computerName="Rony" duration="00:00:00.0044494" startTime="2026-05-03T22:44:38.9494688-03:00" endTime="2026-05-03T22:44:38.9494688-03:00" testType="13cdc9d9-ddb5-4fa4-a97d-d965ccfc6d4b" outcome="Passed" testListId="8c84fa94-04c1-424b-9868-57a2d4851a1d" relativeResultsDirectory="d1ea39a5-9a66-4f62-921c-b6175f0794a4" />
    <UnitTestResult executionId="9586eb54-8f80-451c-bb87-7299d3d577de" testId="2e8a3f9f-8765-3987-f644-41ec7ce3cfdf" testName="BabaPlay.Tests.Unit.Application.Checkins.CreateCheckinCommandHandlerTests.Handle_Duplicate_ShouldReturnAlreadyExists" computerName="Rony" duration="00:00:00.0091562" startTime="2026-05-03T22:44:39.0110806-03:00" endTime="2026-05-03T22:44:39.0110807-03:00" testType="13cdc9d9-ddb5-4fa4-a97d-d965ccfc6d4b" outcome="Passed" testListId="8c84fa94-04c1-424b-9868-57a2d4851a1d" relativeResultsDirectory="9586eb54-8f80-451c-bb87-7299d3d577de" />
    <UnitTestResult executionId="f6628482-db1e-46f3-b777-df01ce6a812f" testId="8c44a553-dc2b-a8c3-9f61-f753e5202fcd" testName="BabaPlay.Tests.Unit.Domain.GameDayTests.Create_PastScheduledAt_ThrowsValidationException" computerName="Rony" duration="00:00:00.0003864" startTime="2026-05-03T22:44:38.9150635-03:00" endTime="2026-05-03T22:44:38.9150636-03:00" testType="13cdc9d9-ddb5-4fa4-a97d-d965ccfc6d4b" outcome="Passed" testListId="8c84fa94-04c1-424b-9868-57a2d4851a1d" relativeResultsDirectory="f6628482-db1e-46f3-b777-df01ce6a812f" />
    <UnitTestResult executionId="c852e1b0-81d8-4b58-9e49-87f33201e498" testId="d62e129c-2c24-d689-46c7-02e0cab82e64" testName="BabaPlay.Tests.Unit.Domain.PlayerTests.Create_NullableFieldsOmitted_ReturnsPlayer" computerName="Rony" duration="00:00:00.0016445" startTime="2026-05-03T22:44:38.9296310-03:00" endTime="2026-05-03T22:44:38.9296311-03:00" testType="13cdc9d9-ddb5-4fa4-a97d-d965ccfc6d4b" outcome="Passed" testListId="8c84fa94-04c1-424b-9868-57a2d4851a1d" relativeResultsDirectory="c852e1b0-81d8-4b58-9e49-87f33201e498" />
    <UnitTestResult executionId="4c8d8606-a05f-4242-b797-f128c84ca458" testId="d19ffeb0-2b1e-7b50-81f8-091d426fd055" testName="BabaPlay.Tests.Integration.PlayerIntegrationTests.PutPositions_MoreThanThree_ShouldReturn422" computerName="Rony" duration="00:00:00.0560144" startTime="2026-05-03T22:44:41.3726719-03:00" endTime="2026-05-03T22:44:41.3726719-03:00" testType="13cdc9d9-ddb5-4fa4-a97d-d965ccfc6d4b" outcome="Passed" testListId="8c84fa94-04c1-424b-9868-57a2d4851a1d" relativeResultsDirectory="4c8d8606-a05f-4242-b797-f128c84ca458" />
    <UnitTestResult executionId="f93be937-f551-4596-99aa-8b743915757e" testId="c0065176-b23b-440c-4d15-27418797bfe5" testName="BabaPlay.Tests.Unit.Application.Checkins.CancelCheckinCommandHandlerTests.Handle_AlreadyInactive_ShouldReturnSuccessWithoutRealtimeEvents" computerName="Rony" duration="00:00:00.0162906" startTime="2026-05-03T22:44:38.9673263-03:00" endTime="2026-05-03T22:44:38.9673264-03:00" testType="13cdc9d9-ddb5-4fa4-a97d-d965ccfc6d4b" outcome="Passed" testListId="8c84fa94-04c1-424b-9868-57a2d4851a1d" relativeResultsDirectory="f93be937-f551-4596-99aa-8b743915757e" />
    <UnitTestResult executionId="f4d6e11a-0267-4b2e-87ed-51ad3f7689e3" testId="14922221-a432-ed5d-3ecd-ce2b55ed04ae" testName="BabaPlay.Tests.Unit.Application.Checkins.CreateCheckinCommandHandlerTests.Handle_ValidCommand_ShouldCreateCheckinAndNotify" computerName="Rony" duration="00:00:00.0242147" startTime="2026-05-03T22:44:39.0015038-03:00" endTime="2026-05-03T22:44:39.0015039-03:00" testType="13cdc9d9-ddb5-4fa4-a97d-d965ccfc6d4b" outcome="Passed" testListId="8c84fa94-04c1-424b-9868-57a2d4851a1d" relativeResultsDirectory="f4d6e11a-0267-4b2e-87ed-51ad3f7689e3" />
    <UnitTestResult executionId="857cf5bc-19a0-4e32-85b0-4d8066a2dd4d" testId="bf343794-c0b2-38f7-1977-86d134653f1f" testName="BabaPlay.Tests.Unit.Application.Players.UpdatePlayerPositionsCommandHandlerTests.Handle_PlayerNotFound_ShouldReturnPlayerNotFound" computerName="Rony" duration="00:00:00.0012123" startTime="2026-05-03T22:44:39.0475896-03:00" endTime="2026-05-03T22:44:39.0475896-03:00" testType="13cdc9d9-ddb5-4fa4-a97d-d965ccfc6d4b" outcome="Passed" testListId="8c84fa94-04c1-424b-9868-57a2d4851a1d" relativeResultsDirectory="857cf5bc-19a0-4e32-85b0-4d8066a2dd4d" />
    <UnitTestResult executionId="96da8c08-4b36-44a2-8749-4c1e5693d64f" testId="11090264-83b6-25f9-7193-6201ad6a64ed" testName="BabaPlay.Tests.Integration.RbacIntegrationTests.GetRoles_MemberWithoutPermissionInTenantA_ShouldReturn403" computerName="Rony" duration="00:00:00.0114008" startTime="2026-05-03T22:44:41.1111012-03:00" endTime="2026-05-03T22:44:41.1111013-03:00" testType="13cdc9d9-ddb5-4fa4-a97d-d965ccfc6d4b" outcome="Passed" testListId="8c84fa94-04c1-424b-9868-57a2d4851a1d" relativeResultsDirectory="96da8c08-4b36-44a2-8749-4c1e5693d64f" />
    <UnitTestResult executionId="0a1b611a-e92d-461c-a16d-1b319c23b694" testId="98209dfd-69bf-7cb7-15fb-94eee5ed427d" testName="BabaPlay.Tests.Integration.GameDayIntegrationTests.Post_DuplicateNameAndSchedule_ShouldReturn409" computerName="Rony" duration="00:00:00.0088534" startTime="2026-05-03T22:44:41.3679800-03:00" endTime="2026-05-03T22:44:41.3679800-03:00" testType="13cdc9d9-ddb5-4fa4-a97d-d965ccfc6d4b" outcome="Passed" testListId="8c84fa94-04c1-424b-9868-57a2d4851a1d" relativeResultsDirectory="0a1b611a-e92d-461c-a16d-1b319c23b694" />
    <UnitTestResult executionId="576b29f4-6abd-4a64-9993-3c91072e825a" testId="9c5a66be-c6a4-0969-eef4-e8bce9006662" testName="BabaPlay.Tests.Integration.TenantIntegrationTests.GET_TenantStatus_UnknownId_ShouldReturn404" computerName="Rony" duration="00:00:00.1223851" startTime="2026-05-03T22:44:40.6615897-03:00" endTime="2026-05-03T22:44:40.6615898-03:00" testType="13cdc9d9-ddb5-4fa4-a97d-d965ccfc6d4b" outcome="Passed" testListId="8c84fa94-04c1-424b-9868-57a2d4851a1d" relativeResultsDirectory="576b29f4-6abd-4a64-9993-3c91072e825a" />
    <UnitTestResult executionId="330b99fa-bb8c-4ef9-a556-607c363a27a0" testId="0b572aae-0f9f-1aa0-a22a-70002ed7d225" testName="BabaPlay.Tests.Unit.Application.GameDays.CreateGameDayCommandHandlerTests.Handle_DuplicateNameAndSchedule_ShouldReturnAlreadyExists" computerName="Rony" duration="00:00:00.0054355" startTime="2026-05-03T22:44:38.9970200-03:00" endTime="2026-05-03T22:44:38.9970200-03:00" testType="13cdc9d9-ddb5-4fa4-a97d-d965ccfc6d4b" outcome="Passed" testListId="8c84fa94-04c1-424b-9868-57a2d4851a1d" relativeResultsDirectory="330b99fa-bb8c-4ef9-a556-607c363a27a0" />
    <UnitTestResult executionId="007a6d3f-1340-4916-88f7-18d277a40f88" testId="a39c3983-3d78-da3f-a9b4-66848a2fd3e2" testName="BabaPlay.Tests.Unit.Domain.RoleTests.AddPermission_NewPermission_AddsOnce" computerName="Rony" duration="00:00:00.0095186" startTime="2026-05-03T22:44:38.8972002-03:00" endTime="2026-05-03T22:44:38.8972003-03:00" testType="13cdc9d9-ddb5-4fa4-a97d-d965ccfc6d4b" outcome="Passed" testListId="8c84fa94-04c1-424b-9868-57a2d4851a1d" relativeResultsDirectory="007a6d3f-1340-4916-88f7-18d277a40f88" />
    <UnitTestResult executionId="53259b4b-40d6-4d8c-861f-4b33c34aecca" testId="5754937a-2f3e-8e36-4378-52af8a8b5994" testName="BabaPlay.Tests.Unit.Domain.PositionTests.Create_WhitespaceName_ThrowsValidationException" computerName="Rony" duration="00:00:00.0012868" startTime="2026-05-03T22:44:38.9916260-03:00" endTime="2026-05-03T22:44:38.9916261-03:00" testType="13cdc9d9-ddb5-4fa4-a97d-d965ccfc6d4b" outcome="Passed" testListId="8c84fa94-04c1-424b-9868-57a2d4851a1d" relativeResultsDirectory="53259b4b-40d6-4d8c-861f-4b33c34aecca" />
    <UnitTestResult executionId="e1d52b76-9687-48a1-b6a7-9bc119bb981b" testId="4f6ffa22-7887-4252-f256-f478b2201804" testName="BabaPlay.Tests.Unit.Domain.RolePermissionTests.Create_EmptyRoleId_ThrowsValidationException" computerName="Rony" duration="00:00:00.0008405" startTime="2026-05-03T22:44:38.8970087-03:00" endTime="2026-05-03T22:44:38.8970087-03:00" testType="13cdc9d9-ddb5-4fa4-a97d-d965ccfc6d4b" outcome="Passed" testListId="8c84fa94-04c1-424b-9868-57a2d4851a1d" relativeResultsDirectory="e1d52b76-9687-48a1-b6a7-9bc119bb981b" />
    <UnitTestResult executionId="2408cd73-d014-41f7-a94a-4101d6c9ff8e" testId="35d03f18-5380-c78e-a257-ce0680aeaeca" testName="BabaPlay.Tests.Unit.Domain.PlayerTests.Create_WhitespaceName_ThrowsValidationException" computerName="Rony" duration="00:00:00.0007283" startTime="2026-05-03T22:44:38.9764363-03:00" endTime="2026-05-03T22:44:38.9764364-03:00" testType="13cdc9d9-ddb5-4fa4-a97d-d965ccfc6d4b" outcome="Passed" testListId="8c84fa94-04c1-424b-9868-57a2d4851a1d" relativeResultsDirectory="2408cd73-d014-41f7-a94a-4101d6c9ff8e" />
    <UnitTestResult executionId="0762dc59-e4b5-4fb0-b3d7-9e7ab16f40ef" testId="c2805905-3636-88ab-b88c-8019d9c9f51c" testName="BabaPlay.Tests.Unit.Application.Positions.CreatePositionCommandHandlerTests.Handle_ValidCommand_ShouldCreatePosition" computerName="Rony" duration="00:00:00.0131872" startTime="2026-05-03T22:44:38.9427439-03:00" endTime="2026-05-03T22:44:38.9427439-03:00" testType="13cdc9d9-ddb5-4fa4-a97d-d965ccfc6d4b" outcome="Passed" testListId="8c84fa94-04c1-424b-9868-57a2d4851a1d" relativeResultsDirectory="0762dc59-e4b5-4fb0-b3d7-9e7ab16f40ef" />
    <UnitTestResult executionId="5b6dca0b-93a0-4afb-92ec-af1b6867e5f6" testId="5f7c0e6e-5719-6da2-dbbe-63783f604347" testName="BabaPlay.Tests.Unit.Application.Players.GetPlayersQueryHandlerTests.Handle_EmptyList_ShouldReturnEmptyCollection" computerName="Rony" duration="00:00:00.0012970" startTime="2026-05-03T22:44:38.9760725-03:00" endTime="2026-05-03T22:44:38.9760726-03:00" testType="13cdc9d9-ddb5-4fa4-a97d-d965ccfc6d4b" outcome="Passed" testListId="8c84fa94-04c1-424b-9868-57a2d4851a1d" relativeResultsDirectory="5b6dca0b-93a0-4afb-92ec-af1b6867e5f6" />
    <UnitTestResult executionId="98cbb43d-b090-4d2a-bb6a-2d98877cb848" testId="f899a8b0-fde5-9016-baa0-ae49282bf639" testName="BabaPlay.Tests.Unit.Domain.GameDayTests.Create_InvalidMaxPlayers_ThrowsValidationException" computerName="Rony" duration="00:00:00.0008042" startTime="2026-05-03T22:44:38.9105069-03:00" endTime="2026-05-03T22:44:38.9105070-03:00" testType="13cdc9d9-ddb5-4fa4-a97d-d965ccfc6d4b" outcome="Passed" testListId="8c84fa94-04c1-424b-9868-57a2d4851a1d" relativeResultsDirectory="98cbb43d-b090-4d2a-bb6a-2d98877cb848" />
    <UnitTestResult executionId="181d30e8-1420-4068-8a3f-3867c467c5ec" testId="d2494039-e209-b6bc-16dd-7db75938c3bf" testName="BabaPlay.Tests.Unit.Application.Players.GetPlayerQueryHandlerTests.Handle_ExistingPlayer_ShouldMapAllFieldsCorrectly" computerName="Rony" duration="00:00:00.0125285" startTime="2026-05-03T22:44:38.9299436-03:00" endTime="2026-05-03T22:44:38.9299437-03:00" testType="13cdc9d9-ddb5-4fa4-a97d-d965ccfc6d4b" outcome="Passed" testListId="8c84fa94-04c1-424b-9868-57a2d4851a1d" relativeResultsDirectory="181d30e8-1420-4068-8a3f-3867c467c5ec" />
    <UnitTestResult executionId="3ecc73c3-83df-4cc4-898d-317f4ac73df1" testId="1fc52bf3-acfb-981a-6043-62c269de428d" testName="BabaPlay.Tests.Unit.Domain.PositionTests.Create_WhitespaceCode_ThrowsValidationException" computerName="Rony" duration="00:00:00.0007720" startTime="2026-05-03T22:44:38.9960207-03:00" endTime="2026-05-03T22:44:38.9960207-03:00" testType="13cdc9d9-ddb5-4fa4-a97d-d965ccfc6d4b" outcome="Passed" testListId="8c84fa94-04c1-424b-9868-57a2d4851a1d" relativeResultsDirectory="3ecc73c3-83df-4cc4-898d-317f4ac73df1" />
    <UnitTestResult executionId="d2147d3b-0d4d-4b04-b133-0fe9b768d872" testId="3918289e-49b3-b3b1-5a77-8ad1824a42e7" testName="BabaPlay.Tests.Integration.PositionIntegrationTests.Delete_PositionInUse_ShouldReturn409" computerName="Rony" duration="00:00:00.1374089" startTime="2026-05-03T22:44:41.4045514-03:00" endTime="2026-05-03T22:44:41.4045515-03:00" testType="13cdc9d9-ddb5-4fa4-a97d-d965ccfc6d4b" outcome="Passed" testListId="8c84fa94-04c1-424b-9868-57a2d4851a1d" relativeResultsDirectory="d2147d3b-0d4d-4b04-b133-0fe9b768d872" />
    <UnitTestResult executionId="d71b7039-e7f6-4afe-8bf2-a11245a26fd5" testId="1ed6289a-8c03-f6fc-a3cd-f67c5184b9ef" testName="BabaPlay.Tests.Unit.Application.Auth.RefreshTokenCommandHandlerTests.Handle_ExpiredToken_ShouldReturnTokenExpired" computerName="Rony" duration="00:00:00.0053147" startTime="2026-05-03T22:44:38.9486720-03:00" endTime="2026-05-03T22:44:38.9486720-03:00" testType="13cdc9d9-ddb5-4fa4-a97d-d965ccfc6d4b" outcome="Passed" testListId="8c84fa94-04c1-424b-9868-57a2d4851a1d" relativeResultsDirectory="d71b7039-e7f6-4afe-8bf2-a11245a26fd5" />
    <UnitTestResult executionId="c98aebd1-d26e-49a5-ab56-e06433270482" testId="655dc1f6-4365-2933-89e7-4d2d81dc0b85" testName="BabaPlay.Tests.Unit.Application.GameDays.ChangeGameDayStatusCommandHandlerTests.Handle_ValidTransition_ShouldUpdateStatus" computerName="Rony" duration="00:00:00.1157906" startTime="2026-05-03T22:44:38.9435789-03:00" endTime="2026-05-03T22:44:38.9435790-03:00" testType="13cdc9d9-ddb5-4fa4-a97d-d965ccfc6d4b" outcome="Passed" testListId="8c84fa94-04c1-424b-9868-57a2d4851a1d" relativeResultsDirectory="c98aebd1-d26e-49a5-ab56-e06433270482" />
    <UnitTestResult executionId="1d527946-9a01-4255-a1fa-8686eb0e2a9f" testId="78fe8edc-211f-f27a-e40e-39d401510ec4" testName="BabaPlay.Tests.Integration.RbacIntegrationTests.GetRoles_AdminWithPermissionInTenantA_ShouldReturn200" computerName="Rony" duration="00:00:00.0744491" startTime="2026-05-03T22:44:41.1858206-03:00" endTime="2026-05-03T22:44:41.1858206-03:00" testType="13cdc9d9-ddb5-4fa4-a97d-d965ccfc6d4b" outcome="Passed" testListId="8c84fa94-04c1-424b-9868-57a2d4851a1d" relativeResultsDirectory="1d527946-9a01-4255-a1fa-8686eb0e2a9f" />
    <UnitTestResult executionId="711e6818-13d1-4629-acc1-a19b3e59e0cc" testId="e1726f7d-4072-51d6-4fbf-065938e02423" testName="BabaPlay.Tests.Unit.Application.Players.DeletePlayerCommandHandlerTests.Handle_AlreadyDeactivatedPlayer_ShouldStillSucceed" computerName="Rony" duration="00:00:00.0042411" startTime="2026-05-03T22:44:38.9903908-03:00" endTime="2026-05-03T22:44:38.9903909-03:00" testType="13cdc9d9-ddb5-4fa4-a97d-d965ccfc6d4b" outcome="Passed" testListId="8c84fa94-04c1-424b-9868-57a2d4851a1d" relativeResultsDirectory="711e6818-13d1-4629-acc1-a19b3e59e0cc" />
    <UnitTestResult executionId="267ce65e-baf5-4592-b8f8-38923dcf04f4" testId="cdc42a06-1d35-f1f7-df05-6ab1d036d289" testName="BabaPlay.Tests.Integration.CheckinIntegrationTests.Post_DuplicateCheckin_ShouldReturn409" computerName="Rony" duration="00:00:00.0195052" startTime="2026-05-03T22:44:41.5438271-03:00" endTime="2026-05-03T22:44:41.5438271-03:00" testType="13cdc9d9-ddb5-4fa4-a97d-d965ccfc6d4b" outcome="Passed" testListId="8c84fa94-04c1-424b-9868-57a2d4851a1d" relativeResultsDirectory="267ce65e-baf5-4592-b8f8-38923dcf04f4" />
    <UnitTestResult executionId="b5d66cff-832b-413f-91ba-73c59f10e89b" testId="de33f8fc-2409-32dc-8ec9-c74ed26f9148" testName="BabaPlay.Tests.Unit.Application.Players.GetPlayerQueryHandlerTests.Handle_PlayerNotFound_ShouldReturnPlayerNotFound" computerName="Rony" duration="00:00:00.0894044" startTime="2026-05-03T22:44:38.9165888-03:00" endTime="2026-05-03T22:44:38.9165889-03:00" testType="13cdc9d9-ddb5-4fa4-a97d-d965ccfc6d4b" outcome="Passed" testListId="8c84fa94-04c1-424b-9868-57a2d4851a1d" relativeResultsDirectory="b5d66cff-832b-413f-91ba-73c59f10e89b" />
    <UnitTestResult executionId="648d22f2-7651-4ba5-8c7f-036225f726a4" testId="dff01e4e-dc9f-86e8-a80c-9042908226d7" testName="BabaPlay.Tests.Integration.PingIntegrationTests.GET_Ping_ShouldReturnHealthyStatus" computerName="Rony" duration="00:00:00.0274088" startTime="2026-05-03T22:44:39.3619062-03:00" endTime="2026-05-03T22:44:39.3619062-03:00" testType="13cdc9d9-ddb5-4fa4-a97d-d965ccfc6d4b" outcome="Passed" testListId="8c84fa94-04c1-424b-9868-57a2d4851a1d" relativeResultsDirectory="648d22f2-7651-4ba5-8c7f-036225f726a4" />
    <UnitTestResult executionId="ddcbc6d8-9120-4f24-80a7-132dab0a5b29" testId="761fd8ef-1cfc-2754-3573-402602858218" testName="BabaPlay.Tests.Unit.Domain.PlayerTests.Create_EmptyGuidUserId_ThrowsValidationException" computerName="Rony" duration="00:00:00.0014973" startTime="2026-05-03T22:44:38.9319769-03:00" endTime="2026-05-03T22:44:38.9319770-03:00" testType="13cdc9d9-ddb5-4fa4-a97d-d965ccfc6d4b" outcome="Passed" testListId="8c84fa94-04c1-424b-9868-57a2d4851a1d" relativeResultsDirectory="ddcbc6d8-9120-4f24-80a7-132dab0a5b29" />
    <UnitTestResult executionId="97a6cd28-fddb-4abe-8e32-dae481f11c3b" testId="84cb0b38-7a6c-8c3a-1245-478d7dfacb00" testName="BabaPlay.Tests.Integration.GameDayIntegrationTests.Delete_ExistingGameDay_ShouldReturn204" computerName="Rony" duration="00:00:00.0774199" startTime="2026-05-03T22:44:41.2825801-03:00" endTime="2026-05-03T22:44:41.2825801-03:00" testType="13cdc9d9-ddb5-4fa4-a97d-d965ccfc6d4b" outcome="Passed" testListId="8c84fa94-04c1-424b-9868-57a2d4851a1d" relativeResultsDirectory="97a6cd28-fddb-4abe-8e32-dae481f11c3b" />
    <UnitTestResult executionId="f1be188f-2bf2-4dc2-9d0a-07c75a242baf" testId="efcf773b-11de-c9bd-77da-4ddb12c5638f" testName="BabaPlay.Tests.Unit.Domain.PlayerTests.Create_ValidData_ReturnsActivePlayer" computerName="Rony" duration="00:00:00.0003533" startTime="2026-05-03T22:44:39.0448202-03:00" endTime="2026-05-03T22:44:39.0448202-03:00" testType="13cdc9d9-ddb5-4fa4-a97d-d965ccfc6d4b" outcome="Passed" testListId="8c84fa94-04c1-424b-9868-57a2d4851a1d" relativeResultsDirectory="f1be188f-2bf2-4dc2-9d0a-07c75a242baf" />
    <UnitTestResult executionId="a042ffb3-5cf8-4072-8e7a-381847fb301c" testId="535e8bb1-308f-f05a-a72f-d514d4b164be" testName="BabaPlay.Tests.Unit.Domain.EntityBaseTests.RaiseDomainEvent_ShouldAddToDomainEvents" computerName="Rony" duration="00:00:00.0054556" startTime="2026-05-03T22:44:38.9839301-03:00" endTime="2026-05-03T22:44:38.9839302-03:00" testType="13cdc9d9-ddb5-4fa4-a97d-d965ccfc6d4b" outcome="Passed" testListId="8c84fa94-04c1-424b-9868-57a2d4851a1d" relativeResultsDirectory="a042ffb3-5cf8-4072-8e7a-381847fb301c" />
    <UnitTestResult executionId="1aa32816-fe4a-4db8-a7e2-0fc31b383f5b" testId="e014d82d-4e13-ec98-6261-9d6ce417f0bd" testName="BabaPlay.Tests.Integration.RbacIntegrationTests.GetRoles_AdminUserOutsideTenantB_ShouldReturn403" computerName="Rony" duration="00:00:02.1253272" startTime="2026-05-03T22:44:41.0993591-03:00" endTime="2026-05-03T22:44:41.0993591-03:00" testType="13cdc9d9-ddb5-4fa4-a97d-d965ccfc6d4b" outcome="Passed" testListId="8c84fa94-04c1-424b-9868-57a2d4851a1d" relativeResultsDirectory="1aa32816-fe4a-4db8-a7e2-0fc31b383f5b" />
    <UnitTestResult executionId="3e98a5eb-2bc4-46e1-a9c8-73c1a0fad83b" testId="4275148d-b220-df29-6463-4a906d24f394" testName="BabaPlay.Tests.Unit.Domain.RoleTests.Create_EmptyTenantId_ThrowsValidationException" computerName="Rony" duration="00:00:00.0003560" startTime="2026-05-03T22:44:38.9093496-03:00" endTime="2026-05-03T22:44:38.9093497-03:00" testType="13cdc9d9-ddb5-4fa4-a97d-d965ccfc6d4b" outcome="Passed" testListId="8c84fa94-04c1-424b-9868-57a2d4851a1d" relativeResultsDirectory="3e98a5eb-2bc4-46e1-a9c8-73c1a0fad83b" />
    <UnitTestResult executionId="45892348-adaf-454d-b30b-500cfe8df1ed" testId="31f59439-9035-20af-a00d-d6539006f83c" testName="BabaPlay.Tests.Unit.Domain.RoleTests.Deactivate_AlreadyInactive_IsIdempotent" computerName="Rony" duration="00:00:00.0167520" startTime="2026-05-03T22:44:38.8946513-03:00" endTime="2026-05-03T22:44:38.8946514-03:00" testType="13cdc9d9-ddb5-4fa4-a97d-d965ccfc6d4b" outcome="Passed" testListId="8c84fa94-04c1-424b-9868-57a2d4851a1d" relativeResultsDirectory="45892348-adaf-454d-b30b-500cfe8df1ed" />
    <UnitTestResult executionId="4645b5f3-a425-408c-8ae9-4f7f13acb0d6" testId="249da47f-98b9-2cad-2d52-4488f8a4c1ef" testName="BabaPlay.Tests.Unit.Application.GameDays.UpdateGameDayCommandHandlerTests.Handle_DuplicateNameAndSchedule_ShouldReturnAlreadyExists" computerName="Rony" duration="00:00:00.1019922" startTime="2026-05-03T22:44:38.9289695-03:00" endTime="2026-05-03T22:44:38.9289696-03:00" testType="13cdc9d9-ddb5-4fa4-a97d-d965ccfc6d4b" outcome="Passed" testListId="8c84fa94-04c1-424b-9868-57a2d4851a1d" relativeResultsDirectory="4645b5f3-a425-408c-8ae9-4f7f13acb0d6" />
    <UnitTestResult executionId="afa7c2b5-67af-4d42-9277-626a4f09fee7" testId="bf6c301a-0e38-9324-c071-c816ae9aa627" testName="BabaPlay.Tests.Integration.PositionIntegrationTests.Post_ValidRequest_ShouldReturn201WithPosition" computerName="Rony" duration="00:00:00.0043683" startTime="2026-05-03T22:44:41.4287168-03:00" endTime="2026-05-03T22:44:41.4287169-03:00" testType="13cdc9d9-ddb5-4fa4-a97d-d965ccfc6d4b" outcome="Passed" testListId="8c84fa94-04c1-424b-9868-57a2d4851a1d" relativeResultsDirectory="afa7c2b5-67af-4d42-9277-626a4f09fee7" />
    <UnitTestResult executionId="c3b3e88f-2915-4be1-98c0-b5adec45f374" testId="6e410c92-bb30-0788-e14d-77f5c000640a" testName="BabaPlay.Tests.Unit.Application.PingCommandHandlerTests.Handle_EmptySender_ShouldReturnFailure" computerName="Rony" duration="00:00:00.0037860" startTime="2026-05-03T22:44:38.8967786-03:00" endTime="2026-05-03T22:44:38.8967786-03:00" testType="13cdc9d9-ddb5-4fa4-a97d-d965ccfc6d4b" outcome="Passed" testListId="8c84fa94-04c1-424b-9868-57a2d4851a1d" relativeResultsDirectory="c3b3e88f-2915-4be1-98c0-b5adec45f374" />
    <UnitTestResult executionId="d51fd84a-c80b-4cda-8b54-4c4d160687e1" testId="3f226741-309f-b49c-66fb-8ca0d8d5197d" testName="BabaPlay.Tests.Unit.Application.Tenants.CreateTenantCommandHandlerTests.Handle_DuplicateSlug_ShouldReturnTenantSlugTaken" computerName="Rony" duration="00:00:00.0043727" startTime="2026-05-03T22:44:38.9750998-03:00" endTime="2026-05-03T22:44:38.9750998-03:00" testType="13cdc9d9-ddb5-4fa4-a97d-d965ccfc6d4b" outcome="Passed" testListId="8c84fa94-04c1-424b-9868-57a2d4851a1d" relativeResultsDirectory="d51fd84a-c80b-4cda-8b54-4c4d160687e1" />
    <UnitTestResult executionId="3d3d2bff-755f-4b17-8a1e-d071da8bca43" testId="ffc98690-1817-9539-6ca5-c6781cb6d752" testName="BabaPlay.Tests.Integration.GameDayIntegrationTests.Post_ValidRequest_ShouldReturn201WithGameDay" computerName="Rony" duration="00:00:02.3778887" startTime="2026-05-03T22:44:41.2045030-03:00" endTime="2026-05-03T22:44:41.2045032-03:00" testType="13cdc9d9-ddb5-4fa4-a97d-d965ccfc6d4b" outcome="Passed" testListId="8c84fa94-04c1-424b-9868-57a2d4851a1d" relativeResultsDirectory="3d3d2bff-755f-4b17-8a1e-d071da8bca43" />
    <UnitTestResult executionId="eb5888f0-755d-40a6-83f0-c1ce67085683" testId="53b47096-54e9-ab03-c129-51c614e196d5" testName="BabaPlay.Tests.Integration.PingIntegrationTests.POST_Ping_ValidSender_ShouldReturnPong" computerName="Rony" duration="00:00:00.3425044" startTime="2026-05-03T22:44:39.3127690-03:00" endTime="2026-05-03T22:44:39.3127691-03:00" testType="13cdc9d9-ddb5-4fa4-a97d-d965ccfc6d4b" outcome="Passed" testListId="8c84fa94-04c1-424b-9868-57a2d4851a1d" relativeResultsDirectory="eb5888f0-755d-40a6-83f0-c1ce67085683" />
    <UnitTestResult executionId="727ec268-7330-46e0-9e00-5393d3ca45e4" testId="971c8314-f363-429f-cc2a-92c2b8dbfb7e" testName="BabaPlay.Tests.Unit.Application.Tenants.GetTenantStatusQueryHandlerTests.Handle_TenantNotFound_ShouldThrowNotFoundException" computerName="Rony" duration="00:00:00.0272143" startTime="2026-05-03T22:44:39.0103682-03:00" endTime="2026-05-03T22:44:39.0103683-03:00" testType="13cdc9d9-ddb5-4fa4-a97d-d965ccfc6d4b" outcome="Passed" testListId="8c84fa94-04c1-424b-9868-57a2d4851a1d" relativeResultsDirectory="727ec268-7330-46e0-9e00-5393d3ca45e4" />
    <UnitTestResult executionId="0c8527eb-87da-4b9d-8ee0-1a4db28ae760" testId="7122ec4d-5547-14dc-0aed-460209b8fc00" testName="BabaPlay.Tests.Unit.Domain.PlayerPositionTests.Create_ValidData_ReturnsAssociation" computerName="Rony" duration="00:00:00.0037480" startTime="2026-05-03T22:44:38.9456741-03:00" endTime="2026-05-03T22:44:38.9456742-03:00" testType="13cdc9d9-ddb5-4fa4-a97d-d965ccfc6d4b" outcome="Passed" testListId="8c84fa94-04c1-424b-9868-57a2d4851a1d" relativeResultsDirectory="0c8527eb-87da-4b9d-8ee0-1a4db28ae760" />
    <UnitTestResult executionId="40048280-b58b-4963-8dde-3328bbf77d7e" testId="e835900e-4cfc-dc4c-699f-6b17a349465c" testName="BabaPlay.Tests.Integration.PlayerIntegrationTests.Put_UnknownId_ShouldReturn404" computerName="Rony" duration="00:00:00.0049979" startTime="2026-05-03T22:44:41.5186856-03:00" endTime="2026-05-03T22:44:41.5186857-03:00" testType="13cdc9d9-ddb5-4fa4-a97d-d965ccfc6d4b" outcome="Passed" testListId="8c84fa94-04c1-424b-9868-57a2d4851a1d" relativeResultsDirectory="40048280-b58b-4963-8dde-3328bbf77d7e" />
    <UnitTestResult executionId="8f42e6d9-666e-416c-af33-0feadf1df1c9" testId="e1831f98-8ab9-5bbd-85f4-679177aa83da" testName="BabaPlay.Tests.Unit.Application.Checkins.CancelCheckinCommandHandlerTests.Handle_ActiveCheckin_ShouldDeactivateAndNotify" computerName="Rony" duration="00:00:00.0263680" startTime="2026-05-03T22:44:38.9514810-03:00" endTime="2026-05-03T22:44:38.9514811-03:00" testType="13cdc9d9-ddb5-4fa4-a97d-d965ccfc6d4b" outcome="Passed" testListId="8c84fa94-04c1-424b-9868-57a2d4851a1d" relativeResultsDirectory="8f42e6d9-666e-416c-af33-0feadf1df1c9" />
    <UnitTestResult executionId="e1563071-6c99-4498-ab91-5a34b7bc0d0f" testId="ceb6f75f-75d8-b489-c135-0e93e45b68b7" testName="BabaPlay.Tests.Integration.PlayerIntegrationTests.PutPositions_EmptyPositionId_ShouldReturn422" computerName="Rony" duration="00:00:00.0092108" startTime="2026-05-03T22:44:41.4590266-03:00" endTime="2026-05-03T22:44:41.4590267-03:00" testType="13cdc9d9-ddb5-4fa4-a97d-d965ccfc6d4b" outcome="Passed" testListId="8c84fa94-04c1-424b-9868-57a2d4851a1d" relativeResultsDirectory="e1563071-6c99-4498-ab91-5a34b7bc0d0f" />
    <UnitTestResult executionId="520d0b77-c6fd-4759-a4fb-01ef78b638e7" testId="402cd629-71af-7360-d6aa-0d3660e2814b" testName="BabaPlay.Tests.Unit.Application.Roles.GetRolesQueryHandlerTests.Handle_ShouldReturnMappedRoleList" computerName="Rony" duration="00:00:00.0642458" startTime="2026-05-03T22:44:38.9286267-03:00" endTime="2026-05-03T22:44:38.9286267-03:00" testType="13cdc9d9-ddb5-4fa4-a97d-d965ccfc6d4b" outcome="Passed" testListId="8c84fa94-04c1-424b-9868-57a2d4851a1d" relativeResultsDirectory="520d0b77-c6fd-4759-a4fb-01ef78b638e7" />
    <UnitTestResult executionId="dd4fb5eb-f0a2-44c8-9d41-ad25d310467c" testId="39832e8a-71a8-dfa2-213e-ed7b2a29b95d" testName="BabaPlay.Tests.Integration.PlayerIntegrationTests.Put_ExistingPlayer_ShouldReturn200WithUpdatedData" computerName="Rony" duration="00:00:00.0288630" startTime="2026-05-03T22:44:41.5028073-03:00" endTime="2026-05-03T22:44:41.5028073-03:00" testType="13cdc9d9-ddb5-4fa4-a97d-d965ccfc6d4b" outcome="Passed" testListId="8c84fa94-04c1-424b-9868-57a2d4851a1d" relativeResultsDirectory="dd4fb5eb-f0a2-44c8-9d41-ad25d310467c" />
    <UnitTestResult executionId="ae13405b-461f-45d7-8f7f-f98261fa1126" testId="74010f71-083d-7e04-5ec1-fb41e5cc2c26" testName="BabaPlay.Tests.Unit.Application.Tenants.CreateTenantCommandHandlerTests.Handle_EmptyName_ShouldReturnTenantNameRequired" computerName="Rony" duration="00:00:00.0067299" startTime="2026-05-03T22:44:38.9491214-03:00" endTime="2026-05-03T22:44:38.9491214-03:00" testType="13cdc9d9-ddb5-4fa4-a97d-d965ccfc6d4b" outcome="Passed" testListId="8c84fa94-04c1-424b-9868-57a2d4851a1d" relativeResultsDirectory="ae13405b-461f-45d7-8f7f-f98261fa1126" />
    <UnitTestResult executionId="3a5a8bfd-434e-421f-b5e6-e87ff4edd753" testId="1b22a4ff-b437-d4d3-c497-b56515245739" testName="BabaPlay.Tests.Unit.Domain.PlayerPositionTests.Create_EmptyPlayerId_ThrowsValidationException" computerName="Rony" duration="00:00:00.0024269" startTime="2026-05-03T22:44:38.9505797-03:00" endTime="2026-05-03T22:44:38.9505797-03:00" testType="13cdc9d9-ddb5-4fa4-a97d-d965ccfc6d4b" outcome="Passed" testListId="8c84fa94-04c1-424b-9868-57a2d4851a1d" relativeResultsDirectory="3a5a8bfd-434e-421f-b5e6-e87ff4edd753" />
    <UnitTestResult executionId="7b32ab84-5fb2-4742-a06f-662d18d16d35" testId="3101fe9d-8a31-66a1-23a0-502b48501e63" testName="BabaPlay.Tests.Integration.AuthIntegrationTests.POST_RefreshToken_ValidToken_ShouldReturn200WithNewTokenPair" computerName="Rony" duration="00:00:01.9193613" startTime="2026-05-03T22:44:40.7458878-03:00" endTime="2026-05-03T22:44:40.7458879-03:00" testType="13cdc9d9-ddb5-4fa4-a97d-d965ccfc6d4b" outcome="Passed" testListId="8c84fa94-04c1-424b-9868-57a2d4851a1d" relativeResultsDirectory="7b32ab84-5fb2-4742-a06f-662d18d16d35" />
    <UnitTestResult executionId="9133c82b-4235-44fe-b329-48248cca4c05" testId="3bbdda11-1cda-dd9c-3426-c17bb75bd94a" testName="BabaPlay.Tests.Unit.Application.Checkins.CreateCheckinCommandHandlerTests.Handle_PlayerNotFound_ShouldReturnPlayerNotFound" computerName="Rony" duration="00:00:00.0015980" startTime="2026-05-03T22:44:39.0169293-03:00" endTime="2026-05-03T22:44:39.0169294-03:00" testType="13cdc9d9-ddb5-4fa4-a97d-d965ccfc6d4b" outcome="Passed" testListId="8c84fa94-04c1-424b-9868-57a2d4851a1d" relativeResultsDirectory="9133c82b-4235-44fe-b329-48248cca4c05" />
    <UnitTestResult executionId="688487a9-ccdb-46e9-a2f1-822f5e17d1db" testId="3392e433-4b20-9ad6-97e1-c0b67084fc9c" testName="BabaPlay.Tests.Integration.PlayerIntegrationTests.Delete_UnknownId_ShouldReturn404" computerName="Rony" duration="00:00:00.0032058" startTime="2026-05-03T22:44:41.4624454-03:00" endTime="2026-05-03T22:44:41.4624454-03:00" testType="13cdc9d9-ddb5-4fa4-a97d-d965ccfc6d4b" outcome="Passed" testListId="8c84fa94-04c1-424b-9868-57a2d4851a1d" relativeResultsDirectory="688487a9-ccdb-46e9-a2f1-822f5e17d1db" />
    <UnitTestResult executionId="3fe1f71b-f8bc-480f-9c89-0c3e7bc8203d" testId="bfedbd1c-748d-43e1-8329-8476f7791c2c" testName="BabaPlay.Tests.Unit.Domain.CheckinTests.Create_ValidData_ShouldCreateActiveCheckin" computerName="Rony" duration="00:00:00.0107037" startTime="2026-05-03T22:44:38.9279979-03:00" endTime="2026-05-03T22:44:38.9279981-03:00" testType="13cdc9d9-ddb5-4fa4-a97d-d965ccfc6d4b" outcome="Passed" testListId="8c84fa94-04c1-424b-9868-57a2d4851a1d" relativeResultsDirectory="3fe1f71b-f8bc-480f-9c89-0c3e7bc8203d" />
    <UnitTestResult executionId="b6344724-d1d1-4ff6-9559-1a7d14453c4c" testId="511510a7-f630-a2a1-ae1d-bd2a31712e73" testName="BabaPlay.Tests.Unit.Application.Checkins.GetCheckinsByGameDayQueryHandlerTests.Handle_NoCheckins_ShouldReturnEmptyList" computerName="Rony" duration="00:00:00.0045918" startTime="2026-05-03T22:44:38.9893127-03:00" endTime="2026-05-03T22:44:38.9893128-03:00" testType="13cdc9d9-ddb5-4fa4-a97d-d965ccfc6d4b" outcome="Passed" testListId="8c84fa94-04c1-424b-9868-57a2d4851a1d" relativeResultsDirectory="b6344724-d1d1-4ff6-9559-1a7d14453c4c" />
    <UnitTestResult executionId="6d617401-afcb-4f4b-9d13-aaf9a89210c8" testId="45d22372-7028-164f-1ce9-7ebf5b286615" testName="BabaPlay.Tests.Unit.Domain.GameDayTests.Deactivate_Twice_IsIdempotent" computerName="Rony" duration="00:00:00.0006084" startTime="2026-05-03T22:44:38.9144138-03:00" endTime="2026-05-03T22:44:38.9144139-03:00" testType="13cdc9d9-ddb5-4fa4-a97d-d965ccfc6d4b" outcome="Passed" testListId="8c84fa94-04c1-424b-9868-57a2d4851a1d" relativeResultsDirectory="6d617401-afcb-4f4b-9d13-aaf9a89210c8" />
    <UnitTestResult executionId="496b964e-ebe3-42f1-967b-1528015856a3" testId="d8ccb4d0-dd62-b002-f321-c0e3430d08f0" testName="BabaPlay.Tests.Unit.Domain.RoleTests.RemovePermission_ExistingPermission_Removes" computerName="Rony" duration="00:00:00.0036113" startTime="2026-05-03T22:44:38.9087738-03:00" endTime="2026-05-03T22:44:38.9087738-03:00" testType="13cdc9d9-ddb5-4fa4-a97d-d965ccfc6d4b" outcome="Passed" testListId="8c84fa94-04c1-424b-9868-57a2d4851a1d" relativeResultsDirectory="496b964e-ebe3-42f1-967b-1528015856a3" />
    <UnitTestResult executionId="b73b8c75-2181-4b29-bef2-90b922209253" testId="223dab8c-b61d-de23-df88-104f07c50ead" testName="BabaPlay.Tests.Integration.AuthIntegrationTests.POST_Login_InvalidPassword_ShouldReturn401" computerName="Rony" duration="00:00:00.1071852" startTime="2026-05-03T22:44:40.8618961-03:00" endTime="2026-05-03T22:44:40.8618962-03:00" testType="13cdc9d9-ddb5-4fa4-a97d-d965ccfc6d4b" outcome="Passed" testListId="8c84fa94-04c1-424b-9868-57a2d4851a1d" relativeResultsDirectory="b73b8c75-2181-4b29-bef2-90b922209253" />
    <UnitTestResult executionId="dfd0357a-844d-498e-8a2c-594e78a3b7cd" testId="fb9ec06e-9426-289b-ead5-d1b036233c1e" testName="BabaPlay.Tests.Unit.Application.Players.UpdatePlayerCommandHandlerTests.Handle_EmptyName_ShouldReturnInvalidName" computerName="Rony" duration="00:00:00.0059352" startTime="2026-05-03T22:44:38.9706444-03:00" endTime="2026-05-03T22:44:38.9706444-03:00" testType="13cdc9d9-ddb5-4fa4-a97d-d965ccfc6d4b" outcome="Passed" testListId="8c84fa94-04c1-424b-9868-57a2d4851a1d" relativeResultsDirectory="dfd0357a-844d-498e-8a2c-594e78a3b7cd" />
    <UnitTestResult executionId="c34e9053-f99d-4189-ba96-72de756ea9c9" testId="238c99c4-5913-1606-bbd4-ff9aea505a28" testName="BabaPlay.Tests.Integration.AuthIntegrationTests.POST_RefreshToken_ExpiredToken_ShouldReturn401" computerName="Rony" duration="00:00:00.0079646" startTime="2026-05-03T22:44:40.7543822-03:00" endTime="2026-05-03T22:44:40.7543823-03:00" testType="13cdc9d9-ddb5-4fa4-a97d-d965ccfc6d4b" outcome="Passed" testListId="8c84fa94-04c1-424b-9868-57a2d4851a1d" relativeResultsDirectory="c34e9053-f99d-4189-ba96-72de756ea9c9" />
    <UnitTestResult executionId="a83f7a22-54b2-4d73-b1e9-cb37400c6f33" testId="8aada23f-d4f9-46e7-7ad8-da59fda11744" testName="BabaPlay.Tests.Unit.Domain.PlayerTests.Deactivate_SetsIsActiveFalse" computerName="Rony" duration="00:00:00.0005173" startTime="2026-05-03T22:44:38.9727393-03:00" endTime="2026-05-03T22:44:38.9727393-03:00" testType="13cdc9d9-ddb5-4fa4-a97d-d965ccfc6d4b" outcome="Passed" testListId="8c84fa94-04c1-424b-9868-57a2d4851a1d" relativeResultsDirectory="a83f7a22-54b2-4d73-b1e9-cb37400c6f33" />
    <UnitTestResult executionId="a7826211-e3b4-44d7-a543-dc6b31147819" testId="04134d06-f33d-d065-bf85-d5484d071d74" testName="BabaPlay.Tests.Integration.PlayerIntegrationTests.GetById_UnknownId_ShouldReturn404" computerName="Rony" duration="00:00:00.0064699" startTime="2026-05-03T22:44:41.5490237-03:00" endTime="2026-05-03T22:44:41.5490238-03:00" testType="13cdc9d9-ddb5-4fa4-a97d-d965ccfc6d4b" outcome="Passed" testListId="8c84fa94-04c1-424b-9868-57a2d4851a1d" relativeResultsDirectory="a7826211-e3b4-44d7-a543-dc6b31147819" />
    <UnitTestResult executionId="bc3d0d4c-164c-4d7b-a2c2-c192be5937bb" testId="35398c32-0248-0dab-2b92-a0604619c001" testName="BabaPlay.Tests.Unit.Application.Players.DeletePlayerCommandHandlerTests.Handle_PlayerNotFound_ShouldReturnPlayerNotFound" computerName="Rony" duration="00:00:00.0071485" startTime="2026-05-03T22:44:38.9863048-03:00" endTime="2026-05-03T22:44:38.9863049-03:00" testType="13cdc9d9-ddb5-4fa4-a97d-d965ccfc6d4b" outcome="Passed" testListId="8c84fa94-04c1-424b-9868-57a2d4851a1d" relativeResultsDirectory="bc3d0d4c-164c-4d7b-a2c2-c192be5937bb" />
    <UnitTestResult executionId="30996bc9-b8d0-4108-a07c-a28ca562cc49" testId="74d9b3b3-c3d7-7345-c002-ee65bd6c3a4c" testName="BabaPlay.Tests.Integration.CheckinHubIntegrationTests.Hub_CheckinCreated_ShouldBroadcastToGameDayGroup" computerName="Rony" duration="00:00:02.6154368" startTime="2026-05-03T22:44:41.4418181-03:00" endTime="2026-05-03T22:44:41.4418182-03:00" testType="13cdc9d9-ddb5-4fa4-a97d-d965ccfc6d4b" outcome="Passed" testListId="8c84fa94-04c1-424b-9868-57a2d4851a1d" relativeResultsDirectory="30996bc9-b8d0-4108-a07c-a28ca562cc49" />
    <UnitTestResult executionId="1545cf5c-e645-4a09-a321-43c801433d4e" testId="dde65390-03c9-1715-e18e-669c415a40e4" testName="BabaPlay.Tests.Unit.Application.GameDays.GetGameDayQueryHandlerTests.Handle_ExistingGameDay_ShouldReturnResponse" computerName="Rony" duration="00:00:00.0861008" startTime="2026-05-03T22:44:38.9152895-03:00" endTime="2026-05-03T22:44:38.9152896-03:00" testType="13cdc9d9-ddb5-4fa4-a97d-d965ccfc6d4b" outcome="Passed" testListId="8c84fa94-04c1-424b-9868-57a2d4851a1d" relativeResultsDirectory="1545cf5c-e645-4a09-a321-43c801433d4e" />
    <UnitTestResult executionId="46aa8161-91d6-462e-baef-acf25588dd95" testId="36ce0845-9874-3324-250e-46e142f5f701" testName="BabaPlay.Tests.Integration.PositionIntegrationTests.Post_DuplicateCode_ShouldReturn409" computerName="Rony" duration="00:00:00.0062663" startTime="2026-05-03T22:44:41.4352372-03:00" endTime="2026-05-03T22:44:41.4352372-03:00" testType="13cdc9d9-ddb5-4fa4-a97d-d965ccfc6d4b" outcome="Passed" testListId="8c84fa94-04c1-424b-9868-57a2d4851a1d" relativeResultsDirectory="46aa8161-91d6-462e-baef-acf25588dd95" />
    <UnitTestResult executionId="32dc7e54-7f45-4877-ad83-dada111083a1" testId="00e7b6ca-dd92-4505-18bd-e21625519172" testName="BabaPlay.Tests.Integration.PositionIntegrationTests.Delete_ExistingPosition_ShouldReturn204" computerName="Rony" duration="00:00:00.0091093" startTime="2026-05-03T22:44:41.4619768-03:00" endTime="2026-05-03T22:44:41.4619769-03:00" testType="13cdc9d9-ddb5-4fa4-a97d-d965ccfc6d4b" outcome="Passed" testListId="8c84fa94-04c1-424b-9868-57a2d4851a1d" relativeResultsDirectory="32dc7e54-7f45-4877-ad83-dada111083a1" />
    <UnitTestResult executionId="d7803aad-6873-4003-bc12-bb0de1192d61" testId="82e8c115-4dbe-c315-8852-7c6cedc33e20" testName="BabaPlay.Tests.Unit.Domain.PlayerTests.SetPositions_WithDuplicateIds_ShouldThrowValidationException" computerName="Rony" duration="00:00:00.0036445" startTime="2026-05-03T22:44:38.9798751-03:00" endTime="2026-05-03T22:44:38.9798751-03:00" testType="13cdc9d9-ddb5-4fa4-a97d-d965ccfc6d4b" outcome="Passed" testListId="8c84fa94-04c1-424b-9868-57a2d4851a1d" relativeResultsDirectory="d7803aad-6873-4003-bc12-bb0de1192d61" />
    <UnitTestResult executionId="cb869f50-f8ba-430f-9e05-53518fbfc173" testId="e4f6b697-aece-cf92-28d4-c1e4342fb965" testName="BabaPlay.Tests.Unit.Domain.PlayerTests.SetPositions_UpToThreePositions_ShouldReplacePlayerPositions" computerName="Rony" duration="00:00:00.0611437" startTime="2026-05-03T22:44:39.0426712-03:00" endTime="2026-05-03T22:44:39.0426712-03:00" testType="13cdc9d9-ddb5-4fa4-a97d-d965ccfc6d4b" outcome="Passed" testListId="8c84fa94-04c1-424b-9868-57a2d4851a1d" relativeResultsDirectory="cb869f50-f8ba-430f-9e05-53518fbfc173" />
    <UnitTestResult executionId="6a0faa0f-3899-4de7-a19f-c5cafbd0c51b" testId="f8c673eb-0e53-f500-9b8e-5a8ee7fc002a" testName="BabaPlay.Tests.Unit.Application.Players.CreatePlayerCommandHandlerTests.Handle_ValidCommand_ShouldTrimName" computerName="Rony" duration="00:00:00.0057493" startTime="2026-05-03T22:44:39.0176488-03:00" endTime="2026-05-03T22:44:39.0176489-03:00" testType="13cdc9d9-ddb5-4fa4-a97d-d965ccfc6d4b" outcome="Passed" testListId="8c84fa94-04c1-424b-9868-57a2d4851a1d" relativeResultsDirectory="6a0faa0f-3899-4de7-a19f-c5cafbd0c51b" />
    <UnitTestResult executionId="33bb99d4-bd13-47f4-89f4-2f57e7ebf66d" testId="5bbb0b55-d80a-c3f6-26c5-87a9a1e4c2c7" testName="BabaPlay.Tests.Unit.Domain.RolePermissionTests.Create_EmptyPermissionId_ThrowsValidationException" computerName="Rony" duration="00:00:00.0189004" startTime="2026-05-03T22:44:38.8958381-03:00" endTime="2026-05-03T22:44:38.8958381-03:00" testType="13cdc9d9-ddb5-4fa4-a97d-d965ccfc6d4b" outcome="Passed" testListId="8c84fa94-04c1-424b-9868-57a2d4851a1d" relativeResultsDirectory="33bb99d4-bd13-47f4-89f4-2f57e7ebf66d" />
    <UnitTestResult executionId="1b850e06-f998-4bc6-b217-0a971b447881" testId="1639a9b3-6cc0-0bc7-a81d-abf8d327dc30" testName="BabaPlay.Tests.Integration.PlayerIntegrationTests.Post_DuplicateUser_ShouldReturn409" computerName="Rony" duration="00:00:00.0135737" startTime="2026-05-03T22:44:41.4151374-03:00" endTime="2026-05-03T22:44:41.4151375-03:00" testType="13cdc9d9-ddb5-4fa4-a97d-d965ccfc6d4b" outcome="Passed" testListId="8c84fa94-04c1-424b-9868-57a2d4851a1d" relativeResultsDirectory="1b850e06-f998-4bc6-b217-0a971b447881" />
    <UnitTestResult executionId="cb1eb613-c32e-420e-81ee-699a5df39078" testId="3112b5a1-8143-e67a-0b12-4e7e6bf5aa9b" testName="BabaPlay.Tests.Unit.Domain.PlayerTests.SetPositions_Null_ShouldClearPositions" computerName="Rony" duration="00:00:00.0398122" startTime="2026-05-03T22:44:38.9716468-03:00" endTime="2026-05-03T22:44:38.9716469-03:00" testType="13cdc9d9-ddb5-4fa4-a97d-d965ccfc6d4b" outcome="Passed" testListId="8c84fa94-04c1-424b-9868-57a2d4851a1d" relativeResultsDirectory="cb1eb613-c32e-420e-81ee-699a5df39078" />
    <UnitTestResult executionId="c407ee6a-914e-46c9-b1aa-22064e4a0842" testId="5118069b-04ba-f77b-d6bc-542355892c88" testName="BabaPlay.Tests.Unit.Application.Tenants.GetTenantStatusQueryHandlerTests.Handle_TenantFound_StatusStringMatchesDtoValue" computerName="Rony" duration="00:00:00.0018055" startTime="2026-05-03T22:44:39.0123429-03:00" endTime="2026-05-03T22:44:39.0123429-03:00" testType="13cdc9d9-ddb5-4fa4-a97d-d965ccfc6d4b" outcome="Passed" testListId="8c84fa94-04c1-424b-9868-57a2d4851a1d" relativeResultsDirectory="c407ee6a-914e-46c9-b1aa-22064e4a0842" />
    <UnitTestResult executionId="30fe1be9-10fb-41a3-95bc-71624ae3e2a4" testId="ed6cf6dc-7228-807e-99f0-ea31d3d7982f" testName="BabaPlay.Tests.Integration.PlayerIntegrationTests.PutPositions_ValidRequest_ShouldReturn200WithPositions" computerName="Rony" duration="00:00:00.0230936" startTime="2026-05-03T22:44:41.5422126-03:00" endTime="2026-05-03T22:44:41.5422127-03:00" testType="13cdc9d9-ddb5-4fa4-a97d-d965ccfc6d4b" outcome="Passed" testListId="8c84fa94-04c1-424b-9868-57a2d4851a1d" relativeResultsDirectory="30fe1be9-10fb-41a3-95bc-71624ae3e2a4" />
    <UnitTestResult executionId="fa4c6fcf-f54c-4a1d-8606-3fa3ebb70222" testId="47491161-7226-7b3d-8255-90c32695119d" testName="BabaPlay.Tests.Unit.Domain.PositionTests.Deactivate_Twice_IsIdempotent" computerName="Rony" duration="00:00:00.0010859" startTime="2026-05-03T22:44:38.9950971-03:00" endTime="2026-05-03T22:44:38.9950972-03:00" testType="13cdc9d9-ddb5-4fa4-a97d-d965ccfc6d4b" outcome="Passed" testListId="8c84fa94-04c1-424b-9868-57a2d4851a1d" relativeResultsDirectory="fa4c6fcf-f54c-4a1d-8606-3fa3ebb70222" />
    <UnitTestResult executionId="af400e2b-12c8-4a81-88da-21e0764dcaa7" testId="a07af9a7-2084-50f5-9e3d-16e4b3f98992" testName="BabaPlay.Tests.Unit.Domain.EntityBaseTests.Create_NewEntity_ShouldHaveNonEmptyId" computerName="Rony" duration="00:00:00.0022916" startTime="2026-05-03T22:44:38.9877475-03:00" endTime="2026-05-03T22:44:38.9877476-03:00" testType="13cdc9d9-ddb5-4fa4-a97d-d965ccfc6d4b" outcome="Passed" testListId="8c84fa94-04c1-424b-9868-57a2d4851a1d" relativeResultsDirectory="af400e2b-12c8-4a81-88da-21e0764dcaa7" />
    <UnitTestResult executionId="60220f1d-b083-45cd-a4c3-b09e5a3cc936" testId="65e47220-b3bf-b359-2aca-028aa543899e" testName="BabaPlay.Tests.Integration.CheckinIntegrationTests.Post_ValidCheckin_ShouldReturn201" computerName="Rony" duration="00:00:02.5087663" startTime="2026-05-03T22:44:41.3670868-03:00" endTime="2026-05-03T22:44:41.3670868-03:00" testType="13cdc9d9-ddb5-4fa4-a97d-d965ccfc6d4b" outcome="Passed" testListId="8c84fa94-04c1-424b-9868-57a2d4851a1d" relativeResultsDirectory="60220f1d-b083-45cd-a4c3-b09e5a3cc936" />
    <UnitTestResult executionId="6c943f75-9f6b-4a55-99e8-09b4640d0f85" testId="8cba930a-40dd-291a-3f45-8d069b2c5036" testName="BabaPlay.Tests.Unit.Application.Roles.AddPermissionToRoleCommandHandlerTests.Handle_RoleNotFound_ShouldReturnRoleNotFound" computerName="Rony" duration="00:00:00.0027677" startTime="2026-05-03T22:44:39.0066123-03:00" endTime="2026-05-03T22:44:39.0066124-03:00" testType="13cdc9d9-ddb5-4fa4-a97d-d965ccfc6d4b" outcome="Passed" testListId="8c84fa94-04c1-424b-9868-57a2d4851a1d" relativeResultsDirectory="6c943f75-9f6b-4a55-99e8-09b4640d0f85" />
    <UnitTestResult executionId="38efa9f1-d8a0-480c-8fb7-10f94c1911e1" testId="51fefb9b-9dda-b5d9-e4b3-12e47a394811" testName="BabaPlay.Tests.Unit.Application.Checkins.CreateCheckinCommandHandlerTests.Handle_PlayerInactive_ShouldReturnPlayerInactive" computerName="Rony" duration="00:00:00.0113817" startTime="2026-05-03T22:44:38.9499211-03:00" endTime="2026-05-03T22:44:38.9499212-03:00" testType="13cdc9d9-ddb5-4fa4-a97d-d965ccfc6d4b" outcome="Passed" testListId="8c84fa94-04c1-424b-9868-57a2d4851a1d" relativeResultsDirectory="38efa9f1-d8a0-480c-8fb7-10f94c1911e1" />
    <UnitTestResult executionId="3cc38612-c24a-4a6b-8cab-c6bf1d6d3170" testId="bad14eee-dc85-3ed3-48fc-2c6c286bf11a" testName="BabaPlay.Tests.Integration.PlayerIntegrationTests.Post_EmptyName_ShouldReturn422" computerName="Rony" duration="00:00:00.0037805" startTime="2026-05-03T22:44:41.4495682-03:00" endTime="2026-05-03T22:44:41.4495682-03:00" testType="13cdc9d9-ddb5-4fa4-a97d-d965ccfc6d4b" outcome="Passed" testListId="8c84fa94-04c1-424b-9868-57a2d4851a1d" relativeResultsDirectory="3cc38612-c24a-4a6b-8cab-c6bf1d6d3170" />
    <UnitTestResult executionId="ebf7c96a-d2a2-4f9b-8315-feaa2be0ef88" testId="edf68419-4b9c-c929-d394-d0cab90e1380" testName="BabaPlay.Tests.Unit.Application.Tenants.CreateTenantCommandHandlerTests.Handle_SlugWithUppercase_ShouldNormaliseToLowercase" computerName="Rony" duration="00:00:00.0054679" startTime="2026-05-03T22:44:38.9800124-03:00" endTime="2026-05-03T22:44:38.9800125-03:00" testType="13cdc9d9-ddb5-4fa4-a97d-d965ccfc6d4b" outcome="Passed" testListId="8c84fa94-04c1-424b-9868-57a2d4851a1d" relativeResultsDirectory="ebf7c96a-d2a2-4f9b-8315-feaa2be0ef88" />
    <UnitTestResult executionId="1e47ff45-6b94-48e8-85ef-b3f840fc2716" testId="e3a12b2b-6856-b8b3-c1aa-ff2b5d1565cb" testName="BabaPlay.Tests.Integration.PositionIntegrationTests.Post_EmptyCode_ShouldReturn422" computerName="Rony" duration="00:00:00.0043290" startTime="2026-05-03T22:44:41.4398934-03:00" endTime="2026-05-03T22:44:41.4398936-03:00" testType="13cdc9d9-ddb5-4fa4-a97d-d965ccfc6d4b" outcome="Passed" testListId="8c84fa94-04c1-424b-9868-57a2d4851a1d" relativeResultsDirectory="1e47ff45-6b94-48e8-85ef-b3f840fc2716" />
    <UnitTestResult executionId="5756ade3-5d9c-4b81-ad32-a58600be9167" testId="f0e238ea-e181-6660-ebb5-80afa8124f85" testName="BabaPlay.Tests.Unit.Domain.UserRoleTests.Create_WhitespaceUserId_ThrowsValidationException" computerName="Rony" duration="00:00:00.0111545" startTime="2026-05-03T22:44:38.9630682-03:00" endTime="2026-05-03T22:44:38.9630683-03:00" testType="13cdc9d9-ddb5-4fa4-a97d-d965ccfc6d4b" outcome="Passed" testListId="8c84fa94-04c1-424b-9868-57a2d4851a1d" relativeResultsDirectory="5756ade3-5d9c-4b81-ad32-a58600be9167" />
    <UnitTestResult executionId="b4fe4680-d4ab-4557-a382-bc36bf950a94" testId="dd369e1e-684d-8e78-a482-3bb9588d5047" testName="BabaPlay.Tests.Unit.Application.GameDays.GetGameDayQueryHandlerTests.Handle_GameDayNotFound_ShouldReturnGameDayNotFound" computerName="Rony" duration="00:00:00.0042690" startTime="2026-05-03T22:44:38.9170112-03:00" endTime="2026-05-03T22:44:38.9170114-03:00" testType="13cdc9d9-ddb5-4fa4-a97d-d965ccfc6d4b" outcome="Passed" testListId="8c84fa94-04c1-424b-9868-57a2d4851a1d" relativeResultsDirectory="b4fe4680-d4ab-4557-a382-bc36bf950a94" />
    <UnitTestResult executionId="d766d113-a4eb-4720-8fad-eded2c6ab618" testId="d5a53740-0ccb-61cb-eb80-2ec75efda38e" testName="BabaPlay.Tests.Unit.Application.Players.UpdatePlayerCommandHandlerTests.Handle_ValidCommand_ShouldUpdateAndReturnResponse" computerName="Rony" duration="00:00:00.1151144" startTime="2026-05-03T22:44:38.9414616-03:00" endTime="2026-05-03T22:44:38.9414616-03:00" testType="13cdc9d9-ddb5-4fa4-a97d-d965ccfc6d4b" outcome="Passed" testListId="8c84fa94-04c1-424b-9868-57a2d4851a1d" relativeResultsDirectory="d766d113-a4eb-4720-8fad-eded2c6ab618" />
    <UnitTestResult executionId="e51e8a2a-0432-4974-a057-98267bf1f7c8" testId="2e37ecb2-0c8a-d2f0-6577-a83e8409eae7" testName="BabaPlay.Tests.Unit.Application.Roles.AddPermissionToRoleCommandHandlerTests.Handle_NewPermission_ShouldCreateAndAttach" computerName="Rony" duration="00:00:00.0148195" startTime="2026-05-03T22:44:39.0034301-03:00" endTime="2026-05-03T22:44:39.0034302-03:00" testType="13cdc9d9-ddb5-4fa4-a97d-d965ccfc6d4b" outcome="Passed" testListId="8c84fa94-04c1-424b-9868-57a2d4851a1d" relativeResultsDirectory="e51e8a2a-0432-4974-a057-98267bf1f7c8" />
    <UnitTestResult executionId="19f1aac8-8b8c-49d3-9d5a-bfafdb2e730f" testId="a47c5c06-7d38-9ef6-1782-f92e9ae70f80" testName="BabaPlay.Tests.Unit.Application.GameDays.GetGameDaysQueryHandlerTests.Handle_ShouldReturnMappedList" computerName="Rony" duration="00:00:00.0269160" startTime="2026-05-03T22:44:38.9757983-03:00" endTime="2026-05-03T22:44:38.9757984-03:00" testType="13cdc9d9-ddb5-4fa4-a97d-d965ccfc6d4b" outcome="Passed" testListId="8c84fa94-04c1-424b-9868-57a2d4851a1d" relativeResultsDirectory="19f1aac8-8b8c-49d3-9d5a-bfafdb2e730f" />
    <UnitTestResult executionId="5d5c3d41-5ca6-4124-a293-10fbe0dc219e" testId="5b95976c-bdde-5675-c401-5242ae36b9fe" testName="BabaPlay.Tests.Unit.Application.GameDays.CreateGameDayCommandHandlerTests.Handle_EmptyName_ShouldReturnInvalidName" computerName="Rony" duration="00:00:00.0012903" startTime="2026-05-03T22:44:38.9918812-03:00" endTime="2026-05-03T22:44:38.9918812-03:00" testType="13cdc9d9-ddb5-4fa4-a97d-d965ccfc6d4b" outcome="Passed" testListId="8c84fa94-04c1-424b-9868-57a2d4851a1d" relativeResultsDirectory="5d5c3d41-5ca6-4124-a293-10fbe0dc219e" />
    <UnitTestResult executionId="f3977bf5-1faf-4f0e-860c-9fedbfecbf01" testId="e8026904-418d-10cc-ad08-163db4cc7a1e" testName="BabaPlay.Tests.Unit.Application.Positions.GetPositionQueryHandlerTests.Handle_PositionNotFound_ShouldReturnPositionNotFound" computerName="Rony" duration="00:00:00.0024488" startTime="2026-05-03T22:44:38.9264573-03:00" endTime="2026-05-03T22:44:38.9264574-03:00" testType="13cdc9d9-ddb5-4fa4-a97d-d965ccfc6d4b" outcome="Passed" testListId="8c84fa94-04c1-424b-9868-57a2d4851a1d" relativeResultsDirectory="f3977bf5-1faf-4f0e-860c-9fedbfecbf01" />
    <UnitTestResult executionId="052c1d6c-91f5-401f-b51e-4fdb55008cfb" testId="65456e52-5b47-27c5-603b-5258840370a7" testName="BabaPlay.Tests.Unit.Application.Auth.LoginCommandHandlerTests.Handle_UserNotFound_ShouldReturnInvalidCredentials" computerName="Rony" duration="00:00:00.1142031" startTime="2026-05-03T22:44:38.9406359-03:00" endTime="2026-05-03T22:44:38.9406360-03:00" testType="13cdc9d9-ddb5-4fa4-a97d-d965ccfc6d4b" outcome="Passed" testListId="8c84fa94-04c1-424b-9868-57a2d4851a1d" relativeResultsDirectory="052c1d6c-91f5-401f-b51e-4fdb55008cfb" />
    <UnitTestResult executionId="9e6b5426-4f37-46eb-ade2-8138fb8c1235" testId="60b815e7-93de-3c0c-a262-a01ba1080e37" testName="BabaPlay.Tests.Unit.Domain.PlayerTests.Update_EmptyName_ThrowsValidationException" computerName="Rony" duration="00:00:00.0014558" startTime="2026-05-03T22:44:39.0442607-03:00" endTime="2026-05-03T22:44:39.0442608-03:00" testType="13cdc9d9-ddb5-4fa4-a97d-d965ccfc6d4b" outcome="Passed" testListId="8c84fa94-04c1-424b-9868-57a2d4851a1d" relativeResultsDirectory="9e6b5426-4f37-46eb-ade2-8138fb8c1235" />
    <UnitTestResult executionId="365676aa-acd3-4597-a168-5892ff93e8c6" testId="3093d276-ce83-b4de-23fc-f2a7d3f1d63d" testName="BabaPlay.Tests.Unit.Application.Positions.UpdatePositionCommandHandlerTests.Handle_DuplicateCode_ShouldReturnPositionAlreadyExists" computerName="Rony" duration="00:00:00.0076316" startTime="2026-05-03T22:44:38.9976844-03:00" endTime="2026-05-03T22:44:38.9976845-03:00" testType="13cdc9d9-ddb5-4fa4-a97d-d965ccfc6d4b" outcome="Passed" testListId="8c84fa94-04c1-424b-9868-57a2d4851a1d" relativeResultsDirectory="365676aa-acd3-4597-a168-5892ff93e8c6" />
    <UnitTestResult executionId="d41f246a-696b-42e6-a71c-2d58e3eca4d9" testId="0223a757-e661-aceb-5227-641c46c4139b" testName="BabaPlay.Tests.Unit.Domain.RoleTests.AddPermission_DuplicatePermission_DoesNotDuplicate" computerName="Rony" duration="00:00:00.0003555" startTime="2026-05-03T22:44:38.9107480-03:00" endTime="2026-05-03T22:44:38.9107481-03:00" testType="13cdc9d9-ddb5-4fa4-a97d-d965ccfc6d4b" outcome="Passed" testListId="8c84fa94-04c1-424b-9868-57a2d4851a1d" relativeResultsDirectory="d41f246a-696b-42e6-a71c-2d58e3eca4d9" />
    <UnitTestResult executionId="2cf40f68-22d6-4cfb-89a4-658e6e86f406" testId="6c5fe64a-b333-f295-b26d-04aebebc1ba7" testName="BabaPlay.Tests.Unit.Application.Roles.AssignRoleToUserCommandHandlerTests.Handle_RoleAlreadyAssigned_ShouldReturnRoleAlreadyAssigned" computerName="Rony" duration="00:00:00.0099737" startTime="2026-05-03T22:44:38.9802735-03:00" endTime="2026-05-03T22:44:38.9802735-03:00" testType="13cdc9d9-ddb5-4fa4-a97d-d965ccfc6d4b" outcome="Passed" testListId="8c84fa94-04c1-424b-9868-57a2d4851a1d" relativeResultsDirectory="2cf40f68-22d6-4cfb-89a4-658e6e86f406" />
    <UnitTestResult executionId="3ba6db61-486e-4116-ad5e-0d03ca0241ab" testId="eac57eae-99d0-60f4-c779-88df9760c3f7" testName="BabaPlay.Tests.Unit.Application.Positions.DeletePositionCommandHandlerTests.Handle_PositionNotFound_ShouldReturnPositionNotFound" computerName="Rony" duration="00:00:00.0884183" startTime="2026-05-03T22:44:38.9155659-03:00" endTime="2026-05-03T22:44:38.9155660-03:00" testType="13cdc9d9-ddb5-4fa4-a97d-d965ccfc6d4b" outcome="Passed" testListId="8c84fa94-04c1-424b-9868-57a2d4851a1d" relativeResultsDirectory="3ba6db61-486e-4116-ad5e-0d03ca0241ab" />
    <UnitTestResult executionId="bf14e663-5bcb-4e42-aa5d-21897d492246" testId="3671749e-3e20-8104-4315-47f73466033e" testName="BabaPlay.Tests.Unit.Application.Positions.UpdatePositionCommandHandlerTests.Handle_ValidCommand_ShouldUpdatePosition" computerName="Rony" duration="00:00:00.0056365" startTime="2026-05-03T22:44:39.0062075-03:00" endTime="2026-05-03T22:44:39.0062077-03:00" testType="13cdc9d9-ddb5-4fa4-a97d-d965ccfc6d4b" outcome="Passed" testListId="8c84fa94-04c1-424b-9868-57a2d4851a1d" relativeResultsDirectory="bf14e663-5bcb-4e42-aa5d-21897d492246" />
    <UnitTestResult executionId="0699ce93-04e4-4829-92f5-90d4cbd026a3" testId="890255d6-4974-74cb-d9b0-94ed8cf261d9" testName="BabaPlay.Tests.Unit.Application.Tenants.CreateTenantCommandHandlerTests.Handle_ValidCommand_ShouldCreateTenantAndEnqueueProvisioning" computerName="Rony" duration="00:00:00.0214145" startTime="2026-05-03T22:44:38.9688411-03:00" endTime="2026-05-03T22:44:38.9688412-03:00" testType="13cdc9d9-ddb5-4fa4-a97d-d965ccfc6d4b" outcome="Passed" testListId="8c84fa94-04c1-424b-9868-57a2d4851a1d" relativeResultsDirectory="0699ce93-04e4-4829-92f5-90d4cbd026a3" />
    <UnitTestResult executionId="557cca4c-4c9c-415a-8db9-1ceb76dff173" testId="fb3631e4-9d86-e6fa-dc2e-183250ca375b" testName="BabaPlay.Tests.Unit.Application.Players.GetPlayersQueryHandlerTests.Handle_WithPlayers_ShouldMapFieldsCorrectly" computerName="Rony" duration="00:00:00.0138265" startTime="2026-05-03T22:44:38.9652054-03:00" endTime="2026-05-03T22:44:38.9652055-03:00" testType="13cdc9d9-ddb5-4fa4-a97d-d965ccfc6d4b" outcome="Passed" testListId="8c84fa94-04c1-424b-9868-57a2d4851a1d" relativeResultsDirectory="557cca4c-4c9c-415a-8db9-1ceb76dff173" />
    <UnitTestResult executionId="723da007-b184-426e-92d3-f4b104412c5b" testId="9ec6d701-ff35-e5fd-f6b2-9e437946bffb" testName="BabaPlay.Tests.Unit.Application.Checkins.GetCheckinsByGameDayQueryHandlerTests.Handle_WithCheckins_ShouldReturnMappedList" computerName="Rony" duration="00:00:00.0324409" startTime="2026-05-03T22:44:38.9847361-03:00" endTime="2026-05-03T22:44:38.9847361-03:00" testType="13cdc9d9-ddb5-4fa4-a97d-d965ccfc6d4b" outcome="Passed" testListId="8c84fa94-04c1-424b-9868-57a2d4851a1d" relativeResultsDirectory="723da007-b184-426e-92d3-f4b104412c5b" />
    <UnitTestResult executionId="9b25dbd8-6132-42a6-aad7-2b809773d99f" testId="4e01d08f-6e83-958b-c8c7-5533d45f3cd1" testName="BabaPlay.Tests.Integration.CheckinIntegrationTests.Get_ByGameDay_ShouldReturn200WithItems" computerName="Rony" duration="00:00:00.0384605" startTime="2026-05-03T22:44:41.5240203-03:00" endTime="2026-05-03T22:44:41.5240204-03:00" testType="13cdc9d9-ddb5-4fa4-a97d-d965ccfc6d4b" outcome="Passed" testListId="8c84fa94-04c1-424b-9868-57a2d4851a1d" relativeResultsDirectory="9b25dbd8-6132-42a6-aad7-2b809773d99f" />
    <UnitTestResult executionId="3fba9808-91ee-4a3a-93bf-58b9315ed830" testId="31f5d3ec-9c75-5747-7905-41e8275aa9a5" testName="BabaPlay.Tests.Integration.PlayerIntegrationTests.Delete_ExistingPlayer_ShouldReturn204" computerName="Rony" duration="00:00:02.4557347" startTime="2026-05-03T22:44:41.2821064-03:00" endTime="2026-05-03T22:44:41.2821064-03:00" testType="13cdc9d9-ddb5-4fa4-a97d-d965ccfc6d4b" outcome="Passed" testListId="8c84fa94-04c1-424b-9868-57a2d4851a1d" relativeResultsDirectory="3fba9808-91ee-4a3a-93bf-58b9315ed830" />
    <UnitTestResult executionId="fda1ac22-7d4f-4c38-a5b7-4df1116ca007" testId="915d6eff-f329-dafc-3045-2ee2c436b4bd" testName="BabaPlay.Tests.Unit.Domain.GameDayTests.ChangeStatus_ValidTransitions_ShouldUpdateStatus" computerName="Rony" duration="00:00:00.0001555" startTime="2026-05-03T22:44:38.9148861-03:00" endTime="2026-05-03T22:44:38.9148862-03:00" testType="13cdc9d9-ddb5-4fa4-a97d-d965ccfc6d4b" outcome="Passed" testListId="8c84fa94-04c1-424b-9868-57a2d4851a1d" relativeResultsDirectory="fda1ac22-7d4f-4c38-a5b7-4df1116ca007" />
    <UnitTestResult executionId="71c4336c-2a54-45a4-a29f-12315246da09" testId="1330164f-4f30-35a7-0b22-8d2d1bbc5bc6" testName="BabaPlay.Tests.Integration.CheckinIntegrationTests.Delete_Checkin_ShouldReturn204AndRemoveFromActiveList" computerName="Rony" duration="00:00:00.0850283" startTime="2026-05-03T22:44:41.4852340-03:00" endTime="2026-05-03T22:44:41.4852340-03:00" testType="13cdc9d9-ddb5-4fa4-a97d-d965ccfc6d4b" outcome="Passed" testListId="8c84fa94-04c1-424b-9868-57a2d4851a1d" relativeResultsDirectory="71c4336c-2a54-45a4-a29f-12315246da09" />
    <UnitTestResult executionId="8973278c-76fd-4ae2-b150-476363ce1062" testId="1affc407-cb60-4267-34f9-eca705156365" testName="BabaPlay.Tests.Integration.GameDayIntegrationTests.GetAll_ShouldReturn200WithList" computerName="Rony" duration="00:00:00.0310424" startTime="2026-05-03T22:44:41.3588674-03:00" endTime="2026-05-03T22:44:41.3588675-03:00" testType="13cdc9d9-ddb5-4fa4-a97d-d965ccfc6d4b" outcome="Passed" testListId="8c84fa94-04c1-424b-9868-57a2d4851a1d" relativeResultsDirectory="8973278c-76fd-4ae2-b150-476363ce1062" />
    <UnitTestResult executionId="fad86bb2-9029-4433-a1c9-a50819176355" testId="8892d412-4986-9b5e-da2e-5b155a394bf0" testName="BabaPlay.Tests.Unit.Application.Auth.LoginCommandHandlerTests.Handle_ValidCredentials_ShouldReturnAccessAndRefreshTokens" computerName="Rony" duration="00:00:00.0336628" startTime="2026-05-03T22:44:38.9787643-03:00" endTime="2026-05-03T22:44:38.9787650-03:00" testType="13cdc9d9-ddb5-4fa4-a97d-d965ccfc6d4b" outcome="Passed" testListId="8c84fa94-04c1-424b-9868-57a2d4851a1d" relativeResultsDirectory="fad86bb2-9029-4433-a1c9-a50819176355" />
    <UnitTestResult executionId="8a60749d-cdc8-4b2d-9fa5-ede904988a8c" testId="7c8e5b0e-b090-7080-4e79-28bcb785744a" testName="BabaPlay.Tests.Unit.Application.Players.CreatePlayerCommandHandlerTests.Handle_EmptyName_ShouldReturnInvalidName" computerName="Rony" duration="00:00:00.0022154" startTime="2026-05-03T22:44:39.0118317-03:00" endTime="2026-05-03T22:44:39.0118318-03:00" testType="13cdc9d9-ddb5-4fa4-a97d-d965ccfc6d4b" outcome="Passed" testListId="8c84fa94-04c1-424b-9868-57a2d4851a1d" relativeResultsDirectory="8a60749d-cdc8-4b2d-9fa5-ede904988a8c" />
    <UnitTestResult executionId="b4fc103f-7db2-4195-8dd9-075170f80f09" testId="1d4c6172-d3c8-1c8d-c6a6-5f6e673d6787" testName="BabaPlay.Tests.Unit.Application.Checkins.GetCheckinsByPlayerQueryHandlerTests.Handle_NoCheckins_ShouldReturnEmptyList" computerName="Rony" duration="00:00:00.0032664" startTime="2026-05-03T22:44:38.9999419-03:00" endTime="2026-05-03T22:44:38.9999421-03:00" testType="13cdc9d9-ddb5-4fa4-a97d-d965ccfc6d4b" outcome="Passed" testListId="8c84fa94-04c1-424b-9868-57a2d4851a1d" relativeResultsDirectory="b4fc103f-7db2-4195-8dd9-075170f80f09" />
    <UnitTestResult executionId="a2c6e368-5d63-48e1-a4f9-06fba0d63857" testId="e4b75f89-853e-b126-cb2a-0342a66b201c" testName="BabaPlay.Tests.Integration.TenantIntegrationTests.POST_Tenant_DuplicateSlug_ShouldReturn409" computerName="Rony" duration="00:00:00.0094404" startTime="2026-05-03T22:44:40.7583158-03:00" endTime="2026-05-03T22:44:40.7583159-03:00" testType="13cdc9d9-ddb5-4fa4-a97d-d965ccfc6d4b" outcome="Passed" testListId="8c84fa94-04c1-424b-9868-57a2d4851a1d" relativeResultsDirectory="a2c6e368-5d63-48e1-a4f9-06fba0d63857" />
    <UnitTestResult executionId="2aef1585-dee5-4cbb-bd73-0b245e807b39" testId="a42e081c-a07d-e5b7-cbe2-06e674dc161b" testName="BabaPlay.Tests.Unit.Domain.CheckinTests.Deactivate_Twice_ShouldBeIdempotent" computerName="Rony" duration="00:00:00.0010795" startTime="2026-05-03T22:44:38.9328921-03:00" endTime="2026-05-03T22:44:38.9328921-03:00" testType="13cdc9d9-ddb5-4fa4-a97d-d965ccfc6d4b" outcome="Passed" testListId="8c84fa94-04c1-424b-9868-57a2d4851a1d" relativeResultsDirectory="2aef1585-dee5-4cbb-bd73-0b245e807b39" />
    <UnitTestResult executionId="9a7aaf88-23a8-4654-a555-0c85c82e9266" testId="59287740-7eef-35cc-3e6f-407fd70e4670" testName="BabaPlay.Tests.Unit.Application.Auth.RefreshTokenCommandHandlerTests.Handle_RevokedToken_ShouldReturnInvalidToken" computerName="Rony" duration="00:00:00.0106085" startTime="2026-05-03T22:44:38.9627825-03:00" endTime="2026-05-03T22:44:38.9627825-03:00" testType="13cdc9d9-ddb5-4fa4-a97d-d965ccfc6d4b" outcome="Passed" testListId="8c84fa94-04c1-424b-9868-57a2d4851a1d" relativeResultsDirectory="9a7aaf88-23a8-4654-a555-0c85c82e9266" />
    <UnitTestResult executionId="d1868b08-c939-4dc4-a7cf-13ddc018d141" testId="1045f9fc-d7bf-bd09-0b7a-21f3e9db2861" testName="BabaPlay.Tests.Unit.Domain.PlayerTests.Create_EmptyName_ThrowsValidationException" computerName="Rony" duration="00:00:00.0003978" startTime="2026-05-03T22:44:39.0451437-03:00" endTime="2026-05-03T22:44:39.0451437-03:00" testType="13cdc9d9-ddb5-4fa4-a97d-d965ccfc6d4b" outcome="Passed" testListId="8c84fa94-04c1-424b-9868-57a2d4851a1d" relativeResultsDirectory="d1868b08-c939-4dc4-a7cf-13ddc018d141" />
    <UnitTestResult executionId="44d073af-c8e3-4822-9390-6dd40a785fd6" testId="b49c7f5a-bfe1-a2be-ee6d-2656e55e2a1b" testName="BabaPlay.Tests.Integration.AuthIntegrationTests.POST_RefreshToken_ConsumedToken_ShouldReturn401_AfterRotation" computerName="Rony" duration="00:00:00.0865185" startTime="2026-05-03T22:44:41.0498759-03:00" endTime="2026-05-03T22:44:41.0498760-03:00" testType="13cdc9d9-ddb5-4fa4-a97d-d965ccfc6d4b" outcome="Passed" testListId="8c84fa94-04c1-424b-9868-57a2d4851a1d" relativeResultsDirectory="44d073af-c8e3-4822-9390-6dd40a785fd6" />
    <UnitTestResult executionId="076935db-5f6f-43b5-9865-94443fe81f72" testId="2d015dba-98df-a25b-eddf-4e8134b8a9c4" testName="BabaPlay.Tests.Integration.AuthIntegrationTests.POST_Login_UnknownEmail_ShouldReturn401" computerName="Rony" duration="00:00:00.0048872" startTime="2026-05-03T22:44:41.0551741-03:00" endTime="2026-05-03T22:44:41.0551741-03:00" testType="13cdc9d9-ddb5-4fa4-a97d-d965ccfc6d4b" outcome="Passed" testListId="8c84fa94-04c1-424b-9868-57a2d4851a1d" relativeResultsDirectory="076935db-5f6f-43b5-9865-94443fe81f72" />
    <UnitTestResult executionId="7eb0d7a2-dc32-4e89-80aa-94fc22b81e15" testId="b8227958-8688-0314-7b01-0e0f0989707e" testName="BabaPlay.Tests.Unit.Domain.CheckinTests.Create_InvalidLatitude_ShouldThrowValidationException" computerName="Rony" duration="00:00:00.0027128" startTime="2026-05-03T22:44:38.9311026-03:00" endTime="2026-05-03T22:44:38.9311026-03:00" testType="13cdc9d9-ddb5-4fa4-a97d-d965ccfc6d4b" outcome="Passed" testListId="8c84fa94-04c1-424b-9868-57a2d4851a1d" relativeResultsDirectory="7eb0d7a2-dc32-4e89-80aa-94fc22b81e15" />
    <UnitTestResult executionId="c4765973-1bd9-4ca9-9190-c9f362594e16" testId="982a3ed9-3058-687c-ca17-95ffc5020233" testName="BabaPlay.Tests.Unit.Application.Players.UpdatePlayerCommandHandlerTests.Handle_ValidCommand_ShouldPreservePlayerIdAndUserId" computerName="Rony" duration="00:00:00.0065499" startTime="2026-05-03T22:44:38.9503357-03:00" endTime="2026-05-03T22:44:38.9503357-03:00" testType="13cdc9d9-ddb5-4fa4-a97d-d965ccfc6d4b" outcome="Passed" testListId="8c84fa94-04c1-424b-9868-57a2d4851a1d" relativeResultsDirectory="c4765973-1bd9-4ca9-9190-c9f362594e16" />
    <UnitTestResult executionId="160529ee-449b-4af2-b21a-0dfa6128f03a" testId="83e2d668-9a59-c6e0-1267-fd5e09804ae8" testName="BabaPlay.Tests.Unit.Application.GameDays.UpdateGameDayCommandHandlerTests.Handle_ValidCommand_ShouldUpdateGameDay" computerName="Rony" duration="00:00:00.0091216" startTime="2026-05-03T22:44:38.9425213-03:00" endTime="2026-05-03T22:44:38.9425213-03:00" testType="13cdc9d9-ddb5-4fa4-a97d-d965ccfc6d4b" outcome="Passed" testListId="8c84fa94-04c1-424b-9868-57a2d4851a1d" relativeResultsDirectory="160529ee-449b-4af2-b21a-0dfa6128f03a" />
    <UnitTestResult executionId="a7c44856-b020-4fbd-9786-a37fc3df9abc" testId="04c6bc45-20f9-25cb-30ec-909a3734e5a4" testName="BabaPlay.Tests.Unit.Application.Players.DeletePlayerCommandHandlerTests.Handle_ActivePlayer_ShouldDeactivateAndReturnSuccess" computerName="Rony" duration="00:00:00.0108086" startTime="2026-05-03T22:44:38.9812693-03:00" endTime="2026-05-03T22:44:38.9812694-03:00" testType="13cdc9d9-ddb5-4fa4-a97d-d965ccfc6d4b" outcome="Passed" testListId="8c84fa94-04c1-424b-9868-57a2d4851a1d" relativeResultsDirectory="a7c44856-b020-4fbd-9786-a37fc3df9abc" />
    <UnitTestResult executionId="d95aba84-80de-414b-ac8e-816ce7df64b5" testId="780628a6-2356-d849-42da-d6b028bb20a8" testName="BabaPlay.Tests.Integration.TenantIntegrationTests.GET_TenantStatus_KnownId_ShouldReturn200WithStatus" computerName="Rony" duration="00:00:00.0084566" startTime="2026-05-03T22:44:40.7726448-03:00" endTime="2026-05-03T22:44:40.7726449-03:00" testType="13cdc9d9-ddb5-4fa4-a97d-d965ccfc6d4b" outcome="Passed" testListId="8c84fa94-04c1-424b-9868-57a2d4851a1d" relativeResultsDirectory="d95aba84-80de-414b-ac8e-816ce7df64b5" />
    <UnitTestResult executionId="113c51ef-e767-4338-9a9c-d444ce60098f" testId="959bd0df-ec50-f15a-5102-e36d9ad4b865" testName="BabaPlay.Tests.Unit.Domain.PlayerTests.Create_TrimsNameAndNickname" computerName="Rony" duration="00:00:00.0004138" startTime="2026-05-03T22:44:38.9782478-03:00" endTime="2026-05-03T22:44:38.9782479-03:00" testType="13cdc9d9-ddb5-4fa4-a97d-d965ccfc6d4b" outcome="Passed" testListId="8c84fa94-04c1-424b-9868-57a2d4851a1d" relativeResultsDirectory="113c51ef-e767-4338-9a9c-d444ce60098f" />
    <UnitTestResult executionId="6f93add1-913c-4e28-ae52-4bc14c4108d8" testId="2575efdc-6964-0180-0868-028c6eda1336" testName="BabaPlay.Tests.Integration.GameDayIntegrationTests.Post_PastScheduledAt_ShouldReturn422" computerName="Rony" duration="00:00:00.0084086" startTime="2026-05-03T22:44:41.2908236-03:00" endTime="2026-05-03T22:44:41.2908237-03:00" testType="13cdc9d9-ddb5-4fa4-a97d-d965ccfc6d4b" outcome="Passed" testListId="8c84fa94-04c1-424b-9868-57a2d4851a1d" relativeResultsDirectory="6f93add1-913c-4e28-ae52-4bc14c4108d8" />
    <UnitTestResult executionId="138483ee-a936-47b1-aab3-7424aaa15040" testId="275c4ff7-40ca-a38e-5a88-ffc69c5a6857" testName="BabaPlay.Tests.Unit.Domain.EntityBaseTests.ClearDomainEvents_ShouldRemoveAllEvents" computerName="Rony" duration="00:00:00.0007828" startTime="2026-05-03T22:44:38.9884324-03:00" endTime="2026-05-03T22:44:38.9884325-03:00" testType="13cdc9d9-ddb5-4fa4-a97d-d965ccfc6d4b" outcome="Passed" testListId="8c84fa94-04c1-424b-9868-57a2d4851a1d" relativeResultsDirectory="138483ee-a936-47b1-aab3-7424aaa15040" />
    <UnitTestResult executionId="d2a9fe47-5d52-44e7-afb2-613d39ed1fc6" testId="0bbd19e8-3c4c-3f33-678d-dbbddd8ecb03" testName="BabaPlay.Tests.Unit.Application.Roles.CreateRoleCommandHandlerTests.Handle_DuplicateRole_ShouldReturnRoleAlreadyExists" computerName="Rony" duration="00:00:00.0039523" startTime="2026-05-03T22:44:38.9544283-03:00" endTime="2026-05-03T22:44:38.9544284-03:00" testType="13cdc9d9-ddb5-4fa4-a97d-d965ccfc6d4b" outcome="Passed" testListId="8c84fa94-04c1-424b-9868-57a2d4851a1d" relativeResultsDirectory="d2a9fe47-5d52-44e7-afb2-613d39ed1fc6" />
    <UnitTestResult executionId="2ba9ed51-3061-45b7-ba69-7218768ad76f" testId="41383887-af81-3650-be1e-401c20fb311a" testName="BabaPlay.Tests.Unit.Domain.PlayerTests.Update_ValidData_ChangesProperties" computerName="Rony" duration="00:00:00.0006317" startTime="2026-05-03T22:44:38.9756161-03:00" endTime="2026-05-03T22:44:38.9756162-03:00" testType="13cdc9d9-ddb5-4fa4-a97d-d965ccfc6d4b" outcome="Passed" testListId="8c84fa94-04c1-424b-9868-57a2d4851a1d" relativeResultsDirectory="2ba9ed51-3061-45b7-ba69-7218768ad76f" />
    <UnitTestResult executionId="d9081783-d102-412a-9523-9324f0723ec5" testId="df02293a-851e-2151-7e83-7bfbf254d1de" testName="BabaPlay.Tests.Unit.Application.PingCommandHandlerTests.Handle_ValidCommand_ShouldReturnSuccessWithPongMessage" computerName="Rony" duration="00:00:00.0135272" startTime="2026-05-03T22:44:38.8821128-03:00" endTime="2026-05-03T22:44:38.8821317-03:00" testType="13cdc9d9-ddb5-4fa4-a97d-d965ccfc6d4b" outcome="Passed" testListId="8c84fa94-04c1-424b-9868-57a2d4851a1d" relativeResultsDirectory="d9081783-d102-412a-9523-9324f0723ec5" />
    <UnitTestResult executionId="6fc61dea-d1e0-491b-89f7-42b665a248bd" testId="9b8bf4fd-7fd4-2c24-5d44-72be71cfb975" testName="BabaPlay.Tests.Integration.PositionIntegrationTests.Put_EmptyName_ShouldReturn422" computerName="Rony" duration="00:00:00.0194036" startTime="2026-05-03T22:44:41.4242040-03:00" endTime="2026-05-03T22:44:41.4242041-03:00" testType="13cdc9d9-ddb5-4fa4-a97d-d965ccfc6d4b" outcome="Passed" testListId="8c84fa94-04c1-424b-9868-57a2d4851a1d" relativeResultsDirectory="6fc61dea-d1e0-491b-89f7-42b665a248bd" />
    <UnitTestResult executionId="07844414-c97d-4a39-b2e3-2ada36d2206c" testId="c174dd78-c55f-dda7-2705-670d4cc6895f" testName="BabaPlay.Tests.Unit.Application.Players.UpdatePlayerCommandHandlerTests.Handle_PlayerNotFound_ShouldReturnPlayerNotFound" computerName="Rony" duration="00:00:00.0158943" startTime="2026-05-03T22:44:38.9641495-03:00" endTime="2026-05-03T22:44:38.9641496-03:00" testType="13cdc9d9-ddb5-4fa4-a97d-d965ccfc6d4b" outcome="Passed" testListId="8c84fa94-04c1-424b-9868-57a2d4851a1d" relativeResultsDirectory="07844414-c97d-4a39-b2e3-2ada36d2206c" />
    <UnitTestResult executionId="ea1fb473-85b8-47f7-9125-d66a218669de" testId="de021282-7cec-3979-835f-b1c9eb40741d" testName="BabaPlay.Tests.Unit.Domain.PlayerPositionTests.Create_EmptyPositionId_ThrowsValidationException" computerName="Rony" duration="00:00:00.0028692" startTime="2026-05-03T22:44:38.9516968-03:00" endTime="2026-05-03T22:44:38.9516969-03:00" testType="13cdc9d9-ddb5-4fa4-a97d-d965ccfc6d4b" outcome="Passed" testListId="8c84fa94-04c1-424b-9868-57a2d4851a1d" relativeResultsDirectory="ea1fb473-85b8-47f7-9125-d66a218669de" />
    <UnitTestResult executionId="1913353c-6f6a-42bc-ade6-f4ae0981d6ea" testId="8807f528-ed55-6217-b727-c8434c3da039" testName="BabaPlay.Tests.Unit.Domain.UserRoleTests.Create_ValidData_ReturnsAssignment" computerName="Rony" duration="00:00:00.0028286" startTime="2026-05-03T22:44:38.9660141-03:00" endTime="2026-05-03T22:44:38.9660142-03:00" testType="13cdc9d9-ddb5-4fa4-a97d-d965ccfc6d4b" outcome="Passed" testListId="8c84fa94-04c1-424b-9868-57a2d4851a1d" relativeResultsDirectory="1913353c-6f6a-42bc-ade6-f4ae0981d6ea" />
    <UnitTestResult executionId="f25a0ba2-1e1a-4d0e-80e9-35c25abd4100" testId="6e1ebd15-ae0c-1cc5-f151-5cf3acf33ebe" testName="BabaPlay.Tests.Integration.GameDayIntegrationTests.PutStatus_ValidTransition_ShouldReturn200" computerName="Rony" duration="00:00:00.0243709" startTime="2026-05-03T22:44:41.3154023-03:00" endTime="2026-05-03T22:44:41.3154024-03:00" testType="13cdc9d9-ddb5-4fa4-a97d-d965ccfc6d4b" outcome="Passed" testListId="8c84fa94-04c1-424b-9868-57a2d4851a1d" relativeResultsDirectory="f25a0ba2-1e1a-4d0e-80e9-35c25abd4100" />
    <UnitTestResult executionId="63c61be2-7e55-4133-a871-083251f2e82a" testId="fe5adc48-484e-4771-ea1f-e74d0daabf7a" testName="BabaPlay.Tests.Unit.Domain.GameDayTests.Create_EmptyTenantId_ThrowsValidationException" computerName="Rony" duration="00:00:00.0004531" startTime="2026-05-03T22:44:38.9146610-03:00" endTime="2026-05-03T22:44:38.9146611-03:00" testType="13cdc9d9-ddb5-4fa4-a97d-d965ccfc6d4b" outcome="Passed" testListId="8c84fa94-04c1-424b-9868-57a2d4851a1d" relativeResultsDirectory="63c61be2-7e55-4133-a871-083251f2e82a" />
    <UnitTestResult executionId="edc5067b-172c-4d22-b98d-03b266aafbd1" testId="2af39124-e5f2-002f-23fa-7d2e26d28875" testName="BabaPlay.Tests.Unit.Domain.PlayerTests.Deactivate_AlreadyInactive_IsIdempotent" computerName="Rony" duration="00:00:00.0018189" startTime="2026-05-03T22:44:38.9309209-03:00" endTime="2026-05-03T22:44:38.9309209-03:00" testType="13cdc9d9-ddb5-4fa4-a97d-d965ccfc6d4b" outcome="Passed" testListId="8c84fa94-04c1-424b-9868-57a2d4851a1d" relativeResultsDirectory="edc5067b-172c-4d22-b98d-03b266aafbd1" />
    <UnitTestResult executionId="10f53fd8-c036-43f7-8d4f-3affda4ed196" testId="8097ff38-f171-66cd-184a-b81c136ebc02" testName="BabaPlay.Tests.Unit.Application.Tenants.CreateTenantCommandHandlerTests.Handle_EmptySlug_ShouldReturnTenantSlugRequired" computerName="Rony" duration="00:00:00.1126070" startTime="2026-05-03T22:44:38.9389609-03:00" endTime="2026-05-03T22:44:38.9389610-03:00" testType="13cdc9d9-ddb5-4fa4-a97d-d965ccfc6d4b" outcome="Passed" testListId="8c84fa94-04c1-424b-9868-57a2d4851a1d" relativeResultsDirectory="10f53fd8-c036-43f7-8d4f-3affda4ed196" />
    <UnitTestResult executionId="45430f0f-5292-4fd0-b1e8-bf9acca70fc6" testId="c1e7a570-fba6-6ec2-f2b5-0b254c223606" testName="BabaPlay.Tests.Unit.Application.Auth.RefreshTokenCommandHandlerTests.Handle_ValidToken_ShouldRotateAndReturnNewTokenPair" computerName="Rony" duration="00:00:00.0117194" startTime="2026-05-03T22:44:38.9785490-03:00" endTime="2026-05-03T22:44:38.9785491-03:00" testType="13cdc9d9-ddb5-4fa4-a97d-d965ccfc6d4b" outcome="Passed" testListId="8c84fa94-04c1-424b-9868-57a2d4851a1d" relativeResultsDirectory="45430f0f-5292-4fd0-b1e8-bf9acca70fc6" />
    <UnitTestResult executionId="278a9b14-8e2c-411e-a319-593c0455d023" testId="d464f9e7-bfe3-26f8-06a4-bc829d81bf17" testName="BabaPlay.Tests.Unit.Application.Tenants.GetTenantStatusQueryHandlerTests.Handle_TenantFound_ShouldReturnTenantResponse" computerName="Rony" duration="00:00:00.0125768" startTime="2026-05-03T22:44:38.9833800-03:00" endTime="2026-05-03T22:44:38.9833801-03:00" testType="13cdc9d9-ddb5-4fa4-a97d-d965ccfc6d4b" outcome="Passed" testListId="8c84fa94-04c1-424b-9868-57a2d4851a1d" relativeResultsDirectory="278a9b14-8e2c-411e-a319-593c0455d023" />
    <UnitTestResult executionId="03af8abc-a6e7-4ae1-bc48-bf2fa6a081fe" testId="88b25211-89fc-6d33-603a-23acd3970cc8" testName="BabaPlay.Tests.Unit.Domain.PositionTests.Create_ValidData_ReturnsActivePosition" computerName="Rony" duration="00:00:00.0006284" startTime="2026-05-03T22:44:38.9922409-03:00" endTime="2026-05-03T22:44:38.9922409-03:00" testType="13cdc9d9-ddb5-4fa4-a97d-d965ccfc6d4b" outcome="Passed" testListId="8c84fa94-04c1-424b-9868-57a2d4851a1d" relativeResultsDirectory="03af8abc-a6e7-4ae1-bc48-bf2fa6a081fe" />
    <UnitTestResult executionId="c873ab5e-e6b6-4f57-a158-b0a63eade80f" testId="e141aeb7-85a9-55f8-a81f-430b97268887" testName="BabaPlay.Tests.Unit.Application.Positions.DeletePositionCommandHandlerTests.Handle_PositionInUse_ShouldReturnConflict" computerName="Rony" duration="00:00:00.0241161" startTime="2026-05-03T22:44:38.9392587-03:00" endTime="2026-05-03T22:44:38.9392588-03:00" testType="13cdc9d9-ddb5-4fa4-a97d-d965ccfc6d4b" outcome="Passed" testListId="8c84fa94-04c1-424b-9868-57a2d4851a1d" relativeResultsDirectory="c873ab5e-e6b6-4f57-a158-b0a63eade80f" />
    <UnitTestResult executionId="2fddb69e-38d4-420f-9f6f-32a8c7b00937" testId="ece4ea2c-99ad-db1f-477d-2e4e651984fc" testName="BabaPlay.Tests.Integration.TenantIntegrationTests.Request_WithValidTenantSlugHeader_ShouldResolveAndSucceed" computerName="Rony" duration="00:00:00.0866672" startTime="2026-05-03T22:44:40.7486274-03:00" endTime="2026-05-03T22:44:40.7486275-03:00" testType="13cdc9d9-ddb5-4fa4-a97d-d965ccfc6d4b" outcome="Passed" testListId="8c84fa94-04c1-424b-9868-57a2d4851a1d" relativeResultsDirectory="2fddb69e-38d4-420f-9f6f-32a8c7b00937" />
    <UnitTestResult executionId="171818fa-eb13-4754-a7c0-19a8bf0991a6" testId="69bf58e2-6b1b-babb-7ddd-8ae6d09b29ad" testName="BabaPlay.Tests.Unit.Application.GameDays.UpdateGameDayCommandHandlerTests.Handle_GameDayNotFound_ShouldReturnGameDayNotFound" computerName="Rony" duration="00:00:00.0040189" startTime="2026-05-03T22:44:38.9324171-03:00" endTime="2026-05-03T22:44:38.9324172-03:00" testType="13cdc9d9-ddb5-4fa4-a97d-d965ccfc6d4b" outcome="Passed" testListId="8c84fa94-04c1-424b-9868-57a2d4851a1d" relativeResultsDirectory="171818fa-eb13-4754-a7c0-19a8bf0991a6" />
    <UnitTestResult executionId="68b338fb-f3e9-49e1-b91d-9040149e2cdc" testId="9c47d148-bcbd-139a-9585-ea98c65c3a60" testName="BabaPlay.Tests.Unit.Domain.EntityBaseTests.Create_NewEntity_ShouldHaveCreatedAt" computerName="Rony" duration="00:00:00.0012749" startTime="2026-05-03T22:44:38.9850662-03:00" endTime="2026-05-03T22:44:38.9850664-03:00" testType="13cdc9d9-ddb5-4fa4-a97d-d965ccfc6d4b" outcome="Passed" testListId="8c84fa94-04c1-424b-9868-57a2d4851a1d" relativeResultsDirectory="68b338fb-f3e9-49e1-b91d-9040149e2cdc" />
[...]
      LIMIT 1
info: Microsoft.EntityFrameworkCore.Database.Command[20101]
      Executed DbCommand (0ms) [Parameters=[@slug='?' (Size = 18)], CommandType='Text', CommandTimeout='30']
      SELECT "t"."Id", "t"."AssociationLatitude", "t"."AssociationLongitude", "t"."CheckinRadiusMeters", "t"."ConnectionString", "t"."CreatedAt", "t"."DatabaseName", "t"."IsActive", "t"."Name", "t"."ProvisioningStatus", "t"."Slug"
      FROM "Tenants" AS "t"
      WHERE "t"."Slug" = @slug
      LIMIT 1
info: Microsoft.EntityFrameworkCore.Database.Command[20101]
      Executed DbCommand (0ms) [Parameters=[@slug='?' (Size = 18)], CommandType='Text', CommandTimeout='30']
      SELECT "t"."Id", "t"."AssociationLatitude", "t"."AssociationLongitude", "t"."CheckinRadiusMeters", "t"."ConnectionString", "t"."CreatedAt", "t"."DatabaseName", "t"."IsActive", "t"."Name", "t"."ProvisioningStatus", "t"."Slug"
      FROM "Tenants" AS "t"
      WHERE "t"."Slug" = @slug
      LIMIT 1
info: Microsoft.EntityFrameworkCore.Database.Command[20101]
      Executed DbCommand (0ms) [Parameters=[@slug='?' (Size = 18)], CommandType='Text', CommandTimeout='30']
      SELECT "t"."Id", "t"."AssociationLatitude", "t"."AssociationLongitude", "t"."CheckinRadiusMeters", "t"."ConnectionString", "t"."CreatedAt", "t"."DatabaseName", "t"."IsActive", "t"."Name", "t"."ProvisioningStatus", "t"."Slug"
      FROM "Tenants" AS "t"
      WHERE "t"."Slug" = @slug
      LIMIT 1
info: Microsoft.EntityFrameworkCore.Database.Command[20101]
      Executed DbCommand (0ms) [Parameters=[@slug='?' (Size = 18)], CommandType='Text', CommandTimeout='30']
      SELECT "t"."Id", "t"."AssociationLatitude", "t"."AssociationLongitude", "t"."CheckinRadiusMeters", "t"."ConnectionString", "t"."CreatedAt", "t"."DatabaseName", "t"."IsActive", "t"."Name", "t"."ProvisioningStatus", "t"."Slug"
      FROM "Tenants" AS "t"
      WHERE "t"."Slug" = @slug
      LIMIT 1
info: Microsoft.Hosting.Lifetime[0]
      Application is shutting down...
info: BabaPlay.Infrastructure.Workers.TenantProvisioningWorker[0]
      TenantProvisioningWorker stopped.
info: Microsoft.EntityFrameworkCore.Database.Command[20101]
      Executed DbCommand (0ms) [Parameters=[@slug='?' (Size = 18)], CommandType='Text', CommandTimeout='30']
      SELECT "t"."Id", "t"."AssociationLatitude", "t"."AssociationLongitude", "t"."CheckinRadiusMeters", "t"."ConnectionString", "t"."CreatedAt", "t"."DatabaseName", "t"."IsActive", "t"."Name", "t"."ProvisioningStatus", "t"."Slug"
      FROM "Tenants" AS "t"
      WHERE "t"."Slug" = @slug
      LIMIT 1
info: Microsoft.EntityFrameworkCore.Database.Command[20101]
      Executed DbCommand (0ms) [Parameters=[@p='?' (Size = 36)], CommandType='Text', CommandTimeout='30']
      SELECT "a"."Id", "a"."AccessFailedCount", "a"."ConcurrencyStamp", "a"."CreatedAt", "a"."Email", "a"."EmailConfirmed", "a"."IsActive", "a"."LockoutEnabled", "a"."LockoutEnd", "a"."NormalizedEmail", "a"."NormalizedUserName", "a"."PasswordHash", "a"."PhoneNumber", "a"."PhoneNumberConfirmed", "a"."SecurityStamp", "a"."TwoFactorEnabled", "a"."UserName"
      FROM "AspNetUsers" AS "a"
      WHERE "a"."Id" = @p
      LIMIT 1
info: Microsoft.EntityFrameworkCore.Database.Command[20101]
      Executed DbCommand (0ms) [Parameters=[@slug='?' (Size = 18)], CommandType='Text', CommandTimeout='30']
      SELECT "t"."Id", "t"."AssociationLatitude", "t"."AssociationLongitude", "t"."CheckinRadiusMeters", "t"."ConnectionString", "t"."CreatedAt", "t"."DatabaseName", "t"."IsActive", "t"."Name", "t"."ProvisioningStatus", "t"."Slug"
      FROM "Tenants" AS "t"
      WHERE "t"."Slug" = @slug
      LIMIT 1
info: Microsoft.EntityFrameworkCore.Database.Command[20101]
      Executed DbCommand (0ms) [Parameters=[@slug='?' (Size = 18)], CommandType='Text', CommandTimeout='30']
      SELECT "t"."Id", "t"."AssociationLatitude", "t"."AssociationLongitude", "t"."CheckinRadiusMeters", "t"."ConnectionString", "t"."CreatedAt", "t"."DatabaseName", "t"."IsActive", "t"."Name", "t"."ProvisioningStatus", "t"."Slug"
      FROM "Tenants" AS "t"
      WHERE "t"."Slug" = @slug
      LIMIT 1
info: Microsoft.EntityFrameworkCore.Database.Command[20101]
      Executed DbCommand (0ms) [Parameters=[@slug='?' (Size = 18)], CommandType='Text', CommandTimeout='30']
      SELECT "t"."Id", "t"."AssociationLatitude", "t"."AssociationLongitude", "t"."CheckinRadiusMeters", "t"."ConnectionString", "t"."CreatedAt", "t"."DatabaseName", "t"."IsActive", "t"."Name", "t"."ProvisioningStatus", "t"."Slug"
      FROM "Tenants" AS "t"
      WHERE "t"."Slug" = @slug
      LIMIT 1
info: Microsoft.EntityFrameworkCore.Database.Command[20101]
      Executed DbCommand (0ms) [Parameters=[@slug='?' (Size = 18)], CommandType='Text', CommandTimeout='30']
      SELECT "t"."Id", "t"."AssociationLatitude", "t"."AssociationLongitude", "t"."CheckinRadiusMeters", "t"."ConnectionString", "t"."CreatedAt", "t"."DatabaseName", "t"."IsActive", "t"."Name", "t"."ProvisioningStatus", "t"."Slug"
      FROM "Tenants" AS "t"
      WHERE "t"."Slug" = @slug
      LIMIT 1
info: Microsoft.EntityFrameworkCore.Database.Command[20101]
      Executed DbCommand (0ms) [Parameters=[@p='?' (Size = 36)], CommandType='Text', CommandTimeout='30']
      SELECT "a"."Id", "a"."AccessFailedCount", "a"."ConcurrencyStamp", "a"."CreatedAt", "a"."Email", "a"."EmailConfirmed", "a"."IsActive", "a"."LockoutEnabled", "a"."LockoutEnd", "a"."NormalizedEmail", "a"."NormalizedUserName", "a"."PasswordHash", "a"."PhoneNumber", "a"."PhoneNumberConfirmed", "a"."SecurityStamp", "a"."TwoFactorEnabled", "a"."UserName"
      FROM "AspNetUsers" AS "a"
      WHERE "a"."Id" = @p
      LIMIT 1
info: Microsoft.EntityFrameworkCore.Database.Command[20101]
      Executed DbCommand (0ms) [Parameters=[@slug='?' (Size = 18)], CommandType='Text', CommandTimeout='30']
      SELECT "t"."Id", "t"."AssociationLatitude", "t"."AssociationLongitude", "t"."CheckinRadiusMeters", "t"."ConnectionString", "t"."CreatedAt", "t"."DatabaseName", "t"."IsActive", "t"."Name", "t"."ProvisioningStatus", "t"."Slug"
      FROM "Tenants" AS "t"
      WHERE "t"."Slug" = @slug
      LIMIT 1
info: Microsoft.EntityFrameworkCore.Database.Command[20101]
      Executed DbCommand (0ms) [Parameters=[@slug='?' (Size = 18)], CommandType='Text', CommandTimeout='30']
      SELECT "t"."Id", "t"."AssociationLatitude", "t"."AssociationLongitude", "t"."CheckinRadiusMeters", "t"."ConnectionString", "t"."CreatedAt", "t"."DatabaseName", "t"."IsActive", "t"."Name", "t"."ProvisioningStatus", "t"."Slug"
      FROM "Tenants" AS "t"
      WHERE "t"."Slug" = @slug
      LIMIT 1
info: Microsoft.EntityFrameworkCore.Database.Command[20101]
      Executed DbCommand (0ms) [Parameters=[@p='?' (Size = 36)], CommandType='Text', CommandTimeout='30']
      SELECT "a"."Id", "a"."AccessFailedCount", "a"."ConcurrencyStamp", "a"."CreatedAt", "a"."Email", "a"."EmailConfirmed", "a"."IsActive", "a"."LockoutEnabled", "a"."LockoutEnd", "a"."NormalizedEmail", "a"."NormalizedUserName", "a"."PasswordHash", "a"."PhoneNumber", "a"."PhoneNumberConfirmed", "a"."SecurityStamp", "a"."TwoFactorEnabled", "a"."UserName"
      FROM "AspNetUsers" AS "a"
      WHERE "a"."Id" = @p
      LIMIT 1
info: Microsoft.EntityFrameworkCore.Database.Command[20101]
      Executed DbCommand (0ms) [Parameters=[@slug='?' (Size = 18)], CommandType='Text', CommandTimeout='30']
      SELECT "t"."Id", "t"."AssociationLatitude", "t"."AssociationLongitude", "t"."CheckinRadiusMeters", "t"."ConnectionString", "t"."CreatedAt", "t"."DatabaseName", "t"."IsActive", "t"."Name", "t"."ProvisioningStatus", "t"."Slug"
      FROM "Tenants" AS "t"
      WHERE "t"."Slug" = @slug
      LIMIT 1
info: Microsoft.EntityFrameworkCore.Database.Command[20101]
      Executed DbCommand (0ms) [Parameters=[@slug='?' (Size = 18)], CommandType='Text', CommandTimeout='30']
      SELECT "t"."Id", "t"."AssociationLatitude", "t"."AssociationLongitude", "t"."CheckinRadiusMeters", "t"."ConnectionString", "t"."CreatedAt", "t"."DatabaseName", "t"."IsActive", "t"."Name", "t"."ProvisioningStatus", "t"."Slug"
      FROM "Tenants" AS "t"
      WHERE "t"."Slug" = @slug
      LIMIT 1
info: Microsoft.EntityFrameworkCore.Database.Command[20101]
      Executed DbCommand (0ms) [Parameters=[@tenantId='?' (DbType = Guid)], CommandType='Text', CommandTimeout='30']
      SELECT "t"."AssociationLatitude", "t"."AssociationLongitude", "t"."CheckinRadiusMeters"
      FROM "Tenants" AS "t"
      WHERE "t"."Id" = @tenantId AND "t"."IsActive"
      LIMIT 1
info: Microsoft.EntityFrameworkCore.Database.Command[20101]
      Executed DbCommand (0ms) [Parameters=[@slug='?' (Size = 18)], CommandType='Text', CommandTimeout='30']
      SELECT "t"."Id", "t"."AssociationLatitude", "t"."AssociationLongitude", "t"."CheckinRadiusMeters", "t"."ConnectionString", "t"."CreatedAt", "t"."DatabaseName", "t"."IsActive", "t"."Name", "t"."ProvisioningStatus", "t"."Slug"
      FROM "Tenants" AS "t"
      WHERE "t"."Slug" = @slug
      LIMIT 1
info: Microsoft.EntityFrameworkCore.Database.Command[20101]
      Executed DbCommand (0ms) [Parameters=[@p='?' (Size = 36)], CommandType='Text', CommandTimeout='30']
      SELECT "a"."Id", "a"."AccessFailedCount", "a"."ConcurrencyStamp", "a"."CreatedAt", "a"."Email", "a"."EmailConfirmed", "a"."IsActive", "a"."LockoutEnabled", "a"."LockoutEnd", "a"."NormalizedEmail", "a"."NormalizedUserName", "a"."PasswordHash", "a"."PhoneNumber", "a"."PhoneNumberConfirmed", "a"."SecurityStamp", "a"."TwoFactorEnabled", "a"."UserName"
      FROM "AspNetUsers" AS "a"
      WHERE "a"."Id" = @p
      LIMIT 1
info: Microsoft.EntityFrameworkCore.Database.Command[20101]
      Executed DbCommand (0ms) [Parameters=[@slug='?' (Size = 18)], CommandType='Text', CommandTimeout='30']
      SELECT "t"."Id", "t"."AssociationLatitude", "t"."AssociationLongitude", "t"."CheckinRadiusMeters", "t"."ConnectionString", "t"."CreatedAt", "t"."DatabaseName", "t"."IsActive", "t"."Name", "t"."ProvisioningStatus", "t"."Slug"
      FROM "Tenants" AS "t"
      WHERE "t"."Slug" = @slug
      LIMIT 1
info: Microsoft.EntityFrameworkCore.Database.Command[20101]
      Executed DbCommand (0ms) [Parameters=[@slug='?' (Size = 18)], CommandType='Text', CommandTimeout='30']
      SELECT "t"."Id", "t"."AssociationLatitude", "t"."AssociationLongitude", "t"."CheckinRadiusMeters", "t"."ConnectionString", "t"."CreatedAt", "t"."DatabaseName", "t"."IsActive", "t"."Name", "t"."ProvisioningStatus", "t"."Slug"
      FROM "Tenants" AS "t"
      WHERE "t"."Slug" = @slug
      LIMIT 1
info: Microsoft.EntityFrameworkCore.Database.Command[20101]
      Executed DbCommand (0ms) [Parameters=[@slug='?' (Size = 18)], CommandType='Text', CommandTimeout='30']
      SELECT "t"."Id", "t"."AssociationLatitude", "t"."AssociationLongitude", "t"."CheckinRadiusMeters", "t"."ConnectionString", "t"."CreatedAt", "t"."DatabaseName", "t"."IsActive", "t"."Name", "t"."ProvisioningStatus", "t"."Slug"
      FROM "Tenants" AS "t"
      WHERE "t"."Slug" = @slug
      LIMIT 1
info: Microsoft.EntityFrameworkCore.Database.Command[20101]
      Executed DbCommand (0ms) [Parameters=[@p='?' (Size = 36)], CommandType='Text', CommandTimeout='30']
      SELECT "a"."Id", "a"."AccessFailedCount", "a"."ConcurrencyStamp", "a"."CreatedAt", "a"."Email", "a"."EmailConfirmed", "a"."IsActive", "a"."LockoutEnabled", "a"."LockoutEnd", "a"."NormalizedEmail", "a"."NormalizedUserName", "a"."PasswordHash", "a"."PhoneNumber", "a"."PhoneNumberConfirmed", "a"."SecurityStamp", "a"."TwoFactorEnabled", "a"."UserName"
      FROM "AspNetUsers" AS "a"
      WHERE "a"."Id" = @p
      LIMIT 1
info: Microsoft.EntityFrameworkCore.Database.Command[20101]
      Executed DbCommand (0ms) [Parameters=[@slug='?' (Size = 18)], CommandType='Text', CommandTimeout='30']
      SELECT "t"."Id", "t"."AssociationLatitude", "t"."AssociationLongitude", "t"."CheckinRadiusMeters", "t"."ConnectionString", "t"."CreatedAt", "t"."DatabaseName", "t"."IsActive", "t"."Name", "t"."ProvisioningStatus", "t"."Slug"
      FROM "Tenants" AS "t"
      WHERE "t"."Slug" = @slug
      LIMIT 1
info: Microsoft.EntityFrameworkCore.Database.Command[20101]
      Executed DbCommand (0ms) [Parameters=[@p='?' (Size = 36)], CommandType='Text', CommandTimeout='30']
      SELECT "a"."Id", "a"."AccessFailedCount", "a"."ConcurrencyStamp", "a"."CreatedAt", "a"."Email", "a"."EmailConfirmed", "a"."IsActive", "a"."LockoutEnabled", "a"."LockoutEnd", "a"."NormalizedEmail", "a"."NormalizedUserName", "a"."PasswordHash", "a"."PhoneNumber", "a"."PhoneNumberConfirmed", "a"."SecurityStamp", "a"."TwoFactorEnabled", "a"."UserName"
      FROM "AspNetUsers" AS "a"
      WHERE "a"."Id" = @p
      LIMIT 1
info: Microsoft.EntityFrameworkCore.Database.Command[20101]
      Executed DbCommand (0ms) [Parameters=[@slug='?' (Size = 18)], CommandType='Text', CommandTimeout='30']
      SELECT "t"."Id", "t"."AssociationLatitude", "t"."AssociationLongitude", "t"."CheckinRadiusMeters", "t"."ConnectionString", "t"."CreatedAt", "t"."DatabaseName", "t"."IsActive", "t"."Name", "t"."ProvisioningStatus", "t"."Slug"
      FROM "Tenants" AS "t"
      WHERE "t"."Slug" = @slug
      LIMIT 1
info: Microsoft.EntityFrameworkCore.Database.Command[20101]
      Executed DbCommand (0ms) [Parameters=[@slug='?' (Size = 18)], CommandType='Text', CommandTimeout='30']
      SELECT "t"."Id", "t"."AssociationLatitude", "t"."AssociationLongitude", "t"."CheckinRadiusMeters", "t"."ConnectionString", "t"."CreatedAt", "t"."DatabaseName", "t"."IsActive", "t"."Name", "t"."ProvisioningStatus", "t"."Slug"
      FROM "Tenants" AS "t"
      WHERE "t"."Slug" = @slug
      LIMIT 1
info: Microsoft.EntityFrameworkCore.Database.Command[20101]
      Executed DbCommand (0ms) [Parameters=[@slug='?' (Size = 18)], CommandType='Text', CommandTimeout='30']
      SELECT "t"."Id", "t"."AssociationLatitude", "t"."AssociationLongitude", "t"."CheckinRadiusMeters", "t"."ConnectionString", "t"."CreatedAt", "t"."DatabaseName", "t"."IsActive", "t"."Name", "t"."ProvisioningStatus", "t"."Slug"
      FROM "Tenants" AS "t"
      WHERE "t"."Slug" = @slug
      LIMIT 1
info: Microsoft.EntityFrameworkCore.Database.Command[20101]
      Executed DbCommand (0ms) [Parameters=[@slug='?' (Size = 18)], CommandType='Text', CommandTimeout='30']
      SELECT "t"."Id", "t"."AssociationLatitude", "t"."AssociationLongitude", "t"."CheckinRadiusMeters", "t"."ConnectionString", "t"."CreatedAt", "t"."DatabaseName", "t"."IsActive", "t"."Name", "t"."ProvisioningStatus", "t"."Slug"
      FROM "Tenants" AS "t"
      WHERE "t"."Slug" = @slug
      LIMIT 1
info: Microsoft.EntityFrameworkCore.Database.Command[20101]
      Executed DbCommand (0ms) [Parameters=[@slug='?' (Size = 18)], CommandType='Text', CommandTimeout='30']
      SELECT "t"."Id", "t"."AssociationLatitude", "t"."AssociationLongitude", "t"."CheckinRadiusMeters", "t"."ConnectionString", "t"."CreatedAt", "t"."DatabaseName", "t"."IsActive", "t"."Name", "t"."ProvisioningStatus", "t"."Slug"
      FROM "Tenants" AS "t"
      WHERE "t"."Slug" = @slug
      LIMIT 1
info: Microsoft.EntityFrameworkCore.Database.Command[20101]
      Executed DbCommand (0ms) [Parameters=[@tenantId='?' (DbType = Guid)], CommandType='Text', CommandTimeout='30']
      SELECT "t"."AssociationLatitude", "t"."AssociationLongitude", "t"."CheckinRadiusMeters"
      FROM "Tenants" AS "t"
      WHERE "t"."Id" = @tenantId AND "t"."IsActive"
      LIMIT 1
info: Microsoft.EntityFrameworkCore.Database.Command[20101]
      Executed DbCommand (0ms) [Parameters=[@slug='?' (Size = 18)], CommandType='Text', CommandTimeout='30']
      SELECT "t"."Id", "t"."AssociationLatitude", "t"."AssociationLongitude", "t"."CheckinRadiusMeters", "t"."ConnectionString", "t"."CreatedAt", "t"."DatabaseName", "t"."IsActive", "t"."Name", "t"."ProvisioningStatus", "t"."Slug"
      FROM "Tenants" AS "t"
      WHERE "t"."Slug" = @slug
      LIMIT 1
info: Microsoft.EntityFrameworkCore.Database.Command[20101]
      Executed DbCommand (0ms) [Parameters=[@tenantId='?' (DbType = Guid)], CommandType='Text', CommandTimeout='30']
      SELECT "t"."AssociationLatitude", "t"."AssociationLongitude", "t"."CheckinRadiusMeters"
      FROM "Tenants" AS "t"
      WHERE "t"."Id" = @tenantId AND "t"."IsActive"
      LIMIT 1
info: Microsoft.EntityFrameworkCore.Database.Command[20101]
      Executed DbCommand (0ms) [Parameters=[@slug='?' (Size = 18)], CommandType='Text', CommandTimeout='30']
      SELECT "t"."Id", "t"."AssociationLatitude", "t"."AssociationLongitude", "t"."CheckinRadiusMeters", "t"."ConnectionString", "t"."CreatedAt", "t"."DatabaseName", "t"."IsActive", "t"."Name", "t"."ProvisioningStatus", "t"."Slug"
      FROM "Tenants" AS "t"
      WHERE "t"."Slug" = @slug
      LIMIT 1
info: Microsoft.EntityFrameworkCore.Database.Command[20101]
      Executed DbCommand (0ms) [Parameters=[@slug='?' (Size = 18)], CommandType='Text', CommandTimeout='30']
      SELECT "t"."Id", "t"."AssociationLatitude", "t"."AssociationLongitude", "t"."CheckinRadiusMeters", "t"."ConnectionString", "t"."CreatedAt", "t"."DatabaseName", "t"."IsActive", "t"."Name", "t"."ProvisioningStatus", "t"."Slug"
      FROM "Tenants" AS "t"
      WHERE "t"."Slug" = @slug
      LIMIT 1
info: Microsoft.EntityFrameworkCore.Database.Command[20101]
      Executed DbCommand (0ms) [Parameters=[@p='?' (Size = 36)], CommandType='Text', CommandTimeout='30']
      SELECT "a"."Id", "a"."AccessFailedCount", "a"."ConcurrencyStamp", "a"."CreatedAt", "a"."Email", "a"."EmailConfirmed", "a"."IsActive", "a"."LockoutEnabled", "a"."LockoutEnd", "a"."NormalizedEmail", "a"."NormalizedUserName", "a"."PasswordHash", "a"."PhoneNumber", "a"."PhoneNumberConfirmed", "a"."SecurityStamp", "a"."TwoFactorEnabled", "a"."UserName"
      FROM "AspNetUsers" AS "a"
      WHERE "a"."Id" = @p
      LIMIT 1
info: Microsoft.Hosting.Lifetime[0]
      Application is shutting down...
info: BabaPlay.Infrastructure.Workers.TenantProvisioningWorker[0]
      TenantProvisioningWorker stopped.
info: Microsoft.EntityFrameworkCore.Database.Command[20101]
      Executed DbCommand (0ms) [Parameters=[@slug='?' (Size = 18)], CommandType='Text', CommandTimeout='30']
      SELECT "t"."Id", "t"."AssociationLatitude", "t"."AssociationLongitude", "t"."CheckinRadiusMeters", "t"."ConnectionString", "t"."CreatedAt", "t"."DatabaseName", "t"."IsActive", "t"."Name", "t"."ProvisioningStatus", "t"."Slug"
      FROM "Tenants" AS "t"
      WHERE "t"."Slug" = @slug
      LIMIT 1
info: Microsoft.EntityFrameworkCore.Database.Command[20101]
      Executed DbCommand (0ms) [Parameters=[@slug='?' (Size = 18)], CommandType='Text', CommandTimeout='30']
      SELECT "t"."Id", "t"."AssociationLatitude", "t"."AssociationLongitude", "t"."CheckinRadiusMeters", "t"."ConnectionString", "t"."CreatedAt", "t"."DatabaseName", "t"."IsActive", "t"."Name", "t"."ProvisioningStatus", "t"."Slug"
      FROM "Tenants" AS "t"
      WHERE "t"."Slug" = @slug
      LIMIT 1
info: Microsoft.EntityFrameworkCore.Database.Command[20101]
      Executed DbCommand (0ms) [Parameters=[@slug='?' (Size = 18)], CommandType='Text', CommandTimeout='30']
      SELECT "t"."Id", "t"."AssociationLatitude", "t"."AssociationLongitude", "t"."CheckinRadiusMeters", "t"."ConnectionString", "t"."CreatedAt", "t"."DatabaseName", "t"."IsActive", "t"."Name", "t"."ProvisioningStatus", "t"."Slug"
      FROM "Tenants" AS "t"
      WHERE "t"."Slug" = @slug
      LIMIT 1
info: Microsoft.Hosting.Lifetime[0]
      Application is shutting down...
info: BabaPlay.Infrastructure.Workers.TenantProvisioningWorker[0]
      TenantProvisioningWorker stopped.
[xUnit.net 00:00:03.49]   Finished:    BabaPlay.Tests
</StdOut>
    </Output>
    <CollectorDataEntries>
      <Collector agentName="Rony" uri="datacollector://microsoft/CoverletCodeCoverage/1.0" collectorDisplayName="XPlat code coverage">
        <UriAttachments>
          <UriAttachment>
            <A href="Rony/coverage.cobertura.xml"></A>
          </UriAttachment>
        </UriAttachments>
      </Collector>
    </CollectorDataEntries>
  </ResultSummary>
</TestRun>