<?xml version="1.0" encoding="utf-8"?>
<TestRun id="3f7e44f1-6822-46e7-81b1-9d2439ff7906" name="@Rony 2026-05-02 10:23:52" xmlns="http://microsoft.com/schemas/VisualStudio/TeamTest/2010">
  <Times creation="2026-05-02T10:23:52.3473651-03:00" queuing="2026-05-02T10:23:52.3473652-03:00" start="2026-05-02T10:23:44.8541968-03:00" finish="2026-05-02T10:23:55.7022786-03:00" />
  <TestSettings name="default" id="12cb6c6f-abe7-4d57-bd1d-d716cf9a8ed1">
    <Deployment runDeploymentRoot="_Rony_2026-05-02_10_23_52" />
  </TestSettings>
  <Results>
    <UnitTestResult executionId="1c9d1e6b-abdb-4693-903d-dbff247bccc6" testId="ef9cb049-1fd4-1c9d-ec15-8b837cde7dca" testName="BabaPlay.Tests.Unit.Domain.PermissionTests.Create_TrimsCodeAndDescription" computerName="Rony" duration="00:00:00.0280457" startTime="2026-05-02T10:23:52.3041193-03:00" endTime="2026-05-02T10:23:52.3041194-03:00" testType="13cdc9d9-ddb5-4fa4-a97d-d965ccfc6d4b" outcome="Passed" testListId="8c84fa94-04c1-424b-9868-57a2d4851a1d" relativeResultsDirectory="1c9d1e6b-abdb-4693-903d-dbff247bccc6" />
    <UnitTestResult executionId="1140a3ef-97b6-485b-8a84-eca44da9d6a7" testId="bad14eee-dc85-3ed3-48fc-2c6c286bf11a" testName="BabaPlay.Tests.Integration.PlayerIntegrationTests.Post_EmptyName_ShouldReturn422" computerName="Rony" duration="00:00:00.0042771" startTime="2026-05-02T10:23:55.2755354-03:00" endTime="2026-05-02T10:23:55.2755355-03:00" testType="13cdc9d9-ddb5-4fa4-a97d-d965ccfc6d4b" outcome="Passed" testListId="8c84fa94-04c1-424b-9868-57a2d4851a1d" relativeResultsDirectory="1140a3ef-97b6-485b-8a84-eca44da9d6a7" />
    <UnitTestResult executionId="299c455a-f8db-483a-9e12-4463b3787311" testId="39832e8a-71a8-dfa2-213e-ed7b2a29b95d" testName="BabaPlay.Tests.Integration.PlayerIntegrationTests.Put_ExistingPlayer_ShouldReturn200WithUpdatedData" computerName="Rony" duration="00:00:00.0306543" startTime="2026-05-02T10:23:55.3108519-03:00" endTime="2026-05-02T10:23:55.3108520-03:00" testType="13cdc9d9-ddb5-4fa4-a97d-d965ccfc6d4b" outcome="Passed" testListId="8c84fa94-04c1-424b-9868-57a2d4851a1d" relativeResultsDirectory="299c455a-f8db-483a-9e12-4463b3787311" />
    <UnitTestResult executionId="5bdf23c5-b3ad-4c4d-bdc3-60fd0556b683" testId="4f6ffa22-7887-4252-f256-f478b2201804" testName="BabaPlay.Tests.Unit.Domain.RolePermissionTests.Create_EmptyRoleId_ThrowsValidationException" computerName="Rony" duration="00:00:00.0021147" startTime="2026-05-02T10:23:52.3440145-03:00" endTime="2026-05-02T10:23:52.3440146-03:00" testType="13cdc9d9-ddb5-4fa4-a97d-d965ccfc6d4b" outcome="Passed" testListId="8c84fa94-04c1-424b-9868-57a2d4851a1d" relativeResultsDirectory="5bdf23c5-b3ad-4c4d-bdc3-60fd0556b683" />
    <UnitTestResult executionId="b33b72d8-ee4d-445d-b4fb-2e40c5460404" testId="835154cc-436c-5e94-f546-0a47d238b658" testName="BabaPlay.Tests.Unit.Application.Auth.RefreshTokenCommandHandlerTests.Handle_TokenNotFound_ShouldReturnInvalidToken" computerName="Rony" duration="00:00:00.1718266" startTime="2026-05-02T10:23:52.3795840-03:00" endTime="2026-05-02T10:23:52.3795842-03:00" testType="13cdc9d9-ddb5-4fa4-a97d-d965ccfc6d4b" outcome="Passed" testListId="8c84fa94-04c1-424b-9868-57a2d4851a1d" relativeResultsDirectory="b33b72d8-ee4d-445d-b4fb-2e40c5460404" />
    <UnitTestResult executionId="230437d5-8c13-47e3-9286-450368751580" testId="c174dd78-c55f-dda7-2705-670d4cc6895f" testName="BabaPlay.Tests.Unit.Application.Players.UpdatePlayerCommandHandlerTests.Handle_PlayerNotFound_ShouldReturnPlayerNotFound" computerName="Rony" duration="00:00:00.0083965" startTime="2026-05-02T10:23:52.4141423-03:00" endTime="2026-05-02T10:23:52.4141424-03:00" testType="13cdc9d9-ddb5-4fa4-a97d-d965ccfc6d4b" outcome="Passed" testListId="8c84fa94-04c1-424b-9868-57a2d4851a1d" relativeResultsDirectory="230437d5-8c13-47e3-9286-450368751580" />
    <UnitTestResult executionId="5a261d27-1894-48f1-b795-b48be5aa5b21" testId="959bd0df-ec50-f15a-5102-e36d9ad4b865" testName="BabaPlay.Tests.Unit.Domain.PlayerTests.Create_TrimsNameAndNickname" computerName="Rony" duration="00:00:00.0002898" startTime="2026-05-02T10:23:52.3448816-03:00" endTime="2026-05-02T10:23:52.3448818-03:00" testType="13cdc9d9-ddb5-4fa4-a97d-d965ccfc6d4b" outcome="Passed" testListId="8c84fa94-04c1-424b-9868-57a2d4851a1d" relativeResultsDirectory="5a261d27-1894-48f1-b795-b48be5aa5b21" />
    <UnitTestResult executionId="c23dadd9-8779-47e7-b6b8-d2e598055f84" testId="5bbb0b55-d80a-c3f6-26c5-87a9a1e4c2c7" testName="BabaPlay.Tests.Unit.Domain.RolePermissionTests.Create_EmptyPermissionId_ThrowsValidationException" computerName="Rony" duration="00:00:00.0353745" startTime="2026-05-02T10:23:52.3232512-03:00" endTime="2026-05-02T10:23:52.3232513-03:00" testType="13cdc9d9-ddb5-4fa4-a97d-d965ccfc6d4b" outcome="Passed" testListId="8c84fa94-04c1-424b-9868-57a2d4851a1d" relativeResultsDirectory="c23dadd9-8779-47e7-b6b8-d2e598055f84" />
    <UnitTestResult executionId="25569394-ac9d-4a71-be4e-65efc54a0c2e" testId="238c99c4-5913-1606-bbd4-ff9aea505a28" testName="BabaPlay.Tests.Integration.AuthIntegrationTests.POST_RefreshToken_ExpiredToken_ShouldReturn401" computerName="Rony" duration="00:00:00.0078965" startTime="2026-05-02T10:23:54.8476139-03:00" endTime="2026-05-02T10:23:54.8476141-03:00" testType="13cdc9d9-ddb5-4fa4-a97d-d965ccfc6d4b" outcome="Passed" testListId="8c84fa94-04c1-424b-9868-57a2d4851a1d" relativeResultsDirectory="25569394-ac9d-4a71-be4e-65efc54a0c2e" />
    <UnitTestResult executionId="8890097b-1f1a-4157-a669-7b32f041ea36" testId="1639a9b3-6cc0-0bc7-a81d-abf8d327dc30" testName="BabaPlay.Tests.Integration.PlayerIntegrationTests.Post_DuplicateUser_ShouldReturn409" computerName="Rony" duration="00:00:00.0168604" startTime="2026-05-02T10:23:55.2455795-03:00" endTime="2026-05-02T10:23:55.2455796-03:00" testType="13cdc9d9-ddb5-4fa4-a97d-d965ccfc6d4b" outcome="Passed" testListId="8c84fa94-04c1-424b-9868-57a2d4851a1d" relativeResultsDirectory="8890097b-1f1a-4157-a669-7b32f041ea36" />
    <UnitTestResult executionId="422675e9-33d7-4fa4-bfb4-5435ae23ff01" testId="31f5d3ec-9c75-5747-7905-41e8275aa9a5" testName="BabaPlay.Tests.Integration.PlayerIntegrationTests.Delete_ExistingPlayer_ShouldReturn204" computerName="Rony" duration="00:00:02.9392133" startTime="2026-05-02T10:23:55.1464155-03:00" endTime="2026-05-02T10:23:55.1464157-03:00" testType="13cdc9d9-ddb5-4fa4-a97d-d965ccfc6d4b" outcome="Passed" testListId="8c84fa94-04c1-424b-9868-57a2d4851a1d" relativeResultsDirectory="422675e9-33d7-4fa4-bfb4-5435ae23ff01" />
    <UnitTestResult executionId="964ed925-5b56-45f3-b224-5c87f4ae8761" testId="095c18d0-c9b7-cd8e-de73-2aca0af96e13" testName="BabaPlay.Tests.Unit.Domain.UserRoleTests.Create_EmptyRoleId_ThrowsValidationException" computerName="Rony" duration="00:00:00.0010826" startTime="2026-05-02T10:23:52.3430156-03:00" endTime="2026-05-02T10:23:52.3430157-03:00" testType="13cdc9d9-ddb5-4fa4-a97d-d965ccfc6d4b" outcome="Passed" testListId="8c84fa94-04c1-424b-9868-57a2d4851a1d" relativeResultsDirectory="964ed925-5b56-45f3-b224-5c87f4ae8761" />
    <UnitTestResult executionId="d90cb0ac-df93-4325-922b-3688f01c20c6" testId="42c49db2-470f-e09b-176e-3ed0f801524a" testName="BabaPlay.Tests.Unit.Application.Roles.AssignRoleToUserCommandHandlerTests.Handle_ValidRequest_ShouldAssignRole" computerName="Rony" duration="00:00:00.1953523" startTime="2026-05-02T10:23:52.4025712-03:00" endTime="2026-05-02T10:23:52.4025713-03:00" testType="13cdc9d9-ddb5-4fa4-a97d-d965ccfc6d4b" outcome="Passed" testListId="8c84fa94-04c1-424b-9868-57a2d4851a1d" relativeResultsDirectory="d90cb0ac-df93-4325-922b-3688f01c20c6" />
    <UnitTestResult executionId="fbdb1d7c-ced9-40ef-a8d5-46cd08987672" testId="8892d412-4986-9b5e-da2e-5b155a394bf0" testName="BabaPlay.Tests.Unit.Application.Auth.LoginCommandHandlerTests.Handle_ValidCredentials_ShouldReturnAccessAndRefreshTokens" computerName="Rony" duration="00:00:00.0397327" startTime="2026-05-02T10:23:52.4197934-03:00" endTime="2026-05-02T10:23:52.4197935-03:00" testType="13cdc9d9-ddb5-4fa4-a97d-d965ccfc6d4b" outcome="Passed" testListId="8c84fa94-04c1-424b-9868-57a2d4851a1d" relativeResultsDirectory="fbdb1d7c-ced9-40ef-a8d5-46cd08987672" />
    <UnitTestResult executionId="3d542593-b155-4933-ae1f-4b179028d74d" testId="4da3d4e9-cb8d-1476-a639-cb3b4d5e177a" testName="BabaPlay.Tests.Integration.PlayerIntegrationTests.Post_UnknownUser_ShouldReturn404" computerName="Rony" duration="00:00:00.0535445" startTime="2026-05-02T10:23:55.2003263-03:00" endTime="2026-05-02T10:23:55.2003265-03:00" testType="13cdc9d9-ddb5-4fa4-a97d-d965ccfc6d4b" outcome="Passed" testListId="8c84fa94-04c1-424b-9868-57a2d4851a1d" relativeResultsDirectory="3d542593-b155-4933-ae1f-4b179028d74d" />
    <UnitTestResult executionId="096e1223-86c8-4855-a564-a806bacdfafd" testId="a77ed46a-1642-4e12-e55f-d7deb7c19f26" testName="BabaPlay.Tests.Integration.PlayerIntegrationTests.GetById_ExistingPlayer_ShouldReturn200" computerName="Rony" duration="00:00:00.0275632" startTime="2026-05-02T10:23:55.2281241-03:00" endTime="2026-05-02T10:23:55.2281242-03:00" testType="13cdc9d9-ddb5-4fa4-a97d-d965ccfc6d4b" outcome="Passed" testListId="8c84fa94-04c1-424b-9868-57a2d4851a1d" relativeResultsDirectory="096e1223-86c8-4855-a564-a806bacdfafd" />
    <UnitTestResult executionId="382e9a6e-fe69-4ec9-87a6-38fc476c584d" testId="e5562c6e-9a03-3f26-01b3-d5fc7eb5f964" testName="BabaPlay.Tests.Unit.Application.Roles.CreateRoleCommandHandlerTests.Handle_ValidCommand_ShouldCreateRole" computerName="Rony" duration="00:00:00.1907499" startTime="2026-05-02T10:23:52.3990788-03:00" endTime="2026-05-02T10:23:52.3990789-03:00" testType="13cdc9d9-ddb5-4fa4-a97d-d965ccfc6d4b" outcome="Passed" testListId="8c84fa94-04c1-424b-9868-57a2d4851a1d" relativeResultsDirectory="382e9a6e-fe69-4ec9-87a6-38fc476c584d" />
    <UnitTestResult executionId="9cb79b15-b26f-40e6-8c5e-b0cf578d8272" testId="d62e129c-2c24-d689-46c7-02e0cab82e64" testName="BabaPlay.Tests.Unit.Domain.PlayerTests.Create_NullableFieldsOmitted_ReturnsPlayer" computerName="Rony" duration="00:00:00.0301916" startTime="2026-05-02T10:23:52.3057188-03:00" endTime="2026-05-02T10:23:52.3057189-03:00" testType="13cdc9d9-ddb5-4fa4-a97d-d965ccfc6d4b" outcome="Passed" testListId="8c84fa94-04c1-424b-9868-57a2d4851a1d" relativeResultsDirectory="9cb79b15-b26f-40e6-8c5e-b0cf578d8272" />
    <UnitTestResult executionId="ebc319f5-7cb0-4121-bba6-2ab2cea87fd1" testId="d5a53740-0ccb-61cb-eb80-2ec75efda38e" testName="BabaPlay.Tests.Unit.Application.Players.UpdatePlayerCommandHandlerTests.Handle_ValidCommand_ShouldUpdateAndReturnResponse" computerName="Rony" duration="00:00:00.1896929" startTime="2026-05-02T10:23:52.3980027-03:00" endTime="2026-05-02T10:23:52.3980028-03:00" testType="13cdc9d9-ddb5-4fa4-a97d-d965ccfc6d4b" outcome="Passed" testListId="8c84fa94-04c1-424b-9868-57a2d4851a1d" relativeResultsDirectory="ebc319f5-7cb0-4121-bba6-2ab2cea87fd1" />
    <UnitTestResult executionId="f9482d2f-21ce-4533-8cb8-2da5cd138a6a" testId="e00f9246-139b-94db-092b-5026a5e9ba7a" testName="BabaPlay.Tests.Unit.Application.Roles.CreateRoleCommandHandlerTests.Handle_WhitespaceName_ShouldReturnRoleNameRequired" computerName="Rony" duration="00:00:00.0024497" startTime="2026-05-02T10:23:52.4004007-03:00" endTime="2026-05-02T10:23:52.4004007-03:00" testType="13cdc9d9-ddb5-4fa4-a97d-d965ccfc6d4b" outcome="Passed" testListId="8c84fa94-04c1-424b-9868-57a2d4851a1d" relativeResultsDirectory="f9482d2f-21ce-4533-8cb8-2da5cd138a6a" />
    <UnitTestResult executionId="b5bfe5d6-a271-4fac-8a95-61bda3f5d7c8" testId="431b804b-801c-4162-966f-ab874dae7b22" testName="BabaPlay.Tests.Unit.Application.Auth.LoginCommandHandlerTests.Handle_InactiveUser_ShouldReturnUserInactiveError" computerName="Rony" duration="00:00:00.0014587" startTime="2026-05-02T10:23:52.4331435-03:00" endTime="2026-05-02T10:23:52.4331436-03:00" testType="13cdc9d9-ddb5-4fa4-a97d-d965ccfc6d4b" outcome="Passed" testListId="8c84fa94-04c1-424b-9868-57a2d4851a1d" relativeResultsDirectory="b5bfe5d6-a271-4fac-8a95-61bda3f5d7c8" />
    <UnitTestResult executionId="0991bcd1-cd9d-4b9e-a146-ef0e919ad413" testId="2d83bcdc-4db0-704f-5db9-45fc2b87aa0f" testName="BabaPlay.Tests.Unit.Application.Players.CreatePlayerCommandHandlerTests.Handle_UserNotFound_ShouldReturnUserNotFound" computerName="Rony" duration="00:00:00.0064866" startTime="2026-05-02T10:23:52.4301091-03:00" endTime="2026-05-02T10:23:52.4301093-03:00" testType="13cdc9d9-ddb5-4fa4-a97d-d965ccfc6d4b" outcome="Passed" testListId="8c84fa94-04c1-424b-9868-57a2d4851a1d" relativeResultsDirectory="0991bcd1-cd9d-4b9e-a146-ef0e919ad413" />
    <UnitTestResult executionId="9baa4231-bce5-4f43-9de0-61eb4edeb867" testId="039039dc-7e0a-2b88-fd99-6392cc40999d" testName="BabaPlay.Tests.Unit.Application.Players.CreatePlayerCommandHandlerTests.Handle_DuplicateUserId_ShouldReturnPlayerAlreadyExists" computerName="Rony" duration="00:00:00.1244070" startTime="2026-05-02T10:23:52.3927043-03:00" endTime="2026-05-02T10:23:52.3927045-03:00" testType="13cdc9d9-ddb5-4fa4-a97d-d965ccfc6d4b" outcome="Passed" testListId="8c84fa94-04c1-424b-9868-57a2d4851a1d" relativeResultsDirectory="9baa4231-bce5-4f43-9de0-61eb4edeb867" />
    <UnitTestResult executionId="7ad01035-9063-4a21-99ca-c5d988bac032" testId="5118069b-04ba-f77b-d6bc-542355892c88" testName="BabaPlay.Tests.Unit.Application.Tenants.GetTenantStatusQueryHandlerTests.Handle_TenantFound_StatusStringMatchesDtoValue" computerName="Rony" duration="00:00:00.0026717" startTime="2026-05-02T10:23:52.4241612-03:00" endTime="2026-05-02T10:23:52.4241613-03:00" testType="13cdc9d9-ddb5-4fa4-a97d-d965ccfc6d4b" outcome="Passed" testListId="8c84fa94-04c1-424b-9868-57a2d4851a1d" relativeResultsDirectory="7ad01035-9063-4a21-99ca-c5d988bac032" />
    <UnitTestResult executionId="c71abee7-3adf-40c0-a2f8-ceb0b4b3f19d" testId="0d1fe7dd-4da8-b819-a217-4486935f3960" testName="BabaPlay.Tests.Unit.Domain.RoleTests.Create_TrimsAndNormalizesName" computerName="Rony" duration="00:00:00.0003311" startTime="2026-05-02T10:23:52.3522904-03:00" endTime="2026-05-02T10:23:52.3522905-03:00" testType="13cdc9d9-ddb5-4fa4-a97d-d965ccfc6d4b" outcome="Passed" testListId="8c84fa94-04c1-424b-9868-57a2d4851a1d" relativeResultsDirectory="c71abee7-3adf-40c0-a2f8-ceb0b4b3f19d" />
    <UnitTestResult executionId="0a97193f-a0d4-4ed6-add1-05a420a5b2d1" testId="c1e7a570-fba6-6ec2-f2b5-0b254c223606" testName="BabaPlay.Tests.Unit.Application.Auth.RefreshTokenCommandHandlerTests.Handle_ValidToken_ShouldRotateAndReturnNewTokenPair" computerName="Rony" duration="00:00:00.0224846" startTime="2026-05-02T10:23:52.4202320-03:00" endTime="2026-05-02T10:23:52.4202320-03:00" testType="13cdc9d9-ddb5-4fa4-a97d-d965ccfc6d4b" outcome="Passed" testListId="8c84fa94-04c1-424b-9868-57a2d4851a1d" relativeResultsDirectory="0a97193f-a0d4-4ed6-add1-05a420a5b2d1" />
    <UnitTestResult executionId="9f139722-8aa8-4f17-9172-9986bf9c7353" testId="6e410c92-bb30-0788-e14d-77f5c000640a" testName="BabaPlay.Tests.Unit.Application.PingCommandHandlerTests.Handle_EmptySender_ShouldReturnFailure" computerName="Rony" duration="00:00:00.0024489" startTime="2026-05-02T10:23:52.3246496-03:00" endTime="2026-05-02T10:23:52.3246496-03:00" testType="13cdc9d9-ddb5-4fa4-a97d-d965ccfc6d4b" outcome="Passed" testListId="8c84fa94-04c1-424b-9868-57a2d4851a1d" relativeResultsDirectory="9f139722-8aa8-4f17-9172-9986bf9c7353" />
    <UnitTestResult executionId="a1bb3723-cdda-4628-9b4c-78569f12fffa" testId="3101fe9d-8a31-66a1-23a0-502b48501e63" testName="BabaPlay.Tests.Integration.AuthIntegrationTests.POST_RefreshToken_ValidToken_ShouldReturn200WithNewTokenPair" computerName="Rony" duration="00:00:02.6312083" startTime="2026-05-02T10:23:54.8392363-03:00" endTime="2026-05-02T10:23:54.8392364-03:00" testType="13cdc9d9-ddb5-4fa4-a97d-d965ccfc6d4b" outcome="Passed" testListId="8c84fa94-04c1-424b-9868-57a2d4851a1d" relativeResultsDirectory="a1bb3723-cdda-4628-9b4c-78569f12fffa" />
    <UnitTestResult executionId="27afb2f6-2111-43b3-8fa7-ab9aa104853c" testId="e1726f7d-4072-51d6-4fbf-065938e02423" testName="BabaPlay.Tests.Unit.Application.Players.DeletePlayerCommandHandlerTests.Handle_AlreadyDeactivatedPlayer_ShouldStillSucceed" computerName="Rony" duration="00:00:00.0064139" startTime="2026-05-02T10:23:52.4163984-03:00" endTime="2026-05-02T10:23:52.4163985-03:00" testType="13cdc9d9-ddb5-4fa4-a97d-d965ccfc6d4b" outcome="Passed" testListId="8c84fa94-04c1-424b-9868-57a2d4851a1d" relativeResultsDirectory="27afb2f6-2111-43b3-8fa7-ab9aa104853c" />
    <UnitTestResult executionId="db94af9f-8b59-49a7-8f4d-10cda7dcf1c4" testId="0223a757-e661-aceb-5227-641c46c4139b" testName="BabaPlay.Tests.Unit.Domain.RoleTests.AddPermission_DuplicatePermission_DoesNotDuplicate" computerName="Rony" duration="00:00:00.0003987" startTime="2026-05-02T10:23:52.3534246-03:00" endTime="2026-05-02T10:23:52.3534247-03:00" testType="13cdc9d9-ddb5-4fa4-a97d-d965ccfc6d4b" outcome="Passed" testListId="8c84fa94-04c1-424b-9868-57a2d4851a1d" relativeResultsDirectory="db94af9f-8b59-49a7-8f4d-10cda7dcf1c4" />
    <UnitTestResult executionId="9c170fbe-61f7-44cc-9626-6ff262776ca9" testId="78fe8edc-211f-f27a-e40e-39d401510ec4" testName="BabaPlay.Tests.Integration.RbacIntegrationTests.GetRoles_AdminWithPermissionInTenantA_ShouldReturn200" computerName="Rony" duration="00:00:00.0840511" startTime="2026-05-02T10:23:55.2467379-03:00" endTime="2026-05-02T10:23:55.2467380-03:00" testType="13cdc9d9-ddb5-4fa4-a97d-d965ccfc6d4b" outcome="Passed" testListId="8c84fa94-04c1-424b-9868-57a2d4851a1d" relativeResultsDirectory="9c170fbe-61f7-44cc-9626-6ff262776ca9" />
    <UnitTestResult executionId="c2b06305-4473-46e8-ab8a-98c1aa158c43" testId="11090264-83b6-25f9-7193-6201ad6a64ed" testName="BabaPlay.Tests.Integration.RbacIntegrationTests.GetRoles_MemberWithoutPermissionInTenantA_ShouldReturn403" computerName="Rony" duration="00:00:00.0128471" startTime="2026-05-02T10:23:55.1623430-03:00" endTime="2026-05-02T10:23:55.1623431-03:00" testType="13cdc9d9-ddb5-4fa4-a97d-d965ccfc6d4b" outcome="Passed" testListId="8c84fa94-04c1-424b-9868-57a2d4851a1d" relativeResultsDirectory="c2b06305-4473-46e8-ab8a-98c1aa158c43" />
    <UnitTestResult executionId="06c9f868-83d8-4557-b52a-a7d32ea729bc" testId="2e37ecb2-0c8a-d2f0-6577-a83e8409eae7" testName="BabaPlay.Tests.Unit.Application.Roles.AddPermissionToRoleCommandHandlerTests.Handle_NewPermission_ShouldCreateAndAttach" computerName="Rony" duration="00:00:00.1914019" startTime="2026-05-02T10:23:52.3997165-03:00" endTime="2026-05-02T10:23:52.3997166-03:00" testType="13cdc9d9-ddb5-4fa4-a97d-d965ccfc6d4b" outcome="Passed" testListId="8c84fa94-04c1-424b-9868-57a2d4851a1d" relativeResultsDirectory="06c9f868-83d8-4557-b52a-a7d32ea729bc" />
    <UnitTestResult executionId="cf2dccad-7dfb-4b8d-b5fd-ddd58126932c" testId="02fbcc83-ce25-f12e-0267-89e8bf546c1d" testName="BabaPlay.Tests.Unit.Domain.PermissionTests.Create_ValidData_ReturnsPermission" computerName="Rony" duration="00:00:00.0036886" startTime="2026-05-02T10:23:52.3248037-03:00" endTime="2026-05-02T10:23:52.3248037-03:00" testType="13cdc9d9-ddb5-4fa4-a97d-d965ccfc6d4b" outcome="Passed" testListId="8c84fa94-04c1-424b-9868-57a2d4851a1d" relativeResultsDirectory="cf2dccad-7dfb-4b8d-b5fd-ddd58126932c" />
    <UnitTestResult executionId="198cca2e-67ba-4a96-b6c3-1c9c59f64d19" testId="187f2480-aa42-e260-0784-95959b22642f" testName="BabaPlay.Tests.Integration.TenantIntegrationTests.Request_WithInvalidTenantSlugHeader_ShouldReturn404" computerName="Rony" duration="00:00:00.0061602" startTime="2026-05-02T10:23:54.8691338-03:00" endTime="2026-05-02T10:23:54.8691339-03:00" testType="13cdc9d9-ddb5-4fa4-a97d-d965ccfc6d4b" outcome="Passed" testListId="8c84fa94-04c1-424b-9868-57a2d4851a1d" relativeResultsDirectory="198cca2e-67ba-4a96-b6c3-1c9c59f64d19" />
    <UnitTestResult executionId="f9190f23-b1bc-4a09-af87-9e8ada30245b" testId="780628a6-2356-d849-42da-d6b028bb20a8" testName="BabaPlay.Tests.Integration.TenantIntegrationTests.GET_TenantStatus_KnownId_ShouldReturn200WithStatus" computerName="Rony" duration="00:00:00.0117344" startTime="2026-05-02T10:23:54.8624776-03:00" endTime="2026-05-02T10:23:54.8624778-03:00" testType="13cdc9d9-ddb5-4fa4-a97d-d965ccfc6d4b" outcome="Passed" testListId="8c84fa94-04c1-424b-9868-57a2d4851a1d" relativeResultsDirectory="f9190f23-b1bc-4a09-af87-9e8ada30245b" />
    <UnitTestResult executionId="b5e53de4-893d-461e-a1c0-bbbb6710e511" testId="de33f8fc-2409-32dc-8ec9-c74ed26f9148" testName="BabaPlay.Tests.Unit.Application.Players.GetPlayerQueryHandlerTests.Handle_PlayerNotFound_ShouldReturnPlayerNotFound" computerName="Rony" duration="00:00:00.1561189" startTime="2026-05-02T10:23:52.3631392-03:00" endTime="2026-05-02T10:23:52.3631393-03:00" testType="13cdc9d9-ddb5-4fa4-a97d-d965ccfc6d4b" outcome="Passed" testListId="8c84fa94-04c1-424b-9868-57a2d4851a1d" relativeResultsDirectory="b5e53de4-893d-461e-a1c0-bbbb6710e511" />
    <UnitTestResult executionId="ae9f379e-1c88-495c-a7f2-c7abc0c4a35e" testId="402cd629-71af-7360-d6aa-0d3660e2814b" testName="BabaPlay.Tests.Unit.Application.Roles.GetRolesQueryHandlerTests.Handle_ShouldReturnMappedRoleList" computerName="Rony" duration="00:00:00.1659932" startTime="2026-05-02T10:23:52.3808590-03:00" endTime="2026-05-02T10:23:52.3808591-03:00" testType="13cdc9d9-ddb5-4fa4-a97d-d965ccfc6d4b" outcome="Passed" testListId="8c84fa94-04c1-424b-9868-57a2d4851a1d" relativeResultsDirectory="ae9f379e-1c88-495c-a7f2-c7abc0c4a35e" />
    <UnitTestResult executionId="db0f90ca-94bb-4fc2-93c9-221d6484f3f7" testId="efcf773b-11de-c9bd-77da-4ddb12c5638f" testName="BabaPlay.Tests.Unit.Domain.PlayerTests.Create_ValidData_ReturnsActivePlayer" computerName="Rony" duration="00:00:00.0022770" startTime="2026-05-02T10:23:52.3478002-03:00" endTime="2026-05-02T10:23:52.3478003-03:00" testType="13cdc9d9-ddb5-4fa4-a97d-d965ccfc6d4b" outcome="Passed" testListId="8c84fa94-04c1-424b-9868-57a2d4851a1d" relativeResultsDirectory="db0f90ca-94bb-4fc2-93c9-221d6484f3f7" />
    <UnitTestResult executionId="0136b8b1-1ee2-4fd2-aefb-804a1276d286" testId="971c8314-f363-429f-cc2a-92c2b8dbfb7e" testName="BabaPlay.Tests.Unit.Application.Tenants.GetTenantStatusQueryHandlerTests.Handle_TenantNotFound_ShouldThrowNotFoundException" computerName="Rony" duration="00:00:00.0533362" startTime="2026-05-02T10:23:52.4213229-03:00" endTime="2026-05-02T10:23:52.4213229-03:00" testType="13cdc9d9-ddb5-4fa4-a97d-d965ccfc6d4b" outcome="Passed" testListId="8c84fa94-04c1-424b-9868-57a2d4851a1d" relativeResultsDirectory="0136b8b1-1ee2-4fd2-aefb-804a1276d286" />
    <UnitTestResult executionId="d13803b1-683a-4fe9-bd88-10c0f00c2a10" testId="74010f71-083d-7e04-5ec1-fb41e5cc2c26" testName="BabaPlay.Tests.Unit.Application.Tenants.CreateTenantCommandHandlerTests.Handle_EmptyName_ShouldReturnTenantNameRequired" computerName="Rony" duration="00:00:00.0051644" startTime="2026-05-02T10:23:52.3878800-03:00" endTime="2026-05-02T10:23:52.3878802-03:00" testType="13cdc9d9-ddb5-4fa4-a97d-d965ccfc6d4b" outcome="Passed" testListId="8c84fa94-04c1-424b-9868-57a2d4851a1d" relativeResultsDirectory="d13803b1-683a-4fe9-bd88-10c0f00c2a10" />
    <UnitTestResult executionId="48d6e848-749c-41e9-9afe-acda033ea330" testId="9c47d148-bcbd-139a-9585-ea98c65c3a60" testName="BabaPlay.Tests.Unit.Domain.EntityBaseTests.Create_NewEntity_ShouldHaveCreatedAt" computerName="Rony" duration="00:00:00.0059513" startTime="2026-05-02T10:23:52.3279024-03:00" endTime="2026-05-02T10:23:52.3279025-03:00" testType="13cdc9d9-ddb5-4fa4-a97d-d965ccfc6d4b" outcome="Passed" testListId="8c84fa94-04c1-424b-9868-57a2d4851a1d" relativeResultsDirectory="48d6e848-749c-41e9-9afe-acda033ea330" />
    <UnitTestResult executionId="b7cabd54-f08a-48a0-9db3-af8c75661bf3" testId="d464f9e7-bfe3-26f8-06a4-bc829d81bf17" testName="BabaPlay.Tests.Unit.Application.Tenants.GetTenantStatusQueryHandlerTests.Handle_TenantFound_ShouldReturnTenantResponse" computerName="Rony" duration="00:00:00.1604012" startTime="2026-05-02T10:23:52.3676411-03:00" endTime="2026-05-02T10:23:52.3676412-03:00" testType="13cdc9d9-ddb5-4fa4-a97d-d965ccfc6d4b" outcome="Passed" testListId="8c84fa94-04c1-424b-9868-57a2d4851a1d" relativeResultsDirectory="b7cabd54-f08a-48a0-9db3-af8c75661bf3" />
    <UnitTestResult executionId="842c4c70-fad9-4cf7-8279-f3d2286a152d" testId="3392e433-4b20-9ad6-97e1-c0b67084fc9c" testName="BabaPlay.Tests.Integration.PlayerIntegrationTests.Delete_UnknownId_ShouldReturn404" computerName="Rony" duration="00:00:00.0041888" startTime="2026-05-02T10:23:55.2799056-03:00" endTime="2026-05-02T10:23:55.2799056-03:00" testType="13cdc9d9-ddb5-4fa4-a97d-d965ccfc6d4b" outcome="Passed" testListId="8c84fa94-04c1-424b-9868-57a2d4851a1d" relativeResultsDirectory="842c4c70-fad9-4cf7-8279-f3d2286a152d" />
    <UnitTestResult executionId="bca9287d-18d7-4fe2-b7ae-5773d9a05594" testId="1045f9fc-d7bf-bd09-0b7a-21f3e9db2861" testName="BabaPlay.Tests.Unit.Domain.PlayerTests.Create_EmptyName_ThrowsValidationException" computerName="Rony" duration="00:00:00.0013024" startTime="2026-05-02T10:23:52.3483225-03:00" endTime="2026-05-02T10:23:52.3483226-03:00" testType="13cdc9d9-ddb5-4fa4-a97d-d965ccfc6d4b" outcome="Passed" testListId="8c84fa94-04c1-424b-9868-57a2d4851a1d" relativeResultsDirectory="bca9287d-18d7-4fe2-b7ae-5773d9a05594" />
    <UnitTestResult executionId="51ba21ac-a676-4489-9c62-4c691a29a774" testId="0bbd19e8-3c4c-3f33-678d-dbbddd8ecb03" testName="BabaPlay.Tests.Unit.Application.Roles.CreateRoleCommandHandlerTests.Handle_DuplicateRole_ShouldReturnRoleAlreadyExists" computerName="Rony" duration="00:00:00.0051527" startTime="2026-05-02T10:23:52.4064066-03:00" endTime="2026-05-02T10:23:52.4064067-03:00" testType="13cdc9d9-ddb5-4fa4-a97d-d965ccfc6d4b" outcome="Passed" testListId="8c84fa94-04c1-424b-9868-57a2d4851a1d" relativeResultsDirectory="51ba21ac-a676-4489-9c62-4c691a29a774" />
    <UnitTestResult executionId="ca978864-ef7d-46c9-9bb4-5a266a400386" testId="8cba930a-40dd-291a-3f45-8d069b2c5036" testName="BabaPlay.Tests.Unit.Application.Roles.AddPermissionToRoleCommandHandlerTests.Handle_RoleNotFound_ShouldReturnRoleNotFound" computerName="Rony" duration="00:00:00.0066554" startTime="2026-05-02T10:23:52.4060178-03:00" endTime="2026-05-02T10:23:52.4060179-03:00" testType="13cdc9d9-ddb5-4fa4-a97d-d965ccfc6d4b" outcome="Passed" testListId="8c84fa94-04c1-424b-9868-57a2d4851a1d" relativeResultsDirectory="ca978864-ef7d-46c9-9bb4-5a266a400386" />
    <UnitTestResult executionId="8bfa466f-c9bf-412e-be4a-7be5a086f455" testId="1ed6289a-8c03-f6fc-a3cd-f67c5184b9ef" testName="BabaPlay.Tests.Unit.Application.Auth.RefreshTokenCommandHandlerTests.Handle_ExpiredToken_ShouldReturnTokenExpired" computerName="Rony" duration="00:00:00.0039025" startTime="2026-05-02T10:23:52.3836456-03:00" endTime="2026-05-02T10:23:52.3836457-03:00" testType="13cdc9d9-ddb5-4fa4-a97d-d965ccfc6d4b" outcome="Passed" testListId="8c84fa94-04c1-424b-9868-57a2d4851a1d" relativeResultsDirectory="8bfa466f-c9bf-412e-be4a-7be5a086f455" />
    <UnitTestResult executionId="b97eaee0-2232-4c16-ae5c-9ce1dd1c6824" testId="edf68419-4b9c-c929-d394-d0cab90e1380" testName="BabaPlay.Tests.Unit.Application.Tenants.CreateTenantCommandHandlerTests.Handle_SlugWithUppercase_ShouldNormaliseToLowercase" computerName="Rony" duration="00:00:00.0038730" startTime="2026-05-02T10:23:52.4184194-03:00" endTime="2026-05-02T10:23:52.4184194-03:00" testType="13cdc9d9-ddb5-4fa4-a97d-d965ccfc6d4b" outcome="Passed" testListId="8c84fa94-04c1-424b-9868-57a2d4851a1d" relativeResultsDirectory="b97eaee0-2232-4c16-ae5c-9ce1dd1c6824" />
    <UnitTestResult executionId="aa010c48-d8c8-4143-925b-bbaf408a7338" testId="31f59439-9035-20af-a00d-d6539006f83c" testName="BabaPlay.Tests.Unit.Domain.RoleTests.Deactivate_AlreadyInactive_IsIdempotent" computerName="Rony" duration="00:00:00.0301179" startTime="2026-05-02T10:23:52.3058748-03:00" endTime="2026-05-02T10:23:52.3058749-03:00" testType="13cdc9d9-ddb5-4fa4-a97d-d965ccfc6d4b" outcome="Passed" testListId="8c84fa94-04c1-424b-9868-57a2d4851a1d" relativeResultsDirectory="aa010c48-d8c8-4143-925b-bbaf408a7338" />
    <UnitTestResult executionId="3c52d27f-fa56-401c-8fe0-d43677b717a0" testId="8097ff38-f171-66cd-184a-b81c136ebc02" testName="BabaPlay.Tests.Unit.Application.Tenants.CreateTenantCommandHandlerTests.Handle_EmptySlug_ShouldReturnTenantSlugRequired" computerName="Rony" duration="00:00:00.1176654" startTime="2026-05-02T10:23:52.3824294-03:00" endTime="2026-05-02T10:23:52.3824295-03:00" testType="13cdc9d9-ddb5-4fa4-a97d-d965ccfc6d4b" outcome="Passed" testListId="8c84fa94-04c1-424b-9868-57a2d4851a1d" relativeResultsDirectory="3c52d27f-fa56-401c-8fe0-d43677b717a0" />
    <UnitTestResult executionId="390bee56-8de6-4751-843c-98f0a72289d3" testId="40919539-fd20-0332-8c2c-ca2942adda67" testName="BabaPlay.Tests.Unit.Application.Auth.RefreshTokenCommandHandlerTests.Handle_InactiveUser_ShouldReturnInvalidToken" computerName="Rony" duration="00:00:00.0090752" startTime="2026-05-02T10:23:52.3932279-03:00" endTime="2026-05-02T10:23:52.3932280-03:00" testType="13cdc9d9-ddb5-4fa4-a97d-d965ccfc6d4b" outcome="Passed" testListId="8c84fa94-04c1-424b-9868-57a2d4851a1d" relativeResultsDirectory="390bee56-8de6-4751-843c-98f0a72289d3" />
    <UnitTestResult executionId="e65a32b9-2e78-4a7b-bf24-5d7e1f7114ca" testId="285925a8-4155-af06-4808-aefd6674e319" testName="BabaPlay.Tests.Unit.Domain.PermissionTests.Create_WhitespaceCode_ThrowsValidationException" computerName="Rony" duration="00:00:00.0029511" startTime="2026-05-02T10:23:52.3423735-03:00" endTime="2026-05-02T10:23:52.3423736-03:00" testType="13cdc9d9-ddb5-4fa4-a97d-d965ccfc6d4b" outcome="Passed" testListId="8c84fa94-04c1-424b-9868-57a2d4851a1d" relativeResultsDirectory="e65a32b9-2e78-4a7b-bf24-5d7e1f7114ca" />
    <UnitTestResult executionId="90e5f6c1-f163-4670-b458-0e00686f5d65" testId="df02293a-851e-2151-7e83-7bfbf254d1de" testName="BabaPlay.Tests.Unit.Application.PingCommandHandlerTests.Handle_ValidCommand_ShouldReturnSuccessWithPongMessage" computerName="Rony" duration="00:00:00.0219558" startTime="2026-05-02T10:23:52.2924790-03:00" endTime="2026-05-02T10:23:52.2925098-03:00" testType="13cdc9d9-ddb5-4fa4-a97d-d965ccfc6d4b" outcome="Passed" testListId="8c84fa94-04c1-424b-9868-57a2d4851a1d" relativeResultsDirectory="90e5f6c1-f163-4670-b458-0e00686f5d65" />
    <UnitTestResult executionId="e4d567b5-1e4a-4825-bc32-f5f5fd037eb0" testId="7e3a7153-009b-ceea-11eb-a9c7e882eba6" testName="BabaPlay.Tests.Unit.Application.Players.GetPlayerQueryHandlerTests.Handle_ExistingPlayer_ShouldReturnPlayerResponse" computerName="Rony" duration="00:00:00.0060038" startTime="2026-05-02T10:23:52.3769781-03:00" endTime="2026-05-02T10:23:52.3769782-03:00" testType="13cdc9d9-ddb5-4fa4-a97d-d965ccfc6d4b" outcome="Passed" testListId="8c84fa94-04c1-424b-9868-57a2d4851a1d" relativeResultsDirectory="e4d567b5-1e4a-4825-bc32-f5f5fd037eb0" />
    <UnitTestResult executionId="adebb0d8-cf9d-4063-bef7-ffd92431713f" testId="ece4ea2c-99ad-db1f-477d-2e4e651984fc" testName="BabaPlay.Tests.Integration.TenantIntegrationTests.Request_WithValidTenantSlugHeader_ShouldResolveAndSucceed" computerName="Rony" duration="00:00:00.1234343" startTime="2026-05-02T10:23:54.8323919-03:00" endTime="2026-05-02T10:23:54.8323920-03:00" testType="13cdc9d9-ddb5-4fa4-a97d-d965ccfc6d4b" outcome="Passed" testListId="8c84fa94-04c1-424b-9868-57a2d4851a1d" relativeResultsDirectory="adebb0d8-cf9d-4063-bef7-ffd92431713f" />
    <UnitTestResult executionId="ec262167-3c78-4545-ad8e-320a468cc1a9" testId="04c6bc45-20f9-25cb-30ec-909a3734e5a4" testName="BabaPlay.Tests.Unit.Application.Players.DeletePlayerCommandHandlerTests.Handle_ActivePlayer_ShouldDeactivateAndReturnSuccess" computerName="Rony" duration="00:00:00.1900552" startTime="2026-05-02T10:23:52.3982621-03:00" endTime="2026-05-02T10:23:52.3982621-03:00" testType="13cdc9d9-ddb5-4fa4-a97d-d965ccfc6d4b" outcome="Passed" testListId="8c84fa94-04c1-424b-9868-57a2d4851a1d" relativeResultsDirectory="ec262167-3c78-4545-ad8e-320a468cc1a9" />
    <UnitTestResult executionId="11ceefa2-7879-469d-8c2f-8eb4e66d59ea" testId="f5760561-a3a7-1290-4f40-6e3814ca4dad" testName="BabaPlay.Tests.Unit.Domain.RolePermissionTests.Create_ValidIds_ReturnsLink" computerName="Rony" duration="00:00:00.0054637" startTime="2026-05-02T10:23:52.3416022-03:00" endTime="2026-05-02T10:23:52.3416023-03:00" testType="13cdc9d9-ddb5-4fa4-a97d-d965ccfc6d4b" outcome="Passed" testListId="8c84fa94-04c1-424b-9868-57a2d4851a1d" relativeResultsDirectory="11ceefa2-7879-469d-8c2f-8eb4e66d59ea" />
    <UnitTestResult executionId="db728c5d-a347-4856-a931-5d0f1e5c3a6c" testId="4275148d-b220-df29-6463-4a906d24f394" testName="BabaPlay.Tests.Unit.Domain.RoleTests.Create_EmptyTenantId_ThrowsValidationException" computerName="Rony" duration="00:00:00.0006082" startTime="2026-05-02T10:23:52.3517472-03:00" endTime="2026-05-02T10:23:52.3517473-03:00" testType="13cdc9d9-ddb5-4fa4-a97d-d965ccfc6d4b" outcome="Passed" testListId="8c84fa94-04c1-424b-9868-57a2d4851a1d" relativeResultsDirectory="db728c5d-a347-4856-a931-5d0f1e5c3a6c" />
    <UnitTestResult executionId="e28955c8-1397-49d6-95c3-256e403bcd9e" testId="60b815e7-93de-3c0c-a262-a01ba1080e37" testName="BabaPlay.Tests.Unit.Domain.PlayerTests.Update_EmptyName_ThrowsValidationException" computerName="Rony" duration="00:00:00.0013310" startTime="2026-05-02T10:23:52.3452590-03:00" endTime="2026-05-02T10:23:52.3452591-03:00" testType="13cdc9d9-ddb5-4fa4-a97d-d965ccfc6d4b" outcome="Passed" testListId="8c84fa94-04c1-424b-9868-57a2d4851a1d" relativeResultsDirectory="e28955c8-1397-49d6-95c3-256e403bcd9e" />
    <UnitTestResult executionId="b2fff7d2-752b-4a27-af09-6d817d471c66" testId="04134d06-f33d-d065-bf85-d5484d071d74" testName="BabaPlay.Tests.Integration.PlayerIntegrationTests.GetById_UnknownId_ShouldReturn404" computerName="Rony" duration="00:00:00.0056460" startTime="2026-05-02T10:23:55.3655482-03:00" endTime="2026-05-02T10:23:55.3655483-03:00" testType="13cdc9d9-ddb5-4fa4-a97d-d965ccfc6d4b" outcome="Passed" testListId="8c84fa94-04c1-424b-9868-57a2d4851a1d" relativeResultsDirectory="b2fff7d2-752b-4a27-af09-6d817d471c66" />
    <UnitTestResult executionId="232ab467-6b2c-4043-80a6-dc4ddeead3b5" testId="982a3ed9-3058-687c-ca17-95ffc5020233" testName="BabaPlay.Tests.Unit.Application.Players.UpdatePlayerCommandHandlerTests.Handle_ValidCommand_ShouldPreservePlayerIdAndUserId" computerName="Rony" duration="00:00:00.0070360" startTime="2026-05-02T10:23:52.4049490-03:00" endTime="2026-05-02T10:23:52.4049491-03:00" testType="13cdc9d9-ddb5-4fa4-a97d-d965ccfc6d4b" outcome="Passed" testListId="8c84fa94-04c1-424b-9868-57a2d4851a1d" relativeResultsDirectory="232ab467-6b2c-4043-80a6-dc4ddeead3b5" />
    <UnitTestResult executionId="a402c9f2-0376-4d13-afdb-cda53a3b53e3" testId="44fa4bf8-d41d-7615-ed06-ed55ce1ccd4c" testName="BabaPlay.Tests.Integration.AuthIntegrationTests.POST_Login_ValidCredentials_ShouldReturn200WithTokens" computerName="Rony" duration="00:00:00.1055736" startTime="2026-05-02T10:23:55.0946445-03:00" endTime="2026-05-02T10:23:55.0946446-03:00" testType="13cdc9d9-ddb5-4fa4-a97d-d965ccfc6d4b" outcome="Passed" testListId="8c84fa94-04c1-424b-9868-57a2d4851a1d" relativeResultsDirectory="a402c9f2-0376-4d13-afdb-cda53a3b53e3" />
    <UnitTestResult executionId="bf2c29c8-5779-4070-ac9b-06978610ced6" testId="9c5a66be-c6a4-0969-eef4-e8bce9006662" testName="BabaPlay.Tests.Integration.TenantIntegrationTests.GET_TenantStatus_UnknownId_ShouldReturn404" computerName="Rony" duration="00:00:00.1277258" startTime="2026-05-02T10:23:54.7084281-03:00" endTime="2026-05-02T10:23:54.7084281-03:00" testType="13cdc9d9-ddb5-4fa4-a97d-d965ccfc6d4b" outcome="Passed" testListId="8c84fa94-04c1-424b-9868-57a2d4851a1d" relativeResultsDirectory="bf2c29c8-5779-4070-ac9b-06978610ced6" />
    <UnitTestResult executionId="2da93c89-583f-4332-94d1-6bb34a03a0b0" testId="41383887-af81-3650-be1e-401c20fb311a" testName="BabaPlay.Tests.Unit.Domain.PlayerTests.Update_ValidData_ChangesProperties" computerName="Rony" duration="00:00:00.0021461" startTime="2026-05-02T10:23:52.3441640-03:00" endTime="2026-05-02T10:23:52.3441640-03:00" testType="13cdc9d9-ddb5-4fa4-a97d-d965ccfc6d4b" outcome="Passed" testListId="8c84fa94-04c1-424b-9868-57a2d4851a1d" relativeResultsDirectory="2da93c89-583f-4332-94d1-6bb34a03a0b0" />
    <UnitTestResult executionId="de56eef3-3255-4d58-83ef-b2cff121156b" testId="2af39124-e5f2-002f-23fa-7d2e26d28875" testName="BabaPlay.Tests.Unit.Domain.PlayerTests.Deactivate_AlreadyInactive_IsIdempotent" computerName="Rony" duration="00:00:00.0017037" startTime="2026-05-02T10:23:52.3238807-03:00" endTime="2026-05-02T10:23:52.3238808-03:00" testType="13cdc9d9-ddb5-4fa4-a97d-d965ccfc6d4b" outcome="Passed" testListId="8c84fa94-04c1-424b-9868-57a2d4851a1d" relativeResultsDirectory="de56eef3-3255-4d58-83ef-b2cff121156b" />
    <UnitTestResult executionId="e1051fca-eadd-4b84-829e-c3278c6a95be" testId="e835900e-4cfc-dc4c-699f-6b17a349465c" testName="BabaPlay.Tests.Integration.PlayerIntegrationTests.Put_UnknownId_ShouldReturn404" computerName="Rony" duration="00:00:00.0048808" startTime="2026-05-02T10:23:55.3596527-03:00" endTime="2026-05-02T10:23:55.3596528-03:00" testType="13cdc9d9-ddb5-4fa4-a97d-d965ccfc6d4b" outcome="Passed" testListId="8c84fa94-04c1-424b-9868-57a2d4851a1d" relativeResultsDirectory="e1051fca-eadd-4b84-829e-c3278c6a95be" />
    <UnitTestResult executionId="bb02e83f-90b3-4412-8f82-2d235d4ce524" testId="22cf9075-7f45-a8dd-4e50-b0770ca0a2cd" testName="BabaPlay.Tests.Integration.PingIntegrationTests.POST_Ping_EmptySender_ShouldReturn422" computerName="Rony" duration="00:00:00.0319160" startTime="2026-05-02T10:23:52.8710238-03:00" endTime="2026-05-02T10:23:52.8710239-03:00" testType="13cdc9d9-ddb5-4fa4-a97d-d965ccfc6d4b" outcome="Passed" testListId="8c84fa94-04c1-424b-9868-57a2d4851a1d" relativeResultsDirectory="bb02e83f-90b3-4412-8f82-2d235d4ce524" />
    <UnitTestResult executionId="c637a78c-01e7-472c-b73d-70d135eb5b4f" testId="fb9ec06e-9426-289b-ead5-d1b036233c1e" testName="BabaPlay.Tests.Unit.Application.Players.UpdatePlayerCommandHandlerTests.Handle_EmptyName_ShouldReturnInvalidName" computerName="Rony" duration="00:00:00.0059166" startTime="2026-05-02T10:23:52.4211090-03:00" endTime="2026-05-02T10:23:52.4211091-03:00" testType="13cdc9d9-ddb5-4fa4-a97d-d965ccfc6d4b" outcome="Passed" testListId="8c84fa94-04c1-424b-9868-57a2d4851a1d" relativeResultsDirectory="c637a78c-01e7-472c-b73d-70d135eb5b4f" />
    <UnitTestResult executionId="a7d967a2-8578-49ac-8cfa-aa68442144c1" testId="68a95775-b323-36ef-e309-6cad08639b79" testName="BabaPlay.Tests.Unit.Application.PingQueryHandlerTests.Handle_ValidQuery_ShouldReturnServerStatus" computerName="Rony" duration="00:00:00.0058680" startTime="2026-05-02T10:23:52.3500549-03:00" endTime="2026-05-02T10:23:52.3500550-03:00" testType="13cdc9d9-ddb5-4fa4-a97d-d965ccfc6d4b" outcome="Passed" testListId="8c84fa94-04c1-424b-9868-57a2d4851a1d" relativeResultsDirectory="a7d967a2-8578-49ac-8cfa-aa68442144c1" />
    <UnitTestResult executionId="3685a907-3779-44af-ba7c-9e8a9b52783e" testId="535e8bb1-308f-f05a-a72f-d514d4b164be" testName="BabaPlay.Tests.Unit.Domain.EntityBaseTests.RaiseDomainEvent_ShouldAddToDomainEvents" computerName="Rony" duration="00:00:00.0232615" startTime="2026-05-02T10:23:52.3052832-03:00" endTime="2026-05-02T10:23:52.3052833-03:00" testType="13cdc9d9-ddb5-4fa4-a97d-d965ccfc6d4b" outcome="Passed" testListId="8c84fa94-04c1-424b-9868-57a2d4851a1d" relativeResultsDirectory="3685a907-3779-44af-ba7c-9e8a9b52783e" />
    <UnitTestResult executionId="4e005212-ee25-47ea-bad4-72411b3581fb" testId="ce328593-defc-4323-757f-7bc52831c7f7" testName="BabaPlay.Tests.Integration.TenantIntegrationTests.POST_Tenant_EmptyName_ShouldReturn422" computerName="Rony" duration="00:00:02.3728230" startTime="2026-05-02T10:23:54.5801875-03:00" endTime="2026-05-02T10:23:54.5801876-03:00" testType="13cdc9d9-ddb5-4fa4-a97d-d965ccfc6d4b" outcome="Passed" testListId="8c84fa94-04c1-424b-9868-57a2d4851a1d" relativeResultsDirectory="4e005212-ee25-47ea-bad4-72411b3581fb" />
    <UnitTestResult executionId="b97cb6d5-e888-48c8-901a-567713277c88" testId="e4b75f89-853e-b126-cb2a-0342a66b201c" testName="BabaPlay.Tests.Integration.TenantIntegrationTests.POST_Tenant_DuplicateSlug_ShouldReturn409" computerName="Rony" duration="00:00:00.0107201" startTime="2026-05-02T10:23:54.8434339-03:00" endTime="2026-05-02T10:23:54.8434340-03:00" testType="13cdc9d9-ddb5-4fa4-a97d-d965ccfc6d4b" outcome="Passed" testListId="8c84fa94-04c1-424b-9868-57a2d4851a1d" relativeResultsDirectory="b97cb6d5-e888-48c8-901a-567713277c88" />
    <UnitTestResult executionId="0c7193ce-f11e-428c-87be-fa4d7cc0017b" testId="8807f528-ed55-6217-b727-c8434c3da039" testName="BabaPlay.Tests.Unit.Domain.UserRoleTests.Create_ValidData_ReturnsAssignment" computerName="Rony" duration="00:00:00.0055206" startTime="2026-05-02T10:23:52.3420787-03:00" endTime="2026-05-02T10:23:52.3420787-03:00" testType="13cdc9d9-ddb5-4fa4-a97d-d965ccfc6d4b" outcome="Passed" testListId="8c84fa94-04c1-424b-9868-57a2d4851a1d" relativeResultsDirectory="0c7193ce-f11e-428c-87be-fa4d7cc0017b" />
    <UnitTestResult executionId="fb1bb21c-1fa9-4593-91c1-e537c9ab5910" testId="d8ccb4d0-dd62-b002-f321-c0e3430d08f0" testName="BabaPlay.Tests.Unit.Domain.RoleTests.RemovePermission_ExistingPermission_Removes" computerName="Rony" duration="00:00:00.0012908" startTime="2026-05-02T10:23:52.3503126-03:00" endTime="2026-05-02T10:23:52.3503127-03:00" testType="13cdc9d9-ddb5-4fa4-a97d-d965ccfc6d4b" outcome="Passed" testListId="8c84fa94-04c1-424b-9868-57a2d4851a1d" relativeResultsDirectory="fb1bb21c-1fa9-4593-91c1-e537c9ab5910" />
    <UnitTestResult executionId="d84ac7b4-a248-4402-8871-cf87f0675edb" testId="32747291-8274-1689-124c-d45926ab81f7" testName="BabaPlay.Tests.Unit.Domain.RoleTests.Create_ValidData_ReturnsActiveRole" computerName="Rony" duration="00:00:00.0003631" startTime="2026-05-02T10:23:52.3528063-03:00" endTime="2026-05-02T10:23:52.3528064-03:00" testType="13cdc9d9-ddb5-4fa4-a97d-d965ccfc6d4b" outcome="Passed" testListId="8c84fa94-04c1-424b-9868-57a2d4851a1d" relativeResultsDirectory="d84ac7b4-a248-4402-8871-cf87f0675edb" />
    <UnitTestResult executionId="4d6d3701-4d9c-4077-851c-beab560b7676" testId="3f226741-309f-b49c-66fb-8ca0d8d5197d" testName="BabaPlay.Tests.Unit.Application.Tenants.CreateTenantCommandHandlerTests.Handle_DuplicateSlug_ShouldReturnTenantSlugTaken" computerName="Rony" duration="00:00:00.0068201" startTime="2026-05-02T10:23:52.4137003-03:00" endTime="2026-05-02T10:23:52.4137004-03:00" testType="13cdc9d9-ddb5-4fa4-a97d-d965ccfc6d4b" outcome="Passed" testListId="8c84fa94-04c1-424b-9868-57a2d4851a1d" relativeResultsDirectory="4d6d3701-4d9c-4077-851c-beab560b7676" />
    <UnitTestResult executionId="3bcd959b-101a-4be6-8656-69c10b106acd" testId="d2494039-e209-b6bc-16dd-7db75938c3bf" testName="BabaPlay.Tests.Unit.Application.Players.GetPlayerQueryHandlerTests.Handle_ExistingPlayer_ShouldMapAllFieldsCorrectly" computerName="Rony" duration="00:00:00.0074966" startTime="2026-05-02T10:23:52.3708289-03:00" endTime="2026-05-02T10:23:52.3708289-03:00" testType="13cdc9d9-ddb5-4fa4-a97d-d965ccfc6d4b" outcome="Passed" testListId="8c84fa94-04c1-424b-9868-57a2d4851a1d" relativeResultsDirectory="3bcd959b-101a-4be6-8656-69c10b106acd" />
    <UnitTestResult executionId="c7d34109-1fde-4ffb-8c09-5335d78ac73d" testId="890255d6-4974-74cb-d9b0-94ed8cf261d9" testName="BabaPlay.Tests.Unit.Application.Tenants.CreateTenantCommandHandlerTests.Handle_ValidCommand_ShouldCreateTenantAndEnqueueProvisioning" computerName="Rony" duration="00:00:00.0186497" startTime="2026-05-02T10:23:52.4066312-03:00" endTime="2026-05-02T10:23:52.4066313-03:00" testType="13cdc9d9-ddb5-4fa4-a97d-d965ccfc6d4b" outcome="Passed" testListId="8c84fa94-04c1-424b-9868-57a2d4851a1d" relativeResultsDirectory="c7d34109-1fde-4ffb-8c09-5335d78ac73d" />
    <UnitTestResult executionId="851353b7-4700-4717-bba8-234830c6a591" testId="e014d82d-4e13-ec98-6261-9d6ce417f0bd" testName="BabaPlay.Tests.Integration.RbacIntegrationTests.GetRoles_AdminUserOutsideTenantB_ShouldReturn403" computerName="Rony" duration="00:00:02.8814377" startTime="2026-05-02T10:23:55.1491906-03:00" endTime="2026-05-02T10:23:55.1491907-03:00" testType="13cdc9d9-ddb5-4fa4-a97d-d965ccfc6d4b" outcome="Passed" testListId="8c84fa94-04c1-424b-9868-57a2d4851a1d" relativeResultsDirectory="851353b7-4700-4717-bba8-234830c6a591" />
    <UnitTestResult executionId="05804819-82bc-4874-bfca-3f6804593085" testId="fb3631e4-9d86-e6fa-dc2e-183250ca375b" testName="BabaPlay.Tests.Unit.Application.Players.GetPlayersQueryHandlerTests.Handle_WithPlayers_ShouldMapFieldsCorrectly" computerName="Rony" duration="00:00:00.1560087" startTime="2026-05-02T10:23:52.3635708-03:00" endTime="2026-05-02T10:23:52.3635709-03:00" testType="13cdc9d9-ddb5-4fa4-a97d-d965ccfc6d4b" outcome="Passed" testListId="8c84fa94-04c1-424b-9868-57a2d4851a1d" relativeResultsDirectory="05804819-82bc-4874-bfca-3f6804593085" />
    <UnitTestResult executionId="aaaaa918-b3c1-4977-be8b-f9ded577fa9b" testId="2ec3665f-7b52-b126-422a-37fc1a44e091" testName="BabaPlay.Tests.Integration.PlayerIntegrationTests.Post_ValidRequest_ShouldReturn201WithPlayerResponse" computerName="Rony" duration="00:00:00.0432855" startTime="2026-05-02T10:23:55.3545301-03:00" endTime="2026-05-02T10:23:55.3545302-03:00" testType="13cdc9d9-ddb5-4fa4-a97d-d965ccfc6d4b" outcome="Passed" testListId="8c84fa94-04c1-424b-9868-57a2d4851a1d" relativeResultsDirectory="aaaaa918-b3c1-4977-be8b-f9ded577fa9b" />
    <UnitTestResult executionId="07455b2b-01a8-4077-8d12-0df557736583" testId="223dab8c-b61d-de23-df88-104f07c50ead" testName="BabaPlay.Tests.Integration.AuthIntegrationTests.POST_Login_InvalidPassword_ShouldReturn401" computerName="Rony" duration="00:00:00.1408061" startTime="2026-05-02T10:23:54.9886644-03:00" endTime="2026-05-02T10:23:54.9886644-03:00" testType="13cdc9d9-ddb5-4fa4-a97d-d965ccfc6d4b" outcome="Passed" testListId="8c84fa94-04c1-424b-9868-57a2d4851a1d" relativeResultsDirectory="07455b2b-01a8-4077-8d12-0df557736583" />
    <UnitTestResult executionId="63376a07-c899-4cf1-964b-16b26d45b59e" testId="761fd8ef-1cfc-2754-3573-402602858218" testName="BabaPlay.Tests.Unit.Domain.PlayerTests.Create_EmptyGuidUserId_ThrowsValidationException" computerName="Rony" duration="00:00:00.0033815" startTime="2026-05-02T10:23:52.3250687-03:00" endTime="2026-05-02T10:23:52.3250688-03:00" testType="13cdc9d9-ddb5-4fa4-a97d-d965ccfc6d4b" outcome="Passed" testListId="8c84fa94-04c1-424b-9868-57a2d4851a1d" relativeResultsDirectory="63376a07-c899-4cf1-964b-16b26d45b59e" />
    <UnitTestResult executionId="8d10cd35-30f1-40b8-9ac7-11b80b717640" testId="53b47096-54e9-ab03-c129-51c614e196d5" testName="BabaPlay.Tests.Integration.PingIntegrationTests.POST_Ping_ValidSender_ShouldReturnPong" computerName="Rony" duration="00:00:00.5678863" startTime="2026-05-02T10:23:52.8362829-03:00" endTime="2026-05-02T10:23:52.8362830-03:00" testType="13cdc9d9-ddb5-4fa4-a97d-d965ccfc6d4b" outcome="Passed" testListId="8c84fa94-04c1-424b-9868-57a2d4851a1d" relativeResultsDirectory="8d10cd35-30f1-40b8-9ac7-11b80b717640" />
    <UnitTestResult executionId="375c33aa-0460-4438-acc2-66c455e774e7" testId="9255dd2a-c615-28a8-0667-6d039d90dc8a" testName="BabaPlay.Tests.Unit.Application.Players.CreatePlayerCommandHandlerTests.Handle_ValidCommand_ShouldCreateAndReturnPlayerResponse" computerName="Rony" duration="00:00:00.0188953" startTime="2026-05-02T10:23:52.4119132-03:00" endTime="2026-05-02T10:23:52.4119134-03:00" testType="13cdc9d9-ddb5-4fa4-a97d-d965ccfc6d4b" outcome="Passed" testListId="8c84fa94-04c1-424b-9868-57a2d4851a1d" relativeResultsDirectory="375c33aa-0460-4438-acc2-66c455e774e7" />
    <UnitTestResult executionId="b23e0413-54f2-4911-83ec-9f45d5fa9d46" testId="b49c7f5a-bfe1-a2be-ee6d-2656e55e2a1b" testName="BabaPlay.Tests.Integration.AuthIntegrationTests.POST_RefreshToken_ConsumedToken_ShouldReturn401_AfterRotation" computerName="Rony" duration="00:00:00.1176358" startTime="2026-05-02T10:23:55.2126359-03:00" endTime="2026-05-02T10:23:55.2126361-03:00" testType="13cdc9d9-ddb5-4fa4-a97d-d965ccfc6d4b" outcome="Passed" testListId="8c84fa94-04c1-424b-9868-57a2d4851a1d" relativeResultsDirectory="b23e0413-54f2-4911-83ec-9f45d5fa9d46" />
    <UnitTestResult executionId="d14fa09d-4d8f-4151-8a15-2b65ef079483" testId="5f7c0e6e-5719-6da2-dbbe-63783f604347" testName="BabaPlay.Tests.Unit.Application.Players.GetPlayersQueryHandlerTests.Handle_EmptyList_ShouldReturnEmptyCollection" computerName="Rony" duration="00:00:00.0028446" startTime="2026-05-02T10:23:52.3773372-03:00" endTime="2026-05-02T10:23:52.3773374-03:00" testType="13cdc9d9-ddb5-4fa4-a97d-d965ccfc6d4b" outcome="Passed" testListId="8c84fa94-04c1-424b-9868-57a2d4851a1d" relativeResultsDirectory="d14fa09d-4d8f-4151-8a15-2b65ef079483" />
    <UnitTestResult executionId="d056dcf2-fcc9-4722-a6d5-c0ff2f217bd0" testId="a39c3983-3d78-da3f-a9b4-66848a2fd3e2" testName="BabaPlay.Tests.Unit.Domain.RoleTests.AddPermission_NewPermission_AddsOnce" computerName="Rony" duration="00:00:00.0194112" startTime="2026-05-02T10:23:52.3490773-03:00" endTime="2026-05-02T10:23:52.3490774-03:00" testType="13cdc9d9-ddb5-4fa4-a97d-d965ccfc6d4b" outcome="Passed" testListId="8c84fa94-04c1-424b-9868-57a2d4851a1d" relativeResultsDirectory="d056dcf2-fcc9-4722-a6d5-c0ff2f217bd0" />
    <UnitTestResult executionId="b3bb8d17-b028-4206-8a80-d37c54958cd7" testId="2d015dba-98df-a25b-eddf-4e8134b8a9c4" testName="BabaPlay.Tests.Integration.AuthIntegrationTests.POST_Login_UnknownEmail_ShouldReturn401" computerName="Rony" duration="00:00:00.0058726" startTime="2026-05-02T10:23:55.2189663-03:00" endTime="2026-05-02T10:23:55.2189665-03:00" testType="13cdc9d9-ddb5-4fa4-a97d-d965ccfc6d4b" outcome="Passed" testListId="8c84fa94-04c1-424b-9868-57a2d4851a1d" relativeResultsDirectory="b3bb8d17-b028-4206-8a80-d37c54958cd7" />
    <UnitTestResult executionId="e1e8dbb6-5548-487d-8707-1a3b130bdd9d" testId="f0e238ea-e181-6660-ebb5-80afa8124f85" testName="BabaPlay.Tests.Unit.Domain.UserRoleTests.Create_WhitespaceUserId_ThrowsValidationException" computerName="Rony" duration="00:00:00.0355340" startTime="2026-05-02T10:23:52.3234362-03:00" endTime="2026-05-02T10:23:52.3234363-03:00" testType="13cdc9d9-ddb5-4fa4-a97d-d965ccfc6d4b" outcome="Passed" testListId="8c84fa94-04c1-424b-9868-57a2d4851a1d" relativeResultsDirectory="e1e8dbb6-5548-487d-8707-1a3b130bdd9d" />
    <UnitTestResult executionId="8fa5701c-8717-47e4-a71e-125bf97ada1f" testId="6c5fe64a-b333-f295-b26d-04aebebc1ba7" testName="BabaPlay.Tests.Unit.Application.Roles.AssignRoleToUserCommandHandlerTests.Handle_RoleAlreadyAssigned_ShouldReturnRoleAlreadyAssigned" computerName="Rony" duration="00:00:00.0138770" startTime="2026-05-02T10:23:52.4180300-03:00" endTime="2026-05-02T10:23:52.4180300-03:00" testType="13cdc9d9-ddb5-4fa4-a97d-d965ccfc6d4b" outcome="Passed" testListId="8c84fa94-04c1-424b-9868-57a2d4851a1d" relativeResultsDirectory="8fa5701c-8717-47e4-a71e-125bf97ada1f" />
    <UnitTestResult executionId="7e2c0978-16e2-4c2c-82eb-bc21ed57696b" testId="f8c673eb-0e53-f500-9b8e-5a8ee7fc002a" testName="BabaPlay.Tests.Unit.Application.Players.CreatePlayerCommandHandlerTests.Handle_ValidCommand_ShouldTrimName" computerName="Rony" duration="00:00:00.0081758" startTime="2026-05-02T10:23:52.4234674-03:00" endTime="2026-05-02T10:23:52.4234675-03:00" testType="13cdc9d9-ddb5-4fa4-a97d-d965ccfc6d4b" outcome="Passed" testListId="8c84fa94-04c1-424b-9868-57a2d4851a1d" relativeResultsDirectory="7e2c0978-16e2-4c2c-82eb-bc21ed57696b" />
    <UnitTestResult executionId="080d12e5-a6e0-4e5f-b554-e8ad58c09b55" testId="35398c32-0248-0dab-2b92-a0604619c001" testName="BabaPlay.Tests.Unit.Application.Players.DeletePlayerCommandHandlerTests.Handle_PlayerNotFound_ShouldReturnPlayerNotFound" computerName="Rony" duration="00:00:00.0100382" startTime="2026-05-02T10:23:52.4079946-03:00" endTime="2026-05-02T10:23:52.4079947-03:00" testType="13cdc9d9-ddb5-4fa4-a97d-d965ccfc6d4b" outcome="Passed" testListId="8c84fa94-04c1-424b-9868-57a2d4851a1d" relativeResultsDirectory="080d12e5-a6e0-4e5f-b554-e8ad58c09b55" />
    <UnitTestResult executionId="7a2e3fd6-35f7-4c67-97a4-39d107dfc3fe" testId="f123fe83-fd2a-5852-4379-54a8aca335e5" testName="BabaPlay.Tests.Unit.Application.Auth.LoginCommandHandlerTests.Handle_ValidCredentials_ShouldStoreRefreshTokenWithFutureExpiry" computerName="Rony" duration="00:00:00.0118838" startTime="2026-05-02T10:23:52.4315588-03:00" endTime="2026-05-02T10:23:52.4315589-03:00" testType="13cdc9d9-ddb5-4fa4-a97d-d965ccfc6d4b" outcome="Passed" testListId="8c84fa94-04c1-424b-9868-57a2d4851a1d" relativeResultsDirectory="7a2e3fd6-35f7-4c67-97a4-39d107dfc3fe" />
    <UnitTestResult executionId="a40fa7a2-f647-44ee-90e1-59a1eca6a3a6" testId="bb197dc7-2ba0-3166-159f-ccb3c3446f1f" testName="BabaPlay.Tests.Unit.Application.Roles.AssignRoleToUserCommandHandlerTests.Handle_UserNotFound_ShouldReturnUserNotFound" computerName="Rony" duration="00:00:00.0026776" startTime="2026-05-02T10:23:52.4192959-03:00" endTime="2026-05-02T10:23:52.4192961-03:00" testType="13cdc9d9-ddb5-4fa4-a97d-d965ccfc6d4b" outcome="Passed" testListId="8c84fa94-04c1-424b-9868-57a2d4851a1d" relativeResultsDirectory="a40fa7a2-f647-44ee-90e1-59a1eca6a3a6" />
    <UnitTestResult executionId="166c3470-da3e-4e5d-81ba-02c069d5389d" testId="51865677-5939-8d1f-32fc-adbf64a7f169" testName="BabaPlay.Tests.Unit.Application.Players.GetPlayersQueryHandlerTests.Handle_WithPlayers_ShouldReturnAllActivePlayers" computerName="Rony" duration="00:00:00.0104139" startTime="2026-05-02T10:23:52.3740929-03:00" endTime="2026-05-02T10:23:52.3740930-03:00" testType="13cdc9d9-ddb5-4fa4-a97d-d965ccfc6d4b" outcome="Passed" testListId="8c84fa94-04c1-424b-9868-57a2d4851a1d" relativeResultsDirectory="166c3470-da3e-4e5d-81ba-02c069d5389d" />
    <UnitTestResult executionId="b711adc2-3cf5-4eb7-8ba6-fcc7d0faffd8" testId="7c8e5b0e-b090-7080-4e79-28bcb785744a" testName="BabaPlay.Tests.Unit.Application.Players.CreatePlayerCommandHandlerTests.Handle_EmptyName_ShouldReturnInvalidName" computerName="Rony" duration="00:00:00.0031566" startTime="2026-05-02T10:23:52.4174532-03:00" endTime="2026-05-02T10:23:52.4174533-03:00" testType="13cdc9d9-ddb5-4fa4-a97d-d965ccfc6d4b" outcome="Passed" testListId="8c84fa94-04c1-424b-9868-57a2d4851a1d" relativeResultsDirectory="b711adc2-3cf5-4eb7-8ba6-fcc7d0faffd8" />
    <UnitTestResult executionId="23e7d576-bb50-4ec4-9d32-26b6b306285a" testId="a11dfbb4-df20-14f6-e3bc-d4b4b2a36122" testName="BabaPlay.Tests.Integration.AuthIntegrationTests.POST_RefreshToken_InvalidToken_ShouldReturn401" computerName="Rony" duration="00:00:00.0059654" startTime="2026-05-02T10:23:55.2253119-03:00" endTime="2026-05-02T10:23:55.2253120-03:00" testType="13cdc9d9-ddb5-4fa4-a97d-d965ccfc6d4b" outcome="Passed" testListId="8c84fa94-04c1-424b-9868-57a2d4851a1d" relativeResultsDirectory="23e7d576-bb50-4ec4-9d32-26b6b306285a" />
    <UnitTestResult executionId="64313b1d-08b7-4ba4-9829-7d4609351ba4" testId="a07af9a7-2084-50f5-9e3d-16e4b3f98992" testName="BabaPlay.Tests.Unit.Domain.EntityBaseTests.Create_NewEntity_ShouldHaveNonEmptyId" computerName="Rony" duration="00:00:00.0006442" startTime="2026-05-02T10:23:52.3426217-03:00" endTime="2026-05-02T10:23:52.3426218-03:00" testType="13cdc9d9-ddb5-4fa4-a97d-d965ccfc6d4b" outcome="Passed" testListId="8c84fa94-04c1-424b-9868-57a2d4851a1d" relativeResultsDirectory="64313b1d-08b7-4ba4-9829-7d4609351ba4" />
    <UnitTestResult executionId="8f874cc1-af76-4a92-8dd4-bd16eb68f381" testId="8581db59-3898-cc87-4f5c-695ca416afa0" testName="BabaPlay.Tests.Unit.Application.Roles.AddPermissionToRoleCommandHandlerTests.Handle_ExistingPermission_ShouldNotCreateTwice" computerName="Rony" duration="00:00:00.0163460" startTime="2026-05-02T10:23:52.4219962-03:00" endTime="2026-05-02T10:23:52.4219964-03:00" testType="13cdc9d9-ddb5-4fa4-a97d-d965ccfc6d4b" outcome="Passed" testListId="8c84fa94-04c1-424b-9868-57a2d4851a1d" relativeResultsDirectory="8f874cc1-af76-4a92-8dd4-bd16eb68f381" />
    <UnitTestResult executionId="3dacd899-53bb-4864-894a-335dc0139add" testId="e23a449b-6ed5-88da-d789-5ab934988247" testName="BabaPlay.Tests.Unit.Domain.RoleTests.Create_WhitespaceName_ThrowsValidationException" computerName="Rony" duration="00:00:00.0013850" startTime="2026-05-02T10:23:52.3495973-03:00" endTime="2026-05-02T10:23:52.3495974-03:00" testType="13cdc9d9-ddb5-4fa4-a97d-d965ccfc6d4b" outcome="Passed" testListId="8c84fa94-04c1-424b-9868-57a2d4851a1d" relativeResultsDirectory="3dacd899-53bb-4864-894a-335dc0139add" />
    <UnitTestResult executionId="dfe91c15-3218-42de-95f4-3f5241f869a2" testId="d01f3353-61c6-96a4-6e14-bc9414508826" testName="BabaPlay.Tests.Integration.PlayerIntegrationTests.GetAll_ShouldReturn200WithList" computerName="Rony" duration="00:00:00.0252215" startTime="2026-05-02T10:23:55.2710179-03:00" endTime="2026-05-02T10:23:55.2710179-03:00" testType="13cdc9d9-ddb5-4fa4-a97d-d965ccfc6d4b" outcome="Passed" testListId="8c84fa94-04c1-424b-9868-57a2d4851a1d" relativeResultsDirectory="dfe91c15-3218-42de-95f4-3f5241f869a2" />
    <UnitTestResult executionId="fb2aedaa-a39d-444c-a0c4-816906d729af" testId="35d03f18-5380-c78e-a257-ce0680aeaeca" testName="BabaPlay.Tests.Unit.Domain.PlayerTests.Create_WhitespaceName_ThrowsValidationException" computerName="Rony" duration="00:00:00.0011189" startTime="2026-05-02T10:23:52.3445110-03:00" endTime="2026-05-02T10:23:52.3445111-03:00" testType="13cdc9d9-ddb5-4fa4-a97d-d965ccfc6d4b" outcome="Passed" testListId="8c84fa94-04c1-424b-9868-57a2d4851a1d" relativeResultsDirectory="fb2aedaa-a39d-444c-a0c4-816906d729af" />
    <UnitTestResult executionId="8dc07ce5-8b88-4a3e-aec4-311b90e657db" testId="a950e977-b5c5-c14e-b401-86b07c1f18da" testName="BabaPlay.Tests.Integration.TenantIntegrationTests.POST_Tenant_ValidRequest_ShouldReturn201WithPendingStatus" computerName="Rony" duration="00:00:00.0064767" startTime="2026-05-02T10:23:54.8503367-03:00" endTime="2026-05-02T10:23:54.8503369-03:00" testType="13cdc9d9-ddb5-4fa4-a97d-d965ccfc6d4b" outcome="Passed" testListId="8c84fa94-04c1-424b-9868-57a2d4851a1d" relativeResultsDirectory="8dc07ce5-8b88-4a3e-aec4-311b90e657db" />
    <UnitTestResult executionId="8430164d-628d-4b7f-b8fc-69c5b32fb02d" testId="65456e52-5b47-27c5-603b-5258840370a7" testName="BabaPlay.Tests.Unit.Application.Auth.LoginCommandHandlerTests.Handle_UserNotFound_ShouldReturnInvalidCredentials" computerName="Rony" duration="00:00:00.1145375" startTime="2026-05-02T10:23:52.3801681-03:00" endTime="2026-05-02T10:23:52.3801681-03:00" testType="13cdc9d9-ddb5-4fa4-a97d-d965ccfc6d4b" outcome="Passed" testListId="8c84fa94-04c1-424b-9868-57a2d4851a1d" relativeResultsDirectory="8430164d-628d-4b7f-b8fc-69c5b32fb02d" />
    <UnitTestResult executionId="3fbb6825-486b-4aac-b392-91229535ec2b" testId="8aada23f-d4f9-46e7-7ad8-da59fda11744" testName="BabaPlay.Tests.Unit.Domain.PlayerTests.Deactivate_SetsIsActiveFalse" computerName="Rony" duration="00:00:00.0029991" startTime="2026-05-02T10:23:52.3432771-03:00" endTime="2026-05-02T10:23:52.3432772-03:00" testType="13cdc9d9-ddb5-4fa4-a97d-d965ccfc6d4b" outcome="Passed" testListId="8c84fa94-04c1-424b-9868-57a2d4851a1d" relativeResultsDirectory="3fbb6825-486b-4aac-b392-91229535ec2b" />
    <UnitTestResult executionId="69e286c8-43bb-4127-b875-f5e406653a98" testId="59287740-7eef-35cc-3e6f-407fd70e4670" testName="BabaPlay.Tests.Unit.Application.Auth.RefreshTokenCommandHandlerTests.Handle_RevokedToken_ShouldReturnInvalidToken" computerName="Rony" duration="00:00:00.0037472" startTime="2026-05-02T10:23:52.3968416-03:00" endTime="2026-05-02T10:23:52.3968417-03:00" testType="13cdc9d9-ddb5-4fa4-a97d-d965ccfc6d4b" outcome="Passed" testListId="8c84fa94-04c1-424b-9868-57a2d4851a1d" relativeResultsDirectory="69e286c8-43bb-4127-b875-f5e406653a98" />
    <UnitTestResult executionId="1be0ee2f-901f-4968-9a79-8dcc50ff2776" testId="d4e704d6-efc7-01a5-79eb-fa2190f2ff1e" testName="BabaPlay.Tests.Unit.Application.Auth.LoginCommandHandlerTests.Handle_WrongPassword_ShouldReturnInvalidCredentials" computerName="Rony" duration="00:00:00.0019159" startTime="2026-05-02T10:23:52.4353996-03:00" endTime="2026-05-02T10:23:52.4353998-03:00" testType="13cdc9d9-ddb5-4fa4-a97d-d965ccfc6d4b" outcome="Passed" testListId="8c84fa94-04c1-424b-9868-57a2d4851a1d" relativeResultsDirectory="1be0ee2f-901f-4968-9a79-8dcc50ff2776" />
    <UnitTestResult executionId="616a9f03-9816-448e-9e50-a3d550e3804e" testId="275c4ff7-40ca-a38e-5a88-ffc69c5a6857" testName="BabaPlay.Tests.Unit.Domain.EntityBaseTests.ClearDomainEvents_ShouldRemoveAllEvents" computerName="Rony" duration="00:00:00.0073642" startTime="2026-05-02T10:23:52.3456666-03:00" endTime="2026-05-02T10:23:52.3456666-03:00" testType="13cdc9d9-ddb5-4fa4-a97d-d965ccfc6d4b" outcome="Passed" testListId="8c84fa94-04c1-424b-9868-57a2d4851a1d" relativeResultsDirectory="616a9f03-9816-448e-9e50-a3d550e3804e" />
    <UnitTestResult executionId="cd252c5d-3f5d-463b-9493-7174c8bf00ac" testId="dff01e4e-dc9f-86e8-a80c-9042908226d7" testName="BabaPlay.Tests.Integration.PingIntegrationTests.GET_Ping_ShouldReturnHealthyStatus" computerName="Rony" duration="00:00:00.0427778" startTime="2026-05-02T10:23:52.9141491-03:00" endTime="2026-05-02T10:23:52.9141491-03:00" testType="13cdc9d9-ddb5-4fa4-a97d-d965ccfc6d4b" outcome="Passed" testListId="8c84fa94-04c1-424b-9868-57a2d4851a1d" relativeResultsDirectory="cd252c5d-3f5d-463b-9493-7174c8bf00ac" />
  </Results>
  <TestDefinitions>
    <UnitTest name="BabaPlay.Tests.Unit.Domain.PermissionTests.Create_WhitespaceCode_ThrowsValidationException" storage="/home/ronaldo/ronaldo/babaplay/backend/src/babaplay.tests/bin/release/net10.0/babaplay.tests.dll" id="285925a8-4155-af06-4808-aefd6674e319">
      <Execution id="e65a32b9-2e78-4a7b-bf24-5d7e1f7114ca" />
      <TestMethod codeBase="/home/ronaldo/Ronaldo/BabaPlay/Backend/src/BabaPlay.Tests/bin/Release/net10.0/BabaPlay.Tests.dll" adapterTypeName="executor://xunit/VsTestRunner2/netcoreapp" className="BabaPlay.Tests.Unit.Domain.PermissionTests" name="Create_WhitespaceCode_ThrowsValidationException" />
    </UnitTest>
    <UnitTest name="BabaPlay.Tests.Unit.Application.Tenants.CreateTenantCommandHandlerTests.Handle_EmptyName_ShouldReturnTenantNameRequired" storage="/home/ronaldo/ronaldo/babaplay/backend/src/babaplay.tests/bin/release/net10.0/babaplay.tests.dll" id="74010f71-083d-7e04-5ec1-fb41e5cc2c26">
      <Execution id="d13803b1-683a-4fe9-bd88-10c0f00c2a10" />
      <TestMethod codeBase="/home/ronaldo/Ronaldo/BabaPlay/Backend/src/BabaPlay.Tests/bin/Release/net10.0/BabaPlay.Tests.dll" adapterTypeName="executor://xunit/VsTestRunner2/netcoreapp" className="BabaPlay.Tests.Unit.Application.Tenants.CreateTenantCommandHandlerTests" name="Handle_EmptyName_ShouldReturnTenantNameRequired" />
    </UnitTest>
    <UnitTest name="BabaPlay.Tests.Integration.AuthIntegrationTests.POST_RefreshToken_ValidToken_ShouldReturn200WithNewTokenPair" storage="/home/ronaldo/ronaldo/babaplay/backend/src/babaplay.tests/bin/release/net10.0/babaplay.tests.dll" id="3101fe9d-8a31-66a1-23a0-502b48501e63">
      <Execution id="a1bb3723-cdda-4628-9b4c-78569f12fffa" />
      <TestMethod codeBase="/home/ronaldo/Ronaldo/BabaPlay/Backend/src/BabaPlay.Tests/bin/Release/net10.0/BabaPlay.Tests.dll" adapterTypeName="executor://xunit/VsTestRunner2/netcoreapp" className="BabaPlay.Tests.Integration.AuthIntegrationTests" name="POST_RefreshToken_ValidToken_ShouldReturn200WithNewTokenPair" />
    </UnitTest>
    <UnitTest name="BabaPlay.Tests.Unit.Application.Auth.RefreshTokenCommandHandlerTests.Handle_ExpiredToken_ShouldReturnTokenExpired" storage="/home/ronaldo/ronaldo/babaplay/backend/src/babaplay.tests/bin/release/net10.0/babaplay.tests.dll" id="1ed6289a-8c03-f6fc-a3cd-f67c5184b9ef">
      <Execution id="8bfa466f-c9bf-412e-be4a-7be5a086f455" />
      <TestMethod codeBase="/home/ronaldo/Ronaldo/BabaPlay/Backend/src/BabaPlay.Tests/bin/Release/net10.0/BabaPlay.Tests.dll" adapterTypeName="executor://xunit/VsTestRunner2/netcoreapp" className="BabaPlay.Tests.Unit.Application.Auth.RefreshTokenCommandHandlerTests" name="Handle_ExpiredToken_ShouldReturnTokenExpired" />
    </UnitTest>
    <UnitTest name="BabaPlay.Tests.Unit.Application.Tenants.CreateTenantCommandHandlerTests.Handle_ValidCommand_ShouldCreateTenantAndEnqueueProvisioning" storage="/home/ronaldo/ronaldo/babaplay/backend/src/babaplay.tests/bin/release/net10.0/babaplay.tests.dll" id="890255d6-4974-74cb-d9b0-94ed8cf261d9">
      <Execution id="c7d34109-1fde-4ffb-8c09-5335d78ac73d" />
      <TestMethod codeBase="/home/ronaldo/Ronaldo/BabaPlay/Backend/src/BabaPlay.Tests/bin/Release/net10.0/BabaPlay.Tests.dll" adapterTypeName="executor://xunit/VsTestRunner2/netcoreapp" className="BabaPlay.Tests.Unit.Application.Tenants.CreateTenantCommandHandlerTests" name="Handle_ValidCommand_ShouldCreateTenantAndEnqueueProvisioning" />
    </UnitTest>
    <UnitTest name="BabaPlay.Tests.Unit.Application.Auth.LoginCommandHandlerTests.Handle_ValidCredentials_ShouldReturnAccessAndRefreshTokens" storage="/home/ronaldo/ronaldo/babaplay/backend/src/babaplay.tests/bin/release/net10.0/babaplay.tests.dll" id="8892d412-4986-9b5e-da2e-5b155a394bf0">
      <Execution id="fbdb1d7c-ced9-40ef-a8d5-46cd08987672" />
      <TestMethod codeBase="/home/ronaldo/Ronaldo/BabaPlay/Backend/src/BabaPlay.Tests/bin/Release/net10.0/BabaPlay.Tests.dll" adapterTypeName="executor://xunit/VsTestRunner2/netcoreapp" className="BabaPlay.Tests.Unit.Application.Auth.LoginCommandHandlerTests" name="Handle_ValidCredentials_ShouldReturnAccessAndRefreshTokens" />
    </UnitTest>
    <UnitTest name="BabaPlay.Tests.Integration.PlayerIntegrationTests.Post_ValidRequest_ShouldReturn201WithPlayerResponse" storage="/home/ronaldo/ronaldo/babaplay/backend/src/babaplay.tests/bin/release/net10.0/babaplay.tests.dll" id="2ec3665f-7b52-b126-422a-37fc1a44e091">
      <Execution id="aaaaa918-b3c1-4977-be8b-f9ded577fa9b" />
      <TestMethod codeBase="/home/ronaldo/Ronaldo/BabaPlay/Backend/src/BabaPlay.Tests/bin/Release/net10.0/BabaPlay.Tests.dll" adapterTypeName="executor://xunit/VsTestRunner2/netcoreapp" className="BabaPlay.Tests.Integration.PlayerIntegrationTests" name="Post_ValidRequest_ShouldReturn201WithPlayerResponse" />
    </UnitTest>
    <UnitTest name="BabaPlay.Tests.Unit.Domain.EntityBaseTests.ClearDomainEvents_ShouldRemoveAllEvents" storage="/home/ronaldo/ronaldo/babaplay/backend/src/babaplay.tests/bin/release/net10.0/babaplay.tests.dll" id="275c4ff7-40ca-a38e-5a88-ffc69c5a6857">
      <Execution id="616a9f03-9816-448e-9e50-a3d550e3804e" />
      <TestMethod codeBase="/home/ronaldo/Ronaldo/BabaPlay/Backend/src/BabaPlay.Tests/bin/Release/net10.0/BabaPlay.Tests.dll" adapterTypeName="executor://xunit/VsTestRunner2/netcoreapp" className="BabaPlay.Tests.Unit.Domain.EntityBaseTests" name="ClearDomainEvents_ShouldRemoveAllEvents" />
    </UnitTest>
    <UnitTest name="BabaPlay.Tests.Unit.Application.Roles.AssignRoleToUserCommandHandlerTests.Handle_RoleAlreadyAssigned_ShouldReturnRoleAlreadyAssigned" storage="/home/ronaldo/ronaldo/babaplay/backend/src/babaplay.tests/bin/release/net10.0/babaplay.tests.dll" id="6c5fe64a-b333-f295-b26d-04aebebc1ba7">
      <Execution id="8fa5701c-8717-47e4-a71e-125bf97ada1f" />
      <TestMethod codeBase="/home/ronaldo/Ronaldo/BabaPlay/Backend/src/BabaPlay.Tests/bin/Release/net10.0/BabaPlay.Tests.dll" adapterTypeName="executor://xunit/VsTestRunner2/netcoreapp" className="BabaPlay.Tests.Unit.Application.Roles.AssignRoleToUserCommandHandlerTests" name="Handle_RoleAlreadyAssigned_ShouldReturnRoleAlreadyAssigned" />
    </UnitTest>
    <UnitTest name="BabaPlay.Tests.Unit.Domain.RoleTests.AddPermission_NewPermission_AddsOnce" storage="/home/ronaldo/ronaldo/babaplay/backend/src/babaplay.tests/bin/release/net10.0/babaplay.tests.dll" id="a39c3983-3d78-da3f-a9b4-66848a2fd3e2">
      <Execution id="d056dcf2-fcc9-4722-a6d5-c0ff2f217bd0" />
      <TestMethod codeBase="/home/ronaldo/Ronaldo/BabaPlay/Backend/src/BabaPlay.Tests/bin/Release/net10.0/BabaPlay.Tests.dll" adapterTypeName="executor://xunit/VsTestRunner2/netcoreapp" className="BabaPlay.Tests.Unit.Domain.RoleTests" name="AddPermission_NewPermission_AddsOnce" />
    </UnitTest>
    <UnitTest name="BabaPlay.Tests.Unit.Application.Roles.AssignRoleToUserCommandHandlerTests.Handle_UserNotFound_ShouldReturnUserNotFound" storage="/home/ronaldo/ronaldo/babaplay/backend/src/babaplay.tests/bin/release/net10.0/babaplay.tests.dll" id="bb197dc7-2ba0-3166-159f-ccb3c3446f1f">
      <Execution id="a40fa7a2-f647-44ee-90e1-59a1eca6a3a6" />
      <TestMethod codeBase="/home/ronaldo/Ronaldo/BabaPlay/Backend/src/BabaPlay.Tests/bin/Release/net10.0/BabaPlay.Tests.dll" adapterTypeName="executor://xunit/VsTestRunner2/netcoreapp" className="BabaPlay.Tests.Unit.Application.Roles.AssignRoleToUserCommandHandlerTests" name="Handle_UserNotFound_ShouldReturnUserNotFound" />
    </UnitTest>
    <UnitTest name="BabaPlay.Tests.Integration.TenantIntegrationTests.POST_Tenant_ValidRequest_ShouldReturn201WithPendingStatus" storage="/home/ronaldo/ronaldo/babaplay/backend/src/babaplay.tests/bin/release/net10.0/babaplay.tests.dll" id="a950e977-b5c5-c14e-b401-86b07c1f18da">
      <Execution id="8dc07ce5-8b88-4a3e-aec4-311b90e657db" />
      <TestMethod codeBase="/home/ronaldo/Ronaldo/BabaPlay/Backend/src/BabaPlay.Tests/bin/Release/net10.0/BabaPlay.Tests.dll" adapterTypeName="executor://xunit/VsTestRunner2/netcoreapp" className="BabaPlay.Tests.Integration.TenantIntegrationTests" name="POST_Tenant_ValidRequest_ShouldReturn201WithPendingStatus" />
    </UnitTest>
    <UnitTest name="BabaPlay.Tests.Integration.RbacIntegrationTests.GetRoles_MemberWithoutPermissionInTenantA_ShouldReturn403" storage="/home/ronaldo/ronaldo/babaplay/backend/src/babaplay.tests/bin/release/net10.0/babaplay.tests.dll" id="11090264-83b6-25f9-7193-6201ad6a64ed">
      <Execution id="c2b06305-4473-46e8-ab8a-98c1aa158c43" />
      <TestMethod codeBase="/home/ronaldo/Ronaldo/BabaPlay/Backend/src/BabaPlay.Tests/bin/Release/net10.0/BabaPlay.Tests.dll" adapterTypeName="executor://xunit/VsTestRunner2/netcoreapp" className="BabaPlay.Tests.Integration.RbacIntegrationTests" name="GetRoles_MemberWithoutPermissionInTenantA_ShouldReturn403" />
    </UnitTest>
    <UnitTest name="BabaPlay.Tests.Unit.Application.Auth.LoginCommandHandlerTests.Handle_ValidCredentials_ShouldStoreRefreshTokenWithFutureExpiry" storage="/home/ronaldo/ronaldo/babaplay/backend/src/babaplay.tests/bin/release/net10.0/babaplay.tests.dll" id="f123fe83-fd2a-5852-4379-54a8aca335e5">
      <Execution id="7a2e3fd6-35f7-4c67-97a4-39d107dfc3fe" />
      <TestMethod codeBase="/home/ronaldo/Ronaldo/BabaPlay/Backend/src/BabaPlay.Tests/bin/Release/net10.0/BabaPlay.Tests.dll" adapterTypeName="executor://xunit/VsTestRunner2/netcoreapp" className="BabaPlay.Tests.Unit.Application.Auth.LoginCommandHandlerTests" name="Handle_ValidCredentials_ShouldStoreRefreshTokenWithFutureExpiry" />
    </UnitTest>
    <UnitTest name="BabaPlay.Tests.Unit.Domain.PlayerTests.Create_NullableFieldsOmitted_ReturnsPlayer" storage="/home/ronaldo/ronaldo/babaplay/backend/src/babaplay.tests/bin/release/net10.0/babaplay.tests.dll" id="d62e129c-2c24-d689-46c7-02e0cab82e64">
      <Execution id="9cb79b15-b26f-40e6-8c5e-b0cf578d8272" />
      <TestMethod codeBase="/home/ronaldo/Ronaldo/BabaPlay/Backend/src/BabaPlay.Tests/bin/Release/net10.0/BabaPlay.Tests.dll" adapterTypeName="executor://xunit/VsTestRunner2/netcoreapp" className="BabaPlay.Tests.Unit.Domain.PlayerTests" name="Create_NullableFieldsOmitted_ReturnsPlayer" />
    </UnitTest>
    <UnitTest name="BabaPlay.Tests.Integration.PlayerIntegrationTests.Put_UnknownId_ShouldReturn404" storage="/home/ronaldo/ronaldo/babaplay/backend/src/babaplay.tests/bin/release/net10.0/babaplay.tests.dll" id="e835900e-4cfc-dc4c-699f-6b17a349465c">
      <Execution id="e1051fca-eadd-4b84-829e-c3278c6a95be" />
      <TestMethod codeBase="/home/ronaldo/Ronaldo/BabaPlay/Backend/src/BabaPlay.Tests/bin/Release/net10.0/BabaPlay.Tests.dll" adapterTypeName="executor://xunit/VsTestRunner2/netcoreapp" className="BabaPlay.Tests.Integration.PlayerIntegrationTests" name="Put_UnknownId_ShouldReturn404" />
    </UnitTest>
    <UnitTest name="BabaPlay.Tests.Integration.PlayerIntegrationTests.Post_EmptyName_ShouldReturn422" storage="/home/ronaldo/ronaldo/babaplay/backend/src/babaplay.tests/bin/release/net10.0/babaplay.tests.dll" id="bad14eee-dc85-3ed3-48fc-2c6c286bf11a">
      <Execution id="1140a3ef-97b6-485b-8a84-eca44da9d6a7" />
      <TestMethod codeBase="/home/ronaldo/Ronaldo/BabaPlay/Backend/src/BabaPlay.Tests/bin/Release/net10.0/BabaPlay.Tests.dll" adapterTypeName="executor://xunit/VsTestRunner2/netcoreapp" className="BabaPlay.Tests.Integration.PlayerIntegrationTests" name="Post_EmptyName_ShouldReturn422" />
    </UnitTest>
    <UnitTest name="BabaPlay.Tests.Unit.Application.Auth.RefreshTokenCommandHandlerTests.Handle_InactiveUser_ShouldReturnInvalidToken" storage="/home/ronaldo/ronaldo/babaplay/backend/src/babaplay.tests/bin/release/net10.0/babaplay.tests.dll" id="40919539-fd20-0332-8c2c-ca2942adda67">
      <Execution id="390bee56-8de6-4751-843c-98f0a72289d3" />
      <TestMethod codeBase="/home/ronaldo/Ronaldo/BabaPlay/Backend/src/BabaPlay.Tests/bin/Release/net10.0/BabaPlay.Tests.dll" adapterTypeName="executor://xunit/VsTestRunner2/netcoreapp" className="BabaPlay.Tests.Unit.Application.Auth.RefreshTokenCommandHandlerTests" name="Handle_InactiveUser_ShouldReturnInvalidToken" />
    </UnitTest>
    <UnitTest name="BabaPlay.Tests.Unit.Application.Players.CreatePlayerCommandHandlerTests.Handle_ValidCommand_ShouldTrimName" storage="/home/ronaldo/ronaldo/babaplay/backend/src/babaplay.tests/bin/release/net10.0/babaplay.tests.dll" id="f8c673eb-0e53-f500-9b8e-5a8ee7fc002a">
      <Execution id="7e2c0978-16e2-4c2c-82eb-bc21ed57696b" />
      <TestMethod codeBase="/home/ronaldo/Ronaldo/BabaPlay/Backend/src/BabaPlay.Tests/bin/Release/net10.0/BabaPlay.Tests.dll" adapterTypeName="executor://xunit/VsTestRunner2/netcoreapp" className="BabaPlay.Tests.Unit.Application.Players.CreatePlayerCommandHandlerTests" name="Handle_ValidCommand_ShouldTrimName" />
    </UnitTest>
    <UnitTest name="BabaPlay.Tests.Unit.Application.Roles.AddPermissionToRoleCommandHandlerTests.Handle_NewPermission_ShouldCreateAndAttach" storage="/home/ronaldo/ronaldo/babaplay/backend/src/babaplay.tests/bin/release/net10.0/babaplay.tests.dll" id="2e37ecb2-0c8a-d2f0-6577-a83e8409eae7">
      <Execution id="06c9f868-83d8-4557-b52a-a7d32ea729bc" />
      <TestMethod codeBase="/home/ronaldo/Ronaldo/BabaPlay/Backend/src/BabaPlay.Tests/bin/Release/net10.0/BabaPlay.Tests.dll" adapterTypeName="executor://xunit/VsTestRunner2/netcoreapp" className="BabaPlay.Tests.Unit.Application.Roles.AddPermissionToRoleCommandHandlerTests" name="Handle_NewPermission_ShouldCreateAndAttach" />
    </UnitTest>
    <UnitTest name="BabaPlay.Tests.Unit.Domain.UserRoleTests.Create_WhitespaceUserId_ThrowsValidationException" storage="/home/ronaldo/ronaldo/babaplay/backend/src/babaplay.tests/bin/release/net10.0/babaplay.tests.dll" id="f0e238ea-e181-6660-ebb5-80afa8124f85">
      <Execution id="e1e8dbb6-5548-487d-8707-1a3b130bdd9d" />
      <TestMethod codeBase="/home/ronaldo/Ronaldo/BabaPlay/Backend/src/BabaPlay.Tests/bin/Release/net10.0/BabaPlay.Tests.dll" adapterTypeName="executor://xunit/VsTestRunner2/netcoreapp" className="BabaPlay.Tests.Unit.Domain.UserRoleTests" name="Create_WhitespaceUserId_ThrowsValidationException" />
    </UnitTest>
    <UnitTest name="BabaPlay.Tests.Unit.Application.Players.GetPlayerQueryHandlerTests.Handle_ExistingPlayer_ShouldMapAllFieldsCorrectly" storage="/home/ronaldo/ronaldo/babaplay/backend/src/babaplay.tests/bin/release/net10.0/babaplay.tests.dll" id="d2494039-e209-b6bc-16dd-7db75938c3bf">
      <Execution id="3bcd959b-101a-4be6-8656-69c10b106acd" />
      <TestMethod codeBase="/home/ronaldo/Ronaldo/BabaPlay/Backend/src/BabaPlay.Tests/bin/Release/net10.0/BabaPlay.Tests.dll" adapterTypeName="executor://xunit/VsTestRunner2/netcoreapp" className="BabaPlay.Tests.Unit.Application.Players.GetPlayerQueryHandlerTests" name="Handle_ExistingPlayer_ShouldMapAllFieldsCorrectly" />
    </UnitTest>
    <UnitTest name="BabaPlay.Tests.Unit.Application.PingCommandHandlerTests.Handle_ValidCommand_ShouldReturnSuccessWithPongMessage" storage="/home/ronaldo/ronaldo/babaplay/backend/src/babaplay.tests/bin/release/net10.0/babaplay.tests.dll" id="df02293a-851e-2151-7e83-7bfbf254d1de">
      <Execution id="90e5f6c1-f163-4670-b458-0e00686f5d65" />
      <TestMethod codeBase="/home/ronaldo/Ronaldo/BabaPlay/Backend/src/BabaPlay.Tests/bin/Release/net10.0/BabaPlay.Tests.dll" adapterTypeName="executor://xunit/VsTestRunner2/netcoreapp" className="BabaPlay.Tests.Unit.Application.PingCommandHandlerTests" name="Handle_ValidCommand_ShouldReturnSuccessWithPongMessage" />
    </UnitTest>
    <UnitTest name="BabaPlay.Tests.Unit.Domain.PlayerTests.Create_WhitespaceName_ThrowsValidationException" storage="/home/ronaldo/ronaldo/babaplay/backend/src/babaplay.tests/bin/release/net10.0/babaplay.tests.dll" id="35d03f18-5380-c78e-a257-ce0680aeaeca">
      <Execution id="fb2aedaa-a39d-444c-a0c4-816906d729af" />
      <TestMethod codeBase="/home/ronaldo/Ronaldo/BabaPlay/Backend/src/BabaPlay.Tests/bin/Release/net10.0/BabaPlay.Tests.dll" adapterTypeName="executor://xunit/VsTestRunner2/netcoreapp" className="BabaPlay.Tests.Unit.Domain.PlayerTests" name="Create_WhitespaceName_ThrowsValidationException" />
    </UnitTest>
    <UnitTest name="BabaPlay.Tests.Unit.Application.Players.DeletePlayerCommandHandlerTests.Handle_PlayerNotFound_ShouldReturnPlayerNotFound" storage="/home/ronaldo/ronaldo/babaplay/backend/src/babaplay.tests/bin/release/net10.0/babaplay.tests.dll" id="35398c32-0248-0dab-2b92-a0604619c001">
      <Execution id="080d12e5-a6e0-4e5f-b554-e8ad58c09b55" />
      <TestMethod codeBase="/home/ronaldo/Ronaldo/BabaPlay/Backend/src/BabaPlay.Tests/bin/Release/net10.0/BabaPlay.Tests.dll" adapterTypeName="executor://xunit/VsTestRunner2/netcoreapp" className="BabaPlay.Tests.Unit.Application.Players.DeletePlayerCommandHandlerTests" name="Handle_PlayerNotFound_ShouldReturnPlayerNotFound" />
    </UnitTest>
    <UnitTest name="BabaPlay.Tests.Unit.Application.PingCommandHandlerTests.Handle_EmptySender_ShouldReturnFailure" storage="/home/ronaldo/ronaldo/babaplay/backend/src/babaplay.tests/bin/release/net10.0/babaplay.tests.dll" id="6e410c92-bb30-0788-e14d-77f5c000640a">
      <Execution id="9f139722-8aa8-4f17-9172-9986bf9c7353" />
      <TestMethod codeBase="/home/ronaldo/Ronaldo/BabaPlay/Backend/src/BabaPlay.Tests/bin/Release/net10.0/BabaPlay.Tests.dll" adapterTypeName="executor://xunit/VsTestRunner2/netcoreapp" className="BabaPlay.Tests.Unit.Application.PingCommandHandlerTests" name="Handle_EmptySender_ShouldReturnFailure" />
    </UnitTest>
    <UnitTest name="BabaPlay.Tests.Unit.Domain.UserRoleTests.Create_EmptyRoleId_ThrowsValidationException" storage="/home/ronaldo/ronaldo/babaplay/backend/src/babaplay.tests/bin/release/net10.0/babaplay.tests.dll" id="095c18d0-c9b7-cd8e-de73-2aca0af96e13">
      <Execution id="964ed925-5b56-45f3-b224-5c87f4ae8761" />
      <TestMethod codeBase="/home/ronaldo/Ronaldo/BabaPlay/Backend/src/BabaPlay.Tests/bin/Release/net10.0/BabaPlay.Tests.dll" adapterTypeName="executor://xunit/VsTestRunner2/netcoreapp" className="BabaPlay.Tests.Unit.Domain.UserRoleTests" name="Create_EmptyRoleId_ThrowsValidationException" />
    </UnitTest>
    <UnitTest name="BabaPlay.Tests.Unit.Domain.PlayerTests.Create_EmptyName_ThrowsValidationException" storage="/home/ronaldo/ronaldo/babaplay/backend/src/babaplay.tests/bin/release/net10.0/babaplay.tests.dll" id="1045f9fc-d7bf-bd09-0b7a-21f3e9db2861">
      <Execution id="bca9287d-18d7-4fe2-b7ae-5773d9a05594" />
[...]
      LIMIT 2
info: Microsoft.EntityFrameworkCore.Database.Command[20101]
      Executed DbCommand (0ms) [Parameters=[@userId='?' (Size = 36)], CommandType='Text', CommandTimeout='30']
      SELECT "a0"."Name"
      FROM "AspNetUserRoles" AS "a"
      INNER JOIN "AspNetRoles" AS "a0" ON "a"."RoleId" = "a0"."Id"
      WHERE "a"."UserId" = @userId
info: Microsoft.EntityFrameworkCore.Database.Command[20101]
      Executed DbCommand (0ms) [Parameters=[@p0='?' (DbType = Guid), @p1='?' (DbType = DateTime), @p2='?' (DbType = DateTime), @p3='?' (DbType = DateTime), @p4='?' (Size = 88), @p5='?' (Size = 36)], CommandType='Text', CommandTimeout='30']
      INSERT INTO "RefreshTokens" ("Id", "CreatedAt", "ExpiresAt", "RevokedAt", "Token", "UserId")
      VALUES (@p0, @p1, @p2, @p3, @p4, @p5);
info: BabaPlay.Infrastructure.Workers.TenantProvisioningWorker[0]
      TenantProvisioningWorker started.
info: Microsoft.EntityFrameworkCore.Database.Command[20101]
      Executed DbCommand (0ms) [Parameters=[@normalizedEmail='?' (Size = 24)], CommandType='Text', CommandTimeout='30']
      SELECT "a"."Id", "a"."AccessFailedCount", "a"."ConcurrencyStamp", "a"."CreatedAt", "a"."Email", "a"."EmailConfirmed", "a"."IsActive", "a"."LockoutEnabled", "a"."LockoutEnd", "a"."NormalizedEmail", "a"."NormalizedUserName", "a"."PasswordHash", "a"."PhoneNumber", "a"."PhoneNumberConfirmed", "a"."SecurityStamp", "a"."TwoFactorEnabled", "a"."UserName"
      FROM "AspNetUsers" AS "a"
      WHERE "a"."NormalizedEmail" = @normalizedEmail
      LIMIT 2
info: Microsoft.Hosting.Lifetime[0]
      Application started. Press Ctrl+C to shut down.
info: Microsoft.Hosting.Lifetime[0]
      Hosting environment: Development
info: Microsoft.Hosting.Lifetime[0]
      Content root path: /home/ronaldo/Ronaldo/BabaPlay/Backend/src/BabaPlay.Api
info: Microsoft.EntityFrameworkCore.Database.Command[20101]
      Executed DbCommand (0ms) [Parameters=[@slug='?' (Size = 18)], CommandType='Text', CommandTimeout='30']
      SELECT "t"."Id", "t"."ConnectionString", "t"."CreatedAt", "t"."DatabaseName", "t"."IsActive", "t"."Name", "t"."ProvisioningStatus", "t"."Slug"
      FROM "Tenants" AS "t"
      WHERE "t"."Slug" = @slug
      LIMIT 1
warn: Microsoft.AspNetCore.HttpsPolicy.HttpsRedirectionMiddleware[3]
      Failed to determine the https port for redirect.
info: Microsoft.EntityFrameworkCore.Database.Command[20101]
      Executed DbCommand (0ms) [Parameters=[@slug='?' (Size = 13)], CommandType='Text', CommandTimeout='30']
      SELECT "t"."Id", "t"."ConnectionString", "t"."CreatedAt", "t"."DatabaseName", "t"."IsActive", "t"."Name", "t"."ProvisioningStatus", "t"."Slug"
      FROM "Tenants" AS "t"
      WHERE "t"."Slug" = @slug
      LIMIT 1
info: Microsoft.EntityFrameworkCore.Database.Command[20101]
      Executed DbCommand (0ms) [Parameters=[@userId='?' (Size = 15), @tenantId='?' (DbType = Guid)], CommandType='Text', CommandTimeout='30']
      SELECT EXISTS (
          SELECT 1
          FROM "UserTenants" AS "u"
          WHERE "u"."UserId" = @userId AND "u"."TenantId" = @tenantId)
info: Microsoft.EntityFrameworkCore.Database.Command[20101]
      Executed DbCommand (0ms) [Parameters=[@userId='?' (Size = 15), @tenantId='?' (DbType = Guid)], CommandType='Text', CommandTimeout='30']
      SELECT EXISTS (
          SELECT 1
          FROM "UserTenants" AS "u"
          WHERE "u"."UserId" = @userId AND "u"."TenantId" = @tenantId)
info: BabaPlay.Tests.Integration.TestAuthHandler[13]
      AuthenticationScheme: TestAuthScheme was forbidden.
info: Microsoft.EntityFrameworkCore.Database.Command[20101]
      Executed DbCommand (0ms) [Parameters=[@slug='?' (Size = 13)], CommandType='Text', CommandTimeout='30']
      SELECT "t"."Id", "t"."ConnectionString", "t"."CreatedAt", "t"."DatabaseName", "t"."IsActive", "t"."Name", "t"."ProvisioningStatus", "t"."Slug"
      FROM "Tenants" AS "t"
      WHERE "t"."Slug" = @slug
      LIMIT 1
info: Microsoft.EntityFrameworkCore.Database.Command[20101]
      Executed DbCommand (0ms) [Parameters=[@userId='?' (Size = 16), @tenantId='?' (DbType = Guid)], CommandType='Text', CommandTimeout='30']
      SELECT EXISTS (
          SELECT 1
          FROM "UserTenants" AS "u"
          WHERE "u"."UserId" = @userId AND "u"."TenantId" = @tenantId)
info: Microsoft.EntityFrameworkCore.Database.Command[20101]
      Executed DbCommand (0ms) [Parameters=[@userId='?' (Size = 16), @tenantId='?' (DbType = Guid)], CommandType='Text', CommandTimeout='30']
      SELECT EXISTS (
          SELECT 1
          FROM "UserTenants" AS "u"
          WHERE "u"."UserId" = @userId AND "u"."TenantId" = @tenantId)
info: Microsoft.EntityFrameworkCore.Database.Command[20101]
      Executed DbCommand (0ms) [Parameters=[@slug='?' (Size = 18)], CommandType='Text', CommandTimeout='30']
      SELECT "t"."Id", "t"."ConnectionString", "t"."CreatedAt", "t"."DatabaseName", "t"."IsActive", "t"."Name", "t"."ProvisioningStatus", "t"."Slug"
      FROM "Tenants" AS "t"
      WHERE "t"."Slug" = @slug
      LIMIT 1
info: BabaPlay.Tests.Integration.TestAuthHandler[13]
      AuthenticationScheme: TestAuthScheme was forbidden.
info: Microsoft.EntityFrameworkCore.Database.Command[20101]
      Executed DbCommand (0ms) [Parameters=[@slug='?' (Size = 13)], CommandType='Text', CommandTimeout='30']
      SELECT "t"."Id", "t"."ConnectionString", "t"."CreatedAt", "t"."DatabaseName", "t"."IsActive", "t"."Name", "t"."ProvisioningStatus", "t"."Slug"
      FROM "Tenants" AS "t"
      WHERE "t"."Slug" = @slug
      LIMIT 1
info: Microsoft.EntityFrameworkCore.Database.Command[20101]
      Executed DbCommand (0ms) [Parameters=[@userId='?' (Size = 15), @tenantId='?' (DbType = Guid)], CommandType='Text', CommandTimeout='30']
      SELECT EXISTS (
          SELECT 1
          FROM "UserTenants" AS "u"
          WHERE "u"."UserId" = @userId AND "u"."TenantId" = @tenantId)
info: Microsoft.EntityFrameworkCore.Database.Command[20101]
      Executed DbCommand (0ms) [Parameters=[@userId='?' (Size = 15), @tenantId='?' (DbType = Guid)], CommandType='Text', CommandTimeout='30']
      SELECT EXISTS (
          SELECT 1
          FROM "UserTenants" AS "u"
          WHERE "u"."UserId" = @userId AND "u"."TenantId" = @tenantId)
info: Microsoft.EntityFrameworkCore.Database.Command[20101]
      Executed DbCommand (0ms) [Parameters=[@p='?' (Size = 36)], CommandType='Text', CommandTimeout='30']
      SELECT "a"."Id", "a"."AccessFailedCount", "a"."ConcurrencyStamp", "a"."CreatedAt", "a"."Email", "a"."EmailConfirmed", "a"."IsActive", "a"."LockoutEnabled", "a"."LockoutEnd", "a"."NormalizedEmail", "a"."NormalizedUserName", "a"."PasswordHash", "a"."PhoneNumber", "a"."PhoneNumberConfirmed", "a"."SecurityStamp", "a"."TwoFactorEnabled", "a"."UserName"
      FROM "AspNetUsers" AS "a"
      WHERE "a"."Id" = @p
      LIMIT 1
info: Microsoft.EntityFrameworkCore.Database.Command[20101]
      Executed DbCommand (0ms) [Parameters=[@userId='?' (Size = 36)], CommandType='Text', CommandTimeout='30']
      SELECT "a0"."Name"
      FROM "AspNetUserRoles" AS "a"
      INNER JOIN "AspNetRoles" AS "a0" ON "a"."RoleId" = "a0"."Id"
      WHERE "a"."UserId" = @userId
info: Microsoft.EntityFrameworkCore.Database.Command[20101]
      Executed DbCommand (0ms) [Parameters=[@p0='?' (DbType = Guid), @p1='?' (DbType = DateTime), @p2='?' (DbType = DateTime), @p3='?' (DbType = DateTime), @p4='?' (Size = 88), @p5='?' (Size = 36)], CommandType='Text', CommandTimeout='30']
      INSERT INTO "RefreshTokens" ("Id", "CreatedAt", "ExpiresAt", "RevokedAt", "Token", "UserId")
      VALUES (@p0, @p1, @p2, @p3, @p4, @p5);
info: Microsoft.EntityFrameworkCore.Database.Command[20101]
      Executed DbCommand (0ms) [Parameters=[@token='?' (Size = 88)], CommandType='Text', CommandTimeout='30']
      SELECT "r"."Id", "r"."CreatedAt", "r"."ExpiresAt", "r"."RevokedAt", "r"."Token", "r"."UserId"
      FROM "RefreshTokens" AS "r"
      WHERE "r"."Token" = @token
      LIMIT 1
info: Microsoft.EntityFrameworkCore.Database.Command[20101]
      Executed DbCommand (0ms) [Parameters=[@p='?' (Size = 36)], CommandType='Text', CommandTimeout='30']
      SELECT "a"."Id", "a"."AccessFailedCount", "a"."ConcurrencyStamp", "a"."CreatedAt", "a"."Email", "a"."EmailConfirmed", "a"."IsActive", "a"."LockoutEnabled", "a"."LockoutEnd", "a"."NormalizedEmail", "a"."NormalizedUserName", "a"."PasswordHash", "a"."PhoneNumber", "a"."PhoneNumberConfirmed", "a"."SecurityStamp", "a"."TwoFactorEnabled", "a"."UserName"
      FROM "AspNetUsers" AS "a"
      WHERE "a"."Id" = @p
      LIMIT 1
info: Microsoft.EntityFrameworkCore.Database.Command[20101]
      Executed DbCommand (0ms) [Parameters=[@token='?' (Size = 88)], CommandType='Text', CommandTimeout='30']
      SELECT "r"."Id", "r"."CreatedAt", "r"."ExpiresAt", "r"."RevokedAt", "r"."Token", "r"."UserId"
      FROM "RefreshTokens" AS "r"
      WHERE "r"."Token" = @token
      LIMIT 1
info: Microsoft.EntityFrameworkCore.Database.Command[20101]
      Executed DbCommand (0ms) [Parameters=[@p1='?' (DbType = Guid), @p0='?' (DbType = DateTime)], CommandType='Text', CommandTimeout='30']
      UPDATE "RefreshTokens" SET "RevokedAt" = @p0
      WHERE "Id" = @p1
      RETURNING 1;
info: Microsoft.EntityFrameworkCore.Database.Command[20101]
      Executed DbCommand (0ms) [Parameters=[@slug='?' (Size = 18)], CommandType='Text', CommandTimeout='30']
      SELECT "t"."Id", "t"."ConnectionString", "t"."CreatedAt", "t"."DatabaseName", "t"."IsActive", "t"."Name", "t"."ProvisioningStatus", "t"."Slug"
      FROM "Tenants" AS "t"
      WHERE "t"."Slug" = @slug
      LIMIT 1
info: Microsoft.EntityFrameworkCore.Database.Command[20101]
      Executed DbCommand (0ms) [Parameters=[@userId='?' (Size = 36)], CommandType='Text', CommandTimeout='30']
      SELECT "a0"."Name"
      FROM "AspNetUserRoles" AS "a"
      INNER JOIN "AspNetRoles" AS "a0" ON "a"."RoleId" = "a0"."Id"
      WHERE "a"."UserId" = @userId
info: Microsoft.EntityFrameworkCore.Database.Command[20101]
      Executed DbCommand (0ms) [Parameters=[@p='?' (Size = 36)], CommandType='Text', CommandTimeout='30']
      SELECT "a"."Id", "a"."AccessFailedCount", "a"."ConcurrencyStamp", "a"."CreatedAt", "a"."Email", "a"."EmailConfirmed", "a"."IsActive", "a"."LockoutEnabled", "a"."LockoutEnd", "a"."NormalizedEmail", "a"."NormalizedUserName", "a"."PasswordHash", "a"."PhoneNumber", "a"."PhoneNumberConfirmed", "a"."SecurityStamp", "a"."TwoFactorEnabled", "a"."UserName"
      FROM "AspNetUsers" AS "a"
      WHERE "a"."Id" = @p
      LIMIT 1
info: Microsoft.EntityFrameworkCore.Database.Command[20101]
      Executed DbCommand (0ms) [Parameters=[@p0='?' (DbType = Guid), @p1='?' (DbType = DateTime), @p2='?' (DbType = DateTime), @p3='?' (DbType = DateTime), @p4='?' (Size = 88), @p5='?' (Size = 36)], CommandType='Text', CommandTimeout='30']
      INSERT INTO "RefreshTokens" ("Id", "CreatedAt", "ExpiresAt", "RevokedAt", "Token", "UserId")
      VALUES (@p0, @p1, @p2, @p3, @p4, @p5);
info: Microsoft.EntityFrameworkCore.Database.Command[20101]
      Executed DbCommand (0ms) [Parameters=[@token='?' (Size = 88)], CommandType='Text', CommandTimeout='30']
      SELECT "r"."Id", "r"."CreatedAt", "r"."ExpiresAt", "r"."RevokedAt", "r"."Token", "r"."UserId"
      FROM "RefreshTokens" AS "r"
      WHERE "r"."Token" = @token
      LIMIT 1
info: Microsoft.EntityFrameworkCore.Database.Command[20101]
      Executed DbCommand (0ms) [Parameters=[@slug='?' (Size = 18)], CommandType='Text', CommandTimeout='30']
      SELECT "t"."Id", "t"."ConnectionString", "t"."CreatedAt", "t"."DatabaseName", "t"."IsActive", "t"."Name", "t"."ProvisioningStatus", "t"."Slug"
      FROM "Tenants" AS "t"
      WHERE "t"."Slug" = @slug
      LIMIT 1
info: Microsoft.EntityFrameworkCore.Database.Command[20101]
      Executed DbCommand (0ms) [Parameters=[@normalizedEmail='?' (Size = 24)], CommandType='Text', CommandTimeout='30']
      SELECT "a"."Id", "a"."AccessFailedCount", "a"."ConcurrencyStamp", "a"."CreatedAt", "a"."Email", "a"."EmailConfirmed", "a"."IsActive", "a"."LockoutEnabled", "a"."LockoutEnd", "a"."NormalizedEmail", "a"."NormalizedUserName", "a"."PasswordHash", "a"."PhoneNumber", "a"."PhoneNumberConfirmed", "a"."SecurityStamp", "a"."TwoFactorEnabled", "a"."UserName"
      FROM "AspNetUsers" AS "a"
      WHERE "a"."NormalizedEmail" = @normalizedEmail
      LIMIT 2
info: Microsoft.EntityFrameworkCore.Database.Command[20101]
      Executed DbCommand (0ms) [Parameters=[@token='?' (Size = 31)], CommandType='Text', CommandTimeout='30']
      SELECT "r"."Id", "r"."CreatedAt", "r"."ExpiresAt", "r"."RevokedAt", "r"."Token", "r"."UserId"
      FROM "RefreshTokens" AS "r"
      WHERE "r"."Token" = @token
      LIMIT 1
info: Microsoft.Hosting.Lifetime[0]
      Application is shutting down...
info: BabaPlay.Infrastructure.Workers.TenantProvisioningWorker[0]
      TenantProvisioningWorker stopped.
info: Microsoft.EntityFrameworkCore.Database.Command[20101]
      Executed DbCommand (0ms) [Parameters=[@slug='?' (Size = 18)], CommandType='Text', CommandTimeout='30']
      SELECT "t"."Id", "t"."ConnectionString", "t"."CreatedAt", "t"."DatabaseName", "t"."IsActive", "t"."Name", "t"."ProvisioningStatus", "t"."Slug"
      FROM "Tenants" AS "t"
      WHERE "t"."Slug" = @slug
      LIMIT 1
info: Microsoft.EntityFrameworkCore.Database.Command[20101]
      Executed DbCommand (0ms) [Parameters=[@p='?' (Size = 36)], CommandType='Text', CommandTimeout='30']
      SELECT "a"."Id", "a"."AccessFailedCount", "a"."ConcurrencyStamp", "a"."CreatedAt", "a"."Email", "a"."EmailConfirmed", "a"."IsActive", "a"."LockoutEnabled", "a"."LockoutEnd", "a"."NormalizedEmail", "a"."NormalizedUserName", "a"."PasswordHash", "a"."PhoneNumber", "a"."PhoneNumberConfirmed", "a"."SecurityStamp", "a"."TwoFactorEnabled", "a"."UserName"
      FROM "AspNetUsers" AS "a"
      WHERE "a"."Id" = @p
      LIMIT 1
info: Microsoft.EntityFrameworkCore.Database.Command[20101]
      Executed DbCommand (0ms) [Parameters=[@slug='?' (Size = 18)], CommandType='Text', CommandTimeout='30']
      SELECT "t"."Id", "t"."ConnectionString", "t"."CreatedAt", "t"."DatabaseName", "t"."IsActive", "t"."Name", "t"."ProvisioningStatus", "t"."Slug"
      FROM "Tenants" AS "t"
      WHERE "t"."Slug" = @slug
      LIMIT 1
info: Microsoft.EntityFrameworkCore.Database.Command[20101]
      Executed DbCommand (0ms) [Parameters=[@p='?' (Size = 36)], CommandType='Text', CommandTimeout='30']
      SELECT "a"."Id", "a"."AccessFailedCount", "a"."ConcurrencyStamp", "a"."CreatedAt", "a"."Email", "a"."EmailConfirmed", "a"."IsActive", "a"."LockoutEnabled", "a"."LockoutEnd", "a"."NormalizedEmail", "a"."NormalizedUserName", "a"."PasswordHash", "a"."PhoneNumber", "a"."PhoneNumberConfirmed", "a"."SecurityStamp", "a"."TwoFactorEnabled", "a"."UserName"
      FROM "AspNetUsers" AS "a"
      WHERE "a"."Id" = @p
      LIMIT 1
info: Microsoft.Hosting.Lifetime[0]
      Application is shutting down...
info: BabaPlay.Infrastructure.Workers.TenantProvisioningWorker[0]
      TenantProvisioningWorker stopped.
info: Microsoft.EntityFrameworkCore.Database.Command[20101]
      Executed DbCommand (0ms) [Parameters=[@slug='?' (Size = 18)], CommandType='Text', CommandTimeout='30']
      SELECT "t"."Id", "t"."ConnectionString", "t"."CreatedAt", "t"."DatabaseName", "t"."IsActive", "t"."Name", "t"."ProvisioningStatus", "t"."Slug"
      FROM "Tenants" AS "t"
      WHERE "t"."Slug" = @slug
      LIMIT 1
info: Microsoft.EntityFrameworkCore.Database.Command[20101]
      Executed DbCommand (0ms) [Parameters=[@slug='?' (Size = 18)], CommandType='Text', CommandTimeout='30']
      SELECT "t"."Id", "t"."ConnectionString", "t"."CreatedAt", "t"."DatabaseName", "t"."IsActive", "t"."Name", "t"."ProvisioningStatus", "t"."Slug"
      FROM "Tenants" AS "t"
      WHERE "t"."Slug" = @slug
      LIMIT 1
info: Microsoft.EntityFrameworkCore.Database.Command[20101]
      Executed DbCommand (0ms) [Parameters=[@slug='?' (Size = 18)], CommandType='Text', CommandTimeout='30']
      SELECT "t"."Id", "t"."ConnectionString", "t"."CreatedAt", "t"."DatabaseName", "t"."IsActive", "t"."Name", "t"."ProvisioningStatus", "t"."Slug"
      FROM "Tenants" AS "t"
      WHERE "t"."Slug" = @slug
      LIMIT 1
info: Microsoft.EntityFrameworkCore.Database.Command[20101]
      Executed DbCommand (0ms) [Parameters=[@slug='?' (Size = 18)], CommandType='Text', CommandTimeout='30']
      SELECT "t"."Id", "t"."ConnectionString", "t"."CreatedAt", "t"."DatabaseName", "t"."IsActive", "t"."Name", "t"."ProvisioningStatus", "t"."Slug"
      FROM "Tenants" AS "t"
      WHERE "t"."Slug" = @slug
      LIMIT 1
info: Microsoft.EntityFrameworkCore.Database.Command[20101]
      Executed DbCommand (0ms) [Parameters=[@p='?' (Size = 36)], CommandType='Text', CommandTimeout='30']
      SELECT "a"."Id", "a"."AccessFailedCount", "a"."ConcurrencyStamp", "a"."CreatedAt", "a"."Email", "a"."EmailConfirmed", "a"."IsActive", "a"."LockoutEnabled", "a"."LockoutEnd", "a"."NormalizedEmail", "a"."NormalizedUserName", "a"."PasswordHash", "a"."PhoneNumber", "a"."PhoneNumberConfirmed", "a"."SecurityStamp", "a"."TwoFactorEnabled", "a"."UserName"
      FROM "AspNetUsers" AS "a"
      WHERE "a"."Id" = @p
      LIMIT 1
info: Microsoft.EntityFrameworkCore.Database.Command[20101]
      Executed DbCommand (0ms) [Parameters=[@slug='?' (Size = 18)], CommandType='Text', CommandTimeout='30']
      SELECT "t"."Id", "t"."ConnectionString", "t"."CreatedAt", "t"."DatabaseName", "t"."IsActive", "t"."Name", "t"."ProvisioningStatus", "t"."Slug"
      FROM "Tenants" AS "t"
      WHERE "t"."Slug" = @slug
      LIMIT 1
info: Microsoft.EntityFrameworkCore.Database.Command[20101]
      Executed DbCommand (0ms) [Parameters=[@slug='?' (Size = 18)], CommandType='Text', CommandTimeout='30']
      SELECT "t"."Id", "t"."ConnectionString", "t"."CreatedAt", "t"."DatabaseName", "t"."IsActive", "t"."Name", "t"."ProvisioningStatus", "t"."Slug"
      FROM "Tenants" AS "t"
      WHERE "t"."Slug" = @slug
      LIMIT 1
info: Microsoft.EntityFrameworkCore.Database.Command[20101]
      Executed DbCommand (0ms) [Parameters=[@p='?' (Size = 36)], CommandType='Text', CommandTimeout='30']
      SELECT "a"."Id", "a"."AccessFailedCount", "a"."ConcurrencyStamp", "a"."CreatedAt", "a"."Email", "a"."EmailConfirmed", "a"."IsActive", "a"."LockoutEnabled", "a"."LockoutEnd", "a"."NormalizedEmail", "a"."NormalizedUserName", "a"."PasswordHash", "a"."PhoneNumber", "a"."PhoneNumberConfirmed", "a"."SecurityStamp", "a"."TwoFactorEnabled", "a"."UserName"
      FROM "AspNetUsers" AS "a"
      WHERE "a"."Id" = @p
      LIMIT 1
info: Microsoft.EntityFrameworkCore.Database.Command[20101]
      Executed DbCommand (0ms) [Parameters=[@slug='?' (Size = 18)], CommandType='Text', CommandTimeout='30']
      SELECT "t"."Id", "t"."ConnectionString", "t"."CreatedAt", "t"."DatabaseName", "t"."IsActive", "t"."Name", "t"."ProvisioningStatus", "t"."Slug"
      FROM "Tenants" AS "t"
      WHERE "t"."Slug" = @slug
      LIMIT 1
info: Microsoft.EntityFrameworkCore.Database.Command[20101]
      Executed DbCommand (0ms) [Parameters=[@slug='?' (Size = 18)], CommandType='Text', CommandTimeout='30']
      SELECT "t"."Id", "t"."ConnectionString", "t"."CreatedAt", "t"."DatabaseName", "t"."IsActive", "t"."Name", "t"."ProvisioningStatus", "t"."Slug"
      FROM "Tenants" AS "t"
      WHERE "t"."Slug" = @slug
      LIMIT 1
info: Microsoft.Hosting.Lifetime[0]
      Application is shutting down...
info: BabaPlay.Infrastructure.Workers.TenantProvisioningWorker[0]
      TenantProvisioningWorker stopped.
[xUnit.net 00:00:04.47]   Finished:    BabaPlay.Tests
</StdOut>
    </Output>
    <CollectorDataEntries>
      <Collector agentName="Rony" uri="datacollector://microsoft/CoverletCodeCoverage/1.0" collectorDisplayName="XPlat code coverage">
        <UriAttachments>
          <UriAttachment>
            <A href="Rony/coverage.cobertura.xml"></A>
          </UriAttachment>
        </UriAttachments>
      </Collector>
    </CollectorDataEntries>
  </ResultSummary>
</TestRun>