<?xml version="1.0" encoding="UTF-8"?>
<coverage generated="1777639727262" clover="3.2.0">
  <project timestamp="1777639727262" name="All files">
    <metrics statements="81" coveredstatements="78" conditionals="36" coveredconditionals="32" methods="25" coveredmethods="22" elements="142" coveredelements="132" complexity="0" loc="81" ncloc="81" packages="9" files="12" classes="12"/>
    <package name="core.api">
      <metrics statements="37" coveredstatements="34" conditionals="14" coveredconditionals="11" methods="7" coveredmethods="4"/>
      <file name="client.ts" path="/home/ronaldo/Ronaldo/BabaPlay/web/src/core/api/client.ts">
        <metrics statements="37" coveredstatements="34" conditionals="14" coveredconditionals="11" methods="7" coveredmethods="4"/>
        <line num="7" count="3" type="cond" truecount="2" falsecount="0"/>
        <line num="9" count="3" type="stmt"/>
        <line num="15" count="3" type="stmt"/>
        <line num="16" count="16" type="stmt"/>
        <line num="17" count="16" type="cond" truecount="2" falsecount="0"/>
        <line num="18" count="16" type="stmt"/>
        <line num="22" count="3" type="stmt"/>
        <line num="23" count="3" type="stmt"/>
        <line num="26" count="2" type="cond" truecount="0" falsecount="2"/>
        <line num="29" count="3" type="stmt"/>
        <line num="30" count="7" type="stmt"/>
        <line num="32" count="9" type="stmt"/>
        <line num="34" count="9" type="cond" truecount="4" falsecount="0"/>
        <line num="35" count="2" type="stmt"/>
        <line num="38" count="7" type="cond" truecount="1" falsecount="1"/>
        <line num="39" count="0" type="stmt"/>
        <line num="41" count="0" type="stmt"/>
        <line num="42" count="0" type="stmt"/>
        <line num="47" count="7" type="stmt"/>
        <line num="48" count="7" type="stmt"/>
        <line num="50" count="7" type="stmt"/>
        <line num="52" count="7" type="cond" truecount="2" falsecount="0"/>
        <line num="53" count="5" type="stmt"/>
        <line num="54" count="5" type="stmt"/>
        <line num="55" count="5" type="stmt"/>
        <line num="56" count="5" type="stmt"/>
        <line num="59" count="2" type="stmt"/>
        <line num="60" count="2" type="stmt"/>
        <line num="67" count="1" type="stmt"/>
        <line num="68" count="1" type="stmt"/>
        <line num="69" count="1" type="stmt"/>
        <line num="70" count="1" type="stmt"/>
        <line num="72" count="1" type="stmt"/>
        <line num="73" count="1" type="stmt"/>
        <line num="74" count="1" type="stmt"/>
        <line num="75" count="1" type="stmt"/>
        <line num="77" count="2" type="stmt"/>
      </file>
    </package>
    <package name="core.constants">
      <metrics statements="2" coveredstatements="2" conditionals="0" coveredconditionals="0" methods="0" coveredmethods="0"/>
      <file name="apiRoutes.ts" path="/home/ronaldo/Ronaldo/BabaPlay/web/src/core/constants/apiRoutes.ts">
        <metrics statements="1" coveredstatements="1" conditionals="0" coveredconditionals="0" methods="0" coveredmethods="0"/>
        <line num="2" count="3" type="stmt"/>
      </file>
      <file name="errorCodes.ts" path="/home/ronaldo/Ronaldo/BabaPlay/web/src/core/constants/errorCodes.ts">
        <metrics statements="1" coveredstatements="1" conditionals="0" coveredconditionals="0" methods="0" coveredmethods="0"/>
        <line num="2" count="1" type="stmt"/>
      </file>
    </package>
    <package name="core.utils">
      <metrics statements="2" coveredstatements="2" conditionals="2" coveredconditionals="2" methods="1" coveredmethods="1"/>
      <file name="getErrorCode.ts" path="/home/ronaldo/Ronaldo/BabaPlay/web/src/core/utils/getErrorCode.ts">
        <metrics statements="2" coveredstatements="2" conditionals="2" coveredconditionals="2" methods="1" coveredmethods="1"/>
        <line num="9" count="10" type="stmt"/>
        <line num="10" count="10" type="cond" truecount="2" falsecount="0"/>
      </file>
    </package>
    <package name="features.auth.components">
      <metrics statements="3" coveredstatements="3" conditionals="10" coveredconditionals="9" methods="1" coveredmethods="1"/>
      <file name="LoginForm.tsx" path="/home/ronaldo/Ronaldo/BabaPlay/web/src/features/auth/components/LoginForm.tsx">
        <metrics statements="3" coveredstatements="3" conditionals="10" coveredconditionals="9" methods="1" coveredmethods="1"/>
        <line num="12" count="1" type="stmt"/>
        <line num="21" count="17" type="stmt"/>
        <line num="24" count="17" type="stmt"/>
      </file>
    </package>
    <package name="features.auth.hooks">
      <metrics statements="7" coveredstatements="7" conditionals="0" coveredconditionals="0" methods="4" coveredmethods="4"/>
      <file name="useLogin.ts" path="/home/ronaldo/Ronaldo/BabaPlay/web/src/features/auth/hooks/useLogin.ts">
        <metrics statements="7" coveredstatements="7" conditionals="0" coveredconditionals="0" methods="4" coveredmethods="4"/>
        <line num="9" count="34" type="stmt"/>
        <line num="10" count="10" type="stmt"/>
        <line num="12" count="10" type="stmt"/>
        <line num="13" count="5" type="stmt"/>
        <line num="15" count="2" type="stmt"/>
        <line num="16" count="2" type="stmt"/>
        <line num="20" count="10" type="stmt"/>
      </file>
    </package>
    <package name="features.auth.schemas">
      <metrics statements="1" coveredstatements="1" conditionals="0" coveredconditionals="0" methods="0" coveredmethods="0"/>
      <file name="loginSchema.ts" path="/home/ronaldo/Ronaldo/BabaPlay/web/src/features/auth/schemas/loginSchema.ts">
        <metrics statements="1" coveredstatements="1" conditionals="0" coveredconditionals="0" methods="0" coveredmethods="0"/>
        <line num="3" count="2" type="stmt"/>
      </file>
    </package>
    <package name="features.auth.services">
      <metrics statements="5" coveredstatements="5" conditionals="0" coveredconditionals="0" methods="4" coveredmethods="4"/>
      <file name="authService.ts" path="/home/ronaldo/Ronaldo/BabaPlay/web/src/features/auth/services/authService.ts">
        <metrics statements="5" coveredstatements="5" conditionals="0" coveredconditionals="0" methods="4" coveredmethods="4"/>
        <line num="5" count="2" type="stmt"/>
        <line num="7" count="8" type="stmt"/>
        <line num="9" count="3" type="stmt"/>
        <line num="12" count="3" type="stmt"/>
        <line num="14" count="1" type="stmt"/>
      </file>
    </package>
    <package name="features.auth.store">
      <metrics statements="4" coveredstatements="4" conditionals="0" coveredconditionals="0" methods="3" coveredmethods="3"/>
      <file name="authStore.ts" path="/home/ronaldo/Ronaldo/BabaPlay/web/src/features/auth/store/authStore.ts">
        <metrics statements="4" coveredstatements="4" conditionals="0" coveredconditionals="0" methods="3" coveredmethods="3"/>
        <line num="13" count="4" type="stmt"/>
        <line num="15" count="4" type="stmt"/>
        <line num="21" count="10" type="stmt"/>
        <line num="28" count="20" type="stmt"/>
      </file>
    </package>
    <package name="test">
      <metrics statements="20" coveredstatements="20" conditionals="10" coveredconditionals="10" methods="5" coveredmethods="5"/>
      <file name="handlers.ts" path="/home/ronaldo/Ronaldo/BabaPlay/web/src/test/handlers.ts">
        <metrics statements="15" coveredstatements="15" conditionals="10" coveredconditionals="10" methods="2" coveredmethods="2"/>
        <line num="4" count="6" type="stmt"/>
        <line num="6" count="6" type="stmt"/>
        <line num="13" count="6" type="stmt"/>
        <line num="16" count="8" type="stmt"/>
        <line num="18" count="8" type="cond" truecount="2" falsecount="0"/>
        <line num="19" count="2" type="stmt"/>
        <line num="25" count="6" type="cond" truecount="4" falsecount="0"/>
        <line num="26" count="3" type="stmt"/>
        <line num="32" count="3" type="stmt"/>
        <line num="37" count="5" type="stmt"/>
        <line num="39" count="5" type="cond" truecount="2" falsecount="0"/>
        <line num="40" count="1" type="stmt"/>
        <line num="46" count="4" type="cond" truecount="2" falsecount="0"/>
        <line num="47" count="2" type="stmt"/>
        <line num="53" count="2" type="stmt"/>
      </file>
      <file name="server.ts" path="/home/ronaldo/Ronaldo/BabaPlay/web/src/test/server.ts">
        <metrics statements="1" coveredstatements="1" conditionals="0" coveredconditionals="0" methods="0" coveredmethods="0"/>
        <line num="4" count="6" type="stmt"/>
      </file>
      <file name="utils.tsx" path="/home/ronaldo/Ronaldo/BabaPlay/web/src/test/utils.tsx">
        <metrics statements="4" coveredstatements="4" conditionals="0" coveredconditionals="0" methods="3" coveredmethods="3"/>
        <line num="6" count="5" type="stmt"/>
        <line num="16" count="5" type="stmt"/>
        <line num="17" count="5" type="stmt"/>
        <line num="18" count="5" type="stmt"/>
      </file>
    </package>
  </project>
</coverage>
