<?xml version="1.0" encoding="UTF-8"?>
<coverage generated="1777859098002" clover="3.2.0">
  <project timestamp="1777859098002" name="All files">
    <metrics statements="121" coveredstatements="117" conditionals="57" coveredconditionals="48" methods="43" coveredmethods="38" elements="221" coveredelements="203" complexity="0" loc="121" ncloc="121" packages="9" files="14" classes="14"/>
    <package name="core.api">
      <metrics statements="42" coveredstatements="39" conditionals="18" coveredconditionals="14" methods="7" coveredmethods="4"/>
      <file name="client.ts" path="/home/ronaldo/Ronaldo/BabaPlay/web/src/core/api/client.ts">
        <metrics statements="42" coveredstatements="39" conditionals="18" coveredconditionals="14" methods="7" coveredmethods="4"/>
        <line num="8" count="6" type="cond" truecount="1" falsecount="1"/>
        <line num="10" count="6" type="stmt"/>
        <line num="16" count="6" type="stmt"/>
        <line num="17" count="31" type="stmt"/>
        <line num="18" count="31" type="cond" truecount="2" falsecount="0"/>
        <line num="20" count="31" type="stmt"/>
        <line num="21" count="31" type="cond" truecount="2" falsecount="0"/>
        <line num="22" count="3" type="stmt"/>
        <line num="23" count="3" type="stmt"/>
        <line num="26" count="31" type="stmt"/>
        <line num="30" count="6" type="stmt"/>
        <line num="31" count="6" type="stmt"/>
        <line num="34" count="4" type="cond" truecount="0" falsecount="2"/>
        <line num="37" count="6" type="stmt"/>
        <line num="38" count="17" type="stmt"/>
        <line num="40" count="14" type="stmt"/>
        <line num="42" count="14" type="cond" truecount="4" falsecount="0"/>
        <line num="43" count="3" type="stmt"/>
        <line num="46" count="11" type="cond" truecount="1" falsecount="1"/>
        <line num="47" count="0" type="stmt"/>
        <line num="49" count="0" type="stmt"/>
        <line num="50" count="0" type="stmt"/>
        <line num="55" count="11" type="stmt"/>
        <line num="56" count="11" type="stmt"/>
        <line num="58" count="11" type="stmt"/>
        <line num="60" count="11" type="cond" truecount="2" falsecount="0"/>
        <line num="61" count="7" type="stmt"/>
        <line num="62" count="7" type="stmt"/>
        <line num="63" count="7" type="stmt"/>
        <line num="64" count="7" type="stmt"/>
        <line num="67" count="4" type="stmt"/>
        <line num="68" count="4" type="stmt"/>
        <line num="69" count="4" type="stmt"/>
        <line num="82" count="2" type="stmt"/>
        <line num="83" count="2" type="stmt"/>
        <line num="84" count="2" type="stmt"/>
        <line num="85" count="2" type="stmt"/>
        <line num="87" count="2" type="stmt"/>
        <line num="88" count="2" type="stmt"/>
        <line num="89" count="2" type="stmt"/>
        <line num="90" count="2" type="stmt"/>
        <line num="92" count="4" type="stmt"/>
      </file>
    </package>
    <package name="core.components">
      <metrics statements="11" coveredstatements="11" conditionals="6" coveredconditionals="6" methods="7" coveredmethods="7"/>
      <file name="AuthHeader.tsx" path="/home/ronaldo/Ronaldo/BabaPlay/web/src/core/components/AuthHeader.tsx">
        <metrics statements="4" coveredstatements="4" conditionals="4" coveredconditionals="4" methods="3" coveredmethods="3"/>
        <line num="5" count="19" type="stmt"/>
        <line num="6" count="6" type="stmt"/>
        <line num="8" count="6" type="stmt"/>
        <line num="21" count="1" type="stmt"/>
      </file>
      <file name="ErrorBoundary.tsx" path="/home/ronaldo/Ronaldo/BabaPlay/web/src/core/components/ErrorBoundary.tsx">
        <metrics statements="7" coveredstatements="7" conditionals="2" coveredconditionals="2" methods="4" coveredmethods="4"/>
        <line num="13" count="7" type="stmt"/>
        <line num="16" count="6" type="stmt"/>
        <line num="20" count="3" type="stmt"/>
        <line num="24" count="13" type="cond" truecount="2" falsecount="0"/>
        <line num="25" count="6" type="stmt"/>
        <line num="34" count="1" type="stmt"/>
        <line num="44" count="7" type="stmt"/>
      </file>
    </package>
    <package name="core.constants">
      <metrics statements="2" coveredstatements="2" conditionals="0" coveredconditionals="0" methods="0" coveredmethods="0"/>
      <file name="apiRoutes.ts" path="/home/ronaldo/Ronaldo/BabaPlay/web/src/core/constants/apiRoutes.ts">
        <metrics statements="1" coveredstatements="1" conditionals="0" coveredconditionals="0" methods="0" coveredmethods="0"/>
        <line num="2" count="6" type="stmt"/>
      </file>
      <file name="errorCodes.ts" path="/home/ronaldo/Ronaldo/BabaPlay/web/src/core/constants/errorCodes.ts">
        <metrics statements="1" coveredstatements="1" conditionals="0" coveredconditionals="0" methods="0" coveredmethods="0"/>
        <line num="2" count="1" type="stmt"/>
      </file>
    </package>
    <package name="core.utils">
      <metrics statements="2" coveredstatements="2" conditionals="2" coveredconditionals="2" methods="1" coveredmethods="1"/>
      <file name="getErrorCode.ts" path="/home/ronaldo/Ronaldo/BabaPlay/web/src/core/utils/getErrorCode.ts">
        <metrics statements="2" coveredstatements="2" conditionals="2" coveredconditionals="2" methods="1" coveredmethods="1"/>
        <line num="9" count="10" type="stmt"/>
        <line num="10" count="10" type="cond" truecount="2" falsecount="0"/>
      </file>
    </package>
    <package name="features.auth.components">
      <metrics statements="5" coveredstatements="4" conditionals="16" coveredconditionals="12" methods="3" coveredmethods="1"/>
      <file name="LoginForm.tsx" path="/home/ronaldo/Ronaldo/BabaPlay/web/src/features/auth/components/LoginForm.tsx">
        <metrics statements="5" coveredstatements="4" conditionals="16" coveredconditionals="12" methods="3" coveredmethods="1"/>
        <line num="13" count="1" type="stmt"/>
        <line num="19" count="17" type="stmt"/>
        <line num="24" count="17" type="stmt"/>
        <line num="27" count="17" type="stmt"/>
        <line num="84" count="0" type="stmt"/>
      </file>
    </package>
    <package name="features.auth.hooks">
      <metrics statements="27" coveredstatements="27" conditionals="2" coveredconditionals="1" methods="10" coveredmethods="10"/>
      <file name="useCurrentUser.ts" path="/home/ronaldo/Ronaldo/BabaPlay/web/src/features/auth/hooks/useCurrentUser.ts">
        <metrics statements="6" coveredstatements="6" conditionals="0" coveredconditionals="0" methods="2" coveredmethods="2"/>
        <line num="5" count="2" type="stmt"/>
        <line num="8" count="9" type="stmt"/>
        <line num="10" count="9" type="stmt"/>
        <line num="13" count="3" type="stmt"/>
        <line num="14" count="2" type="stmt"/>
        <line num="15" count="2" type="stmt"/>
      </file>
      <file name="useLogin.ts" path="/home/ronaldo/Ronaldo/BabaPlay/web/src/features/auth/hooks/useLogin.ts">
        <metrics statements="12" coveredstatements="12" conditionals="0" coveredconditionals="0" methods="5" coveredmethods="5"/>
        <line num="10" count="36" type="stmt"/>
        <line num="11" count="10" type="stmt"/>
        <line num="12" count="10" type="stmt"/>
        <line num="14" count="10" type="stmt"/>
        <line num="15" count="5" type="stmt"/>
        <line num="17" count="2" type="stmt"/>
        <line num="18" count="2" type="stmt"/>
        <line num="21" count="2" type="stmt"/>
        <line num="22" count="2" type="stmt"/>
        <line num="23" count="2" type="stmt"/>
        <line num="26" count="2" type="stmt"/>
        <line num="30" count="10" type="stmt"/>
      </file>
      <file name="useLogout.ts" path="/home/ronaldo/Ronaldo/BabaPlay/web/src/features/auth/hooks/useLogout.ts">
        <metrics statements="9" coveredstatements="9" conditionals="2" coveredconditionals="1" methods="3" coveredmethods="3"/>
        <line num="7" count="14" type="stmt"/>
        <line num="8" count="14" type="stmt"/>
        <line num="9" count="14" type="stmt"/>
        <line num="11" count="14" type="stmt"/>
        <line num="12" count="3" type="cond" truecount="1" falsecount="1"/>
        <line num="15" count="3" type="stmt"/>
        <line num="16" count="3" type="stmt"/>
        <line num="17" count="3" type="stmt"/>
        <line num="21" count="14" type="stmt"/>
      </file>
    </package>
    <package name="features.auth.schemas">
      <metrics statements="1" coveredstatements="1" conditionals="0" coveredconditionals="0" methods="0" coveredmethods="0"/>
      <file name="loginSchema.ts" path="/home/ronaldo/Ronaldo/BabaPlay/web/src/features/auth/schemas/loginSchema.ts">
        <metrics statements="1" coveredstatements="1" conditionals="0" coveredconditionals="0" methods="0" coveredmethods="0"/>
        <line num="3" count="2" type="stmt"/>
      </file>
    </package>
    <package name="features.auth.services">
      <metrics statements="25" coveredstatements="25" conditionals="13" coveredconditionals="13" methods="10" coveredmethods="10"/>
      <file name="authService.ts" path="/home/ronaldo/Ronaldo/BabaPlay/web/src/features/auth/services/authService.ts">
        <metrics statements="9" coveredstatements="9" conditionals="0" coveredconditionals="0" methods="8" coveredmethods="8"/>
        <line num="5" count="5" type="stmt"/>
        <line num="7" count="8" type="stmt"/>
        <line num="9" count="3" type="stmt"/>
        <line num="12" count="3" type="stmt"/>
        <line num="14" count="1" type="stmt"/>
        <line num="17" count="5" type="stmt"/>
        <line num="19" count="3" type="stmt"/>
        <line num="22" count="7" type="stmt"/>
        <line num="24" count="5" type="stmt"/>
      </file>
      <file name="tenantService.ts" path="/home/ronaldo/Ronaldo/BabaPlay/web/src/features/auth/services/tenantService.ts">
        <metrics statements="16" coveredstatements="16" conditionals="13" coveredconditionals="13" methods="2" coveredmethods="2"/>
        <line num="4" count="7" type="stmt"/>
        <line num="18" count="47" type="stmt"/>
        <line num="21" count="47" type="cond" truecount="2" falsecount="0"/>
        <line num="23" count="7" type="stmt"/>
        <line num="25" count="7" type="cond" truecount="5" falsecount="0"/>
        <line num="27" count="5" type="stmt"/>
        <line num="40" count="41" type="cond" truecount="2" falsecount="0"/>
        <line num="42" count="40" type="stmt"/>
        <line num="45" count="40" type="stmt"/>
        <line num="46" count="40" type="cond" truecount="2" falsecount="0"/>
        <line num="47" count="2" type="stmt"/>
        <line num="51" count="38" type="stmt"/>
        <line num="52" count="38" type="stmt"/>
        <line num="53" count="41" type="cond" truecount="2" falsecount="0"/>
        <line num="54" count="6" type="stmt"/>
        <line num="57" count="32" type="stmt"/>
      </file>
    </package>
    <package name="features.auth.store">
      <metrics statements="6" coveredstatements="6" conditionals="0" coveredconditionals="0" methods="5" coveredmethods="5"/>
      <file name="authStore.ts" path="/home/ronaldo/Ronaldo/BabaPlay/web/src/features/auth/store/authStore.ts">
        <metrics statements="6" coveredstatements="6" conditionals="0" coveredconditionals="0" methods="5" coveredmethods="5"/>
        <line num="17" count="7" type="stmt"/>
        <line num="19" count="7" type="stmt"/>
        <line num="27" count="24" type="stmt"/>
        <line num="34" count="12" type="stmt"/>
        <line num="37" count="4" type="stmt"/>
        <line num="40" count="51" type="stmt"/>
      </file>
    </package>
  </project>
</coverage>
