{"/home/ronaldo/Ronaldo/BabaPlay/web/src/core/api/client.ts": {"path":"/home/ronaldo/Ronaldo/BabaPlay/web/src/core/api/client.ts","statementMap":{"0":{"start":{"line":7,"column":17},"end":{"line":7,"column":null}},"1":{"start":{"line":9,"column":25},"end":{"line":12,"column":null}},"2":{"start":{"line":15,"column":0},"end":{"line":19,"column":null}},"3":{"start":{"line":16,"column":16},"end":{"line":16,"column":null}},"4":{"start":{"line":17,"column":2},"end":{"line":17,"column":null}},"5":{"start":{"line":17,"column":13},"end":{"line":17,"column":null}},"6":{"start":{"line":18,"column":2},"end":{"line":18,"column":null}},"7":{"start":{"line":22,"column":17},"end":{"line":22,"column":null}},"8":{"start":{"line":23,"column":83},"end":{"line":23,"column":84}},"9":{"start":{"line":26,"column":2},"end":{"line":26,"column":null}},"10":{"start":{"line":26,"column":41},"end":{"line":26,"column":73}},"11":{"start":{"line":29,"column":0},"end":{"line":80,"column":null}},"12":{"start":{"line":30,"column":11},"end":{"line":30,"column":null}},"13":{"start":{"line":32,"column":16},"end":{"line":32,"column":null}},"14":{"start":{"line":34,"column":4},"end":{"line":35,"column":null}},"15":{"start":{"line":35,"column":6},"end":{"line":35,"column":null}},"16":{"start":{"line":38,"column":4},"end":{"line":44,"column":null}},"17":{"start":{"line":39,"column":6},"end":{"line":44,"column":null}},"18":{"start":{"line":39,"column":47},"end":{"line":39,"column":78}},"19":{"start":{"line":41,"column":10},"end":{"line":41,"column":null}},"20":{"start":{"line":42,"column":10},"end":{"line":42,"column":null}},"21":{"start":{"line":47,"column":4},"end":{"line":47,"column":null}},"22":{"start":{"line":48,"column":4},"end":{"line":48,"column":null}},"23":{"start":{"line":50,"column":53},"end":{"line":50,"column":75}},"24":{"start":{"line":52,"column":4},"end":{"line":56,"column":null}},"25":{"start":{"line":53,"column":6},"end":{"line":53,"column":null}},"26":{"start":{"line":54,"column":6},"end":{"line":54,"column":null}},"27":{"start":{"line":55,"column":6},"end":{"line":55,"column":null}},"28":{"start":{"line":56,"column":6},"end":{"line":56,"column":null}},"29":{"start":{"line":59,"column":4},"end":{"line":77,"column":null}},"30":{"start":{"line":60,"column":23},"end":{"line":65,"column":null}},"31":{"start":{"line":67,"column":6},"end":{"line":67,"column":null}},"32":{"start":{"line":68,"column":6},"end":{"line":68,"column":null}},"33":{"start":{"line":69,"column":6},"end":{"line":69,"column":null}},"34":{"start":{"line":70,"column":6},"end":{"line":70,"column":null}},"35":{"start":{"line":72,"column":6},"end":{"line":72,"column":null}},"36":{"start":{"line":73,"column":6},"end":{"line":73,"column":null}},"37":{"start":{"line":74,"column":6},"end":{"line":74,"column":null}},"38":{"start":{"line":75,"column":6},"end":{"line":75,"column":null}},"39":{"start":{"line":77,"column":6},"end":{"line":77,"column":null}}},"fnMap":{"0":{"name":"(anonymous_0)","decl":{"start":{"line":15,"column":31},"end":{"line":15,"column":36}},"loc":{"start":{"line":15,"column":75},"end":{"line":19,"column":null}},"line":15},"1":{"name":"flushQueue","decl":{"start":{"line":25,"column":9},"end":{"line":25,"column":20}},"loc":{"start":{"line":25,"column":56},"end":{"line":26,"column":null}},"line":25},"2":{"name":"(anonymous_2)","decl":{"start":{"line":26,"column":25},"end":{"line":26,"column":34}},"loc":{"start":{"line":26,"column":41},"end":{"line":26,"column":73}},"line":26},"3":{"name":"(anonymous_3)","decl":{"start":{"line":29,"column":32},"end":{"line":29,"column":null}},"loc":{"start":{"line":30,"column":11},"end":{"line":30,"column":null}},"line":30},"4":{"name":"(anonymous_4)","decl":{"start":{"line":31,"column":2},"end":{"line":31,"column":9}},"loc":{"start":{"line":31,"column":47},"end":{"line":80,"column":null}},"line":31},"5":{"name":"(anonymous_5)","decl":{"start":{"line":39,"column":17},"end":{"line":39,"column":34}},"loc":{"start":{"line":39,"column":47},"end":{"line":39,"column":78}},"line":39},"6":{"name":"(anonymous_6)","decl":{"start":{"line":39,"column":80},"end":{"line":39,"column":null}},"loc":{"start":{"line":40,"column":19},"end":{"line":44,"column":null}},"line":40}},"branchMap":{"0":{"loc":{"start":{"line":7,"column":17},"end":{"line":7,"column":null}},"type":"binary-expr","locations":[{"start":{"line":7,"column":17},"end":{"line":7,"column":49}},{"start":{"line":7,"column":49},"end":{"line":7,"column":null}}],"line":7},"1":{"loc":{"start":{"line":17,"column":2},"end":{"line":17,"column":null}},"type":"if","locations":[{"start":{"line":17,"column":2},"end":{"line":17,"column":null}},{"start":{},"end":{}}],"line":17},"2":{"loc":{"start":{"line":26,"column":41},"end":{"line":26,"column":73}},"type":"cond-expr","locations":[{"start":{"line":26,"column":47},"end":{"line":26,"column":58}},{"start":{"line":26,"column":61},"end":{"line":26,"column":73}}],"line":26},"3":{"loc":{"start":{"line":34,"column":4},"end":{"line":35,"column":null}},"type":"if","locations":[{"start":{"line":34,"column":4},"end":{"line":35,"column":null}},{"start":{},"end":{}}],"line":34},"4":{"loc":{"start":{"line":34,"column":8},"end":{"line":34,"column":55}},"type":"binary-expr","locations":[{"start":{"line":34,"column":8},"end":{"line":34,"column":42}},{"start":{"line":34,"column":42},"end":{"line":34,"column":55}}],"line":34},"5":{"loc":{"start":{"line":38,"column":4},"end":{"line":44,"column":null}},"type":"if","locations":[{"start":{"line":38,"column":4},"end":{"line":44,"column":null}},{"start":{},"end":{}}],"line":38},"6":{"loc":{"start":{"line":52,"column":4},"end":{"line":56,"column":null}},"type":"if","locations":[{"start":{"line":52,"column":4},"end":{"line":56,"column":null}},{"start":{},"end":{}}],"line":52}},"s":{"0":3,"1":3,"2":3,"3":16,"4":16,"5":4,"6":16,"7":3,"8":3,"9":2,"10":0,"11":3,"12":7,"13":9,"14":9,"15":2,"16":7,"17":0,"18":0,"19":0,"20":0,"21":7,"22":7,"23":7,"24":7,"25":5,"26":5,"27":5,"28":5,"29":2,"30":2,"31":1,"32":1,"33":1,"34":1,"35":1,"36":1,"37":1,"38":1,"39":2},"f":{"0":16,"1":2,"2":0,"3":7,"4":9,"5":0,"6":0},"b":{"0":[3,3],"1":[4,12],"2":[0,0],"3":[2,7],"4":[9,7],"5":[0,7],"6":[5,2]},"meta":{"lastBranch":7,"lastFunction":7,"lastStatement":40,"seen":{"s:7:17:7:Infinity":0,"b:7:17:7:49:7:49:7:Infinity":0,"s:9:25:12:Infinity":1,"s:15:0:19:Infinity":2,"f:15:31:15:36":0,"s:16:16:16:Infinity":3,"b:17:2:17:Infinity:undefined:undefined:undefined:undefined":1,"s:17:2:17:Infinity":4,"s:17:13:17:Infinity":5,"s:18:2:18:Infinity":6,"s:22:17:22:Infinity":7,"s:23:83:23:84":8,"f:25:9:25:20":1,"s:26:2:26:Infinity":9,"f:26:25:26:34":2,"s:26:41:26:73":10,"b:26:47:26:58:26:61:26:73":2,"s:29:0:80:Infinity":11,"f:29:32:29:Infinity":3,"s:30:11:30:Infinity":12,"f:31:2:31:9":4,"s:32:16:32:Infinity":13,"b:34:4:35:Infinity:undefined:undefined:undefined:undefined":3,"s:34:4:35:Infinity":14,"b:34:8:34:42:34:42:34:55":4,"s:35:6:35:Infinity":15,"b:38:4:44:Infinity:undefined:undefined:undefined:undefined":5,"s:38:4:44:Infinity":16,"s:39:6:44:Infinity":17,"f:39:17:39:34":5,"s:39:47:39:78":18,"f:39:80:39:Infinity":6,"s:41:10:41:Infinity":19,"s:42:10:42:Infinity":20,"s:47:4:47:Infinity":21,"s:48:4:48:Infinity":22,"s:50:53:50:75":23,"b:52:4:56:Infinity:undefined:undefined:undefined:undefined":6,"s:52:4:56:Infinity":24,"s:53:6:53:Infinity":25,"s:54:6:54:Infinity":26,"s:55:6:55:Infinity":27,"s:56:6:56:Infinity":28,"s:59:4:77:Infinity":29,"s:60:23:65:Infinity":30,"s:67:6:67:Infinity":31,"s:68:6:68:Infinity":32,"s:69:6:69:Infinity":33,"s:70:6:70:Infinity":34,"s:72:6:72:Infinity":35,"s:73:6:73:Infinity":36,"s:74:6:74:Infinity":37,"s:75:6:75:Infinity":38,"s:77:6:77:Infinity":39}}}
,"/home/ronaldo/Ronaldo/BabaPlay/web/src/core/constants/apiRoutes.ts": {"path":"/home/ronaldo/Ronaldo/BabaPlay/web/src/core/constants/apiRoutes.ts","statementMap":{"0":{"start":{"line":2,"column":26},"end":{"line":6,"column":null}}},"fnMap":{},"branchMap":{},"s":{"0":3},"f":{},"b":{},"meta":{"lastBranch":0,"lastFunction":0,"lastStatement":1,"seen":{"s:2:26:6:Infinity":0}}}
,"/home/ronaldo/Ronaldo/BabaPlay/web/src/core/constants/errorCodes.ts": {"path":"/home/ronaldo/Ronaldo/BabaPlay/web/src/core/constants/errorCodes.ts","statementMap":{"0":{"start":{"line":2,"column":27},"end":{"line":8,"column":null}}},"fnMap":{},"branchMap":{},"s":{"0":1},"f":{},"b":{},"meta":{"lastBranch":0,"lastFunction":0,"lastStatement":1,"seen":{"s:2:27:8:Infinity":0}}}
,"/home/ronaldo/Ronaldo/BabaPlay/web/src/core/utils/getErrorCode.ts": {"path":"/home/ronaldo/Ronaldo/BabaPlay/web/src/core/utils/getErrorCode.ts","statementMap":{"0":{"start":{"line":9,"column":21},"end":{"line":9,"column":null}},"1":{"start":{"line":10,"column":2},"end":{"line":10,"column":null}}},"fnMap":{"0":{"name":"getErrorCode","decl":{"start":{"line":8,"column":16},"end":{"line":8,"column":29}},"loc":{"start":{"line":8,"column":58},"end":{"line":10,"column":null}},"line":8}},"branchMap":{"0":{"loc":{"start":{"line":10,"column":9},"end":{"line":10,"column":null}},"type":"binary-expr","locations":[{"start":{"line":10,"column":9},"end":{"line":10,"column":46}},{"start":{"line":10,"column":46},"end":{"line":10,"column":null}}],"line":10}},"s":{"0":10,"1":10},"f":{"0":10},"b":{"0":[10,7]},"meta":{"lastBranch":1,"lastFunction":1,"lastStatement":2,"seen":{"f:8:16:8:29":0,"s:9:21:9:Infinity":0,"s:10:2:10:Infinity":1,"b:10:9:10:46:10:46:10:Infinity":0}}}
,"/home/ronaldo/Ronaldo/BabaPlay/web/src/features/auth/components/LoginForm.tsx": {"path":"/home/ronaldo/Ronaldo/BabaPlay/web/src/features/auth/components/LoginForm.tsx","statementMap":{"0":{"start":{"line":12,"column":47},"end":{"line":15,"column":null}},"1":{"start":{"line":21,"column":17},"end":{"line":22,"column":70}},"2":{"start":{"line":24,"column":2},"end":{"line":82,"column":null}}},"fnMap":{"0":{"name":"LoginForm","decl":{"start":{"line":17,"column":16},"end":{"line":17,"column":26}},"loc":{"start":{"line":17,"column":78},"end":{"line":82,"column":null}},"line":17}},"branchMap":{"0":{"loc":{"start":{"line":41,"column":9},"end":{"line":44,"column":null}},"type":"binary-expr","locations":[{"start":{"line":41,"column":9},"end":{"line":41,"column":null}},{"start":{"line":42,"column":10},"end":{"line":44,"column":null}}],"line":41},"1":{"loc":{"start":{"line":63,"column":9},"end":{"line":66,"column":null}},"type":"binary-expr","locations":[{"start":{"line":63,"column":9},"end":{"line":63,"column":null}},{"start":{"line":64,"column":10},"end":{"line":66,"column":null}}],"line":63},"2":{"loc":{"start":{"line":70,"column":7},"end":{"line":73,"column":null}},"type":"binary-expr","locations":[{"start":{"line":70,"column":7},"end":{"line":70,"column":null}},{"start":{"line":71,"column":8},"end":{"line":73,"column":null}}],"line":70},"3":{"loc":{"start":{"line":72,"column":11},"end":{"line":72,"column":null}},"type":"binary-expr","locations":[{"start":{"line":72,"column":11},"end":{"line":72,"column":40}},{"start":{"line":72,"column":40},"end":{"line":72,"column":null}}],"line":72},"4":{"loc":{"start":{"line":81,"column":9},"end":{"line":81,"column":null}},"type":"cond-expr","locations":[{"start":{"line":81,"column":21},"end":{"line":81,"column":37}},{"start":{"line":81,"column":37},"end":{"line":81,"column":null}}],"line":81}},"s":{"0":1,"1":17,"2":17},"f":{"0":17},"b":{"0":[17,1],"1":[17,2],"2":[17,4],"3":[4,0],"4":[2,15]},"meta":{"lastBranch":5,"lastFunction":1,"lastStatement":3,"seen":{"s:12:47:15:Infinity":0,"f:17:16:17:26":0,"s:21:17:22:70":1,"s:24:2:82:Infinity":2,"b:41:9:41:Infinity:42:10:44:Infinity":0,"b:63:9:63:Infinity:64:10:66:Infinity":1,"b:70:7:70:Infinity:71:8:73:Infinity":2,"b:72:11:72:40:72:40:72:Infinity":3,"b:81:21:81:37:81:37:81:Infinity":4}}}
,"/home/ronaldo/Ronaldo/BabaPlay/web/src/features/auth/hooks/useLogin.ts": {"path":"/home/ronaldo/Ronaldo/BabaPlay/web/src/features/auth/hooks/useLogin.ts","statementMap":{"0":{"start":{"line":9,"column":8},"end":{"line":9,"column":52}},"1":{"start":{"line":9,"column":40},"end":{"line":9,"column":52}},"2":{"start":{"line":10,"column":8},"end":{"line":10,"column":32}},"3":{"start":{"line":12,"column":43},"end":{"line":18,"column":4}},"4":{"start":{"line":13,"column":40},"end":{"line":13,"column":63}},"5":{"start":{"line":15,"column":6},"end":{"line":15,"column":null}},"6":{"start":{"line":16,"column":6},"end":{"line":16,"column":null}},"7":{"start":{"line":20,"column":2},"end":{"line":26,"column":null}}},"fnMap":{"0":{"name":"useLogin","decl":{"start":{"line":8,"column":16},"end":{"line":8,"column":27}},"loc":{"start":{"line":8,"column":27},"end":{"line":26,"column":null}},"line":8},"1":{"name":"(anonymous_1)","decl":{"start":{"line":9,"column":20},"end":{"line":9,"column":34}},"loc":{"start":{"line":9,"column":40},"end":{"line":9,"column":52}},"line":9},"2":{"name":"(anonymous_2)","decl":{"start":{"line":13,"column":4},"end":{"line":13,"column":17}},"loc":{"start":{"line":13,"column":40},"end":{"line":13,"column":63}},"line":13},"3":{"name":"(anonymous_3)","decl":{"start":{"line":14,"column":4},"end":{"line":14,"column":16}},"loc":{"start":{"line":14,"column":25},"end":{"line":16,"column":null}},"line":14}},"branchMap":{},"s":{"0":10,"1":34,"2":10,"3":10,"4":5,"5":2,"6":2,"7":10},"f":{"0":10,"1":34,"2":5,"3":2},"b":{},"meta":{"lastBranch":0,"lastFunction":4,"lastStatement":8,"seen":{"f:8:16:8:27":0,"s:9:8:9:52":0,"f:9:20:9:34":1,"s:9:40:9:52":1,"s:10:8:10:32":2,"s:12:43:18:4":3,"f:13:4:13:17":2,"s:13:40:13:63":4,"f:14:4:14:16":3,"s:15:6:15:Infinity":5,"s:16:6:16:Infinity":6,"s:20:2:26:Infinity":7}}}
,"/home/ronaldo/Ronaldo/BabaPlay/web/src/features/auth/schemas/loginSchema.ts": {"path":"/home/ronaldo/Ronaldo/BabaPlay/web/src/features/auth/schemas/loginSchema.ts","statementMap":{"0":{"start":{"line":3,"column":27},"end":{"line":6,"column":2}}},"fnMap":{},"branchMap":{},"s":{"0":2},"f":{},"b":{},"meta":{"lastBranch":0,"lastFunction":0,"lastStatement":1,"seen":{"s:3:27:6:2":0}}}
,"/home/ronaldo/Ronaldo/BabaPlay/web/src/features/auth/services/authService.ts": {"path":"/home/ronaldo/Ronaldo/BabaPlay/web/src/features/auth/services/authService.ts","statementMap":{"0":{"start":{"line":5,"column":27},"end":{"line":15,"column":null}},"1":{"start":{"line":7,"column":4},"end":{"line":9,"column":30}},"2":{"start":{"line":9,"column":21},"end":{"line":9,"column":30}},"3":{"start":{"line":12,"column":4},"end":{"line":14,"column":null}},"4":{"start":{"line":14,"column":21},"end":{"line":14,"column":null}}},"fnMap":{"0":{"name":"(anonymous_0)","decl":{"start":{"line":6,"column":2},"end":{"line":6,"column":10}},"loc":{"start":{"line":7,"column":4},"end":{"line":9,"column":30}},"line":7},"1":{"name":"(anonymous_1)","decl":{"start":{"line":9,"column":7},"end":{"line":9,"column":13}},"loc":{"start":{"line":9,"column":21},"end":{"line":9,"column":30}},"line":9},"2":{"name":"(anonymous_2)","decl":{"start":{"line":11,"column":2},"end":{"line":11,"column":17}},"loc":{"start":{"line":12,"column":4},"end":{"line":14,"column":null}},"line":12},"3":{"name":"(anonymous_3)","decl":{"start":{"line":14,"column":7},"end":{"line":14,"column":13}},"loc":{"start":{"line":14,"column":21},"end":{"line":14,"column":null}},"line":14}},"branchMap":{},"s":{"0":2,"1":8,"2":3,"3":3,"4":1},"f":{"0":8,"1":3,"2":3,"3":1},"b":{},"meta":{"lastBranch":0,"lastFunction":4,"lastStatement":5,"seen":{"s:5:27:15:Infinity":0,"f:6:2:6:10":0,"s:7:4:9:30":1,"f:9:7:9:13":1,"s:9:21:9:30":2,"f:11:2:11:17":2,"s:12:4:14:Infinity":3,"f:14:7:14:13":3,"s:14:21:14:Infinity":4}}}
,"/home/ronaldo/Ronaldo/BabaPlay/web/src/features/auth/store/authStore.ts": {"path":"/home/ronaldo/Ronaldo/BabaPlay/web/src/features/auth/store/authStore.ts","statementMap":{"0":{"start":{"line":13,"column":13},"end":{"line":35,"column":null}},"1":{"start":{"line":15,"column":14},"end":{"line":33,"column":null}},"2":{"start":{"line":21,"column":8},"end":{"line":25,"column":10}},"3":{"start":{"line":28,"column":8},"end":{"line":32,"column":null}}},"fnMap":{"0":{"name":"(anonymous_0)","decl":{"start":{"line":14,"column":2},"end":{"line":14,"column":null}},"loc":{"start":{"line":15,"column":14},"end":{"line":33,"column":null}},"line":15},"1":{"name":"(anonymous_1)","decl":{"start":{"line":20,"column":6},"end":{"line":20,"column":18}},"loc":{"start":{"line":21,"column":8},"end":{"line":25,"column":10}},"line":21},"2":{"name":"(anonymous_2)","decl":{"start":{"line":27,"column":6},"end":{"line":27,"column":null}},"loc":{"start":{"line":28,"column":8},"end":{"line":32,"column":null}},"line":28}},"branchMap":{},"s":{"0":4,"1":4,"2":10,"3":20},"f":{"0":4,"1":10,"2":20},"b":{},"meta":{"lastBranch":0,"lastFunction":3,"lastStatement":4,"seen":{"s:13:13:35:Infinity":0,"f:14:2:14:Infinity":0,"s:15:14:33:Infinity":1,"f:20:6:20:18":1,"s:21:8:25:10":2,"f:27:6:27:Infinity":2,"s:28:8:32:Infinity":3}}}
,"/home/ronaldo/Ronaldo/BabaPlay/web/src/test/handlers.ts": {"path":"/home/ronaldo/Ronaldo/BabaPlay/web/src/test/handlers.ts","statementMap":{"0":{"start":{"line":4,"column":17},"end":{"line":4,"column":null}},"1":{"start":{"line":6,"column":46},"end":{"line":11,"column":null}},"2":{"start":{"line":13,"column":24},"end":{"line":58,"column":null}},"3":{"start":{"line":16,"column":18},"end":{"line":16,"column":38}},"4":{"start":{"line":18,"column":4},"end":{"line":22,"column":null}},"5":{"start":{"line":19,"column":6},"end":{"line":22,"column":null}},"6":{"start":{"line":25,"column":4},"end":{"line":29,"column":null}},"7":{"start":{"line":26,"column":6},"end":{"line":29,"column":null}},"8":{"start":{"line":32,"column":4},"end":{"line":32,"column":null}},"9":{"start":{"line":37,"column":18},"end":{"line":37,"column":38}},"10":{"start":{"line":39,"column":4},"end":{"line":43,"column":null}},"11":{"start":{"line":40,"column":6},"end":{"line":43,"column":null}},"12":{"start":{"line":46,"column":4},"end":{"line":50,"column":null}},"13":{"start":{"line":47,"column":6},"end":{"line":50,"column":null}},"14":{"start":{"line":53,"column":4},"end":{"line":57,"column":null}}},"fnMap":{"0":{"name":"(anonymous_0)","decl":{"start":{"line":15,"column":45},"end":{"line":15,"column":52}},"loc":{"start":{"line":15,"column":68},"end":{"line":33,"column":null}},"line":15},"1":{"name":"(anonymous_1)","decl":{"start":{"line":36,"column":53},"end":{"line":36,"column":60}},"loc":{"start":{"line":36,"column":76},"end":{"line":58,"column":null}},"line":36}},"branchMap":{"0":{"loc":{"start":{"line":18,"column":4},"end":{"line":22,"column":null}},"type":"if","locations":[{"start":{"line":18,"column":4},"end":{"line":22,"column":null}},{"start":{},"end":{}}],"line":18},"1":{"loc":{"start":{"line":25,"column":4},"end":{"line":29,"column":null}},"type":"if","locations":[{"start":{"line":25,"column":4},"end":{"line":29,"column":null}},{"start":{},"end":{}}],"line":25},"2":{"loc":{"start":{"line":25,"column":8},"end":{"line":25,"column":78}},"type":"binary-expr","locations":[{"start":{"line":25,"column":8},"end":{"line":25,"column":45}},{"start":{"line":25,"column":45},"end":{"line":25,"column":78}}],"line":25},"3":{"loc":{"start":{"line":39,"column":4},"end":{"line":43,"column":null}},"type":"if","locations":[{"start":{"line":39,"column":4},"end":{"line":43,"column":null}},{"start":{},"end":{}}],"line":39},"4":{"loc":{"start":{"line":46,"column":4},"end":{"line":50,"column":null}},"type":"if","locations":[{"start":{"line":46,"column":4},"end":{"line":50,"column":null}},{"start":{},"end":{}}],"line":46}},"s":{"0":6,"1":6,"2":6,"3":8,"4":8,"5":2,"6":6,"7":3,"8":3,"9":5,"10":5,"11":1,"12":4,"13":2,"14":2},"f":{"0":8,"1":5},"b":{"0":[2,6],"1":[3,3],"2":[6,3],"3":[1,4],"4":[2,2]},"meta":{"lastBranch":5,"lastFunction":2,"lastStatement":15,"seen":{"s:4:17:4:Infinity":0,"s:6:46:11:Infinity":1,"s:13:24:58:Infinity":2,"f:15:45:15:52":0,"s:16:18:16:38":3,"b:18:4:22:Infinity:undefined:undefined:undefined:undefined":0,"s:18:4:22:Infinity":4,"s:19:6:22:Infinity":5,"b:25:4:29:Infinity:undefined:undefined:undefined:undefined":1,"s:25:4:29:Infinity":6,"b:25:8:25:45:25:45:25:78":2,"s:26:6:29:Infinity":7,"s:32:4:32:Infinity":8,"f:36:53:36:60":1,"s:37:18:37:38":9,"b:39:4:43:Infinity:undefined:undefined:undefined:undefined":3,"s:39:4:43:Infinity":10,"s:40:6:43:Infinity":11,"b:46:4:50:Infinity:undefined:undefined:undefined:undefined":4,"s:46:4:50:Infinity":12,"s:47:6:50:Infinity":13,"s:53:4:57:Infinity":14}}}
,"/home/ronaldo/Ronaldo/BabaPlay/web/src/test/server.ts": {"path":"/home/ronaldo/Ronaldo/BabaPlay/web/src/test/server.ts","statementMap":{"0":{"start":{"line":4,"column":13},"end":{"line":4,"column":46}}},"fnMap":{},"branchMap":{},"s":{"0":6},"f":{},"b":{},"meta":{"lastBranch":0,"lastFunction":0,"lastStatement":1,"seen":{"s:4:13:4:46":0}}}
,"/home/ronaldo/Ronaldo/BabaPlay/web/src/test/utils.tsx": {"path":"/home/ronaldo/Ronaldo/BabaPlay/web/src/test/utils.tsx","statementMap":{"0":{"start":{"line":6,"column":2},"end":{"line":11,"column":null}},"1":{"start":{"line":16,"column":22},"end":{"line":16,"column":45}},"2":{"start":{"line":17,"column":2},"end":{"line":18,"column":null}},"3":{"start":{"line":18,"column":4},"end":{"line":18,"column":null}}},"fnMap":{"0":{"name":"createTestQueryClient","decl":{"start":{"line":5,"column":16},"end":{"line":5,"column":40}},"loc":{"start":{"line":5,"column":40},"end":{"line":11,"column":null}},"line":5},"1":{"name":"createWrapper","decl":{"start":{"line":15,"column":16},"end":{"line":15,"column":32}},"loc":{"start":{"line":15,"column":32},"end":{"line":18,"column":null}},"line":15},"2":{"name":"TestWrapper","decl":{"start":{"line":17,"column":18},"end":{"line":17,"column":30}},"loc":{"start":{"line":17,"column":69},"end":{"line":18,"column":null}},"line":17}},"branchMap":{},"s":{"0":5,"1":5,"2":5,"3":5},"f":{"0":5,"1":5,"2":5},"b":{},"meta":{"lastBranch":0,"lastFunction":3,"lastStatement":4,"seen":{"f:5:16:5:40":0,"s:6:2:11:Infinity":0,"f:15:16:15:32":1,"s:16:22:16:45":1,"s:17:2:18:Infinity":2,"f:17:18:17:30":2,"s:18:4:18:Infinity":3}}}
}
