{"/home/ronaldo/Ronaldo/BabaPlay/web/src/core/api/client.ts": {"path":"/home/ronaldo/Ronaldo/BabaPlay/web/src/core/api/client.ts","statementMap":{"0":{"start":{"line":8,"column":17},"end":{"line":8,"column":null}},"1":{"start":{"line":10,"column":25},"end":{"line":13,"column":null}},"2":{"start":{"line":16,"column":0},"end":{"line":27,"column":null}},"3":{"start":{"line":17,"column":16},"end":{"line":17,"column":null}},"4":{"start":{"line":18,"column":2},"end":{"line":18,"column":null}},"5":{"start":{"line":18,"column":13},"end":{"line":18,"column":null}},"6":{"start":{"line":20,"column":8},"end":{"line":20,"column":34}},"7":{"start":{"line":21,"column":2},"end":{"line":23,"column":null}},"8":{"start":{"line":22,"column":4},"end":{"line":22,"column":null}},"9":{"start":{"line":23,"column":4},"end":{"line":23,"column":null}},"10":{"start":{"line":26,"column":2},"end":{"line":26,"column":null}},"11":{"start":{"line":30,"column":17},"end":{"line":30,"column":null}},"12":{"start":{"line":31,"column":85},"end":{"line":31,"column":86}},"13":{"start":{"line":34,"column":2},"end":{"line":34,"column":null}},"14":{"start":{"line":34,"column":41},"end":{"line":34,"column":73}},"15":{"start":{"line":37,"column":0},"end":{"line":95,"column":null}},"16":{"start":{"line":38,"column":11},"end":{"line":38,"column":null}},"17":{"start":{"line":40,"column":16},"end":{"line":40,"column":null}},"18":{"start":{"line":42,"column":4},"end":{"line":43,"column":null}},"19":{"start":{"line":43,"column":6},"end":{"line":43,"column":null}},"20":{"start":{"line":46,"column":4},"end":{"line":52,"column":null}},"21":{"start":{"line":47,"column":6},"end":{"line":52,"column":null}},"22":{"start":{"line":47,"column":47},"end":{"line":47,"column":78}},"23":{"start":{"line":49,"column":10},"end":{"line":49,"column":null}},"24":{"start":{"line":50,"column":10},"end":{"line":50,"column":null}},"25":{"start":{"line":55,"column":4},"end":{"line":55,"column":null}},"26":{"start":{"line":56,"column":4},"end":{"line":56,"column":null}},"27":{"start":{"line":58,"column":53},"end":{"line":58,"column":75}},"28":{"start":{"line":60,"column":4},"end":{"line":64,"column":null}},"29":{"start":{"line":61,"column":6},"end":{"line":61,"column":null}},"30":{"start":{"line":62,"column":6},"end":{"line":62,"column":null}},"31":{"start":{"line":63,"column":6},"end":{"line":63,"column":null}},"32":{"start":{"line":64,"column":6},"end":{"line":64,"column":null}},"33":{"start":{"line":67,"column":4},"end":{"line":92,"column":null}},"34":{"start":{"line":68,"column":12},"end":{"line":68,"column":38}},"35":{"start":{"line":69,"column":23},"end":{"line":79,"column":null}},"36":{"start":{"line":82,"column":6},"end":{"line":82,"column":null}},"37":{"start":{"line":83,"column":6},"end":{"line":83,"column":null}},"38":{"start":{"line":84,"column":6},"end":{"line":84,"column":null}},"39":{"start":{"line":85,"column":6},"end":{"line":85,"column":null}},"40":{"start":{"line":87,"column":6},"end":{"line":87,"column":null}},"41":{"start":{"line":88,"column":6},"end":{"line":88,"column":null}},"42":{"start":{"line":89,"column":6},"end":{"line":89,"column":null}},"43":{"start":{"line":90,"column":6},"end":{"line":90,"column":null}},"44":{"start":{"line":92,"column":6},"end":{"line":92,"column":null}}},"fnMap":{"0":{"name":"(anonymous_0)","decl":{"start":{"line":16,"column":31},"end":{"line":16,"column":36}},"loc":{"start":{"line":16,"column":75},"end":{"line":27,"column":null}},"line":16},"1":{"name":"flushQueue","decl":{"start":{"line":33,"column":9},"end":{"line":33,"column":20}},"loc":{"start":{"line":33,"column":56},"end":{"line":34,"column":null}},"line":33},"2":{"name":"(anonymous_2)","decl":{"start":{"line":34,"column":25},"end":{"line":34,"column":34}},"loc":{"start":{"line":34,"column":41},"end":{"line":34,"column":73}},"line":34},"3":{"name":"(anonymous_3)","decl":{"start":{"line":37,"column":32},"end":{"line":37,"column":null}},"loc":{"start":{"line":38,"column":11},"end":{"line":38,"column":null}},"line":38},"4":{"name":"(anonymous_4)","decl":{"start":{"line":39,"column":2},"end":{"line":39,"column":9}},"loc":{"start":{"line":39,"column":47},"end":{"line":95,"column":null}},"line":39},"5":{"name":"(anonymous_5)","decl":{"start":{"line":47,"column":17},"end":{"line":47,"column":34}},"loc":{"start":{"line":47,"column":47},"end":{"line":47,"column":78}},"line":47},"6":{"name":"(anonymous_6)","decl":{"start":{"line":47,"column":80},"end":{"line":47,"column":null}},"loc":{"start":{"line":48,"column":19},"end":{"line":52,"column":null}},"line":48}},"branchMap":{"0":{"loc":{"start":{"line":8,"column":17},"end":{"line":8,"column":null}},"type":"binary-expr","locations":[{"start":{"line":8,"column":17},"end":{"line":8,"column":49}},{"start":{"line":8,"column":49},"end":{"line":8,"column":null}}],"line":8},"1":{"loc":{"start":{"line":18,"column":2},"end":{"line":18,"column":null}},"type":"if","locations":[{"start":{"line":18,"column":2},"end":{"line":18,"column":null}},{"start":{},"end":{}}],"line":18},"2":{"loc":{"start":{"line":21,"column":2},"end":{"line":23,"column":null}},"type":"if","locations":[{"start":{"line":21,"column":2},"end":{"line":23,"column":null}},{"start":{},"end":{}}],"line":21},"3":{"loc":{"start":{"line":34,"column":41},"end":{"line":34,"column":73}},"type":"cond-expr","locations":[{"start":{"line":34,"column":47},"end":{"line":34,"column":58}},{"start":{"line":34,"column":61},"end":{"line":34,"column":73}}],"line":34},"4":{"loc":{"start":{"line":42,"column":4},"end":{"line":43,"column":null}},"type":"if","locations":[{"start":{"line":42,"column":4},"end":{"line":43,"column":null}},{"start":{},"end":{}}],"line":42},"5":{"loc":{"start":{"line":42,"column":8},"end":{"line":42,"column":55}},"type":"binary-expr","locations":[{"start":{"line":42,"column":8},"end":{"line":42,"column":42}},{"start":{"line":42,"column":42},"end":{"line":42,"column":55}}],"line":42},"6":{"loc":{"start":{"line":46,"column":4},"end":{"line":52,"column":null}},"type":"if","locations":[{"start":{"line":46,"column":4},"end":{"line":52,"column":null}},{"start":{},"end":{}}],"line":46},"7":{"loc":{"start":{"line":60,"column":4},"end":{"line":64,"column":null}},"type":"if","locations":[{"start":{"line":60,"column":4},"end":{"line":64,"column":null}},{"start":{},"end":{}}],"line":60},"8":{"loc":{"start":{"line":78,"column":19},"end":{"line":78,"column":null}},"type":"cond-expr","locations":[{"start":{"line":78,"column":28},"end":{"line":78,"column":65}},{"start":{"line":78,"column":68},"end":{"line":78,"column":null}}],"line":78}},"s":{"0":6,"1":6,"2":6,"3":31,"4":31,"5":15,"6":31,"7":31,"8":3,"9":3,"10":31,"11":6,"12":6,"13":4,"14":0,"15":6,"16":17,"17":14,"18":14,"19":3,"20":11,"21":0,"22":0,"23":0,"24":0,"25":11,"26":11,"27":11,"28":11,"29":7,"30":7,"31":7,"32":7,"33":4,"34":4,"35":4,"36":2,"37":2,"38":2,"39":2,"40":2,"41":2,"42":2,"43":2,"44":4},"f":{"0":31,"1":4,"2":0,"3":17,"4":14,"5":0,"6":0},"b":{"0":[6,0],"1":[15,16],"2":[3,28],"3":[0,0],"4":[3,11],"5":[14,11],"6":[0,11],"7":[7,4],"8":[1,3]},"meta":{"lastBranch":9,"lastFunction":7,"lastStatement":45,"seen":{"s:8:17:8:Infinity":0,"b:8:17:8:49:8:49:8:Infinity":0,"s:10:25:13:Infinity":1,"s:16:0:27:Infinity":2,"f:16:31:16:36":0,"s:17:16:17:Infinity":3,"b:18:2:18:Infinity:undefined:undefined:undefined:undefined":1,"s:18:2:18:Infinity":4,"s:18:13:18:Infinity":5,"s:20:8:20:34":6,"b:21:2:23:Infinity:undefined:undefined:undefined:undefined":2,"s:21:2:23:Infinity":7,"s:22:4:22:Infinity":8,"s:23:4:23:Infinity":9,"s:26:2:26:Infinity":10,"s:30:17:30:Infinity":11,"s:31:85:31:86":12,"f:33:9:33:20":1,"s:34:2:34:Infinity":13,"f:34:25:34:34":2,"s:34:41:34:73":14,"b:34:47:34:58:34:61:34:73":3,"s:37:0:95:Infinity":15,"f:37:32:37:Infinity":3,"s:38:11:38:Infinity":16,"f:39:2:39:9":4,"s:40:16:40:Infinity":17,"b:42:4:43:Infinity:undefined:undefined:undefined:undefined":4,"s:42:4:43:Infinity":18,"b:42:8:42:42:42:42:42:55":5,"s:43:6:43:Infinity":19,"b:46:4:52:Infinity:undefined:undefined:undefined:undefined":6,"s:46:4:52:Infinity":20,"s:47:6:52:Infinity":21,"f:47:17:47:34":5,"s:47:47:47:78":22,"f:47:80:47:Infinity":6,"s:49:10:49:Infinity":23,"s:50:10:50:Infinity":24,"s:55:4:55:Infinity":25,"s:56:4:56:Infinity":26,"s:58:53:58:75":27,"b:60:4:64:Infinity:undefined:undefined:undefined:undefined":7,"s:60:4:64:Infinity":28,"s:61:6:61:Infinity":29,"s:62:6:62:Infinity":30,"s:63:6:63:Infinity":31,"s:64:6:64:Infinity":32,"s:67:4:92:Infinity":33,"s:68:12:68:38":34,"s:69:23:79:Infinity":35,"b:78:28:78:65:78:68:78:Infinity":8,"s:82:6:82:Infinity":36,"s:83:6:83:Infinity":37,"s:84:6:84:Infinity":38,"s:85:6:85:Infinity":39,"s:87:6:87:Infinity":40,"s:88:6:88:Infinity":41,"s:89:6:89:Infinity":42,"s:90:6:90:Infinity":43,"s:92:6:92:Infinity":44}}}
,"/home/ronaldo/Ronaldo/BabaPlay/web/src/core/components/AuthHeader.tsx": {"path":"/home/ronaldo/Ronaldo/BabaPlay/web/src/core/components/AuthHeader.tsx","statementMap":{"0":{"start":{"line":5,"column":8},"end":{"line":5,"column":56}},"1":{"start":{"line":5,"column":42},"end":{"line":5,"column":56}},"2":{"start":{"line":6,"column":18},"end":{"line":6,"column":43}},"3":{"start":{"line":8,"column":2},"end":{"line":29,"column":null}},"4":{"start":{"line":21,"column":27},"end":{"line":21,"column":35}}},"fnMap":{"0":{"name":"AuthHeader","decl":{"start":{"line":4,"column":16},"end":{"line":4,"column":29}},"loc":{"start":{"line":4,"column":29},"end":{"line":29,"column":null}},"line":4},"1":{"name":"(anonymous_1)","decl":{"start":{"line":5,"column":22},"end":{"line":5,"column":36}},"loc":{"start":{"line":5,"column":42},"end":{"line":5,"column":56}},"line":5},"2":{"name":"(anonymous_2)","decl":{"start":{"line":21,"column":12},"end":{"line":21,"column":27}},"loc":{"start":{"line":21,"column":27},"end":{"line":21,"column":35}},"line":21}},"branchMap":{"0":{"loc":{"start":{"line":14,"column":11},"end":{"line":19,"column":11}},"type":"binary-expr","locations":[{"start":{"line":14,"column":11},"end":{"line":14,"column":null}},{"start":{"line":15,"column":12},"end":{"line":19,"column":11}}],"line":14},"1":{"loc":{"start":{"line":25,"column":13},"end":{"line":25,"column":null}},"type":"cond-expr","locations":[{"start":{"line":25,"column":25},"end":{"line":25,"column":39}},{"start":{"line":25,"column":39},"end":{"line":25,"column":null}}],"line":25}},"s":{"0":6,"1":19,"2":6,"3":6,"4":1},"f":{"0":6,"1":19,"2":1},"b":{"0":[6,2],"1":[1,5]},"meta":{"lastBranch":2,"lastFunction":3,"lastStatement":5,"seen":{"f:4:16:4:29":0,"s:5:8:5:56":0,"f:5:22:5:36":1,"s:5:42:5:56":1,"s:6:18:6:43":2,"s:8:2:29:Infinity":3,"b:14:11:14:Infinity:15:12:19:11":0,"f:21:12:21:27":2,"s:21:27:21:35":4,"b:25:25:25:39:25:39:25:Infinity":1}}}
,"/home/ronaldo/Ronaldo/BabaPlay/web/src/core/components/ErrorBoundary.tsx": {"path":"/home/ronaldo/Ronaldo/BabaPlay/web/src/core/components/ErrorBoundary.tsx","statementMap":{"0":{"start":{"line":13,"column":17},"end":{"line":13,"column":36}},"1":{"start":{"line":16,"column":4},"end":{"line":16,"column":null}},"2":{"start":{"line":20,"column":4},"end":{"line":20,"column":null}},"3":{"start":{"line":24,"column":4},"end":{"line":40,"column":null}},"4":{"start":{"line":25,"column":6},"end":{"line":40,"column":null}},"5":{"start":{"line":34,"column":29},"end":{"line":34,"column":53}},"6":{"start":{"line":44,"column":4},"end":{"line":44,"column":null}}},"fnMap":{"0":{"name":"(anonymous_0)","decl":{"start":{"line":15,"column":9},"end":{"line":15,"column":43}},"loc":{"start":{"line":15,"column":43},"end":{"line":16,"column":null}},"line":15},"1":{"name":"(anonymous_1)","decl":{"start":{"line":19,"column":2},"end":{"line":19,"column":20}},"loc":{"start":{"line":19,"column":51},"end":{"line":20,"column":null}},"line":19},"2":{"name":"(anonymous_2)","decl":{"start":{"line":23,"column":2},"end":{"line":23,"column":11}},"loc":{"start":{"line":23,"column":11},"end":{"line":44,"column":null}},"line":23},"3":{"name":"(anonymous_3)","decl":{"start":{"line":34,"column":14},"end":{"line":34,"column":29}},"loc":{"start":{"line":34,"column":29},"end":{"line":34,"column":53}},"line":34}},"branchMap":{"0":{"loc":{"start":{"line":24,"column":4},"end":{"line":40,"column":null}},"type":"if","locations":[{"start":{"line":24,"column":4},"end":{"line":40,"column":null}},{"start":{},"end":{}}],"line":24}},"s":{"0":7,"1":6,"2":3,"3":13,"4":6,"5":1,"6":7},"f":{"0":1,"1":3,"2":13,"3":1},"b":{"0":[6,7]},"meta":{"lastBranch":1,"lastFunction":4,"lastStatement":7,"seen":{"s:13:17:13:36":0,"f:15:9:15:43":0,"s:16:4:16:Infinity":1,"f:19:2:19:20":1,"s:20:4:20:Infinity":2,"f:23:2:23:11":2,"b:24:4:40:Infinity:undefined:undefined:undefined:undefined":0,"s:24:4:40:Infinity":3,"s:25:6:40:Infinity":4,"f:34:14:34:29":3,"s:34:29:34:53":5,"s:44:4:44:Infinity":6}}}
,"/home/ronaldo/Ronaldo/BabaPlay/web/src/core/constants/apiRoutes.ts": {"path":"/home/ronaldo/Ronaldo/BabaPlay/web/src/core/constants/apiRoutes.ts","statementMap":{"0":{"start":{"line":2,"column":26},"end":{"line":8,"column":null}}},"fnMap":{},"branchMap":{},"s":{"0":6},"f":{},"b":{},"meta":{"lastBranch":0,"lastFunction":0,"lastStatement":1,"seen":{"s:2:26:8:Infinity":0}}}
,"/home/ronaldo/Ronaldo/BabaPlay/web/src/core/constants/errorCodes.ts": {"path":"/home/ronaldo/Ronaldo/BabaPlay/web/src/core/constants/errorCodes.ts","statementMap":{"0":{"start":{"line":2,"column":27},"end":{"line":8,"column":null}}},"fnMap":{},"branchMap":{},"s":{"0":1},"f":{},"b":{},"meta":{"lastBranch":0,"lastFunction":0,"lastStatement":1,"seen":{"s:2:27:8:Infinity":0}}}
,"/home/ronaldo/Ronaldo/BabaPlay/web/src/core/utils/getErrorCode.ts": {"path":"/home/ronaldo/Ronaldo/BabaPlay/web/src/core/utils/getErrorCode.ts","statementMap":{"0":{"start":{"line":9,"column":21},"end":{"line":9,"column":null}},"1":{"start":{"line":10,"column":2},"end":{"line":10,"column":null}}},"fnMap":{"0":{"name":"getErrorCode","decl":{"start":{"line":8,"column":16},"end":{"line":8,"column":29}},"loc":{"start":{"line":8,"column":58},"end":{"line":10,"column":null}},"line":8}},"branchMap":{"0":{"loc":{"start":{"line":10,"column":9},"end":{"line":10,"column":null}},"type":"binary-expr","locations":[{"start":{"line":10,"column":9},"end":{"line":10,"column":46}},{"start":{"line":10,"column":46},"end":{"line":10,"column":null}}],"line":10}},"s":{"0":10,"1":10},"f":{"0":10},"b":{"0":[10,7]},"meta":{"lastBranch":1,"lastFunction":1,"lastStatement":2,"seen":{"f:8:16:8:29":0,"s:9:21:9:Infinity":0,"s:10:2:10:Infinity":1,"b:10:9:10:46:10:46:10:Infinity":0}}}
,"/home/ronaldo/Ronaldo/BabaPlay/web/src/features/auth/components/LoginForm.tsx": {"path":"/home/ronaldo/Ronaldo/BabaPlay/web/src/features/auth/components/LoginForm.tsx","statementMap":{"0":{"start":{"line":13,"column":47},"end":{"line":16,"column":null}},"1":{"start":{"line":19,"column":23},"end":{"line":19,"column":57}},"2":{"start":{"line":24,"column":17},"end":{"line":25,"column":70}},"3":{"start":{"line":27,"column":2},"end":{"line":131,"column":null}},"4":{"start":{"line":84,"column":27},"end":{"line":84,"column":53}},"5":{"start":{"line":84,"column":50},"end":{"line":84,"column":53}}},"fnMap":{"0":{"name":"LoginForm","decl":{"start":{"line":18,"column":16},"end":{"line":18,"column":26}},"loc":{"start":{"line":18,"column":78},"end":{"line":131,"column":null}},"line":18},"1":{"name":"(anonymous_1)","decl":{"start":{"line":84,"column":12},"end":{"line":84,"column":27}},"loc":{"start":{"line":84,"column":27},"end":{"line":84,"column":53}},"line":84},"2":{"name":"(anonymous_2)","decl":{"start":{"line":84,"column":27},"end":{"line":84,"column":44}},"loc":{"start":{"line":84,"column":50},"end":{"line":84,"column":53}},"line":84}},"branchMap":{"0":{"loc":{"start":{"line":47,"column":9},"end":{"line":50,"column":null}},"type":"binary-expr","locations":[{"start":{"line":47,"column":9},"end":{"line":47,"column":null}},{"start":{"line":48,"column":10},"end":{"line":50,"column":null}}],"line":47},"1":{"loc":{"start":{"line":74,"column":18},"end":{"line":74,"column":null}},"type":"cond-expr","locations":[{"start":{"line":74,"column":33},"end":{"line":74,"column":42}},{"start":{"line":74,"column":42},"end":{"line":74,"column":null}}],"line":74},"2":{"loc":{"start":{"line":83,"column":24},"end":{"line":83,"column":null}},"type":"cond-expr","locations":[{"start":{"line":83,"column":39},"end":{"line":83,"column":51}},{"start":{"line":83,"column":51},"end":{"line":83,"column":null}}],"line":83},"3":{"loc":{"start":{"line":88,"column":15},"end":{"line":88,"column":null}},"type":"cond-expr","locations":[{"start":{"line":88,"column":30},"end":{"line":88,"column":49}},{"start":{"line":88,"column":49},"end":{"line":88,"column":null}}],"line":88},"4":{"loc":{"start":{"line":92,"column":9},"end":{"line":95,"column":null}},"type":"binary-expr","locations":[{"start":{"line":92,"column":9},"end":{"line":92,"column":null}},{"start":{"line":93,"column":10},"end":{"line":95,"column":null}}],"line":92},"5":{"loc":{"start":{"line":114,"column":7},"end":{"line":117,"column":null}},"type":"binary-expr","locations":[{"start":{"line":114,"column":7},"end":{"line":114,"column":null}},{"start":{"line":115,"column":8},"end":{"line":117,"column":null}}],"line":114},"6":{"loc":{"start":{"line":116,"column":11},"end":{"line":116,"column":null}},"type":"binary-expr","locations":[{"start":{"line":116,"column":11},"end":{"line":116,"column":40}},{"start":{"line":116,"column":40},"end":{"line":116,"column":null}}],"line":116},"7":{"loc":{"start":{"line":125,"column":9},"end":{"line":129,"column":null}},"type":"cond-expr","locations":[{"start":{"line":125,"column":21},"end":{"line":125,"column":null}},{"start":{"line":126,"column":10},"end":{"line":129,"column":null}}],"line":125}},"s":{"0":1,"1":17,"2":17,"3":17,"4":0,"5":0},"f":{"0":17,"1":0,"2":0},"b":{"0":[17,1],"1":[0,17],"2":[0,17],"3":[0,17],"4":[17,2],"5":[17,4],"6":[4,0],"7":[2,15]},"meta":{"lastBranch":8,"lastFunction":3,"lastStatement":6,"seen":{"s:13:47:16:Infinity":0,"f:18:16:18:26":0,"s:19:23:19:57":1,"s:24:17:25:70":2,"s:27:2:131:Infinity":3,"b:47:9:47:Infinity:48:10:50:Infinity":0,"b:74:33:74:42:74:42:74:Infinity":1,"b:83:39:83:51:83:51:83:Infinity":2,"f:84:12:84:27":1,"s:84:27:84:53":4,"f:84:27:84:44":2,"s:84:50:84:53":5,"b:88:30:88:49:88:49:88:Infinity":3,"b:92:9:92:Infinity:93:10:95:Infinity":4,"b:114:7:114:Infinity:115:8:117:Infinity":5,"b:116:11:116:40:116:40:116:Infinity":6,"b:125:21:125:Infinity:126:10:129:Infinity":7}}}
,"/home/ronaldo/Ronaldo/BabaPlay/web/src/features/auth/hooks/useCurrentUser.ts": {"path":"/home/ronaldo/Ronaldo/BabaPlay/web/src/features/auth/hooks/useCurrentUser.ts","statementMap":{"0":{"start":{"line":5,"column":38},"end":{"line":5,"column":52}},"1":{"start":{"line":8,"column":27},"end":{"line":8,"column":60}},"2":{"start":{"line":10,"column":2},"end":{"line":20,"column":null}},"3":{"start":{"line":13,"column":19},"end":{"line":13,"column":53}},"4":{"start":{"line":14,"column":6},"end":{"line":14,"column":null}},"5":{"start":{"line":15,"column":6},"end":{"line":15,"column":null}}},"fnMap":{"0":{"name":"useCurrentUser","decl":{"start":{"line":7,"column":16},"end":{"line":7,"column":33}},"loc":{"start":{"line":7,"column":33},"end":{"line":20,"column":null}},"line":7},"1":{"name":"(anonymous_1)","decl":{"start":{"line":12,"column":13},"end":{"line":12,"column":25}},"loc":{"start":{"line":12,"column":25},"end":{"line":15,"column":null}},"line":12}},"branchMap":{},"s":{"0":2,"1":9,"2":9,"3":3,"4":2,"5":2},"f":{"0":9,"1":3},"b":{},"meta":{"lastBranch":0,"lastFunction":2,"lastStatement":6,"seen":{"s:5:38:5:52":0,"f:7:16:7:33":0,"s:8:27:8:60":1,"s:10:2:20:Infinity":2,"f:12:13:12:25":1,"s:13:19:13:53":3,"s:14:6:14:Infinity":4,"s:15:6:15:Infinity":5}}}
,"/home/ronaldo/Ronaldo/BabaPlay/web/src/features/auth/hooks/useLogin.ts": {"path":"/home/ronaldo/Ronaldo/BabaPlay/web/src/features/auth/hooks/useLogin.ts","statementMap":{"0":{"start":{"line":10,"column":8},"end":{"line":10,"column":52}},"1":{"start":{"line":10,"column":40},"end":{"line":10,"column":52}},"2":{"start":{"line":11,"column":8},"end":{"line":11,"column":32}},"3":{"start":{"line":12,"column":8},"end":{"line":12,"column":38}},"4":{"start":{"line":14,"column":43},"end":{"line":28,"column":4}},"5":{"start":{"line":15,"column":40},"end":{"line":15,"column":63}},"6":{"start":{"line":17,"column":6},"end":{"line":17,"column":null}},"7":{"start":{"line":18,"column":6},"end":{"line":25,"column":null}},"8":{"start":{"line":21,"column":23},"end":{"line":21,"column":57}},"9":{"start":{"line":22,"column":10},"end":{"line":22,"column":null}},"10":{"start":{"line":23,"column":10},"end":{"line":23,"column":null}},"11":{"start":{"line":26,"column":6},"end":{"line":26,"column":null}},"12":{"start":{"line":30,"column":2},"end":{"line":36,"column":null}}},"fnMap":{"0":{"name":"useLogin","decl":{"start":{"line":9,"column":16},"end":{"line":9,"column":27}},"loc":{"start":{"line":9,"column":27},"end":{"line":36,"column":null}},"line":9},"1":{"name":"(anonymous_1)","decl":{"start":{"line":10,"column":20},"end":{"line":10,"column":34}},"loc":{"start":{"line":10,"column":40},"end":{"line":10,"column":52}},"line":10},"2":{"name":"(anonymous_2)","decl":{"start":{"line":15,"column":4},"end":{"line":15,"column":17}},"loc":{"start":{"line":15,"column":40},"end":{"line":15,"column":63}},"line":15},"3":{"name":"(anonymous_3)","decl":{"start":{"line":16,"column":15},"end":{"line":16,"column":22}},"loc":{"start":{"line":16,"column":31},"end":{"line":26,"column":null}},"line":16},"4":{"name":"(anonymous_4)","decl":{"start":{"line":20,"column":17},"end":{"line":20,"column":29}},"loc":{"start":{"line":20,"column":29},"end":{"line":23,"column":null}},"line":20}},"branchMap":{},"s":{"0":10,"1":36,"2":10,"3":10,"4":10,"5":5,"6":2,"7":2,"8":2,"9":2,"10":2,"11":2,"12":10},"f":{"0":10,"1":36,"2":5,"3":2,"4":2},"b":{},"meta":{"lastBranch":0,"lastFunction":5,"lastStatement":13,"seen":{"f:9:16:9:27":0,"s:10:8:10:52":0,"f:10:20:10:34":1,"s:10:40:10:52":1,"s:11:8:11:32":2,"s:12:8:12:38":3,"s:14:43:28:4":4,"f:15:4:15:17":2,"s:15:40:15:63":5,"f:16:15:16:22":3,"s:17:6:17:Infinity":6,"s:18:6:25:Infinity":7,"f:20:17:20:29":4,"s:21:23:21:57":8,"s:22:10:22:Infinity":9,"s:23:10:23:Infinity":10,"s:26:6:26:Infinity":11,"s:30:2:36:Infinity":12}}}
,"/home/ronaldo/Ronaldo/BabaPlay/web/src/features/auth/hooks/useLogout.ts": {"path":"/home/ronaldo/Ronaldo/BabaPlay/web/src/features/auth/hooks/useLogout.ts","statementMap":{"0":{"start":{"line":7,"column":24},"end":{"line":7,"column":54}},"1":{"start":{"line":8,"column":8},"end":{"line":8,"column":32}},"2":{"start":{"line":9,"column":8},"end":{"line":9,"column":38}},"3":{"start":{"line":11,"column":26},"end":{"line":19,"column":4}},"4":{"start":{"line":12,"column":22},"end":{"line":12,"column":60}},"5":{"start":{"line":15,"column":6},"end":{"line":15,"column":null}},"6":{"start":{"line":16,"column":6},"end":{"line":16,"column":null}},"7":{"start":{"line":17,"column":6},"end":{"line":17,"column":null}},"8":{"start":{"line":21,"column":2},"end":{"line":21,"column":null}}},"fnMap":{"0":{"name":"useLogout","decl":{"start":{"line":6,"column":16},"end":{"line":6,"column":28}},"loc":{"start":{"line":6,"column":28},"end":{"line":21,"column":null}},"line":6},"1":{"name":"(anonymous_1)","decl":{"start":{"line":12,"column":4},"end":{"line":12,"column":22}},"loc":{"start":{"line":12,"column":22},"end":{"line":12,"column":60}},"line":12},"2":{"name":"(anonymous_2)","decl":{"start":{"line":13,"column":4},"end":{"line":13,"column":21}},"loc":{"start":{"line":13,"column":21},"end":{"line":17,"column":null}},"line":13}},"branchMap":{"0":{"loc":{"start":{"line":12,"column":41},"end":{"line":12,"column":60}},"type":"binary-expr","locations":[{"start":{"line":12,"column":41},"end":{"line":12,"column":57}},{"start":{"line":12,"column":57},"end":{"line":12,"column":60}}],"line":12}},"s":{"0":14,"1":14,"2":14,"3":14,"4":3,"5":3,"6":3,"7":3,"8":14},"f":{"0":14,"1":3,"2":3},"b":{"0":[3,0]},"meta":{"lastBranch":1,"lastFunction":3,"lastStatement":9,"seen":{"f:6:16:6:28":0,"s:7:24:7:54":0,"s:8:8:8:32":1,"s:9:8:9:38":2,"s:11:26:19:4":3,"f:12:4:12:22":1,"s:12:22:12:60":4,"b:12:41:12:57:12:57:12:60":0,"f:13:4:13:21":2,"s:15:6:15:Infinity":5,"s:16:6:16:Infinity":6,"s:17:6:17:Infinity":7,"s:21:2:21:Infinity":8}}}
,"/home/ronaldo/Ronaldo/BabaPlay/web/src/features/auth/schemas/loginSchema.ts": {"path":"/home/ronaldo/Ronaldo/BabaPlay/web/src/features/auth/schemas/loginSchema.ts","statementMap":{"0":{"start":{"line":3,"column":27},"end":{"line":6,"column":2}}},"fnMap":{},"branchMap":{},"s":{"0":2},"f":{},"b":{},"meta":{"lastBranch":0,"lastFunction":0,"lastStatement":1,"seen":{"s:3:27:6:2":0}}}
,"/home/ronaldo/Ronaldo/BabaPlay/web/src/features/auth/services/authService.ts": {"path":"/home/ronaldo/Ronaldo/BabaPlay/web/src/features/auth/services/authService.ts","statementMap":{"0":{"start":{"line":5,"column":27},"end":{"line":25,"column":null}},"1":{"start":{"line":7,"column":4},"end":{"line":9,"column":30}},"2":{"start":{"line":9,"column":21},"end":{"line":9,"column":30}},"3":{"start":{"line":12,"column":4},"end":{"line":14,"column":30}},"4":{"start":{"line":14,"column":21},"end":{"line":14,"column":30}},"5":{"start":{"line":17,"column":4},"end":{"line":19,"column":28}},"6":{"start":{"line":19,"column":18},"end":{"line":19,"column":28}},"7":{"start":{"line":22,"column":4},"end":{"line":24,"column":null}},"8":{"start":{"line":24,"column":21},"end":{"line":24,"column":null}}},"fnMap":{"0":{"name":"(anonymous_0)","decl":{"start":{"line":6,"column":2},"end":{"line":6,"column":10}},"loc":{"start":{"line":7,"column":4},"end":{"line":9,"column":30}},"line":7},"1":{"name":"(anonymous_1)","decl":{"start":{"line":9,"column":7},"end":{"line":9,"column":13}},"loc":{"start":{"line":9,"column":21},"end":{"line":9,"column":30}},"line":9},"2":{"name":"(anonymous_2)","decl":{"start":{"line":11,"column":2},"end":{"line":11,"column":17}},"loc":{"start":{"line":12,"column":4},"end":{"line":14,"column":30}},"line":12},"3":{"name":"(anonymous_3)","decl":{"start":{"line":14,"column":7},"end":{"line":14,"column":13}},"loc":{"start":{"line":14,"column":21},"end":{"line":14,"column":30}},"line":14},"4":{"name":"(anonymous_4)","decl":{"start":{"line":16,"column":2},"end":{"line":16,"column":11}},"loc":{"start":{"line":17,"column":4},"end":{"line":19,"column":28}},"line":17},"5":{"name":"(anonymous_5)","decl":{"start":{"line":19,"column":7},"end":{"line":19,"column":18}},"loc":{"start":{"line":19,"column":18},"end":{"line":19,"column":28}},"line":19},"6":{"name":"(anonymous_6)","decl":{"start":{"line":21,"column":2},"end":{"line":21,"column":null}},"loc":{"start":{"line":22,"column":4},"end":{"line":24,"column":null}},"line":22},"7":{"name":"(anonymous_7)","decl":{"start":{"line":24,"column":7},"end":{"line":24,"column":13}},"loc":{"start":{"line":24,"column":21},"end":{"line":24,"column":null}},"line":24}},"branchMap":{},"s":{"0":5,"1":8,"2":3,"3":3,"4":1,"5":5,"6":3,"7":7,"8":5},"f":{"0":8,"1":3,"2":3,"3":1,"4":5,"5":3,"6":7,"7":5},"b":{},"meta":{"lastBranch":0,"lastFunction":8,"lastStatement":9,"seen":{"s:5:27:25:Infinity":0,"f:6:2:6:10":0,"s:7:4:9:30":1,"f:9:7:9:13":1,"s:9:21:9:30":2,"f:11:2:11:17":2,"s:12:4:14:30":3,"f:14:7:14:13":3,"s:14:21:14:30":4,"f:16:2:16:11":4,"s:17:4:19:28":5,"f:19:7:19:18":5,"s:19:18:19:28":6,"f:21:2:21:Infinity":6,"s:22:4:24:Infinity":7,"f:24:7:24:13":7,"s:24:21:24:Infinity":8}}}
,"/home/ronaldo/Ronaldo/BabaPlay/web/src/features/auth/services/tenantService.ts": {"path":"/home/ronaldo/Ronaldo/BabaPlay/web/src/features/auth/services/tenantService.ts","statementMap":{"0":{"start":{"line":4,"column":34},"end":{"line":4,"column":null}},"1":{"start":{"line":18,"column":16},"end":{"line":18,"column":35}},"2":{"start":{"line":21,"column":2},"end":{"line":21,"column":null}},"3":{"start":{"line":21,"column":24},"end":{"line":21,"column":null}},"4":{"start":{"line":23,"column":20},"end":{"line":23,"column":42}},"5":{"start":{"line":25,"column":2},"end":{"line":25,"column":null}},"6":{"start":{"line":25,"column":64},"end":{"line":25,"column":null}},"7":{"start":{"line":27,"column":2},"end":{"line":27,"column":null}},"8":{"start":{"line":40,"column":2},"end":{"line":40,"column":null}},"9":{"start":{"line":40,"column":37},"end":{"line":40,"column":null}},"10":{"start":{"line":42,"column":31},"end":{"line":42,"column":null}},"11":{"start":{"line":45,"column":15},"end":{"line":45,"column":40}},"12":{"start":{"line":46,"column":2},"end":{"line":47,"column":null}},"13":{"start":{"line":47,"column":4},"end":{"line":47,"column":null}},"14":{"start":{"line":51,"column":17},"end":{"line":51,"column":44}},"15":{"start":{"line":52,"column":20},"end":{"line":52,"column":62}},"16":{"start":{"line":53,"column":2},"end":{"line":54,"column":null}},"17":{"start":{"line":54,"column":4},"end":{"line":54,"column":null}},"18":{"start":{"line":57,"column":2},"end":{"line":57,"column":null}}},"fnMap":{"0":{"name":"parseTenantSlug","decl":{"start":{"line":17,"column":16},"end":{"line":17,"column":32}},"loc":{"start":{"line":17,"column":65},"end":{"line":27,"column":null}},"line":17},"1":{"name":"getTenantFromUrl","decl":{"start":{"line":39,"column":16},"end":{"line":39,"column":57}},"loc":{"start":{"line":39,"column":57},"end":{"line":57,"column":null}},"line":39}},"branchMap":{"0":{"loc":{"start":{"line":21,"column":2},"end":{"line":21,"column":null}},"type":"if","locations":[{"start":{"line":21,"column":2},"end":{"line":21,"column":null}},{"start":{},"end":{}}],"line":21},"1":{"loc":{"start":{"line":25,"column":2},"end":{"line":25,"column":null}},"type":"if","locations":[{"start":{"line":25,"column":2},"end":{"line":25,"column":null}},{"start":{},"end":{}}],"line":25},"2":{"loc":{"start":{"line":25,"column":6},"end":{"line":25,"column":64}},"type":"binary-expr","locations":[{"start":{"line":25,"column":6},"end":{"line":25,"column":20}},{"start":{"line":25,"column":20},"end":{"line":25,"column":43}},{"start":{"line":25,"column":43},"end":{"line":25,"column":64}}],"line":25},"3":{"loc":{"start":{"line":40,"column":2},"end":{"line":40,"column":null}},"type":"if","locations":[{"start":{"line":40,"column":2},"end":{"line":40,"column":null}},{"start":{},"end":{}}],"line":40},"4":{"loc":{"start":{"line":46,"column":2},"end":{"line":47,"column":null}},"type":"if","locations":[{"start":{"line":46,"column":2},"end":{"line":47,"column":null}},{"start":{},"end":{}}],"line":46},"5":{"loc":{"start":{"line":53,"column":2},"end":{"line":54,"column":null}},"type":"if","locations":[{"start":{"line":53,"column":2},"end":{"line":54,"column":null}},{"start":{},"end":{}}],"line":53}},"s":{"0":7,"1":47,"2":47,"3":40,"4":7,"5":7,"6":2,"7":5,"8":41,"9":1,"10":40,"11":40,"12":40,"13":2,"14":38,"15":38,"16":41,"17":6,"18":32},"f":{"0":47,"1":41},"b":{"0":[40,7],"1":[2,5],"2":[7,7,6],"3":[1,40],"4":[2,38],"5":[6,35]},"meta":{"lastBranch":6,"lastFunction":2,"lastStatement":19,"seen":{"s:4:34:4:Infinity":0,"f:17:16:17:32":0,"s:18:16:18:35":1,"b:21:2:21:Infinity:undefined:undefined:undefined:undefined":0,"s:21:2:21:Infinity":2,"s:21:24:21:Infinity":3,"s:23:20:23:42":4,"b:25:2:25:Infinity:undefined:undefined:undefined:undefined":1,"s:25:2:25:Infinity":5,"b:25:6:25:20:25:20:25:43:25:43:25:64":2,"s:25:64:25:Infinity":6,"s:27:2:27:Infinity":7,"f:39:16:39:57":1,"b:40:2:40:Infinity:undefined:undefined:undefined:undefined":3,"s:40:2:40:Infinity":8,"s:40:37:40:Infinity":9,"s:42:31:42:Infinity":10,"s:45:15:45:40":11,"b:46:2:47:Infinity:undefined:undefined:undefined:undefined":4,"s:46:2:47:Infinity":12,"s:47:4:47:Infinity":13,"s:51:17:51:44":14,"s:52:20:52:62":15,"b:53:2:54:Infinity:undefined:undefined:undefined:undefined":5,"s:53:2:54:Infinity":16,"s:54:4:54:Infinity":17,"s:57:2:57:Infinity":18}}}
,"/home/ronaldo/Ronaldo/BabaPlay/web/src/features/auth/store/authStore.ts": {"path":"/home/ronaldo/Ronaldo/BabaPlay/web/src/features/auth/store/authStore.ts","statementMap":{"0":{"start":{"line":17,"column":13},"end":{"line":49,"column":null}},"1":{"start":{"line":19,"column":14},"end":{"line":47,"column":null}},"2":{"start":{"line":27,"column":8},"end":{"line":31,"column":10}},"3":{"start":{"line":34,"column":8},"end":{"line":34,"column":34}},"4":{"start":{"line":37,"column":8},"end":{"line":37,"column":38}},"5":{"start":{"line":40,"column":8},"end":{"line":46,"column":null}}},"fnMap":{"0":{"name":"(anonymous_0)","decl":{"start":{"line":18,"column":2},"end":{"line":18,"column":null}},"loc":{"start":{"line":19,"column":14},"end":{"line":47,"column":null}},"line":19},"1":{"name":"(anonymous_1)","decl":{"start":{"line":26,"column":6},"end":{"line":26,"column":18}},"loc":{"start":{"line":27,"column":8},"end":{"line":31,"column":10}},"line":27},"2":{"name":"(anonymous_2)","decl":{"start":{"line":33,"column":6},"end":{"line":33,"column":23}},"loc":{"start":{"line":34,"column":8},"end":{"line":34,"column":34}},"line":34},"3":{"name":"(anonymous_3)","decl":{"start":{"line":36,"column":6},"end":{"line":36,"column":25}},"loc":{"start":{"line":37,"column":8},"end":{"line":37,"column":38}},"line":37},"4":{"name":"(anonymous_4)","decl":{"start":{"line":39,"column":6},"end":{"line":39,"column":null}},"loc":{"start":{"line":40,"column":8},"end":{"line":46,"column":null}},"line":40}},"branchMap":{},"s":{"0":7,"1":7,"2":24,"3":12,"4":4,"5":51},"f":{"0":7,"1":24,"2":12,"3":4,"4":51},"b":{},"meta":{"lastBranch":0,"lastFunction":5,"lastStatement":6,"seen":{"s:17:13:49:Infinity":0,"f:18:2:18:Infinity":0,"s:19:14:47:Infinity":1,"f:26:6:26:18":1,"s:27:8:31:10":2,"f:33:6:33:23":2,"s:34:8:34:34":3,"f:36:6:36:25":3,"s:37:8:37:38":4,"f:39:6:39:Infinity":4,"s:40:8:46:Infinity":5}}}
}
