<?xml version="1.0" encoding="utf-8"?>
<coverage line-rate="0.3233" branch-rate="0.6506000000000001" version="1.9" timestamp="1777728235" lines-covered="1187" lines-valid="3671" branches-covered="190" branches-valid="292">
  <sources>
    <source>/home/ronaldo/Ronaldo/BabaPlay/Backend/src/</source>
  </sources>
  <packages>
    <package name="BabaPlay.Domain" line-rate="0.8965000000000001" branch-rate="0.826" complexity="91">
      <classes>
        <class name="BabaPlay.Domain.Exceptions.DomainException" filename="BabaPlay.Domain/Exceptions/DomainException.cs" line-rate="1" branch-rate="1" complexity="2">
          <methods>
            <method name="get_Code" signature="()" line-rate="1" branch-rate="1" complexity="1">
              <lines>
                <line number="5" hits="2" branch="False" />
              </lines>
            </method>
            <method name=".ctor" signature="(System.String,System.String)" line-rate="1" branch-rate="1" complexity="1">
              <lines>
                <line number="7" hits="14" branch="False" />
                <line number="9" hits="14" branch="False" />
                <line number="10" hits="14" branch="False" />
              </lines>
            </method>
          </methods>
          <lines>
            <line number="5" hits="2" branch="False" />
            <line number="7" hits="14" branch="False" />
            <line number="9" hits="14" branch="False" />
            <line number="10" hits="14" branch="False" />
          </lines>
        </class>
        <class name="BabaPlay.Domain.Exceptions.NotFoundException" filename="BabaPlay.Domain/Exceptions/NotFoundException.cs" line-rate="0.5" branch-rate="1" complexity="2">
          <methods>
            <method name=".ctor" signature="(System.String,System.Guid)" line-rate="0" branch-rate="1" complexity="1">
              <lines>
                <line number="6" hits="0" branch="False" />
                <line number="8" hits="0" branch="False" />
              </lines>
            </method>
            <method name=".ctor" signature="(System.String,System.String)" line-rate="1" branch-rate="1" complexity="1">
              <lines>
                <line number="12" hits="3" branch="False" />
                <line number="14" hits="3" branch="False" />
              </lines>
            </method>
          </methods>
          <lines>
            <line number="6" hits="0" branch="False" />
            <line number="8" hits="0" branch="False" />
            <line number="12" hits="3" branch="False" />
            <line number="14" hits="3" branch="False" />
          </lines>
        </class>
        <class name="BabaPlay.Domain.Exceptions.ValidationException" filename="BabaPlay.Domain/Exceptions/ValidationException.cs" line-rate="0.8332999999999999" branch-rate="1" complexity="3">
          <methods>
            <method name="get_Errors" signature="()" line-rate="0" branch-rate="1" complexity="1">
              <lines>
                <line number="5" hits="0" branch="False" />
              </lines>
            </method>
            <method name=".ctor" signature="(System.String,System.String)" line-rate="1" branch-rate="1" complexity="1">
              <lines>
                <line number="8" hits="11" branch="False" />
                <line number="10" hits="11" branch="False" />
              </lines>
            </method>
            <method name=".ctor" signature="(System.Collections.Generic.IDictionary`2&lt;System.String,System.String[]&gt;)" line-rate="1" branch-rate="1" complexity="1">
              <lines>
                <line number="13" hits="11" branch="False" />
                <line number="15" hits="11" branch="False" />
                <line number="16" hits="11" branch="False" />
              </lines>
            </method>
          </methods>
          <lines>
            <line number="5" hits="0" branch="False" />
            <line number="8" hits="11" branch="False" />
            <line number="10" hits="11" branch="False" />
            <line number="13" hits="11" branch="False" />
            <line number="15" hits="11" branch="False" />
            <line number="16" hits="11" branch="False" />
          </lines>
        </class>
        <class name="BabaPlay.Domain.Entities.EntityBase" filename="BabaPlay.Domain/Entities/EntityBase.cs" line-rate="1" branch-rate="1" complexity="8">
          <methods>
            <method name="get_Id" signature="()" line-rate="1" branch-rate="1" complexity="1">
              <lines>
                <line number="7" hits="137" branch="False" />
              </lines>
            </method>
            <method name="get_CreatedAt" signature="()" line-rate="1" branch-rate="1" complexity="1">
              <lines>
                <line number="8" hits="82" branch="False" />
              </lines>
            </method>
            <method name="get_UpdatedAt" signature="()" line-rate="1" branch-rate="1" complexity="1">
              <lines>
                <line number="9" hits="23" branch="False" />
              </lines>
            </method>
            <method name="get_DomainEvents" signature="()" line-rate="1" branch-rate="1" complexity="1">
              <lines>
                <line number="12" hits="2" branch="False" />
              </lines>
            </method>
            <method name="RaiseDomainEvent" signature="(BabaPlay.Domain.Events.IDomainEvent)" line-rate="1" branch-rate="1" complexity="1">
              <lines>
                <line number="14" hits="2" branch="False" />
              </lines>
            </method>
            <method name="ClearDomainEvents" signature="()" line-rate="1" branch-rate="1" complexity="1">
              <lines>
                <line number="15" hits="1" branch="False" />
              </lines>
            </method>
            <method name="MarkUpdated" signature="()" line-rate="1" branch-rate="1" complexity="1">
              <lines>
                <line number="17" hits="19" branch="False" />
              </lines>
            </method>
            <method name=".ctor" signature="()" line-rate="1" branch-rate="1" complexity="1">
              <lines>
                <line number="11" hits="55" branch="False" />
              </lines>
            </method>
          </methods>
          <lines>
            <line number="7" hits="137" branch="False" />
            <line number="8" hits="82" branch="False" />
            <line number="9" hits="23" branch="False" />
            <line number="12" hits="2" branch="False" />
            <line number="14" hits="2" branch="False" />
            <line number="15" hits="1" branch="False" />
            <line number="17" hits="19" branch="False" />
            <line number="11" hits="55" branch="False" />
          </lines>
        </class>
        <class name="BabaPlay.Domain.Entities.Permission" filename="BabaPlay.Domain/Entities/Permission.cs" line-rate="0.8421" branch-rate="0.6666" complexity="12">
          <methods>
            <method name="get_Code" signature="()" line-rate="1" branch-rate="1" complexity="1">
              <lines>
                <line number="10" hits="12" branch="False" />
              </lines>
            </method>
            <method name="get_NormalizedCode" signature="()" line-rate="1" branch-rate="1" complexity="1">
              <lines>
                <line number="11" hits="12" branch="False" />
              </lines>
            </method>
            <method name="get_Description" signature="()" line-rate="1" branch-rate="1" complexity="1">
              <lines>
                <line number="12" hits="7" branch="False" />
              </lines>
            </method>
            <method name="get_IsSystem" signature="()" line-rate="1" branch-rate="1" complexity="1">
              <lines>
                <line number="13" hits="6" branch="False" />
              </lines>
            </method>
            <method name="Create" signature="(System.String,System.String,System.Boolean)" line-rate="1" branch-rate="1" complexity="4">
              <lines>
                <line number="19" hits="6" branch="True" condition-coverage="100% (2/2)">
                  <conditions>
                    <condition number="6" type="jump" coverage="100%" />
                  </conditions>
                </line>
                <line number="20" hits="1" branch="False" />
                <line number="22" hits="5" branch="False" />
                <line number="24" hits="5" branch="True" condition-coverage="100% (2/2)">
                  <conditions>
                    <condition number="57" type="jump" coverage="100%" />
                  </conditions>
                </line>
                <line number="25" hits="5" branch="False" />
                <line number="26" hits="5" branch="False" />
                <line number="27" hits="5" branch="False" />
                <line number="28" hits="5" branch="False" />
                <line number="29" hits="5" branch="False" />
                <line number="30" hits="5" branch="False" />
              </lines>
            </method>
            <method name="UpdateDescription" signature="(System.String)" line-rate="0" branch-rate="0" complexity="2">
              <lines>
                <line number="35" hits="0" branch="True" condition-coverage="0% (0/2)">
                  <conditions>
                    <condition number="2" type="jump" coverage="0%" />
                  </conditions>
                </line>
                <line number="36" hits="0" branch="False" />
                <line number="37" hits="0" branch="False" />
              </lines>
            </method>
            <method name="NormalizeCode" signature="(System.String)" line-rate="1" branch-rate="1" complexity="1">
              <lines>
                <line number="40" hits="5" branch="False" />
              </lines>
            </method>
            <method name=".ctor" signature="()" line-rate="1" branch-rate="1" complexity="1">
              <lines>
                <line number="15" hits="10" branch="False" />
              </lines>
            </method>
          </methods>
          <lines>
            <line number="10" hits="12" branch="False" />
            <line number="11" hits="12" branch="False" />
            <line number="12" hits="7" branch="False" />
            <line number="13" hits="6" branch="False" />
            <line number="19" hits="6" branch="True" condition-coverage="100% (2/2)">
              <conditions>
                <condition number="6" type="jump" coverage="100%" />
              </conditions>
            </line>
            <line number="20" hits="1" branch="False" />
            <line number="22" hits="5" branch="False" />
            <line number="24" hits="5" branch="True" condition-coverage="100% (2/2)">
              <conditions>
                <condition number="57" type="jump" coverage="100%" />
              </conditions>
            </line>
            <line number="25" hits="5" branch="False" />
            <line number="26" hits="5" branch="False" />
            <line number="27" hits="5" branch="False" />
            <line number="28" hits="5" branch="False" />
            <line number="29" hits="5" branch="False" />
            <line number="30" hits="5" branch="False" />
            <line number="35" hits="0" branch="True" condition-coverage="0% (0/2)">
              <conditions>
                <condition number="2" type="jump" coverage="0%" />
              </conditions>
            </line>
            <line number="36" hits="0" branch="False" />
            <line number="37" hits="0" branch="False" />
            <line number="40" hits="5" branch="False" />
            <line number="15" hits="10" branch="False" />
          </lines>
        </class>
        <class name="BabaPlay.Domain.Entities.Player" filename="BabaPlay.Domain/Entities/Player.cs" line-rate="1" branch-rate="1" complexity="22">
          <methods>
            <method name="get_UserId" signature="()" line-rate="1" branch-rate="1" complexity="1">
              <lines>
                <line number="12" hits="44" branch="False" />
              </lines>
            </method>
            <method name="get_Name" signature="()" line-rate="1" branch-rate="1" complexity="1">
              <lines>
                <line number="15" hits="79" branch="False" />
              </lines>
            </method>
            <method name="get_Nickname" signature="()" line-rate="1" branch-rate="1" complexity="1">
              <lines>
                <line number="18" hits="50" branch="False" />
              </lines>
            </method>
            <method name="get_Phone" signature="()" line-rate="1" branch-rate="1" complexity="1">
              <lines>
                <line number="21" hits="49" branch="False" />
              </lines>
            </method>
            <method name="get_DateOfBirth" signature="()" line-rate="1" branch-rate="1" complexity="1">
              <lines>
                <line number="24" hits="49" branch="False" />
              </lines>
            </method>
            <method name="get_IsActive" signature="()" line-rate="1" branch-rate="1" complexity="1">
              <lines>
                <line number="27" hits="54" branch="False" />
              </lines>
            </method>
            <method name="Create" signature="(System.Guid,System.String,System.String,System.String,System.Nullable`1&lt;System.DateOnly&gt;)" line-rate="1" branch-rate="1" complexity="8">
              <lines>
                <line number="43" hits="27" branch="True" condition-coverage="100% (2/2)">
                  <conditions>
                    <condition number="11" type="jump" coverage="100%" />
                  </conditions>
                </line>
                <line number="44" hits="1" branch="False" />
                <line number="46" hits="26" branch="True" condition-coverage="100% (2/2)">
                  <conditions>
                    <condition number="35" type="jump" coverage="100%" />
                  </conditions>
                </line>
                <line number="47" hits="2" branch="False" />
                <line number="49" hits="24" branch="True" condition-coverage="100% (4/4)">
                  <conditions>
                    <condition number="79" type="jump" coverage="100%" />
                    <condition number="97" type="jump" coverage="100%" />
                  </conditions>
                </line>
                <line number="50" hits="24" branch="False" />
                <line number="51" hits="24" branch="False" />
                <line number="52" hits="24" branch="False" />
                <line number="53" hits="24" branch="False" />
                <line number="54" hits="24" branch="False" />
                <line number="55" hits="24" branch="False" />
                <line number="56" hits="24" branch="False" />
                <line number="57" hits="24" branch="False" />
              </lines>
            </method>
            <method name="Update" signature="(System.String,System.String,System.String,System.Nullable`1&lt;System.DateOnly&gt;)" line-rate="1" branch-rate="1" complexity="6">
              <lines>
                <line number="66" hits="5" branch="True" condition-coverage="100% (2/2)">
                  <conditions>
                    <condition number="6" type="jump" coverage="100%" />
                  </conditions>
                </line>
                <line number="67" hits="1" branch="False" />
                <line number="69" hits="4" branch="False" />
                <line number="70" hits="4" branch="True" condition-coverage="100% (2/2)">
                  <conditions>
                    <condition number="38" type="jump" coverage="100%" />
                  </conditions>
                </line>
                <line number="71" hits="4" branch="True" condition-coverage="100% (2/2)">
                  <conditions>
                    <condition number="56" type="jump" coverage="100%" />
                  </conditions>
                </line>
                <line number="72" hits="4" branch="False" />
                <line number="73" hits="4" branch="False" />
                <line number="74" hits="4" branch="False" />
              </lines>
            </method>
            <method name="Deactivate" signature="()" line-rate="1" branch-rate="1" complexity="1">
              <lines>
                <line number="79" hits="7" branch="False" />
                <line number="80" hits="7" branch="False" />
                <line number="81" hits="7" branch="False" />
              </lines>
            </method>
            <method name=".ctor" signature="()" line-rate="1" branch-rate="1" complexity="1">
              <lines>
                <line number="30" hits="58" branch="False" />
              </lines>
            </method>
          </methods>
          <lines>
            <line number="12" hits="44" branch="False" />
            <line number="15" hits="79" branch="False" />
            <line number="18" hits="50" branch="False" />
            <line number="21" hits="49" branch="False" />
            <line number="24" hits="49" branch="False" />
            <line number="27" hits="54" branch="False" />
            <line number="43" hits="27" branch="True" condition-coverage="100% (2/2)">
              <conditions>
                <condition number="11" type="jump" coverage="100%" />
              </conditions>
            </line>
            <line number="44" hits="1" branch="False" />
            <line number="46" hits="26" branch="True" condition-coverage="100% (2/2)">
              <conditions>
                <condition number="35" type="jump" coverage="100%" />
              </conditions>
            </line>
            <line number="47" hits="2" branch="False" />
            <line number="49" hits="24" branch="True" condition-coverage="100% (4/4)">
              <conditions>
                <condition number="79" type="jump" coverage="100%" />
                <condition number="97" type="jump" coverage="100%" />
              </conditions>
            </line>
            <line number="50" hits="24" branch="False" />
            <line number="51" hits="24" branch="False" />
            <line number="52" hits="24" branch="False" />
            <line number="53" hits="24" branch="False" />
            <line number="54" hits="24" branch="False" />
            <line number="55" hits="24" branch="False" />
            <line number="56" hits="24" branch="False" />
            <line number="57" hits="24" branch="False" />
            <line number="66" hits="5" branch="True" condition-coverage="100% (2/2)">
              <conditions>
                <condition number="6" type="jump" coverage="100%" />
              </conditions>
            </line>
            <line number="67" hits="1" branch="False" />
            <line number="69" hits="4" branch="False" />
            <line number="70" hits="4" branch="True" condition-coverage="100% (2/2)">
              <conditions>
                <condition number="38" type="jump" coverage="100%" />
              </conditions>
            </line>
            <line number="71" hits="4" branch="True" condition-coverage="100% (2/2)">
              <conditions>
                <condition number="56" type="jump" coverage="100%" />
              </conditions>
            </line>
            <line number="72" hits="4" branch="False" />
            <line number="73" hits="4" branch="False" />
            <line number="74" hits="4" branch="False" />
            <line number="79" hits="7" branch="False" />
            <line number="80" hits="7" branch="False" />
            <line number="81" hits="7" branch="False" />
            <line number="30" hits="58" branch="False" />
          </lines>
        </class>
        <class name="BabaPlay.Domain.Entities.Role" filename="BabaPlay.Domain/Entities/Role.cs" line-rate="0.8085" branch-rate="0.6666" complexity="26">
          <methods>
            <method name="get_TenantId" signature="()" line-rate="1" branch-rate="1" complexity="1">
              <lines>
                <line number="12" hits="23" branch="False" />
              </lines>
            </method>
            <method name="get_Name" signature="()" line-rate="1" branch-rate="1" complexity="1">
              <lines>
                <line number="13" hits="41" branch="False" />
              </lines>
            </method>
            <method name="get_NormalizedName" signature="()" line-rate="1" branch-rate="1" complexity="1">
              <lines>
                <line number="14" hits="34" branch="False" />
              </lines>
            </method>
            <method name="get_Description" signature="()" line-rate="1" branch-rate="1" complexity="1">
              <lines>
                <line number="15" hits="23" branch="False" />
              </lines>
            </method>
            <method name="get_IsActive" signature="()" line-rate="1" branch-rate="1" complexity="1">
              <lines>
                <line number="16" hits="31" branch="False" />
              </lines>
            </method>
            <method name="get_Permissions" signature="()" line-rate="1" branch-rate="1" complexity="1">
              <lines>
                <line number="18" hits="10" branch="False" />
              </lines>
            </method>
            <method name="Create" signature="(System.Guid,System.String,System.String)" line-rate="1" branch-rate="1" complexity="6">
              <lines>
                <line number="24" hits="17" branch="True" condition-coverage="100% (2/2)">
                  <conditions>
                    <condition number="11" type="jump" coverage="100%" />
                  </conditions>
                </line>
                <line number="25" hits="1" branch="False" />
                <line number="27" hits="16" branch="True" condition-coverage="100% (2/2)">
                  <conditions>
                    <condition number="35" type="jump" coverage="100%" />
                  </conditions>
                </line>
                <line number="28" hits="1" branch="False" />
                <line number="30" hits="15" branch="False" />
                <line number="32" hits="15" branch="True" condition-coverage="100% (2/2)">
                  <conditions>
                    <condition number="93" type="jump" coverage="100%" />
                  </conditions>
                </line>
                <line number="33" hits="15" branch="False" />
                <line number="34" hits="15" branch="False" />
                <line number="35" hits="15" branch="False" />
                <line number="36" hits="15" branch="False" />
                <line number="37" hits="15" branch="False" />
                <line number="38" hits="15" branch="False" />
                <line number="39" hits="15" branch="False" />
              </lines>
            </method>
            <method name="Rename" signature="(System.String,System.String)" line-rate="0" branch-rate="0" complexity="4">
              <lines>
                <line number="44" hits="0" branch="True" condition-coverage="0% (0/2)">
                  <conditions>
                    <condition number="6" type="jump" coverage="0%" />
                  </conditions>
                </line>
                <line number="45" hits="0" branch="False" />
                <line number="47" hits="0" branch="False" />
                <line number="48" hits="0" branch="False" />
                <line number="49" hits="0" branch="True" condition-coverage="0% (0/2)">
                  <conditions>
                    <condition number="55" type="jump" coverage="0%" />
                  </conditions>
                </line>
                <line number="50" hits="0" branch="False" />
                <line number="51" hits="0" branch="False" />
              </lines>
            </method>
            <method name="AddPermission" signature="(System.Guid)" line-rate="0.8571" branch-rate="0.75" complexity="4">
              <lines>
                <line number="55" hits="7" branch="True" condition-coverage="50% (1/2)">
                  <conditions>
                    <condition number="29" type="jump" coverage="50%" />
                  </conditions>
                </line>
                <line number="56" hits="0" branch="False" />
                <line number="58" hits="8" branch="True" condition-coverage="100% (2/2)">
                  <conditions>
                    <condition number="70" type="jump" coverage="100%" />
                  </conditions>
                </line>
                <line number="59" hits="1" branch="False" />
                <line number="61" hits="6" branch="False" />
                <line number="62" hits="6" branch="False" />
                <line number="63" hits="6" branch="False" />
              </lines>
            </method>
            <method name="RemovePermission" signature="(System.Guid)" line-rate="0.8332999999999999" branch-rate="0.5" complexity="2">
              <lines>
                <line number="67" hits="2" branch="False" />
                <line number="68" hits="1" branch="True" condition-coverage="50% (1/2)">
                  <conditions>
                    <condition number="38" type="jump" coverage="50%" />
                  </conditions>
                </line>
                <line number="69" hits="0" branch="False" />
                <line number="71" hits="1" branch="False" />
                <line number="72" hits="1" branch="False" />
                <line number="73" hits="1" branch="False" />
              </lines>
            </method>
            <method name="Deactivate" signature="()" line-rate="1" branch-rate="1" complexity="2">
              <lines>
                <line number="77" hits="2" branch="True" condition-coverage="100% (2/2)">
                  <conditions>
                    <condition number="6" type="jump" coverage="100%" />
                  </conditions>
                </line>
                <line number="78" hits="1" branch="False" />
                <line number="80" hits="1" branch="False" />
                <line number="81" hits="1" branch="False" />
                <line number="82" hits="1" branch="False" />
              </lines>
            </method>
            <method name="NormalizeName" signature="(System.String)" line-rate="1" branch-rate="1" complexity="1">
              <lines>
                <line number="85" hits="15" branch="False" />
              </lines>
            </method>
            <method name=".ctor" signature="()" line-rate="1" branch-rate="1" complexity="1">
              <lines>
                <line number="10" hits="17" branch="False" />
                <line number="20" hits="34" branch="False" />
              </lines>
            </method>
          </methods>
          <lines>
            <line number="12" hits="23" branch="False" />
            <line number="13" hits="41" branch="False" />
            <line number="14" hits="34" branch="False" />
            <line number="15" hits="23" branch="False" />
            <line number="16" hits="31" branch="False" />
            <line number="18" hits="10" branch="False" />
            <line number="24" hits="17" branch="True" condition-coverage="100% (2/2)">
              <conditions>
                <condition number="11" type="jump" coverage="100%" />
              </conditions>
            </line>
            <line number="25" hits="1" branch="False" />
            <line number="27" hits="16" branch="True" condition-coverage="100% (2/2)">
              <conditions>
                <condition number="35" type="jump" coverage="100%" />
              </conditions>
            </line>
            <line number="28" hits="1" branch="False" />
            <line number="30" hits="15" branch="False" />
            <line number="32" hits="15" branch="True" condition-coverage="100% (2/2)">
              <conditions>
                <condition number="93" type="jump" coverage="100%" />
              </conditions>
            </line>
            <line number="33" hits="15" branch="False" />
            <line number="34" hits="15" branch="False" />
            <line number="35" hits="15" branch="False" />
            <line number="36" hits="15" branch="False" />
            <line number="37" hits="15" branch="False" />
            <line number="38" hits="15" branch="False" />
            <line number="39" hits="15" branch="False" />
            <line number="44" hits="0" branch="True" condition-coverage="0% (0/2)">
              <conditions>
                <condition number="6" type="jump" coverage="0%" />
              </conditions>
            </line>
            <line number="45" hits="0" branch="False" />
            <line number="47" hits="0" branch="False" />
            <line number="48" hits="0" branch="False" />
            <line number="49" hits="0" branch="True" condition-coverage="0% (0/2)">
              <conditions>
                <condition number="55" type="jump" coverage="0%" />
              </conditions>
            </line>
            <line number="50" hits="0" branch="False" />
            <line number="51" hits="0" branch="False" />
            <line number="55" hits="7" branch="True" condition-coverage="50% (1/2)">
              <conditions>
                <condition number="29" type="jump" coverage="50%" />
              </conditions>
            </line>
            <line number="56" hits="0" branch="False" />
            <line number="58" hits="8" branch="True" condition-coverage="100% (2/2)">
              <conditions>
                <condition number="70" type="jump" coverage="100%" />
              </conditions>
            </line>
            <line number="59" hits="1" branch="False" />
            <line number="61" hits="6" branch="False" />
            <line number="62" hits="6" branch="False" />
            <line number="63" hits="6" branch="False" />
            <line number="67" hits="2" branch="False" />
            <line number="68" hits="1" branch="True" condition-coverage="50% (1/2)">
              <conditions>
                <condition number="38" type="jump" coverage="50%" />
              </conditions>
            </line>
            <line number="69" hits="0" branch="False" />
            <line number="71" hits="1" branch="False" />
            <line number="72" hits="1" branch="False" />
            <line number="73" hits="1" branch="False" />
            <line number="77" hits="2" branch="True" condition-coverage="100% (2/2)">
              <conditions>
                <condition number="6" type="jump" coverage="100%" />
              </conditions>
            </line>
            <line number="78" hits="1" branch="False" />
            <line number="80" hits="1" branch="False" />
            <line number="81" hits="1" branch="False" />
            <line number="82" hits="1" branch="False" />
            <line number="85" hits="15" branch="False" />
            <line number="10" hits="17" branch="False" />
            <line number="20" hits="34" branch="False" />
          </lines>
        </class>
        <class name="BabaPlay.Domain.Entities.RolePermission" filename="BabaPlay.Domain/Entities/RolePermission.cs" line-rate="1" branch-rate="1" complexity="8">
          <methods>
            <method name="get_RoleId" signature="()" line-rate="1" branch-rate="1" complexity="1">
              <lines>
                <line number="10" hits="8" branch="False" />
              </lines>
            </method>
            <method name="get_PermissionId" signature="()" line-rate="1" branch-rate="1" complexity="1">
              <lines>
                <line number="11" hits="14" branch="False" />
              </lines>
            </method>
            <method name="get_CreatedAt" signature="()" line-rate="1" branch-rate="1" complexity="1">
              <lines>
                <line number="12" hits="9" branch="False" />
              </lines>
            </method>
            <method name="Create" signature="(System.Guid,System.Guid)" line-rate="1" branch-rate="1" complexity="4">
              <lines>
                <line number="18" hits="9" branch="True" condition-coverage="100% (2/2)">
                  <conditions>
                    <condition number="11" type="jump" coverage="100%" />
                  </conditions>
                </line>
                <line number="19" hits="1" branch="False" />
                <line number="21" hits="8" branch="True" condition-coverage="100% (2/2)">
                  <conditions>
                    <condition number="40" type="jump" coverage="100%" />
                  </conditions>
                </line>
                <line number="22" hits="1" branch="False" />
                <line number="24" hits="7" branch="False" />
                <line number="25" hits="7" branch="False" />
                <line number="26" hits="7" branch="False" />
                <line number="27" hits="7" branch="False" />
                <line number="28" hits="7" branch="False" />
              </lines>
            </method>
            <method name=".ctor" signature="()" line-rate="1" branch-rate="1" complexity="1">
              <lines>
                <line number="14" hits="16" branch="False" />
              </lines>
            </method>
          </methods>
          <lines>
            <line number="10" hits="8" branch="False" />
            <line number="11" hits="14" branch="False" />
            <line number="12" hits="9" branch="False" />
            <line number="18" hits="9" branch="True" condition-coverage="100% (2/2)">
              <conditions>
                <condition number="11" type="jump" coverage="100%" />
              </conditions>
            </line>
            <line number="19" hits="1" branch="False" />
            <line number="21" hits="8" branch="True" condition-coverage="100% (2/2)">
              <conditions>
                <condition number="40" type="jump" coverage="100%" />
              </conditions>
            </line>
            <line number="22" hits="1" branch="False" />
            <line number="24" hits="7" branch="False" />
            <line number="25" hits="7" branch="False" />
            <line number="26" hits="7" branch="False" />
            <line number="27" hits="7" branch="False" />
            <line number="28" hits="7" branch="False" />
            <line number="14" hits="16" branch="False" />
          </lines>
        </class>
        <class name="BabaPlay.Domain.Entities.UserRole" filename="BabaPlay.Domain/Entities/UserRole.cs" line-rate="1" branch-rate="1" complexity="8">
          <methods>
            <method name="get_UserId" signature="()" line-rate="1" branch-rate="1" complexity="1">
              <lines>
                <line number="10" hits="9" branch="False" />
              </lines>
            </method>
            <method name="get_RoleId" signature="()" line-rate="1" branch-rate="1" complexity="1">
              <lines>
                <line number="11" hits="5" branch="False" />
              </lines>
            </method>
            <method name="get_AssignedAt" signature="()" line-rate="1" branch-rate="1" complexity="1">
              <lines>
                <line number="12" hits="5" branch="False" />
              </lines>
            </method>
            <method name="Create" signature="(System.String,System.Guid)" line-rate="1" branch-rate="1" complexity="4">
              <lines>
                <line number="18" hits="6" branch="True" condition-coverage="100% (2/2)">
                  <conditions>
                    <condition number="6" type="jump" coverage="100%" />
                  </conditions>
                </line>
                <line number="19" hits="1" branch="False" />
                <line number="21" hits="5" branch="True" condition-coverage="100% (2/2)">
                  <conditions>
                    <condition number="35" type="jump" coverage="100%" />
                  </conditions>
                </line>
                <line number="22" hits="1" branch="False" />
                <line number="24" hits="4" branch="False" />
                <line number="25" hits="4" branch="False" />
                <line number="26" hits="4" branch="False" />
                <line number="27" hits="4" branch="False" />
                <line number="28" hits="4" branch="False" />
              </lines>
            </method>
            <method name=".ctor" signature="()" line-rate="1" branch-rate="1" complexity="1">
              <lines>
                <line number="14" hits="8" branch="False" />
              </lines>
            </method>
          </methods>
          <lines>
            <line number="10" hits="9" branch="False" />
            <line number="11" hits="5" branch="False" />
            <line number="12" hits="5" branch="False" />
            <line number="18" hits="6" branch="True" condition-coverage="100% (2/2)">
              <conditions>
                <condition number="6" type="jump" coverage="100%" />
              </conditions>
            </line>
            <line number="19" hits="1" branch="False" />
            <line number="21" hits="5" branch="True" condition-coverage="100% (2/2)">
              <conditions>
                <condition number="35" type="jump" coverage="100%" />
              </conditions>
            </line>
            <line number="22" hits="1" branch="False" />
            <line number="24" hits="4" branch="False" />
            <line number="25" hits="4" branch="False" />
            <line number="26" hits="4" branch="False" />
            <line number="27" hits="4" branch="False" />
            <line number="28" hits="4" branch="False" />
            <line number="14" hits="8" branch="False" />
          </lines>
        </class>
      </classes>
    </package>
    <package name="BabaPlay.Api" line-rate="0.8476" branch-rate="0.5857" complexity="99">
      <classes>
        <class name="Program" filename="BabaPlay.Api/Program.cs" line-rate="1" branch-rate="0.875" complexity="8">
          <methods>
            <method name="&lt;Main&gt;$" signature="(System.String[])" line-rate="1" branch-rate="0.875" complexity="8">
              <lines>
                <line number="7" hits="5" branch="False" />
                <line number="10" hits="5" branch="False" />
                <line number="11" hits="5" branch="False" />
                <line number="12" hits="5" branch="False" />
                <line number="15" hits="5" branch="False" />
                <line number="16" hits="5" branch="False" />
                <line number="17" hits="5" branch="True" condition-coverage="100% (2/2)">
                  <conditions>
                    <condition number="13" type="jump" coverage="100%" />
                  </conditions>
                </line>
                <line number="18" hits="5" branch="False" />
                <line number="19" hits="5" branch="True" condition-coverage="50% (1/2)">
                  <conditions>
                    <condition number="27" type="jump" coverage="50%" />
                  </conditions>
                </line>
                <line number="20" hits="5" branch="False" />
                <line number="21" hits="5" branch="False" />
                <line number="22" hits="5" branch="False" />
                <line number="23" hits="5" branch="False" />
                <line number="24" hits="5" branch="False" />
                <line number="25" hits="5" branch="False" />
                <line number="26" hits="5" branch="False" />
                <line number="27" hits="5" branch="False" />
                <line number="28" hits="10" branch="False" />
                <line number="29" hits="10" branch="False" />
                <line number="31" hits="5" branch="False" />
                <line number="32" hits="5" branch="False" />
                <line number="33" hits="5" branch="False" />
                <line number="35" hits="5" branch="False" />
                <line number="36" hits="5" branch="False" />
                <line number="37" hits="5" branch="False" />
                <line number="38" hits="5" branch="False" />
                <line number="39" hits="5" branch="False" />
                <line number="40" hits="5" branch="False" />
                <line number="41" hits="5" branch="False" />
                <line number="42" hits="5" branch="False" />
                <line number="43" hits="5" branch="False" />
                <line number="44" hits="5" branch="False" />
                <line number="45" hits="5" branch="False" />
                <line number="46" hits="5" branch="False" />
                <line number="47" hits="5" branch="False" />
                <line number="48" hits="5" branch="False" />
                <line number="49" hits="5" branch="False" />
                <line number="50" hits="5" branch="False" />
                <line number="51" hits="5" branch="False" />
                <line number="52" hits="5" branch="False" />
                <line number="53" hits="5" branch="False" />
                <line number="54" hits="5" branch="False" />
                <line number="55" hits="5" branch="False" />
                <line number="56" hits="5" branch="False" />
                <line number="57" hits="5" branch="False" />
                <line number="58" hits="5" branch="False" />
                <line number="59" hits="5" branch="False" />
                <line number="60" hits="5" branch="False" />
                <line number="61" hits="5" branch="False" />
                <line number="62" hits="5" branch="False" />
                <line number="63" hits="5" branch="False" />
                <line number="64" hits="5" branch="False" />
                <line number="65" hits="5" branch="False" />
                <line number="66" hits="5" branch="False" />
                <line number="67" hits="5" branch="False" />
                <line number="68" hits="5" branch="False" />
                <line number="69" hits="5" branch="False" />
                <line number="70" hits="5" branch="True" condition-coverage="100% (2/2)">
                  <conditions>
                    <condition number="239" type="jump" coverage="100%" />
                  </conditions>
                </line>
                <line number="71" hits="5" branch="False" />
                <line number="72" hits="10" branch="False" />
                <line number="75" hits="5" branch="False" />
                <line number="77" hits="5" branch="False" />
                <line number="79" hits="5" branch="True" condition-coverage="100% (2/2)">
                  <conditions>
                    <condition number="226" type="jump" coverage="100%" />
                  </conditions>
                </line>
                <line number="81" hits="5" branch="False" />
                <line number="82" hits="10" branch="False" />
                <line number="85" hits="5" branch="False" />
                <line number="86" hits="5" branch="False" />
                <line number="87" hits="5" branch="False" />
                <line number="88" hits="5" branch="False" />
                <line number="89" hits="5" branch="False" />
                <line number="90" hits="5" branch="False" />
                <line number="92" hits="5" branch="False" />
              </lines>
            </method>
          </methods>
          <lines>
            <line number="7" hits="5" branch="False" />
            <line number="10" hits="5" branch="False" />
            <line number="11" hits="5" branch="False" />
            <line number="12" hits="5" branch="False" />
            <line number="15" hits="5" branch="False" />
            <line number="16" hits="5" branch="False" />
            <line number="17" hits="5" branch="True" condition-coverage="100% (2/2)">
              <conditions>
                <condition number="13" type="jump" coverage="100%" />
              </conditions>
            </line>
            <line number="18" hits="5" branch="False" />
            <line number="19" hits="5" branch="True" condition-coverage="50% (1/2)">
              <conditions>
                <condition number="27" type="jump" coverage="50%" />
              </conditions>
            </line>
            <line number="20" hits="5" branch="False" />
            <line number="21" hits="5" branch="False" />
            <line number="22" hits="5" branch="False" />
            <line number="23" hits="5" branch="False" />
            <line number="24" hits="5" branch="False" />
            <line number="25" hits="5" branch="False" />
            <line number="26" hits="5" branch="False" />
            <line number="27" hits="5" branch="False" />
            <line number="28" hits="10" branch="False" />
            <line number="29" hits="10" branch="False" />
            <line number="31" hits="5" branch="False" />
            <line number="32" hits="5" branch="False" />
            <line number="33" hits="5" branch="False" />
            <line number="35" hits="5" branch="False" />
            <line number="36" hits="5" branch="False" />
            <line number="37" hits="5" branch="False" />
            <line number="38" hits="5" branch="False" />
            <line number="39" hits="5" branch="False" />
            <line number="40" hits="5" branch="False" />
            <line number="41" hits="5" branch="False" />
            <line number="42" hits="5" branch="False" />
            <line number="43" hits="5" branch="False" />
            <line number="44" hits="5" branch="False" />
            <line number="45" hits="5" branch="False" />
            <line number="46" hits="5" branch="False" />
            <line number="47" hits="5" branch="False" />
            <line number="48" hits="5" branch="False" />
            <line number="49" hits="5" branch="False" />
            <line number="50" hits="5" branch="False" />
            <line number="51" hits="5" branch="False" />
            <line number="52" hits="5" branch="False" />
            <line number="53" hits="5" branch="False" />
            <line number="54" hits="5" branch="False" />
            <line number="55" hits="5" branch="False" />
            <line number="56" hits="5" branch="False" />
            <line number="57" hits="5" branch="False" />
            <line number="58" hits="5" branch="False" />
            <line number="59" hits="5" branch="False" />
            <line number="60" hits="5" branch="False" />
            <line number="61" hits="5" branch="False" />
            <line number="62" hits="5" branch="False" />
            <line number="63" hits="5" branch="False" />
            <line number="64" hits="5" branch="False" />
            <line number="65" hits="5" branch="False" />
            <line number="66" hits="5" branch="False" />
            <line number="67" hits="5" branch="False" />
            <line number="68" hits="5" branch="False" />
            <line number="69" hits="5" branch="False" />
            <line number="70" hits="5" branch="True" condition-coverage="100% (2/2)">
              <conditions>
                <condition number="239" type="jump" coverage="100%" />
              </conditions>
            </line>
            <line number="71" hits="5" branch="False" />
            <line number="72" hits="10" branch="False" />
            <line number="75" hits="5" branch="False" />
            <line number="77" hits="5" branch="False" />
            <line number="79" hits="5" branch="True" condition-coverage="100% (2/2)">
              <conditions>
                <condition number="226" type="jump" coverage="100%" />
              </conditions>
            </line>
            <line number="81" hits="5" branch="False" />
            <line number="82" hits="10" branch="False" />
            <line number="85" hits="5" branch="False" />
            <line number="86" hits="5" branch="False" />
            <line number="87" hits="5" branch="False" />
            <line number="88" hits="5" branch="False" />
            <line number="89" hits="5" branch="False" />
            <line number="90" hits="5" branch="False" />
            <line number="92" hits="5" branch="False" />
          </lines>
        </class>
        <class name="BabaPlay.Api.Middlewares.GlobalExceptionHandler" filename="BabaPlay.Api/Middlewares/GlobalExceptionHandler.cs" line-rate="1" branch-rate="1" complexity="1">
          <methods>
            <method name=".ctor" signature="(Microsoft.Extensions.Logging.ILogger`1&lt;BabaPlay.Api.Middlewares.GlobalExceptionHandler&gt;)" line-rate="1" branch-rate="1" complexity="1">
              <lines>
                <line number="12" hits="10" branch="False" />
              </lines>
            </method>
          </methods>
          <lines>
            <line number="12" hits="10" branch="False" />
          </lines>
        </class>
        <class name="BabaPlay.Api.Middlewares.GlobalExceptionHandler/&lt;TryHandleAsync&gt;d__2" filename="BabaPlay.Api/Middlewares/GlobalExceptionHandler.cs" line-rate="0.85" branch-rate="0.1666" complexity="6">
          <methods>
            <method name="MoveNext" signature="()" line-rate="0.85" branch-rate="0.1666" complexity="6">
              <lines>
                <line number="19" hits="2" branch="True" condition-coverage="16.66% (1/6)">
                  <conditions>
                    <condition number="35" type="jump" coverage="50%" />
                    <condition number="52" type="jump" coverage="0%" />
                    <condition number="69" type="jump" coverage="0%" />
                  </conditions>
                </line>
                <line number="20" hits="2" branch="False" />
                <line number="21" hits="2" branch="False" />
                <line number="22" hits="0" branch="False" />
                <line number="23" hits="0" branch="False" />
                <line number="24" hits="0" branch="False" />
                <line number="25" hits="2" branch="False" />
                <line number="27" hits="2" branch="False" />
                <line number="29" hits="2" branch="False" />
                <line number="30" hits="2" branch="False" />
                <line number="32" hits="2" branch="False" />
                <line number="33" hits="2" branch="False" />
                <line number="34" hits="2" branch="False" />
                <line number="35" hits="2" branch="False" />
                <line number="36" hits="2" branch="False" />
                <line number="37" hits="2" branch="False" />
                <line number="39" hits="2" branch="False" />
                <line number="40" hits="2" branch="False" />
                <line number="42" hits="2" branch="False" />
                <line number="43" hits="2" branch="False" />
              </lines>
            </method>
          </methods>
          <lines>
            <line number="19" hits="2" branch="True" condition-coverage="16.66% (1/6)">
              <conditions>
                <condition number="35" type="jump" coverage="50%" />
                <condition number="52" type="jump" coverage="0%" />
                <condition number="69" type="jump" coverage="0%" />
              </conditions>
            </line>
            <line number="20" hits="2" branch="False" />
            <line number="21" hits="2" branch="False" />
            <line number="22" hits="0" branch="False" />
            <line number="23" hits="0" branch="False" />
            <line number="24" hits="0" branch="False" />
            <line number="25" hits="2" branch="False" />
            <line number="27" hits="2" branch="False" />
            <line number="29" hits="2" branch="False" />
            <line number="30" hits="2" branch="False" />
            <line number="32" hits="2" branch="False" />
            <line number="33" hits="2" branch="False" />
            <line number="34" hits="2" branch="False" />
            <line number="35" hits="2" branch="False" />
            <line number="36" hits="2" branch="False" />
            <line number="37" hits="2" branch="False" />
            <line number="39" hits="2" branch="False" />
            <line number="40" hits="2" branch="False" />
            <line number="42" hits="2" branch="False" />
            <line number="43" hits="2" branch="False" />
          </lines>
        </class>
        <class name="BabaPlay.Api.Middlewares.TenantMiddleware" filename="BabaPlay.Api/Middlewares/TenantMiddleware.cs" line-rate="1" branch-rate="1" complexity="1">
          <methods>
            <method name=".ctor" signature="(Microsoft.AspNetCore.Http.RequestDelegate)" line-rate="1" branch-rate="1" complexity="1">
              <lines>
                <line number="23" hits="10" branch="False" />
              </lines>
            </method>
          </methods>
          <lines>
            <line number="23" hits="10" branch="False" />
          </lines>
        </class>
        <class name="BabaPlay.Api.Middlewares.TenantMiddleware/&lt;InvokeAsync&gt;d__3" filename="BabaPlay.Api/Middlewares/TenantMiddleware.cs" line-rate="1" branch-rate="0.9" complexity="10">
          <methods>
            <method name="MoveNext" signature="()" line-rate="1" branch-rate="0.9" complexity="10">
              <lines>
                <line number="30" hits="40" branch="True" condition-coverage="100% (2/2)">
                  <conditions>
                    <condition number="55" type="jump" coverage="100%" />
                  </conditions>
                </line>
                <line number="32" hits="20" branch="True" condition-coverage="50% (1/2)">
                  <conditions>
                    <condition number="73" type="jump" coverage="50%" />
                  </conditions>
                </line>
                <line number="34" hits="20" branch="True" condition-coverage="100% (2/2)">
                  <conditions>
                    <condition number="105" type="jump" coverage="100%" />
                  </conditions>
                </line>
                <line number="36" hits="20" branch="False" />
                <line number="38" hits="20" branch="True" condition-coverage="100% (4/4)">
                  <conditions>
                    <condition number="232" type="jump" coverage="100%" />
                    <condition number="240" type="jump" coverage="100%" />
                  </conditions>
                </line>
                <line number="39" hits="1" branch="False" />
                <line number="41" hits="19" branch="False" />
                <line number="43" hits="19" branch="False" />
                <line number="45" hits="39" branch="False" />
                <line number="46" hits="38" branch="False" />
              </lines>
            </method>
          </methods>
          <lines>
            <line number="30" hits="40" branch="True" condition-coverage="100% (2/2)">
              <conditions>
                <condition number="55" type="jump" coverage="100%" />
              </conditions>
            </line>
            <line number="32" hits="20" branch="True" condition-coverage="50% (1/2)">
              <conditions>
                <condition number="73" type="jump" coverage="50%" />
              </conditions>
            </line>
            <line number="34" hits="20" branch="True" condition-coverage="100% (2/2)">
              <conditions>
                <condition number="105" type="jump" coverage="100%" />
              </conditions>
            </line>
            <line number="36" hits="20" branch="False" />
            <line number="38" hits="20" branch="True" condition-coverage="100% (4/4)">
              <conditions>
                <condition number="232" type="jump" coverage="100%" />
                <condition number="240" type="jump" coverage="100%" />
              </conditions>
            </line>
            <line number="39" hits="1" branch="False" />
            <line number="41" hits="19" branch="False" />
            <line number="43" hits="19" branch="False" />
            <line number="45" hits="39" branch="False" />
            <line number="46" hits="38" branch="False" />
          </lines>
        </class>
        <class name="BabaPlay.Api.Middlewares.TenantMiddlewareExtensions" filename="BabaPlay.Api/Middlewares/TenantMiddleware.cs" line-rate="1" branch-rate="1" complexity="1">
          <methods>
            <method name="UseTenantResolution" signature="(Microsoft.AspNetCore.Builder.IApplicationBuilder)" line-rate="1" branch-rate="1" complexity="1">
              <lines>
                <line number="53" hits="5" branch="False" />
              </lines>
            </method>
          </methods>
          <lines>
            <line number="53" hits="5" branch="False" />
          </lines>
        </class>
        <class name="BabaPlay.Api.Filters.TenantSlugHeaderOperationFilter" filename="BabaPlay.Api/Filters/TenantSlugHeaderOperationFilter.cs" line-rate="0" branch-rate="0" complexity="2">
          <methods>
            <method name="Apply" signature="(Microsoft.OpenApi.Models.OpenApiOperation,Swashbuckle.AspNetCore.SwaggerGen.OperationFilterContext)" line-rate="0" branch-rate="0" complexity="2">
              <lines>
                <line number="14" hits="0" branch="True" condition-coverage="0% (0/2)">
                  <conditions>
                    <condition number="8" type="jump" coverage="0%" />
                  </conditions>
                </line>
                <line number="16" hits="0" branch="False" />
                <line number="17" hits="0" branch="False" />
                <line number="18" hits="0" branch="False" />
                <line number="19" hits="0" branch="False" />
                <line number="20" hits="0" branch="False" />
                <line number="21" hits="0" branch="False" />
                <line number="22" hits="0" branch="False" />
                <line number="23" hits="0" branch="False" />
                <line number="24" hits="0" branch="False" />
              </lines>
            </method>
          </methods>
          <lines>
            <line number="14" hits="0" branch="True" condition-coverage="0% (0/2)">
              <conditions>
                <condition number="8" type="jump" coverage="0%" />
              </conditions>
            </line>
            <line number="16" hits="0" branch="False" />
            <line number="17" hits="0" branch="False" />
            <line number="18" hits="0" branch="False" />
            <line number="19" hits="0" branch="False" />
            <line number="20" hits="0" branch="False" />
            <line number="21" hits="0" branch="False" />
            <line number="22" hits="0" branch="False" />
            <line number="23" hits="0" branch="False" />
            <line number="24" hits="0" branch="False" />
          </lines>
        </class>
        <class name="BabaPlay.Api.Controllers.AuthController" filename="BabaPlay.Api/Controllers/AuthController.cs" line-rate="1" branch-rate="1" complexity="1">
          <methods>
            <method name=".ctor" signature="(BabaPlay.Application.Interfaces.ICommandHandler`2&lt;BabaPlay.Application.Commands.Auth.LoginCommand,BabaPlay.Application.Common.Result`1&lt;BabaPlay.Application.DTOs.AuthResponse&gt;&gt;,BabaPlay.Application.Interfaces.ICommandHandler`2&lt;BabaPlay.Application.Commands.Auth.RefreshTokenCommand,BabaPlay.Application.Common.Result`1&lt;BabaPlay.Application.DTOs.AuthResponse&gt;&gt;)" line-rate="1" branch-rate="1" complexity="1">
              <lines>
                <line number="16" hits="9" branch="False" />
                <line number="17" hits="9" branch="False" />
                <line number="18" hits="9" branch="False" />
                <line number="20" hits="9" branch="False" />
                <line number="21" hits="9" branch="False" />
                <line number="22" hits="9" branch="False" />
              </lines>
            </method>
          </methods>
          <lines>
            <line number="16" hits="9" branch="False" />
            <line number="17" hits="9" branch="False" />
            <line number="18" hits="9" branch="False" />
            <line number="20" hits="9" branch="False" />
            <line number="21" hits="9" branch="False" />
            <line number="22" hits="9" branch="False" />
          </lines>
        </class>
        <class name="BabaPlay.Api.Controllers.AuthController/&lt;Login&gt;d__3" filename="BabaPlay.Api/Controllers/AuthController.cs" line-rate="1" branch-rate="0.75" complexity="4">
          <methods>
            <method name="MoveNext" signature="()" line-rate="1" branch-rate="0.75" complexity="4">
              <lines>
                <line number="33" hits="4" branch="False" />
                <line number="35" hits="4" branch="True" condition-coverage="100% (2/2)">
                  <conditions>
                    <condition number="160" type="jump" coverage="100%" />
                  </conditions>
                </line>
                <line number="37" hits="2" branch="True" condition-coverage="50% (1/2)">
                  <conditions>
                    <condition number="178" type="jump" coverage="50%" />
                  </conditions>
                </line>
                <line number="38" hits="2" branch="False" />
                <line number="39" hits="2" branch="False" />
                <line number="41" hits="2" branch="False" />
                <line number="42" hits="2" branch="False" />
                <line number="43" hits="2" branch="False" />
                <line number="44" hits="2" branch="False" />
                <line number="45" hits="2" branch="False" />
                <line number="46" hits="2" branch="False" />
                <line number="49" hits="2" branch="False" />
                <line number="50" hits="4" branch="False" />
              </lines>
            </method>
          </methods>
          <lines>
            <line number="33" hits="4" branch="False" />
            <line number="35" hits="4" branch="True" condition-coverage="100% (2/2)">
              <conditions>
                <condition number="160" type="jump" coverage="100%" />
              </conditions>
            </line>
            <line number="37" hits="2" branch="True" condition-coverage="50% (1/2)">
              <conditions>
                <condition number="178" type="jump" coverage="50%" />
              </conditions>
            </line>
            <line number="38" hits="2" branch="False" />
            <line number="39" hits="2" branch="False" />
            <line number="41" hits="2" branch="False" />
            <line number="42" hits="2" branch="False" />
            <line number="43" hits="2" branch="False" />
            <line number="44" hits="2" branch="False" />
            <line number="45" hits="2" branch="False" />
            <line number="46" hits="2" branch="False" />
            <line number="49" hits="2" branch="False" />
            <line number="50" hits="4" branch="False" />
          </lines>
        </class>
        <class name="BabaPlay.Api.Controllers.AuthController/&lt;RefreshToken&gt;d__4" filename="BabaPlay.Api/Controllers/AuthController.cs" line-rate="1" branch-rate="1" complexity="2">
          <methods>
            <method name="MoveNext" signature="()" line-rate="1" branch-rate="1" complexity="2">
              <lines>
                <line number="60" hits="5" branch="False" />
                <line number="62" hits="5" branch="True" condition-coverage="100% (2/2)">
                  <conditions>
                    <condition number="149" type="jump" coverage="100%" />
                  </conditions>
                </line>
                <line number="63" hits="3" branch="False" />
                <line number="64" hits="3" branch="False" />
                <line number="65" hits="3" branch="False" />
                <line number="66" hits="3" branch="False" />
                <line number="67" hits="3" branch="False" />
                <line number="68" hits="3" branch="False" />
                <line number="70" hits="2" branch="False" />
                <line number="71" hits="5" branch="False" />
              </lines>
            </method>
          </methods>
          <lines>
            <line number="60" hits="5" branch="False" />
            <line number="62" hits="5" branch="True" condition-coverage="100% (2/2)">
              <conditions>
                <condition number="149" type="jump" coverage="100%" />
              </conditions>
            </line>
            <line number="63" hits="3" branch="False" />
            <line number="64" hits="3" branch="False" />
            <line number="65" hits="3" branch="False" />
            <line number="66" hits="3" branch="False" />
            <line number="67" hits="3" branch="False" />
            <line number="68" hits="3" branch="False" />
            <line number="70" hits="2" branch="False" />
            <line number="71" hits="5" branch="False" />
          </lines>
        </class>
        <class name="BabaPlay.Api.Controllers.LoginRequest" filename="BabaPlay.Api/Controllers/AuthController.cs" line-rate="1" branch-rate="1" complexity="1">
          <methods>
            <method name="get_Email" signature="()" line-rate="1" branch-rate="1" complexity="1">
              <lines>
                <line number="74" hits="32" branch="False" />
              </lines>
            </method>
          </methods>
          <lines>
            <line number="74" hits="32" branch="False" />
          </lines>
        </class>
        <class name="BabaPlay.Api.Controllers.RefreshTokenRequest" filename="BabaPlay.Api/Controllers/AuthController.cs" line-rate="1" branch-rate="1" complexity="1">
          <methods>
            <method name="get_RefreshToken" signature="()" line-rate="1" branch-rate="1" complexity="1">
              <lines>
                <line number="75" hits="25" branch="False" />
              </lines>
            </method>
          </methods>
          <lines>
            <line number="75" hits="25" branch="False" />
          </lines>
        </class>
        <class name="BabaPlay.Api.Controllers.PingController" filename="BabaPlay.Api/Controllers/PingController.cs" line-rate="1" branch-rate="1" complexity="1">
          <methods>
            <method name=".ctor" signature="(BabaPlay.Application.Interfaces.ICommandHandler`2&lt;BabaPlay.Application.Commands.Ping.PingCommand,BabaPlay.Application.Common.Result`1&lt;System.String&gt;&gt;,BabaPlay.Application.Interfaces.IQueryHandler`2&lt;BabaPlay.Application.Queries.Ping.PingQuery,BabaPlay.Application.Common.Result`1&lt;BabaPlay.Application.DTOs.PingStatusDto&gt;&gt;)" line-rate="1" branch-rate="1" complexity="1">
              <lines>
                <line number="17" hits="3" branch="False" />
                <line number="18" hits="3" branch="False" />
                <line number="19" hits="3" branch="False" />
                <line number="21" hits="3" branch="False" />
                <line number="22" hits="3" branch="False" />
                <line number="23" hits="3" branch="False" />
              </lines>
            </method>
          </methods>
          <lines>
            <line number="17" hits="3" branch="False" />
            <line number="18" hits="3" branch="False" />
            <line number="19" hits="3" branch="False" />
            <line number="21" hits="3" branch="False" />
            <line number="22" hits="3" branch="False" />
            <line number="23" hits="3" branch="False" />
          </lines>
        </class>
        <class name="BabaPlay.Api.Controllers.PingController/&lt;GetStatus&gt;d__3" filename="BabaPlay.Api/Controllers/PingController.cs" line-rate="1" branch-rate="1" complexity="1">
          <methods>
            <method name="MoveNext" signature="()" line-rate="1" branch-rate="1" complexity="1">
              <lines>
                <line number="32" hits="1" branch="False" />
                <line number="33" hits="1" branch="False" />
                <line number="34" hits="1" branch="False" />
              </lines>
            </method>
          </methods>
          <lines>
            <line number="32" hits="1" branch="False" />
            <line number="33" hits="1" branch="False" />
            <line number="34" hits="1" branch="False" />
          </lines>
        </class>
        <class name="BabaPlay.Api.Controllers.PingController/&lt;Ping&gt;d__4" filename="BabaPlay.Api/Controllers/PingController.cs" line-rate="1" branch-rate="1" complexity="2">
          <methods>
            <method name="MoveNext" signature="()" line-rate="1" branch-rate="1" complexity="2">
              <lines>
                <line number="44" hits="2" branch="False" />
                <line number="46" hits="2" branch="True" condition-coverage="100% (2/2)">
                  <conditions>
                    <condition number="149" type="jump" coverage="100%" />
                  </conditions>
                </line>
                <line number="47" hits="1" branch="False" />
                <line number="49" hits="1" branch="False" />
                <line number="50" hits="2" branch="False" />
              </lines>
            </method>
          </methods>
          <lines>
            <line number="44" hits="2" branch="False" />
            <line number="46" hits="2" branch="True" condition-coverage="100% (2/2)">
              <conditions>
                <condition number="149" type="jump" coverage="100%" />
              </conditions>
            </line>
            <line number="47" hits="1" branch="False" />
            <line number="49" hits="1" branch="False" />
            <line number="50" hits="2" branch="False" />
          </lines>
        </class>
        <class name="BabaPlay.Api.Controllers.PingRequest" filename="BabaPlay.Api/Controllers/PingController.cs" line-rate="1" branch-rate="1" complexity="1">
          <methods>
            <method name="get_Sender" signature="()" line-rate="1" branch-rate="1" complexity="1">
              <lines>
                <line number="53" hits="6" branch="False" />
              </lines>
            </method>
          </methods>
          <lines>
            <line number="53" hits="6" branch="False" />
          </lines>
        </class>
        <class name="BabaPlay.Api.Controllers.PlayerController" filename="BabaPlay.Api/Controllers/PlayerController.cs" line-rate="1" branch-rate="1" complexity="1">
          <methods>
            <method name=".ctor" signature="(BabaPlay.Application.Interfaces.ICommandHandler`2&lt;BabaPlay.Application.Commands.Players.CreatePlayerCommand,BabaPlay.Application.Common.Result`1&lt;BabaPlay.Application.DTOs.PlayerResponse&gt;&gt;,BabaPlay.Application.Interfaces.IQueryHandler`2&lt;BabaPlay.Application.Queries.Players.GetPlayerQuery,BabaPlay.Application.Common.Result`1&lt;BabaPlay.Application.DTOs.PlayerResponse&gt;&gt;,BabaPlay.Application.Interfaces.IQueryHandler`2&lt;BabaPlay.Application.Queries.Players.GetPlayersQuery,BabaPlay.Application.Common.Result`1&lt;System.Collections.Generic.IReadOnlyList`1&lt;BabaPlay.Application.DTOs.PlayerResponse&gt;&gt;&gt;,BabaPlay.Application.Interfaces.ICommandHandler`2&lt;BabaPlay.Application.Commands.Players.UpdatePlayerCommand,BabaPlay.Application.Common.Result`1&lt;BabaPlay.Application.DTOs.PlayerResponse&gt;&gt;,BabaPlay.Application.Interfaces.ICommandHandler`2&lt;BabaPlay.Application.Commands.Players.DeletePlayerCommand,BabaPlay.Application.Common.Result&gt;)" line-rate="1" branch-rate="1" complexity="1">
              <lines>
                <line number="27" hits="15" branch="False" />
                <line number="28" hits="15" branch="False" />
                <line number="29" hits="15" branch="False" />
                <line number="30" hits="15" branch="False" />
                <line number="31" hits="15" branch="False" />
                <line number="32" hits="15" branch="False" />
                <line number="34" hits="15" branch="False" />
                <line number="35" hits="15" branch="False" />
                <line number="36" hits="15" branch="False" />
                <line number="37" hits="15" branch="False" />
                <line number="38" hits="15" branch="False" />
                <line number="39" hits="15" branch="False" />
              </lines>
            </method>
          </methods>
          <lines>
            <line number="27" hits="15" branch="False" />
            <line number="28" hits="15" branch="False" />
            <line number="29" hits="15" branch="False" />
            <line number="30" hits="15" branch="False" />
            <line number="31" hits="15" branch="False" />
            <line number="32" hits="15" branch="False" />
            <line number="34" hits="15" branch="False" />
            <line number="35" hits="15" branch="False" />
            <line number="36" hits="15" branch="False" />
            <line number="37" hits="15" branch="False" />
            <line number="38" hits="15" branch="False" />
            <line number="39" hits="15" branch="False" />
          </lines>
        </class>
        <class name="BabaPlay.Api.Controllers.PlayerController/&lt;Create&gt;d__6" filename="BabaPlay.Api/Controllers/PlayerController.cs" line-rate="1" branch-rate="1" complexity="6">
          <methods>
            <method name="MoveNext" signature="()" line-rate="1" branch-rate="1" complexity="6">
              <lines>
                <line number="53" hits="8" branch="False" />
                <line number="54" hits="8" branch="False" />
                <line number="55" hits="8" branch="False" />
                <line number="57" hits="8" branch="True" condition-coverage="100% (2/2)">
                  <conditions>
                    <condition number="196" type="jump" coverage="100%" />
                  </conditions>
                </line>
                <line number="59" hits="3" branch="True" condition-coverage="100% (4/4)">
                  <conditions>
                    <condition number="218" type="jump" coverage="100%" />
                    <condition number="232" type="jump" coverage="100%" />
                  </conditions>
                </line>
                <line number="60" hits="3" branch="False" />
                <line number="61" hits="1" branch="False" />
                <line number="62" hits="1" branch="False" />
                <line number="63" hits="1" branch="False" />
                <line number="64" hits="3" branch="False" />
                <line number="66" hits="3" branch="False" />
                <line number="67" hits="3" branch="False" />
                <line number="68" hits="3" branch="False" />
                <line number="69" hits="3" branch="False" />
                <line number="70" hits="3" branch="False" />
                <line number="71" hits="3" branch="False" />
                <line number="74" hits="5" branch="False" />
                <line number="75" hits="8" branch="False" />
              </lines>
            </method>
          </methods>
          <lines>
            <line number="53" hits="8" branch="False" />
            <line number="54" hits="8" branch="False" />
            <line number="55" hits="8" branch="False" />
            <line number="57" hits="8" branch="True" condition-coverage="100% (2/2)">
              <conditions>
                <condition number="196" type="jump" coverage="100%" />
              </conditions>
            </line>
            <line number="59" hits="3" branch="True" condition-coverage="100% (4/4)">
              <conditions>
                <condition number="218" type="jump" coverage="100%" />
                <condition number="232" type="jump" coverage="100%" />
              </conditions>
            </line>
            <line number="60" hits="3" branch="False" />
            <line number="61" hits="1" branch="False" />
            <line number="62" hits="1" branch="False" />
            <line number="63" hits="1" branch="False" />
            <line number="64" hits="3" branch="False" />
            <line number="66" hits="3" branch="False" />
            <line number="67" hits="3" branch="False" />
            <line number="68" hits="3" branch="False" />
            <line number="69" hits="3" branch="False" />
            <line number="70" hits="3" branch="False" />
            <line number="71" hits="3" branch="False" />
            <line number="74" hits="5" branch="False" />
            <line number="75" hits="8" branch="False" />
          </lines>
        </class>
        <class name="BabaPlay.Api.Controllers.PlayerController/&lt;Delete&gt;d__10" filename="BabaPlay.Api/Controllers/PlayerController.cs" line-rate="1" branch-rate="1" complexity="2">
          <methods>
            <method name="MoveNext" signature="()" line-rate="1" branch-rate="1" complexity="2">
              <lines>
                <line number="147" hits="2" branch="False" />
                <line number="149" hits="2" branch="True" condition-coverage="100% (2/2)">
                  <conditions>
                    <condition number="144" type="jump" coverage="100%" />
                  </conditions>
                </line>
                <line number="150" hits="1" branch="False" />
                <line number="151" hits="1" branch="False" />
                <line number="152" hits="1" branch="False" />
                <line number="153" hits="1" branch="False" />
                <line number="154" hits="1" branch="False" />
                <line number="155" hits="1" branch="False" />
                <line number="157" hits="1" branch="False" />
                <line number="158" hits="2" branch="False" />
              </lines>
            </method>
          </methods>
          <lines>
            <line number="147" hits="2" branch="False" />
            <line number="149" hits="2" branch="True" condition-coverage="100% (2/2)">
              <conditions>
                <condition number="144" type="jump" coverage="100%" />
              </conditions>
            </line>
            <line number="150" hits="1" branch="False" />
            <line number="151" hits="1" branch="False" />
            <line number="152" hits="1" branch="False" />
            <line number="153" hits="1" branch="False" />
            <line number="154" hits="1" branch="False" />
            <line number="155" hits="1" branch="False" />
            <line number="157" hits="1" branch="False" />
            <line number="158" hits="2" branch="False" />
          </lines>
        </class>
        <class name="BabaPlay.Api.Controllers.PlayerController/&lt;GetAll&gt;d__7" filename="BabaPlay.Api/Controllers/PlayerController.cs" line-rate="1" branch-rate="1" complexity="1">
          <methods>
            <method name="MoveNext" signature="()" line-rate="1" branch-rate="1" complexity="1">
              <lines>
                <line number="83" hits="1" branch="False" />
                <line number="84" hits="1" branch="False" />
                <line number="85" hits="1" branch="False" />
              </lines>
            </method>
          </methods>
          <lines>
            <line number="83" hits="1" branch="False" />
            <line number="84" hits="1" branch="False" />
            <line number="85" hits="1" branch="False" />
          </lines>
        </class>
        <class name="BabaPlay.Api.Controllers.PlayerController/&lt;GetById&gt;d__8" filename="BabaPlay.Api/Controllers/PlayerController.cs" line-rate="1" branch-rate="1" complexity="2">
          <methods>
[...]
            </method>
            <method name="get_Token" signature="()" line-rate="1" branch-rate="1" complexity="1">
              <lines>
                <line number="10" hits="22" branch="False" />
              </lines>
            </method>
            <method name="get_UserId" signature="()" line-rate="1" branch-rate="1" complexity="1">
              <lines>
                <line number="11" hits="22" branch="False" />
              </lines>
            </method>
            <method name="get_ExpiresAt" signature="()" line-rate="1" branch-rate="1" complexity="1">
              <lines>
                <line number="12" hits="10" branch="False" />
              </lines>
            </method>
            <method name="get_CreatedAt" signature="()" line-rate="1" branch-rate="1" complexity="1">
              <lines>
                <line number="13" hits="14" branch="False" />
              </lines>
            </method>
            <method name="get_RevokedAt" signature="()" line-rate="1" branch-rate="1" complexity="1">
              <lines>
                <line number="14" hits="6" branch="False" />
              </lines>
            </method>
            <method name="get_IsRevoked" signature="()" line-rate="0" branch-rate="1" complexity="1">
              <lines>
                <line number="17" hits="0" branch="False" />
              </lines>
            </method>
            <method name="get_User" signature="()" line-rate="0" branch-rate="1" complexity="1">
              <lines>
                <line number="19" hits="0" branch="False" />
              </lines>
            </method>
          </methods>
          <lines>
            <line number="9" hits="12" branch="False" />
            <line number="10" hits="22" branch="False" />
            <line number="11" hits="22" branch="False" />
            <line number="12" hits="10" branch="False" />
            <line number="13" hits="14" branch="False" />
            <line number="14" hits="6" branch="False" />
            <line number="17" hits="0" branch="False" />
            <line number="19" hits="0" branch="False" />
          </lines>
        </class>
        <class name="BabaPlay.Infrastructure.Entities.Subscription" filename="BabaPlay.Infrastructure/Entities/Subscription.cs" line-rate="0" branch-rate="1" complexity="9">
          <methods>
            <method name="get_Id" signature="()" line-rate="0" branch-rate="1" complexity="1">
              <lines>
                <line number="7" hits="0" branch="False" />
              </lines>
            </method>
            <method name="get_TenantId" signature="()" line-rate="0" branch-rate="1" complexity="1">
              <lines>
                <line number="8" hits="0" branch="False" />
              </lines>
            </method>
            <method name="get_PlanId" signature="()" line-rate="0" branch-rate="1" complexity="1">
              <lines>
                <line number="9" hits="0" branch="False" />
              </lines>
            </method>
            <method name="get_StartDate" signature="()" line-rate="0" branch-rate="1" complexity="1">
              <lines>
                <line number="10" hits="0" branch="False" />
              </lines>
            </method>
            <method name="get_EndDate" signature="()" line-rate="0" branch-rate="1" complexity="1">
              <lines>
                <line number="11" hits="0" branch="False" />
              </lines>
            </method>
            <method name="get_Status" signature="()" line-rate="0" branch-rate="1" complexity="1">
              <lines>
                <line number="12" hits="0" branch="False" />
              </lines>
            </method>
            <method name="get_CreatedAt" signature="()" line-rate="0" branch-rate="1" complexity="1">
              <lines>
                <line number="13" hits="0" branch="False" />
              </lines>
            </method>
            <method name="get_Tenant" signature="()" line-rate="0" branch-rate="1" complexity="1">
              <lines>
                <line number="15" hits="0" branch="False" />
              </lines>
            </method>
            <method name="get_Plan" signature="()" line-rate="0" branch-rate="1" complexity="1">
              <lines>
                <line number="16" hits="0" branch="False" />
              </lines>
            </method>
          </methods>
          <lines>
            <line number="7" hits="0" branch="False" />
            <line number="8" hits="0" branch="False" />
            <line number="9" hits="0" branch="False" />
            <line number="10" hits="0" branch="False" />
            <line number="11" hits="0" branch="False" />
            <line number="12" hits="0" branch="False" />
            <line number="13" hits="0" branch="False" />
            <line number="15" hits="0" branch="False" />
            <line number="16" hits="0" branch="False" />
          </lines>
        </class>
        <class name="BabaPlay.Infrastructure.Entities.Tenant" filename="BabaPlay.Infrastructure/Entities/Tenant.cs" line-rate="1" branch-rate="1" complexity="10">
          <methods>
            <method name="get_Id" signature="()" line-rate="1" branch-rate="1" complexity="1">
              <lines>
                <line number="11" hits="56" branch="False" />
              </lines>
            </method>
            <method name="get_Name" signature="()" line-rate="1" branch-rate="1" complexity="1">
              <lines>
                <line number="12" hits="56" branch="False" />
              </lines>
            </method>
            <method name="get_Slug" signature="()" line-rate="1" branch-rate="1" complexity="1">
              <lines>
                <line number="15" hits="56" branch="False" />
              </lines>
            </method>
            <method name="get_DatabaseName" signature="()" line-rate="1" branch-rate="1" complexity="1">
              <lines>
                <line number="16" hits="28" branch="False" />
              </lines>
            </method>
            <method name="get_ConnectionString" signature="()" line-rate="1" branch-rate="1" complexity="1">
              <lines>
                <line number="17" hits="52" branch="False" />
              </lines>
            </method>
            <method name="get_IsActive" signature="()" line-rate="1" branch-rate="1" complexity="1">
              <lines>
                <line number="18" hits="52" branch="False" />
              </lines>
            </method>
            <method name="get_ProvisioningStatus" signature="()" line-rate="1" branch-rate="1" complexity="1">
              <lines>
                <line number="21" hits="28" branch="False" />
              </lines>
            </method>
            <method name="get_CreatedAt" signature="()" line-rate="1" branch-rate="1" complexity="1">
              <lines>
                <line number="23" hits="28" branch="False" />
              </lines>
            </method>
            <method name="get_UserTenants" signature="()" line-rate="1" branch-rate="1" complexity="1">
              <lines>
                <line number="25" hits="28" branch="False" />
              </lines>
            </method>
            <method name="get_Subscriptions" signature="()" line-rate="1" branch-rate="1" complexity="1">
              <lines>
                <line number="26" hits="28" branch="False" />
              </lines>
            </method>
          </methods>
          <lines>
            <line number="11" hits="56" branch="False" />
            <line number="12" hits="56" branch="False" />
            <line number="15" hits="56" branch="False" />
            <line number="16" hits="28" branch="False" />
            <line number="17" hits="52" branch="False" />
            <line number="18" hits="52" branch="False" />
            <line number="21" hits="28" branch="False" />
            <line number="23" hits="28" branch="False" />
            <line number="25" hits="28" branch="False" />
            <line number="26" hits="28" branch="False" />
          </lines>
        </class>
        <class name="BabaPlay.Infrastructure.Entities.UserTenant" filename="BabaPlay.Infrastructure/Entities/UserTenant.cs" line-rate="0.6666" branch-rate="1" complexity="6">
          <methods>
            <method name="get_UserId" signature="()" line-rate="1" branch-rate="1" complexity="1">
              <lines>
                <line number="6" hits="4" branch="False" />
              </lines>
            </method>
            <method name="get_TenantId" signature="()" line-rate="1" branch-rate="1" complexity="1">
              <lines>
                <line number="7" hits="2" branch="False" />
              </lines>
            </method>
            <method name="get_IsOwner" signature="()" line-rate="1" branch-rate="1" complexity="1">
              <lines>
                <line number="8" hits="2" branch="False" />
              </lines>
            </method>
            <method name="get_JoinedAt" signature="()" line-rate="1" branch-rate="1" complexity="1">
              <lines>
                <line number="9" hits="2" branch="False" />
              </lines>
            </method>
            <method name="get_User" signature="()" line-rate="0" branch-rate="1" complexity="1">
              <lines>
                <line number="11" hits="0" branch="False" />
              </lines>
            </method>
            <method name="get_Tenant" signature="()" line-rate="0" branch-rate="1" complexity="1">
              <lines>
                <line number="12" hits="0" branch="False" />
              </lines>
            </method>
          </methods>
          <lines>
            <line number="6" hits="4" branch="False" />
            <line number="7" hits="2" branch="False" />
            <line number="8" hits="2" branch="False" />
            <line number="9" hits="2" branch="False" />
            <line number="11" hits="0" branch="False" />
            <line number="12" hits="0" branch="False" />
          </lines>
        </class>
        <class name="BabaPlay.Infrastructure.Authorization.PermissionAuthorizationHandler" filename="BabaPlay.Infrastructure/Authorization/PermissionAuthorizationHandler.cs" line-rate="1" branch-rate="1" complexity="1">
          <methods>
            <method name=".ctor" signature="(BabaPlay.Application.Interfaces.ITenantContext,BabaPlay.Application.Interfaces.IUserRoleRepository)" line-rate="1" branch-rate="1" complexity="1">
              <lines>
                <line number="13" hits="27" branch="False" />
                <line number="15" hits="27" branch="False" />
                <line number="16" hits="27" branch="False" />
                <line number="17" hits="27" branch="False" />
              </lines>
            </method>
          </methods>
          <lines>
            <line number="13" hits="27" branch="False" />
            <line number="15" hits="27" branch="False" />
            <line number="16" hits="27" branch="False" />
            <line number="17" hits="27" branch="False" />
          </lines>
        </class>
        <class name="BabaPlay.Infrastructure.Authorization.PermissionAuthorizationHandler/&lt;HandleRequirementAsync&gt;d__3" filename="BabaPlay.Infrastructure/Authorization/PermissionAuthorizationHandler.cs" line-rate="0.8" branch-rate="0.6" complexity="10">
          <methods>
            <method name="MoveNext" signature="()" line-rate="0.8" branch-rate="0.6" complexity="10">
              <lines>
                <line number="23" hits="3" branch="True" condition-coverage="50% (2/4)">
                  <conditions>
                    <condition number="31" type="jump" coverage="50%" />
                    <condition number="54" type="jump" coverage="50%" />
                  </conditions>
                </line>
                <line number="24" hits="0" branch="False" />
                <line number="26" hits="3" branch="True" condition-coverage="50% (1/2)">
                  <conditions>
                    <condition number="83" type="jump" coverage="50%" />
                  </conditions>
                </line>
                <line number="27" hits="3" branch="False" />
                <line number="29" hits="3" branch="True" condition-coverage="50% (1/2)">
                  <conditions>
                    <condition number="114" type="jump" coverage="50%" />
                  </conditions>
                </line>
                <line number="30" hits="0" branch="False" />
                <line number="32" hits="3" branch="False" />
                <line number="33" hits="3" branch="True" condition-coverage="100% (2/2)">
                  <conditions>
                    <condition number="236" type="jump" coverage="100%" />
                  </conditions>
                </line>
                <line number="34" hits="2" branch="False" />
                <line number="35" hits="3" branch="False" />
              </lines>
            </method>
          </methods>
          <lines>
            <line number="23" hits="3" branch="True" condition-coverage="50% (2/4)">
              <conditions>
                <condition number="31" type="jump" coverage="50%" />
                <condition number="54" type="jump" coverage="50%" />
              </conditions>
            </line>
            <line number="24" hits="0" branch="False" />
            <line number="26" hits="3" branch="True" condition-coverage="50% (1/2)">
              <conditions>
                <condition number="83" type="jump" coverage="50%" />
              </conditions>
            </line>
            <line number="27" hits="3" branch="False" />
            <line number="29" hits="3" branch="True" condition-coverage="50% (1/2)">
              <conditions>
                <condition number="114" type="jump" coverage="50%" />
              </conditions>
            </line>
            <line number="30" hits="0" branch="False" />
            <line number="32" hits="3" branch="False" />
            <line number="33" hits="3" branch="True" condition-coverage="100% (2/2)">
              <conditions>
                <condition number="236" type="jump" coverage="100%" />
              </conditions>
            </line>
            <line number="34" hits="2" branch="False" />
            <line number="35" hits="3" branch="False" />
          </lines>
        </class>
        <class name="BabaPlay.Infrastructure.Authorization.PermissionRequirement" filename="BabaPlay.Infrastructure/Authorization/PermissionRequirement.cs" line-rate="1" branch-rate="1" complexity="2">
          <methods>
            <method name="get_PermissionCode" signature="()" line-rate="1" branch-rate="1" complexity="1">
              <lines>
                <line number="15" hits="3" branch="False" />
              </lines>
            </method>
            <method name=".ctor" signature="(System.String)" line-rate="1" branch-rate="1" complexity="1">
              <lines>
                <line number="10" hits="20" branch="False" />
                <line number="12" hits="20" branch="False" />
                <line number="13" hits="20" branch="False" />
              </lines>
            </method>
          </methods>
          <lines>
            <line number="15" hits="3" branch="False" />
            <line number="10" hits="20" branch="False" />
            <line number="12" hits="20" branch="False" />
            <line number="13" hits="20" branch="False" />
          </lines>
        </class>
        <class name="BabaPlay.Infrastructure.Authorization.TenantMemberAuthorizationHandler" filename="BabaPlay.Infrastructure/Authorization/TenantMemberAuthorizationHandler.cs" line-rate="1" branch-rate="1" complexity="1">
          <methods>
            <method name=".ctor" signature="(BabaPlay.Application.Interfaces.ITenantContext,BabaPlay.Application.Interfaces.IUserTenantRepository)" line-rate="1" branch-rate="1" complexity="1">
              <lines>
                <line number="13" hits="27" branch="False" />
                <line number="15" hits="27" branch="False" />
                <line number="16" hits="27" branch="False" />
                <line number="17" hits="27" branch="False" />
              </lines>
            </method>
          </methods>
          <lines>
            <line number="13" hits="27" branch="False" />
            <line number="15" hits="27" branch="False" />
            <line number="16" hits="27" branch="False" />
            <line number="17" hits="27" branch="False" />
          </lines>
        </class>
        <class name="BabaPlay.Infrastructure.Authorization.TenantMemberAuthorizationHandler/&lt;HandleRequirementAsync&gt;d__3" filename="BabaPlay.Infrastructure/Authorization/TenantMemberAuthorizationHandler.cs" line-rate="0.8" branch-rate="0.6" complexity="10">
          <methods>
            <method name="MoveNext" signature="()" line-rate="0.8" branch-rate="0.6" complexity="10">
              <lines>
                <line number="23" hits="6" branch="True" condition-coverage="50% (2/4)">
                  <conditions>
                    <condition number="31" type="jump" coverage="50%" />
                    <condition number="54" type="jump" coverage="50%" />
                  </conditions>
                </line>
                <line number="24" hits="0" branch="False" />
                <line number="26" hits="6" branch="True" condition-coverage="50% (1/2)">
                  <conditions>
                    <condition number="83" type="jump" coverage="50%" />
                  </conditions>
                </line>
                <line number="27" hits="6" branch="False" />
                <line number="29" hits="6" branch="True" condition-coverage="50% (1/2)">
                  <conditions>
                    <condition number="114" type="jump" coverage="50%" />
                  </conditions>
                </line>
                <line number="30" hits="0" branch="False" />
                <line number="32" hits="6" branch="False" />
                <line number="33" hits="6" branch="True" condition-coverage="100% (2/2)">
                  <conditions>
                    <condition number="236" type="jump" coverage="100%" />
                  </conditions>
                </line>
                <line number="34" hits="4" branch="False" />
                <line number="35" hits="6" branch="False" />
              </lines>
            </method>
          </methods>
          <lines>
            <line number="23" hits="6" branch="True" condition-coverage="50% (2/4)">
              <conditions>
                <condition number="31" type="jump" coverage="50%" />
                <condition number="54" type="jump" coverage="50%" />
              </conditions>
            </line>
            <line number="24" hits="0" branch="False" />
            <line number="26" hits="6" branch="True" condition-coverage="50% (1/2)">
              <conditions>
                <condition number="83" type="jump" coverage="50%" />
              </conditions>
            </line>
            <line number="27" hits="6" branch="False" />
            <line number="29" hits="6" branch="True" condition-coverage="50% (1/2)">
              <conditions>
                <condition number="114" type="jump" coverage="50%" />
              </conditions>
            </line>
            <line number="30" hits="0" branch="False" />
            <line number="32" hits="6" branch="False" />
            <line number="33" hits="6" branch="True" condition-coverage="100% (2/2)">
              <conditions>
                <condition number="236" type="jump" coverage="100%" />
              </conditions>
            </line>
            <line number="34" hits="4" branch="False" />
            <line number="35" hits="6" branch="False" />
          </lines>
        </class>
      </classes>
    </package>
  </packages>
</coverage>